<?xml version="1.0" encoding="UTF-8" standalone="no"?>
<!DOCTYPE log SYSTEM "logger.dtd">
<log>
</log>
[08/11/2018 00:21:17] >> Logger created
[08/11/2018 00:21:18] >> Similarities
[08/11/2018 00:49:24] >> run[0]ep[100] res=78.07
[08/11/2018 01:08:18] >> run[0]ep[200] res=217.86
[08/11/2018 01:27:06] >> run[0]ep[300] res=545.16
[08/11/2018 01:41:01] >> run[0]ep[400] res=230.7
[08/11/2018 01:52:39] >> run[0]ep[500] res=425.64
[08/11/2018 02:04:52] >> run[0]ep[600] res=376.82
[08/11/2018 02:15:55] >> run[0]ep[700] res=428.24
[08/11/2018 02:27:13] >> run[0]ep[800] res=485.08
[08/11/2018 02:37:57] >> run[0]ep[900] res=530.36
[08/11/2018 02:49:00] >> run[0]ep[1000] res=555.06
[08/11/2018 02:59:37] >> run[0]ep[1100] res=530.24
[08/11/2018 03:08:39] >> run[0]ep[1200] res=382.12
[08/11/2018 03:18:02] >> run[0]ep[1300] res=523.48
[08/11/2018 03:26:55] >> run[0]ep[1400] res=701.88
[08/11/2018 03:35:32] >> run[0]ep[1500] res=335.42
[08/11/2018 03:44:58] >> run[0]ep[1600] res=700.6
[08/11/2018 03:53:07] >> run[0]ep[1700] res=443.96
[08/11/2018 04:01:54] >> run[0]ep[1800] res=637.86
[08/11/2018 04:09:09] >> run[0]ep[1900] res=319.36
[08/11/2018 04:17:41] >> run[0]ep[2000] res=709.62
[08/11/2018 04:27:15] >> run[0]ep[2100] res=869.28
[08/11/2018 04:34:39] >> run[0]ep[2200] res=576.48
[08/11/2018 04:41:22] >> run[0]ep[2300] res=295.44
[08/11/2018 04:48:11] >> run[0]ep[2400] res=529.08
[08/11/2018 04:55:44] >> run[0]ep[2500] res=508.52
[08/11/2018 05:03:10] >> run[0]ep[2600] res=642.8
[08/11/2018 05:10:11] >> run[0]ep[2700] res=520.96
[08/11/2018 05:17:20] >> run[0]ep[2800] res=580.06
[08/11/2018 05:25:23] >> run[0]ep[2900] res=576.32
[08/11/2018 05:32:44] >> run[0]ep[3000] res=677.36
[08/11/2018 05:40:09] >> run[0]ep[3100] res=730.74
[08/11/2018 05:48:01] >> run[0]ep[3200] res=642.92
[08/11/2018 05:54:45] >> run[0]ep[3300] res=323.34
[08/11/2018 06:02:24] >> run[0]ep[3400] res=654.92
[08/11/2018 06:09:40] >> run[0]ep[3500] res=542.7
[08/11/2018 06:17:44] >> run[0]ep[3600] res=716.06
[08/11/2018 06:25:29] >> run[0]ep[3700] res=481.06
[08/11/2018 06:32:46] >> run[0]ep[3800] res=740.38
[08/11/2018 06:40:10] >> run[0]ep[3900] res=996.82
[08/11/2018 06:46:48] >> run[0]ep[4000] res=686.52
[08/11/2018 06:54:59] >> run[0]ep[4100] res=1043.64
[08/11/2018 07:02:28] >> run[0]ep[4200] res=708.02
[08/11/2018 07:10:26] >> run[0]ep[4300] res=658.62
[08/11/2018 07:17:51] >> run[0]ep[4400] res=619.36
[08/11/2018 07:25:38] >> run[0]ep[4500] res=846.56
[08/11/2018 07:33:15] >> run[0]ep[4600] res=631.54
[08/11/2018 07:40:49] >> run[0]ep[4700] res=866.82
[08/11/2018 07:48:15] >> run[0]ep[4800] res=796.72
[08/11/2018 07:56:14] >> run[0]ep[4900] res=1137.86
[08/11/2018 08:03:34] >> run[0]ep[5000] res=822.36
[08/11/2018 08:11:05] >> run[0]ep[5100] res=893.94
[08/11/2018 08:18:57] >> run[0]ep[5200] res=831.2
[08/11/2018 08:25:57] >> run[0]ep[5300] res=968.72
[08/11/2018 08:32:27] >> run[0]ep[5400] res=790.58
[08/11/2018 08:39:42] >> run[0]ep[5500] res=939.16
[08/11/2018 08:47:45] >> run[0]ep[5600] res=1007.9
[08/11/2018 08:54:36] >> run[0]ep[5700] res=955.28
[08/11/2018 09:01:45] >> run[0]ep[5800] res=866.82
[08/11/2018 09:09:13] >> run[0]ep[5900] res=1073.36
[08/11/2018 09:15:38] >> run[0]ep[6000] res=1093.3
[08/11/2018 09:23:14] >> run[0]ep[6100] res=1029.04
[08/11/2018 09:31:25] >> run[0]ep[6200] res=1083.66
[08/11/2018 09:38:53] >> run[0]ep[6300] res=914.02
[08/11/2018 09:46:42] >> run[0]ep[6400] res=1048.0
[08/11/2018 09:54:49] >> run[0]ep[6500] res=1172.66
[08/11/2018 10:02:16] >> run[0]ep[6600] res=768.58
[08/11/2018 10:09:31] >> run[0]ep[6700] res=960.68
[08/11/2018 10:16:51] >> run[0]ep[6800] res=1022.16
[08/11/2018 10:24:14] >> run[0]ep[6900] res=1071.76
[08/11/2018 10:31:43] >> run[0]ep[7000] res=986.54
[08/11/2018 10:39:36] >> run[0]ep[7100] res=1078.06
[08/11/2018 10:47:14] >> run[0]ep[7200] res=986.86
[08/11/2018 10:53:55] >> run[0]ep[7300] res=1043.54
[08/11/2018 11:01:34] >> run[0]ep[7400] res=1202.98
[08/11/2018 11:09:13] >> run[0]ep[7500] res=1284.92
[08/11/2018 11:09:13] >> Total time: 38875 secs
[08/11/2018 11:09:13] >> Basic Q Learning
[08/11/2018 11:09:23] >> run[0]ep[100] res=-267.77
[08/11/2018 11:09:26] >> run[0]ep[200] res=-171.68
[08/11/2018 11:09:29] >> run[0]ep[300] res=-162.06
[08/11/2018 11:09:32] >> run[0]ep[400] res=-98.12
[08/11/2018 11:09:35] >> run[0]ep[500] res=37.0
[08/11/2018 11:09:38] >> run[0]ep[600] res=77.68
[08/11/2018 11:09:41] >> run[0]ep[700] res=166.02
[08/11/2018 11:09:44] >> run[0]ep[800] res=120.34
[08/11/2018 11:09:47] >> run[0]ep[900] res=217.88
[08/11/2018 11:09:50] >> run[0]ep[1000] res=-50.3
[08/11/2018 11:09:53] >> run[0]ep[1100] res=50.12
[08/11/2018 11:09:56] >> run[0]ep[1200] res=83.0
[08/11/2018 11:09:59] >> run[0]ep[1300] res=187.7
[08/11/2018 11:10:02] >> run[0]ep[1400] res=443.26
[08/11/2018 11:10:05] >> run[0]ep[1500] res=251.44
[08/11/2018 11:10:08] >> run[0]ep[1600] res=177.56
[08/11/2018 11:10:11] >> run[0]ep[1700] res=60.74
[08/11/2018 11:10:14] >> run[0]ep[1800] res=337.3
[08/11/2018 11:10:17] >> run[0]ep[1900] res=211.24
[08/11/2018 11:10:20] >> run[0]ep[2000] res=364.66
[08/11/2018 11:10:22] >> run[0]ep[2100] res=462.3
[08/11/2018 11:10:25] >> run[0]ep[2200] res=392.22
[08/11/2018 11:10:28] >> run[0]ep[2300] res=-49.0
[08/11/2018 11:10:31] >> run[0]ep[2400] res=488.4
[08/11/2018 11:10:34] >> run[0]ep[2500] res=424.56
[08/11/2018 11:10:37] >> run[0]ep[2600] res=712.42
[08/11/2018 11:10:39] >> run[0]ep[2700] res=247.68
[08/11/2018 11:10:42] >> run[0]ep[2800] res=-64.86
[08/11/2018 11:10:46] >> run[0]ep[2900] res=-53.92
[08/11/2018 11:10:48] >> run[0]ep[3000] res=440.96
[08/11/2018 11:10:51] >> run[0]ep[3100] res=172.34
[08/11/2018 11:10:54] >> run[0]ep[3200] res=84.52
[08/11/2018 11:10:58] >> run[0]ep[3300] res=240.36
[08/11/2018 11:11:01] >> run[0]ep[3400] res=836.22
[08/11/2018 11:11:04] >> run[0]ep[3500] res=735.14
[08/11/2018 11:11:07] >> run[0]ep[3600] res=612.62
[08/11/2018 11:11:09] >> run[0]ep[3700] res=785.26
[08/11/2018 11:11:12] >> run[0]ep[3800] res=642.62
[08/11/2018 11:11:15] >> run[0]ep[3900] res=541.02
[08/11/2018 11:11:18] >> run[0]ep[4000] res=580.38
[08/11/2018 11:11:21] >> run[0]ep[4100] res=700.52
[08/11/2018 11:11:24] >> run[0]ep[4200] res=492.18
[08/11/2018 11:11:27] >> run[0]ep[4300] res=1017.82
[08/11/2018 11:11:30] >> run[0]ep[4400] res=724.16
[08/11/2018 11:11:33] >> run[0]ep[4500] res=985.82
[08/11/2018 11:11:36] >> run[0]ep[4600] res=500.66
[08/11/2018 11:11:39] >> run[0]ep[4700] res=633.32
[08/11/2018 11:11:42] >> run[0]ep[4800] res=754.08
[08/11/2018 11:11:45] >> run[0]ep[4900] res=1056.12
[08/11/2018 11:11:48] >> run[0]ep[5000] res=819.74
[08/11/2018 11:11:51] >> run[0]ep[5100] res=1140.9
[08/11/2018 11:11:53] >> run[0]ep[5200] res=1167.76
[08/11/2018 11:11:56] >> run[0]ep[5300] res=1091.16
[08/11/2018 11:11:59] >> run[0]ep[5400] res=521.72
[08/11/2018 11:12:02] >> run[0]ep[5500] res=958.4
[08/11/2018 11:12:05] >> run[0]ep[5600] res=1054.62
[08/11/2018 11:12:07] >> run[0]ep[5700] res=1050.86
[08/11/2018 11:12:10] >> run[0]ep[5800] res=1137.88
[08/11/2018 11:12:12] >> run[0]ep[5900] res=1312.0
[08/11/2018 11:12:15] >> run[0]ep[6000] res=1053.5
[08/11/2018 11:12:18] >> run[0]ep[6100] res=1215.96
[08/11/2018 11:12:21] >> run[0]ep[6200] res=1484.94
[08/11/2018 11:12:24] >> run[0]ep[6300] res=1231.3
[08/11/2018 11:12:26] >> run[0]ep[6400] res=1128.64
[08/11/2018 11:12:29] >> run[0]ep[6500] res=963.2
[08/11/2018 11:12:32] >> run[0]ep[6600] res=1275.32
[08/11/2018 11:12:35] >> run[0]ep[6700] res=966.54
[08/11/2018 11:12:37] >> run[0]ep[6800] res=1334.42
[08/11/2018 11:12:40] >> run[0]ep[6900] res=1277.64
[08/11/2018 11:12:43] >> run[0]ep[7000] res=1221.08
[08/11/2018 11:12:45] >> run[0]ep[7100] res=1238.46
[08/11/2018 11:12:51] >> run[0]ep[7200] res=1127.8
[08/11/2018 11:12:54] >> run[0]ep[7300] res=1063.32
[08/11/2018 11:12:57] >> run[0]ep[7400] res=1435.1
[08/11/2018 11:12:59] >> run[0]ep[7500] res=1000.76
[08/11/2018 11:12:59] >> Total time: 225 secs
