<?xml version="1.0" encoding="UTF-8" standalone="no"?>
<!DOCTYPE log SYSTEM "logger.dtd">
<log>
</log>
[16/11/2018 01:58:22] >> Logger created
[16/11/2018 01:58:22] >> Similarities
[16/11/2018 01:59:36] >> run[0]ep[100] res=306.27
[16/11/2018 02:00:17] >> run[0]ep[200] res=126.98
[16/11/2018 02:00:50] >> run[0]ep[300] res=190.16
[16/11/2018 02:01:25] >> run[0]ep[400] res=470.36
[16/11/2018 02:01:55] >> run[0]ep[500] res=335.62
[16/11/2018 02:02:30] >> run[0]ep[600] res=418.56
[16/11/2018 02:02:56] >> run[0]ep[700] res=204.42
[16/11/2018 02:03:22] >> run[0]ep[800] res=279.12
[16/11/2018 02:03:51] >> run[0]ep[900] res=481.86
[16/11/2018 02:04:20] >> run[0]ep[1000] res=362.12
[16/11/2018 02:04:50] >> run[0]ep[1100] res=361.6
[16/11/2018 02:05:14] >> run[0]ep[1200] res=285.06
[16/11/2018 02:05:47] >> run[0]ep[1300] res=346.08
[16/11/2018 02:06:17] >> run[0]ep[1400] res=247.34
[16/11/2018 02:06:45] >> run[0]ep[1500] res=478.88
[16/11/2018 02:07:11] >> run[0]ep[1600] res=328.56
[16/11/2018 02:07:37] >> run[0]ep[1700] res=442.68
[16/11/2018 02:08:02] >> run[0]ep[1800] res=394.92
[16/11/2018 02:08:26] >> run[0]ep[1900] res=301.62
[16/11/2018 02:08:49] >> run[0]ep[2000] res=442.72
[16/11/2018 02:09:15] >> run[0]ep[2100] res=430.66
[16/11/2018 02:09:46] >> run[0]ep[2200] res=487.26
[16/11/2018 02:10:12] >> run[0]ep[2300] res=380.86
[16/11/2018 02:10:39] >> run[0]ep[2400] res=445.34
[16/11/2018 02:11:06] >> run[0]ep[2500] res=543.32
[16/11/2018 02:11:32] >> run[0]ep[2600] res=468.06
[16/11/2018 02:11:55] >> run[0]ep[2700] res=393.52
[16/11/2018 02:12:22] >> run[0]ep[2800] res=642.18
[16/11/2018 02:12:52] >> run[0]ep[2900] res=412.3
[16/11/2018 02:13:19] >> run[0]ep[3000] res=359.88
[16/11/2018 02:13:46] >> run[0]ep[3100] res=498.12
[16/11/2018 02:14:10] >> run[0]ep[3200] res=431.9
