<?xml version="1.0" encoding="UTF-8" standalone="no"?>
<!DOCTYPE log SYSTEM "logger.dtd">
<log>
</log>
[15/11/2018 14:32:10] >> Logger created
[15/11/2018 14:32:10] >> Similarities
[15/11/2018 14:32:15] >> run[0]ep[100] res=-247.29
[15/11/2018 14:32:19] >> run[0]ep[200] res=-92.26
[15/11/2018 14:32:23] >> run[0]ep[300] res=-55.62
[15/11/2018 14:33:42] >> run[0]ep[400] res=-201.2
[15/11/2018 14:33:48] >> run[0]ep[500] res=-266.92
[15/11/2018 14:33:52] >> run[0]ep[600] res=-232.52
[15/11/2018 14:34:00] >> run[0]ep[700] res=-98.92
[15/11/2018 14:34:06] >> run[0]ep[800] res=-331.12
[15/11/2018 14:34:09] >> run[0]ep[900] res=-17.3
[15/11/2018 14:34:15] >> run[0]ep[1000] res=50.38
[15/11/2018 14:34:19] >> run[0]ep[1100] res=150.72
[15/11/2018 14:34:23] >> run[0]ep[1200] res=30.22
[15/11/2018 14:34:26] >> run[0]ep[1300] res=63.56
[15/11/2018 14:34:30] >> run[0]ep[1400] res=528.12
[15/11/2018 14:34:36] >> run[0]ep[1500] res=235.16
[15/11/2018 14:34:40] >> run[0]ep[1600] res=353.78
[15/11/2018 14:34:43] >> run[0]ep[1700] res=322.8
[15/11/2018 14:34:47] >> run[0]ep[1800] res=270.76
[15/11/2018 14:34:51] >> run[0]ep[1900] res=535.0
[15/11/2018 14:34:54] >> run[0]ep[2000] res=360.58
[15/11/2018 14:35:01] >> run[0]ep[2100] res=596.88
[15/11/2018 14:35:05] >> run[0]ep[2200] res=650.46
[15/11/2018 14:35:08] >> run[0]ep[2300] res=577.24
[15/11/2018 14:35:11] >> run[0]ep[2400] res=667.68
[15/11/2018 14:35:15] >> run[0]ep[2500] res=660.8
[15/11/2018 14:35:19] >> run[0]ep[2600] res=760.02
[15/11/2018 14:35:23] >> run[0]ep[2700] res=793.24
[15/11/2018 14:35:26] >> run[0]ep[2800] res=729.66
[15/11/2018 14:35:29] >> run[0]ep[2900] res=586.62
[15/11/2018 14:35:33] >> run[0]ep[3000] res=580.8
[15/11/2018 14:35:37] >> run[0]ep[3100] res=655.08
[15/11/2018 14:35:45] >> run[0]ep[3200] res=372.5
[15/11/2018 14:35:49] >> run[0]ep[3300] res=398.74
[15/11/2018 14:35:52] >> run[0]ep[3400] res=696.62
[15/11/2018 14:35:58] >> run[0]ep[3500] res=517.34
[15/11/2018 14:36:01] >> run[0]ep[3600] res=512.54
[15/11/2018 14:36:05] >> run[0]ep[3700] res=601.32
[15/11/2018 14:36:09] >> run[0]ep[3800] res=557.74
[15/11/2018 14:36:13] >> run[0]ep[3900] res=754.66
[15/11/2018 14:36:17] >> run[0]ep[4000] res=596.16
[15/11/2018 14:36:23] >> run[0]ep[4100] res=601.96
