<?xml version="1.0" encoding="UTF-8" standalone="no"?>
<!DOCTYPE log SYSTEM "logger.dtd">
<log>
</log>
[16/11/2018 21:00:54] >> Logger created
[16/11/2018 21:00:55] >> Similarities
[16/11/2018 21:02:03] >> run[0]ep[100] res=149.71
[16/11/2018 21:02:50] >> run[0]ep[200] res=251.18
[16/11/2018 21:03:34] >> run[0]ep[300] res=241.22
[16/11/2018 21:04:17] >> run[0]ep[400] res=509.98
[16/11/2018 21:04:55] >> run[0]ep[500] res=330.04
[16/11/2018 21:05:30] >> run[0]ep[600] res=406.02
[16/11/2018 21:06:06] >> run[0]ep[700] res=349.44
[16/11/2018 21:06:32] >> run[0]ep[800] res=169.66
[16/11/2018 21:07:02] >> run[0]ep[900] res=301.12
[16/11/2018 21:07:34] >> run[0]ep[1000] res=418.86
[16/11/2018 21:08:04] >> run[0]ep[1100] res=374.6
[16/11/2018 21:08:31] >> run[0]ep[1200] res=389.42
[16/11/2018 21:09:02] >> run[0]ep[1300] res=373.16
[16/11/2018 21:09:32] >> run[0]ep[1400] res=585.16
[16/11/2018 21:10:00] >> run[0]ep[1500] res=408.58
[16/11/2018 21:10:25] >> run[0]ep[1600] res=378.56
[16/11/2018 21:10:50] >> run[0]ep[1700] res=461.42
[16/11/2018 21:11:14] >> run[0]ep[1800] res=290.5
[16/11/2018 21:11:39] >> run[0]ep[1900] res=243.4
[16/11/2018 21:12:03] >> run[0]ep[2000] res=110.56
[16/11/2018 21:12:29] >> run[0]ep[2100] res=266.26
[16/11/2018 21:13:02] >> run[0]ep[2200] res=615.18
[16/11/2018 21:13:27] >> run[0]ep[2300] res=208.78
[16/11/2018 21:13:55] >> run[0]ep[2400] res=360.88
[16/11/2018 21:14:20] >> run[0]ep[2500] res=260.1
[16/11/2018 21:14:45] >> run[0]ep[2600] res=329.44
[16/11/2018 21:15:14] >> run[0]ep[2700] res=334.44
[16/11/2018 21:15:42] >> run[0]ep[2800] res=447.18
[16/11/2018 21:16:08] >> run[0]ep[2900] res=411.82
[16/11/2018 21:16:32] >> run[0]ep[3000] res=247.16
[16/11/2018 21:17:00] >> run[0]ep[3100] res=415.26
[16/11/2018 21:17:32] >> run[0]ep[3200] res=555.26
[16/11/2018 21:18:01] >> run[0]ep[3300] res=538.6
[16/11/2018 21:18:38] >> run[0]ep[3400] res=453.54
[16/11/2018 21:19:09] >> run[0]ep[3500] res=380.3
[16/11/2018 21:19:36] >> run[0]ep[3600] res=551.98
[16/11/2018 21:20:00] >> run[0]ep[3700] res=337.88
[16/11/2018 21:20:24] >> run[0]ep[3800] res=276.56
[16/11/2018 21:20:48] >> run[0]ep[3900] res=595.46
[16/11/2018 21:21:11] >> run[0]ep[4000] res=458.74
[16/11/2018 21:21:36] >> run[0]ep[4100] res=533.5
[16/11/2018 21:22:03] >> run[0]ep[4200] res=416.12
[16/11/2018 21:22:30] >> run[0]ep[4300] res=511.08
[16/11/2018 21:22:55] >> run[0]ep[4400] res=467.42
[16/11/2018 21:23:23] >> run[0]ep[4500] res=586.44
[16/11/2018 21:23:46] >> run[0]ep[4600] res=538.82
[16/11/2018 21:24:13] >> run[0]ep[4700] res=542.9
[16/11/2018 21:24:52] >> run[0]ep[4800] res=472.22
[16/11/2018 21:25:24] >> run[0]ep[4900] res=680.78
[16/11/2018 21:25:55] >> run[0]ep[5000] res=293.42
[16/11/2018 21:26:22] >> run[0]ep[5100] res=582.58
[16/11/2018 21:26:51] >> run[0]ep[5200] res=468.6
[16/11/2018 21:27:16] >> run[0]ep[5300] res=647.52
[16/11/2018 21:27:46] >> run[0]ep[5400] res=764.84
[16/11/2018 21:28:16] >> run[0]ep[5500] res=757.26
[16/11/2018 21:28:43] >> run[0]ep[5600] res=616.26
[16/11/2018 21:29:13] >> run[0]ep[5700] res=752.96
[16/11/2018 21:29:39] >> run[0]ep[5800] res=595.54
[16/11/2018 21:30:10] >> run[0]ep[5900] res=994.08
[16/11/2018 21:30:34] >> run[0]ep[6000] res=589.9
[16/11/2018 21:30:59] >> run[0]ep[6100] res=706.4
[16/11/2018 21:31:26] >> run[0]ep[6200] res=699.24
[16/11/2018 21:31:51] >> run[0]ep[6300] res=845.56
[16/11/2018 21:32:18] >> run[0]ep[6400] res=635.6
[16/11/2018 21:32:45] >> run[0]ep[6500] res=474.56
[16/11/2018 21:33:15] >> run[0]ep[6600] res=652.22
[16/11/2018 21:33:44] >> run[0]ep[6700] res=610.4
[16/11/2018 21:34:11] >> run[0]ep[6800] res=739.5
[16/11/2018 21:34:41] >> run[0]ep[6900] res=755.68
[16/11/2018 21:35:10] >> run[0]ep[7000] res=678.16
[16/11/2018 21:35:38] >> run[0]ep[7100] res=852.76
[16/11/2018 21:36:04] >> run[0]ep[7200] res=524.6
[16/11/2018 21:36:31] >> run[0]ep[7300] res=640.28
[16/11/2018 21:36:55] >> run[0]ep[7400] res=484.82
[16/11/2018 21:37:24] >> run[0]ep[7500] res=744.38
[16/11/2018 21:37:54] >> run[0]ep[7600] res=808.86
[16/11/2018 21:38:22] >> run[0]ep[7700] res=699.44
[16/11/2018 21:38:50] >> run[0]ep[7800] res=666.16
[16/11/2018 21:39:21] >> run[0]ep[7900] res=782.02
[16/11/2018 21:39:51] >> run[0]ep[8000] res=844.16
[16/11/2018 21:40:16] >> run[0]ep[8100] res=824.6
[16/11/2018 21:40:49] >> run[0]ep[8200] res=1072.62
[16/11/2018 21:41:17] >> run[0]ep[8300] res=671.42
[16/11/2018 21:41:47] >> run[0]ep[8400] res=862.34
[16/11/2018 21:42:14] >> run[0]ep[8500] res=649.46
[16/11/2018 21:42:39] >> run[0]ep[8600] res=710.98
[16/11/2018 21:43:09] >> run[0]ep[8700] res=648.62
[16/11/2018 21:43:35] >> run[0]ep[8800] res=770.26
[16/11/2018 21:44:02] >> run[0]ep[8900] res=588.36
[16/11/2018 21:44:32] >> run[0]ep[9000] res=868.96
[16/11/2018 21:45:01] >> run[0]ep[9100] res=714.06
[16/11/2018 21:45:29] >> run[0]ep[9200] res=719.78
[16/11/2018 21:45:56] >> run[0]ep[9300] res=775.8
[16/11/2018 21:46:24] >> run[0]ep[9400] res=759.42
[16/11/2018 21:46:52] >> run[0]ep[9500] res=722.78
[16/11/2018 21:47:19] >> run[0]ep[9600] res=1002.74
[16/11/2018 21:47:50] >> run[0]ep[9700] res=854.38
[16/11/2018 21:48:18] >> run[0]ep[9800] res=799.26
[16/11/2018 21:48:43] >> run[0]ep[9900] res=752.42
[16/11/2018 21:49:08] >> run[0]ep[10000] res=541.18
[16/11/2018 21:49:38] >> run[0]ep[10100] res=835.62
[16/11/2018 21:50:04] >> run[0]ep[10200] res=865.56
[16/11/2018 21:50:30] >> run[0]ep[10300] res=718.98
[16/11/2018 21:51:00] >> run[0]ep[10400] res=933.0
[16/11/2018 21:51:25] >> run[0]ep[10500] res=785.92
[16/11/2018 21:51:51] >> run[0]ep[10600] res=814.72
[16/11/2018 21:52:18] >> run[0]ep[10700] res=961.7
[16/11/2018 21:52:46] >> run[0]ep[10800] res=887.2
[16/11/2018 21:53:15] >> run[0]ep[10900] res=815.86
[16/11/2018 21:53:43] >> run[0]ep[11000] res=891.86
[16/11/2018 21:54:11] >> run[0]ep[11100] res=878.54
[16/11/2018 21:54:39] >> run[0]ep[11200] res=770.76
[16/11/2018 21:55:06] >> run[0]ep[11300] res=865.48
[16/11/2018 21:55:35] >> run[0]ep[11400] res=515.1
[16/11/2018 21:56:03] >> run[0]ep[11500] res=933.7
[16/11/2018 21:56:31] >> run[0]ep[11600] res=815.04
[16/11/2018 21:56:59] >> run[0]ep[11700] res=854.96
[16/11/2018 21:57:27] >> run[0]ep[11800] res=735.98
[16/11/2018 21:57:59] >> run[0]ep[11900] res=1045.66
[16/11/2018 21:58:28] >> run[0]ep[12000] res=896.14
[16/11/2018 21:58:58] >> run[0]ep[12100] res=841.64
[16/11/2018 21:59:26] >> run[0]ep[12200] res=878.26
[16/11/2018 21:59:54] >> run[0]ep[12300] res=921.5
[16/11/2018 22:00:25] >> run[0]ep[12400] res=1271.86
[16/11/2018 22:00:54] >> run[0]ep[12500] res=907.88
[16/11/2018 22:01:20] >> run[0]ep[12600] res=780.96
[16/11/2018 22:01:49] >> run[0]ep[12700] res=891.56
[16/11/2018 22:02:18] >> run[0]ep[12800] res=826.58
[16/11/2018 22:02:43] >> run[0]ep[12900] res=762.3
[16/11/2018 22:03:12] >> run[0]ep[13000] res=1063.34
[16/11/2018 22:03:42] >> run[0]ep[13100] res=914.34
[16/11/2018 22:04:07] >> run[0]ep[13200] res=923.18
[16/11/2018 22:04:38] >> run[0]ep[13300] res=955.96
[16/11/2018 22:05:06] >> run[0]ep[13400] res=977.92
[16/11/2018 22:05:31] >> run[0]ep[13500] res=797.1
[16/11/2018 22:06:04] >> run[0]ep[13600] res=911.12
[16/11/2018 22:06:35] >> run[0]ep[13700] res=740.9
[16/11/2018 22:07:02] >> run[0]ep[13800] res=936.92
[16/11/2018 22:07:31] >> run[0]ep[13900] res=817.68
[16/11/2018 22:07:59] >> run[0]ep[14000] res=958.0
[16/11/2018 22:08:29] >> run[0]ep[14100] res=843.46
[16/11/2018 22:08:58] >> run[0]ep[14200] res=927.82
[16/11/2018 22:09:29] >> run[0]ep[14300] res=911.9
[16/11/2018 22:10:00] >> run[0]ep[14400] res=1033.58
[16/11/2018 22:10:32] >> run[0]ep[14500] res=943.2
[16/11/2018 22:11:03] >> run[0]ep[14600] res=998.08
[16/11/2018 22:11:34] >> run[0]ep[14700] res=1143.96
[16/11/2018 22:12:05] >> run[0]ep[14800] res=868.94
[16/11/2018 22:12:34] >> run[0]ep[14900] res=1115.76
[16/11/2018 22:13:06] >> run[0]ep[15000] res=1091.3
[16/11/2018 22:13:35] >> run[0]ep[15100] res=799.52
[16/11/2018 22:14:11] >> run[0]ep[15200] res=986.44
[16/11/2018 22:14:42] >> run[0]ep[15300] res=945.06
[16/11/2018 22:15:14] >> run[0]ep[15400] res=1039.92
[16/11/2018 22:15:45] >> run[0]ep[15500] res=1017.5
[16/11/2018 22:16:13] >> run[0]ep[15600] res=989.56
[16/11/2018 22:16:43] >> run[0]ep[15700] res=985.16
[16/11/2018 22:17:10] >> run[0]ep[15800] res=802.54
[16/11/2018 22:17:37] >> run[0]ep[15900] res=865.42
[16/11/2018 22:18:01] >> run[0]ep[16000] res=777.38
[16/11/2018 22:18:28] >> run[0]ep[16100] res=804.2
[16/11/2018 22:18:55] >> run[0]ep[16200] res=960.0
[16/11/2018 22:19:26] >> run[0]ep[16300] res=1114.4
[16/11/2018 22:19:55] >> run[0]ep[16400] res=957.92
[16/11/2018 22:20:28] >> run[0]ep[16500] res=1209.98
[16/11/2018 22:20:59] >> run[0]ep[16600] res=1007.46
[16/11/2018 22:21:28] >> run[0]ep[16700] res=854.58
[16/11/2018 22:21:59] >> run[0]ep[16800] res=855.42
[16/11/2018 22:22:32] >> run[0]ep[16900] res=1137.28
[16/11/2018 22:23:03] >> run[0]ep[17000] res=1151.86
[16/11/2018 22:23:34] >> run[0]ep[17100] res=1057.22
[16/11/2018 22:24:08] >> run[0]ep[17200] res=1031.46
[16/11/2018 22:24:41] >> run[0]ep[17300] res=1246.04
[16/11/2018 22:25:13] >> run[0]ep[17400] res=839.3
[16/11/2018 22:25:42] >> run[0]ep[17500] res=914.22
[16/11/2018 22:26:16] >> run[0]ep[17600] res=1103.56
[16/11/2018 22:26:48] >> run[0]ep[17700] res=1042.82
[16/11/2018 22:27:19] >> run[0]ep[17800] res=908.38
[16/11/2018 22:27:51] >> run[0]ep[17900] res=940.62
[16/11/2018 22:28:25] >> run[0]ep[18000] res=944.06
[16/11/2018 22:28:57] >> run[0]ep[18100] res=939.04
[16/11/2018 22:29:30] >> run[0]ep[18200] res=846.9
[16/11/2018 22:30:04] >> run[0]ep[18300] res=1062.82
[16/11/2018 22:30:37] >> run[0]ep[18400] res=841.16
[16/11/2018 22:31:09] >> run[0]ep[18500] res=1058.22
[16/11/2018 22:31:42] >> run[0]ep[18600] res=1041.6
[16/11/2018 22:32:18] >> run[0]ep[18700] res=1236.46
[16/11/2018 22:32:52] >> run[0]ep[18800] res=1128.42
[16/11/2018 22:33:29] >> run[0]ep[18900] res=1119.32
[16/11/2018 22:34:08] >> run[0]ep[19000] res=1086.1
[16/11/2018 22:34:43] >> run[0]ep[19100] res=1151.7
[16/11/2018 22:35:17] >> run[0]ep[19200] res=1063.86
[16/11/2018 22:35:51] >> run[0]ep[19300] res=1036.06
[16/11/2018 22:36:21] >> run[0]ep[19400] res=896.1
[16/11/2018 22:36:55] >> run[0]ep[19500] res=990.72
[16/11/2018 22:37:34] >> run[0]ep[19600] res=1025.1
[16/11/2018 22:38:04] >> run[0]ep[19700] res=996.04
[16/11/2018 22:38:40] >> run[0]ep[19800] res=1130.7
[16/11/2018 22:39:15] >> run[0]ep[19900] res=893.2
[16/11/2018 22:39:48] >> run[0]ep[20000] res=1090.0
[16/11/2018 22:39:48] >> Total time: 5933 secs
[16/11/2018 22:39:48] >> Basic Q Learning
[16/11/2018 22:39:53] >> run[0]ep[100] res=-251.17
[16/11/2018 22:39:57] >> run[0]ep[200] res=-112.86
[16/11/2018 22:40:00] >> run[0]ep[300] res=2.44
[16/11/2018 22:40:03] >> run[0]ep[400] res=116.96
[16/11/2018 22:40:07] >> run[0]ep[500] res=15.52
[16/11/2018 22:40:10] >> run[0]ep[600] res=-47.44
[16/11/2018 22:40:13] >> run[0]ep[700] res=-66.18
[16/11/2018 22:40:16] >> run[0]ep[800] res=197.04
[16/11/2018 22:40:19] >> run[0]ep[900] res=-171.02
[16/11/2018 22:40:22] >> run[0]ep[1000] res=94.06
[16/11/2018 22:40:25] >> run[0]ep[1100] res=68.26
[16/11/2018 22:40:29] >> run[0]ep[1200] res=13.4
[16/11/2018 22:40:32] >> run[0]ep[1300] res=219.5
[16/11/2018 22:40:36] >> run[0]ep[1400] res=19.18
[16/11/2018 22:40:39] >> run[0]ep[1500] res=134.64
[16/11/2018 22:40:42] >> run[0]ep[1600] res=153.5
[16/11/2018 22:40:45] >> run[0]ep[1700] res=252.54
[16/11/2018 22:40:49] >> run[0]ep[1800] res=357.44
[16/11/2018 22:40:52] >> run[0]ep[1900] res=520.66
[16/11/2018 22:40:56] >> run[0]ep[2000] res=376.6
[16/11/2018 22:40:59] >> run[0]ep[2100] res=376.04
[16/11/2018 22:41:02] >> run[0]ep[2200] res=378.86
[16/11/2018 22:41:05] >> run[0]ep[2300] res=350.56
[16/11/2018 22:41:09] >> run[0]ep[2400] res=258.6
[16/11/2018 22:41:12] >> run[0]ep[2500] res=267.48
[16/11/2018 22:41:15] >> run[0]ep[2600] res=65.74
[16/11/2018 22:41:18] >> run[0]ep[2700] res=453.06
[16/11/2018 22:41:21] >> run[0]ep[2800] res=274.48
[16/11/2018 22:41:25] >> run[0]ep[2900] res=277.76
[16/11/2018 22:41:28] >> run[0]ep[3000] res=324.36
[16/11/2018 22:41:31] >> run[0]ep[3100] res=226.52
[16/11/2018 22:41:34] >> run[0]ep[3200] res=155.52
[16/11/2018 22:41:37] >> run[0]ep[3300] res=583.98
[16/11/2018 22:41:41] >> run[0]ep[3400] res=720.78
[16/11/2018 22:41:44] >> run[0]ep[3500] res=705.46
[16/11/2018 22:41:47] >> run[0]ep[3600] res=848.74
[16/11/2018 22:41:50] >> run[0]ep[3700] res=716.22
[16/11/2018 22:41:53] >> run[0]ep[3800] res=703.04
[16/11/2018 22:41:56] >> run[0]ep[3900] res=754.86
[16/11/2018 22:41:59] >> run[0]ep[4000] res=880.24
[16/11/2018 22:42:03] >> run[0]ep[4100] res=659.9
[16/11/2018 22:42:06] >> run[0]ep[4200] res=835.02
[16/11/2018 22:42:09] >> run[0]ep[4300] res=915.46
[16/11/2018 22:42:12] >> run[0]ep[4400] res=1019.84
[16/11/2018 22:42:15] >> run[0]ep[4500] res=1210.88
[16/11/2018 22:42:18] >> run[0]ep[4600] res=1325.16
[16/11/2018 22:42:21] >> run[0]ep[4700] res=857.58
[16/11/2018 22:42:24] >> run[0]ep[4800] res=1115.48
[16/11/2018 22:42:28] >> run[0]ep[4900] res=1086.68
[16/11/2018 22:42:30] >> run[0]ep[5000] res=864.7
[16/11/2018 22:42:33] >> run[0]ep[5100] res=1034.76
[16/11/2018 22:42:36] >> run[0]ep[5200] res=1054.72
[16/11/2018 22:42:39] >> run[0]ep[5300] res=1079.94
[16/11/2018 22:42:42] >> run[0]ep[5400] res=1006.64
[16/11/2018 22:42:45] >> run[0]ep[5500] res=1203.52
[16/11/2018 22:42:48] >> run[0]ep[5600] res=1209.14
[16/11/2018 22:42:51] >> run[0]ep[5700] res=1303.1
[16/11/2018 22:42:54] >> run[0]ep[5800] res=1121.38
[16/11/2018 22:42:57] >> run[0]ep[5900] res=1242.48
[16/11/2018 22:43:00] >> run[0]ep[6000] res=1043.6
[16/11/2018 22:43:03] >> run[0]ep[6100] res=1201.0
[16/11/2018 22:43:06] >> run[0]ep[6200] res=1159.0
[16/11/2018 22:43:09] >> run[0]ep[6300] res=1127.34
[16/11/2018 22:43:12] >> run[0]ep[6400] res=963.06
[16/11/2018 22:43:15] >> run[0]ep[6500] res=1153.14
[16/11/2018 22:43:18] >> run[0]ep[6600] res=1030.42
[16/11/2018 22:43:21] >> run[0]ep[6700] res=1017.94
[16/11/2018 22:43:24] >> run[0]ep[6800] res=1353.32
[16/11/2018 22:43:27] >> run[0]ep[6900] res=1247.54
[16/11/2018 22:43:30] >> run[0]ep[7000] res=1153.62
[16/11/2018 22:43:33] >> run[0]ep[7100] res=834.34
[16/11/2018 22:43:36] >> run[0]ep[7200] res=1324.18
[16/11/2018 22:43:39] >> run[0]ep[7300] res=1066.84
[16/11/2018 22:43:42] >> run[0]ep[7400] res=1155.12
[16/11/2018 22:43:45] >> run[0]ep[7500] res=1238.14
[16/11/2018 22:43:48] >> run[0]ep[7600] res=1109.8
[16/11/2018 22:43:51] >> run[0]ep[7700] res=1403.3
[16/11/2018 22:43:54] >> run[0]ep[7800] res=1216.8
[16/11/2018 22:43:57] >> run[0]ep[7900] res=1455.08
[16/11/2018 22:44:00] >> run[0]ep[8000] res=1196.7
[16/11/2018 22:44:04] >> run[0]ep[8100] res=1384.18
[16/11/2018 22:44:07] >> run[0]ep[8200] res=1062.12
[16/11/2018 22:44:10] >> run[0]ep[8300] res=1189.38
[16/11/2018 22:44:13] >> run[0]ep[8400] res=763.86
[16/11/2018 22:44:16] >> run[0]ep[8500] res=1374.74
[16/11/2018 22:44:19] >> run[0]ep[8600] res=1311.72
[16/11/2018 22:44:23] >> run[0]ep[8700] res=1189.12
[16/11/2018 22:44:26] >> run[0]ep[8800] res=1482.92
[16/11/2018 22:44:29] >> run[0]ep[8900] res=1229.88
[16/11/2018 22:44:32] >> run[0]ep[9000] res=1167.96
[16/11/2018 22:44:35] >> run[0]ep[9100] res=1129.18
[16/11/2018 22:44:38] >> run[0]ep[9200] res=900.26
[16/11/2018 22:44:41] >> run[0]ep[9300] res=1269.24
[16/11/2018 22:44:44] >> run[0]ep[9400] res=1067.86
[16/11/2018 22:44:47] >> run[0]ep[9500] res=1058.4
[16/11/2018 22:44:50] >> run[0]ep[9600] res=1298.52
[16/11/2018 22:44:53] >> run[0]ep[9700] res=1492.82
[16/11/2018 22:44:56] >> run[0]ep[9800] res=1448.5
[16/11/2018 22:44:59] >> run[0]ep[9900] res=1136.46
[16/11/2018 22:45:02] >> run[0]ep[10000] res=1160.02
[16/11/2018 22:45:05] >> run[0]ep[10100] res=1230.04
[16/11/2018 22:45:08] >> run[0]ep[10200] res=1331.54
[16/11/2018 22:45:11] >> run[0]ep[10300] res=1093.44
[16/11/2018 22:45:14] >> run[0]ep[10400] res=876.54
[16/11/2018 22:45:17] >> run[0]ep[10500] res=1046.2
[16/11/2018 22:45:21] >> run[0]ep[10600] res=1330.7
[16/11/2018 22:45:24] >> run[0]ep[10700] res=1430.48
[16/11/2018 22:45:27] >> run[0]ep[10800] res=1306.64
[16/11/2018 22:45:30] >> run[0]ep[10900] res=976.98
[16/11/2018 22:45:33] >> run[0]ep[11000] res=1240.34
[16/11/2018 22:45:36] >> run[0]ep[11100] res=1120.84
[16/11/2018 22:45:39] >> run[0]ep[11200] res=818.02
[16/11/2018 22:45:42] >> run[0]ep[11300] res=1225.86
[16/11/2018 22:45:45] >> run[0]ep[11400] res=1041.52
[16/11/2018 22:45:48] >> run[0]ep[11500] res=1136.76
[16/11/2018 22:45:51] >> run[0]ep[11600] res=1529.24
[16/11/2018 22:45:54] >> run[0]ep[11700] res=1175.48
[16/11/2018 22:45:57] >> run[0]ep[11800] res=1216.08
[16/11/2018 22:46:00] >> run[0]ep[11900] res=1363.28
[16/11/2018 22:46:03] >> run[0]ep[12000] res=1113.82
[16/11/2018 22:46:06] >> run[0]ep[12100] res=1193.16
[16/11/2018 22:46:09] >> run[0]ep[12200] res=1479.2
[16/11/2018 22:46:12] >> run[0]ep[12300] res=1398.3
[16/11/2018 22:46:15] >> run[0]ep[12400] res=1320.24
[16/11/2018 22:46:18] >> run[0]ep[12500] res=1088.88
[16/11/2018 22:46:21] >> run[0]ep[12600] res=1360.96
[16/11/2018 22:46:24] >> run[0]ep[12700] res=1478.72
[16/11/2018 22:46:27] >> run[0]ep[12800] res=1459.88
[16/11/2018 22:46:29] >> run[0]ep[12900] res=1152.86
[16/11/2018 22:46:32] >> run[0]ep[13000] res=1101.82
[16/11/2018 22:46:35] >> run[0]ep[13100] res=1699.04
[16/11/2018 22:46:38] >> run[0]ep[13200] res=1272.74
[16/11/2018 22:46:41] >> run[0]ep[13300] res=1346.9
[16/11/2018 22:46:44] >> run[0]ep[13400] res=1350.78
[16/11/2018 22:46:47] >> run[0]ep[13500] res=1384.24
[16/11/2018 22:46:50] >> run[0]ep[13600] res=1719.44
[16/11/2018 22:46:52] >> run[0]ep[13700] res=1292.46
[16/11/2018 22:46:55] >> run[0]ep[13800] res=1391.4
[16/11/2018 22:46:58] >> run[0]ep[13900] res=1483.72
[16/11/2018 22:47:01] >> run[0]ep[14000] res=1235.6
[16/11/2018 22:47:04] >> run[0]ep[14100] res=1344.98
[16/11/2018 22:47:07] >> run[0]ep[14200] res=1252.34
[16/11/2018 22:47:09] >> run[0]ep[14300] res=1005.68
[16/11/2018 22:47:12] >> run[0]ep[14400] res=1310.76
[16/11/2018 22:47:15] >> run[0]ep[14500] res=1226.06
[16/11/2018 22:47:18] >> run[0]ep[14600] res=1461.4
[16/11/2018 22:47:21] >> run[0]ep[14700] res=1391.74
[16/11/2018 22:47:24] >> run[0]ep[14800] res=1412.0
[16/11/2018 22:47:26] >> run[0]ep[14900] res=1640.5
[16/11/2018 22:47:29] >> run[0]ep[15000] res=1414.48
[16/11/2018 22:47:32] >> run[0]ep[15100] res=1472.76
[16/11/2018 22:47:35] >> run[0]ep[15200] res=1417.7
[16/11/2018 22:47:37] >> run[0]ep[15300] res=1533.54
[16/11/2018 22:47:40] >> run[0]ep[15400] res=1739.02
[16/11/2018 22:47:43] >> run[0]ep[15500] res=1496.66
[16/11/2018 22:47:46] >> run[0]ep[15600] res=1467.88
[16/11/2018 22:47:48] >> run[0]ep[15700] res=1311.06
[16/11/2018 22:47:51] >> run[0]ep[15800] res=1464.86
[16/11/2018 22:47:54] >> run[0]ep[15900] res=1388.02
[16/11/2018 22:47:57] >> run[0]ep[16000] res=1399.44
[16/11/2018 22:48:00] >> run[0]ep[16100] res=1521.52
[16/11/2018 22:48:03] >> run[0]ep[16200] res=1667.82
[16/11/2018 22:48:06] >> run[0]ep[16300] res=1535.72
[16/11/2018 22:48:08] >> run[0]ep[16400] res=1529.56
[16/11/2018 22:48:11] >> run[0]ep[16500] res=1443.14
[16/11/2018 22:48:14] >> run[0]ep[16600] res=1465.02
[16/11/2018 22:48:17] >> run[0]ep[16700] res=1689.12
[16/11/2018 22:48:19] >> run[0]ep[16800] res=1545.52
[16/11/2018 22:48:22] >> run[0]ep[16900] res=1378.32
[16/11/2018 22:48:25] >> run[0]ep[17000] res=1351.64
[16/11/2018 22:48:27] >> run[0]ep[17100] res=1263.08
[16/11/2018 22:48:30] >> run[0]ep[17200] res=1396.66
[16/11/2018 22:48:32] >> run[0]ep[17300] res=1720.82
[16/11/2018 22:48:35] >> run[0]ep[17400] res=1380.36
[16/11/2018 22:48:37] >> run[0]ep[17500] res=1332.0
[16/11/2018 22:48:40] >> run[0]ep[17600] res=1637.18
[16/11/2018 22:48:43] >> run[0]ep[17700] res=1387.76
[16/11/2018 22:48:46] >> run[0]ep[17800] res=1432.88
[16/11/2018 22:48:48] >> run[0]ep[17900] res=1138.52
[16/11/2018 22:48:51] >> run[0]ep[18000] res=1257.6
[16/11/2018 22:48:54] >> run[0]ep[18100] res=1385.96
[16/11/2018 22:48:56] >> run[0]ep[18200] res=1491.96
[16/11/2018 22:48:59] >> run[0]ep[18300] res=1675.8
[16/11/2018 22:49:02] >> run[0]ep[18400] res=1582.74
[16/11/2018 22:49:04] >> run[0]ep[18500] res=1747.06
[16/11/2018 22:49:07] >> run[0]ep[18600] res=1166.44
[16/11/2018 22:49:10] >> run[0]ep[18700] res=1612.54
[16/11/2018 22:49:13] >> run[0]ep[18800] res=1583.0
[16/11/2018 22:49:16] >> run[0]ep[18900] res=1312.82
[16/11/2018 22:49:18] >> run[0]ep[19000] res=1312.2
[16/11/2018 22:49:21] >> run[0]ep[19100] res=1330.96
[16/11/2018 22:49:23] >> run[0]ep[19200] res=1595.6
[16/11/2018 22:49:26] >> run[0]ep[19300] res=1498.3
[16/11/2018 22:49:29] >> run[0]ep[19400] res=1477.38
[16/11/2018 22:49:32] >> run[0]ep[19500] res=1621.3
[16/11/2018 22:49:35] >> run[0]ep[19600] res=1519.74
[16/11/2018 22:49:37] >> run[0]ep[19700] res=1290.16
[16/11/2018 22:49:40] >> run[0]ep[19800] res=1394.22
[16/11/2018 22:49:43] >> run[0]ep[19900] res=1365.8
[16/11/2018 22:49:46] >> run[0]ep[20000] res=1703.48
[16/11/2018 22:49:46] >> Total time: 597 secs
