<?xml version="1.0" encoding="UTF-8" standalone="no"?>
<!DOCTYPE log SYSTEM "logger.dtd">
<log>
</log>
[15/11/2018 17:08:44] >> Logger created
[15/11/2018 17:08:44] >> Similarities
[15/11/2018 17:09:57] >> run[0]ep[100] res=-69.79
[15/11/2018 17:11:07] >> run[0]ep[200] res=20.86
[15/11/2018 17:12:20] >> run[0]ep[300] res=97.98
[15/11/2018 17:13:35] >> run[0]ep[400] res=170.68
[15/11/2018 17:14:48] >> run[0]ep[500] res=128.04
[15/11/2018 17:15:58] >> run[0]ep[600] res=96.94
[15/11/2018 17:17:09] >> run[0]ep[700] res=11.8
[15/11/2018 17:18:10] >> run[0]ep[800] res=-63.2
[15/11/2018 17:19:32] >> run[0]ep[900] res=292.84
[15/11/2018 17:20:45] >> run[0]ep[1000] res=167.82
[15/11/2018 17:21:49] >> run[0]ep[1100] res=-111.3
[15/11/2018 17:23:12] >> run[0]ep[1200] res=255.76
[15/11/2018 17:24:37] >> run[0]ep[1300] res=425.04
[15/11/2018 17:25:54] >> run[0]ep[1400] res=438.76
[15/11/2018 17:27:24] >> run[0]ep[1500] res=421.38
[15/11/2018 17:29:05] >> run[0]ep[1600] res=866.52
[15/11/2018 17:30:46] >> run[0]ep[1700] res=738.4
[15/11/2018 17:32:27] >> run[0]ep[1800] res=639.32
[15/11/2018 17:34:01] >> run[0]ep[1900] res=690.18
[15/11/2018 17:35:36] >> run[0]ep[2000] res=788.52
[15/11/2018 17:37:17] >> run[0]ep[2100] res=742.16
[15/11/2018 17:38:59] >> run[0]ep[2200] res=651.12
[15/11/2018 17:40:41] >> run[0]ep[2300] res=648.8
[15/11/2018 17:42:30] >> run[0]ep[2400] res=929.94
[15/11/2018 17:44:19] >> run[0]ep[2500] res=768.8
[15/11/2018 17:46:03] >> run[0]ep[2600] res=707.6
[15/11/2018 17:47:51] >> run[0]ep[2700] res=751.64
[15/11/2018 17:49:36] >> run[0]ep[2800] res=433.32
[15/11/2018 17:51:21] >> run[0]ep[2900] res=932.7
[15/11/2018 17:53:10] >> run[0]ep[3000] res=964.94
[15/11/2018 17:54:57] >> run[0]ep[3100] res=869.12
[15/11/2018 17:56:42] >> run[0]ep[3200] res=648.34
[15/11/2018 17:58:29] >> run[0]ep[3300] res=890.34
[15/11/2018 18:00:18] >> run[0]ep[3400] res=630.82
[15/11/2018 18:02:13] >> run[0]ep[3500] res=864.38
[15/11/2018 18:04:08] >> run[0]ep[3600] res=715.24
[15/11/2018 18:05:47] >> run[0]ep[3700] res=641.28
[15/11/2018 18:07:29] >> run[0]ep[3800] res=843.8
[15/11/2018 18:09:23] >> run[0]ep[3900] res=709.18
[15/11/2018 18:11:18] >> run[0]ep[4000] res=898.94
[15/11/2018 18:13:03] >> run[0]ep[4100] res=716.98
[15/11/2018 18:14:47] >> run[0]ep[4200] res=661.84
[15/11/2018 18:16:37] >> run[0]ep[4300] res=807.46
[15/11/2018 18:18:32] >> run[0]ep[4400] res=1062.6
[15/11/2018 18:20:23] >> run[0]ep[4500] res=865.88
[15/11/2018 18:22:07] >> run[0]ep[4600] res=789.7
[15/11/2018 18:24:01] >> run[0]ep[4700] res=1066.32
[15/11/2018 18:25:46] >> run[0]ep[4800] res=634.98
[15/11/2018 18:27:36] >> run[0]ep[4900] res=735.54
[15/11/2018 18:29:12] >> run[0]ep[5000] res=666.2
[15/11/2018 18:30:59] >> run[0]ep[5100] res=437.76
[15/11/2018 18:33:01] >> run[0]ep[5200] res=667.84
[15/11/2018 18:35:33] >> run[0]ep[5300] res=517.66
[15/11/2018 18:37:42] >> run[0]ep[5400] res=327.14
[15/11/2018 18:39:38] >> run[0]ep[5500] res=378.66
[15/11/2018 18:41:32] >> run[0]ep[5600] res=325.62
[15/11/2018 18:43:32] >> run[0]ep[5700] res=513.84
[15/11/2018 18:45:29] >> run[0]ep[5800] res=355.28
[15/11/2018 18:47:15] >> run[0]ep[5900] res=742.32
[15/11/2018 18:49:02] >> run[0]ep[6000] res=860.42
[15/11/2018 18:50:56] >> run[0]ep[6100] res=714.04
[15/11/2018 18:52:26] >> run[0]ep[6200] res=419.24
[15/11/2018 18:54:01] >> run[0]ep[6300] res=777.66
[15/11/2018 18:55:41] >> run[0]ep[6400] res=945.34
[15/11/2018 18:57:30] >> run[0]ep[6500] res=1312.08
[15/11/2018 18:59:06] >> run[0]ep[6600] res=812.74
[15/11/2018 19:00:52] >> run[0]ep[6700] res=840.42
[15/11/2018 19:02:46] >> run[0]ep[6800] res=481.38
[15/11/2018 19:04:44] >> run[0]ep[6900] res=749.4
[15/11/2018 19:06:32] >> run[0]ep[7000] res=730.4
[15/11/2018 19:08:15] >> run[0]ep[7100] res=1024.74
[15/11/2018 19:10:12] >> run[0]ep[7200] res=1034.42
[15/11/2018 19:11:53] >> run[0]ep[7300] res=849.34
[15/11/2018 19:13:41] >> run[0]ep[7400] res=1046.42
[15/11/2018 19:15:39] >> run[0]ep[7500] res=1115.42
[15/11/2018 19:15:39] >> Total time: 7614 secs
[15/11/2018 19:15:39] >> Basic Q Learning
[15/11/2018 19:15:44] >> run[0]ep[100] res=-324.07
[15/11/2018 19:15:47] >> run[0]ep[200] res=-163.36
[15/11/2018 19:15:50] >> run[0]ep[300] res=-214.24
[15/11/2018 19:15:54] >> run[0]ep[400] res=-141.56
[15/11/2018 19:15:57] >> run[0]ep[500] res=-34.74
[15/11/2018 19:16:00] >> run[0]ep[600] res=-47.16
[15/11/2018 19:16:04] >> run[0]ep[700] res=160.34
[15/11/2018 19:16:06] >> run[0]ep[800] res=193.1
[15/11/2018 19:16:09] >> run[0]ep[900] res=375.96
[15/11/2018 19:16:13] >> run[0]ep[1000] res=487.84
[15/11/2018 19:16:16] >> run[0]ep[1100] res=454.62
[15/11/2018 19:16:19] >> run[0]ep[1200] res=168.28
[15/11/2018 19:16:23] >> run[0]ep[1300] res=186.88
[15/11/2018 19:16:26] >> run[0]ep[1400] res=112.62
[15/11/2018 19:16:29] >> run[0]ep[1500] res=184.58
[15/11/2018 19:16:33] >> run[0]ep[1600] res=512.02
[15/11/2018 19:16:36] >> run[0]ep[1700] res=603.6
[15/11/2018 19:16:39] >> run[0]ep[1800] res=648.3
[15/11/2018 19:16:42] >> run[0]ep[1900] res=696.98
[15/11/2018 19:16:46] >> run[0]ep[2000] res=456.8
[15/11/2018 19:16:49] >> run[0]ep[2100] res=675.9
[15/11/2018 19:16:52] >> run[0]ep[2200] res=863.78
[15/11/2018 19:16:55] >> run[0]ep[2300] res=359.9
[15/11/2018 19:16:58] >> run[0]ep[2400] res=581.86
[15/11/2018 19:17:01] >> run[0]ep[2500] res=673.16
[15/11/2018 19:17:04] >> run[0]ep[2600] res=548.98
[15/11/2018 19:17:08] >> run[0]ep[2700] res=318.44
[15/11/2018 19:17:11] >> run[0]ep[2800] res=318.14
[15/11/2018 19:17:13] >> run[0]ep[2900] res=785.3
[15/11/2018 19:17:17] >> run[0]ep[3000] res=786.14
[15/11/2018 19:17:20] >> run[0]ep[3100] res=829.36
[15/11/2018 19:17:23] >> run[0]ep[3200] res=775.28
[15/11/2018 19:17:26] >> run[0]ep[3300] res=721.4
[15/11/2018 19:17:29] >> run[0]ep[3400] res=811.9
[15/11/2018 19:17:32] >> run[0]ep[3500] res=464.18
[15/11/2018 19:17:35] >> run[0]ep[3600] res=701.5
[15/11/2018 19:17:38] >> run[0]ep[3700] res=655.86
[15/11/2018 19:17:41] >> run[0]ep[3800] res=591.6
[15/11/2018 19:17:44] >> run[0]ep[3900] res=398.32
[15/11/2018 19:17:47] >> run[0]ep[4000] res=764.76
[15/11/2018 19:17:51] >> run[0]ep[4100] res=755.3
[15/11/2018 19:17:54] >> run[0]ep[4200] res=973.76
[15/11/2018 19:17:57] >> run[0]ep[4300] res=739.26
[15/11/2018 19:18:00] >> run[0]ep[4400] res=1062.24
[15/11/2018 19:18:03] >> run[0]ep[4500] res=757.88
[15/11/2018 19:18:06] >> run[0]ep[4600] res=692.88
[15/11/2018 19:18:10] >> run[0]ep[4700] res=909.78
[15/11/2018 19:18:13] >> run[0]ep[4800] res=964.16
[15/11/2018 19:18:16] >> run[0]ep[4900] res=816.28
[15/11/2018 19:18:19] >> run[0]ep[5000] res=644.68
[15/11/2018 19:18:22] >> run[0]ep[5100] res=661.62
[15/11/2018 19:18:25] >> run[0]ep[5200] res=661.28
[15/11/2018 19:18:28] >> run[0]ep[5300] res=779.42
[15/11/2018 19:18:31] >> run[0]ep[5400] res=801.84
[15/11/2018 19:18:35] >> run[0]ep[5500] res=668.0
[15/11/2018 19:18:38] >> run[0]ep[5600] res=1277.56
[15/11/2018 19:18:40] >> run[0]ep[5700] res=1034.48
[15/11/2018 19:18:43] >> run[0]ep[5800] res=811.72
[15/11/2018 19:18:46] >> run[0]ep[5900] res=887.34
[15/11/2018 19:18:50] >> run[0]ep[6000] res=1206.18
[15/11/2018 19:18:52] >> run[0]ep[6100] res=684.34
[15/11/2018 19:18:55] >> run[0]ep[6200] res=1162.5
[15/11/2018 19:18:58] >> run[0]ep[6300] res=1281.38
[15/11/2018 19:19:01] >> run[0]ep[6400] res=1004.84
[15/11/2018 19:19:04] >> run[0]ep[6500] res=986.16
[15/11/2018 19:19:07] >> run[0]ep[6600] res=906.22
[15/11/2018 19:19:10] >> run[0]ep[6700] res=1050.54
[15/11/2018 19:19:13] >> run[0]ep[6800] res=1225.1
[15/11/2018 19:19:16] >> run[0]ep[6900] res=1184.74
[15/11/2018 19:19:19] >> run[0]ep[7000] res=762.44
[15/11/2018 19:19:22] >> run[0]ep[7100] res=1072.14
[15/11/2018 19:19:25] >> run[0]ep[7200] res=1183.82
[15/11/2018 19:19:28] >> run[0]ep[7300] res=1529.74
[15/11/2018 19:19:31] >> run[0]ep[7400] res=1230.52
[15/11/2018 19:19:34] >> run[0]ep[7500] res=1235.02
[15/11/2018 19:19:34] >> Total time: 235 secs
