<?xml version="1.0" encoding="UTF-8" standalone="no"?>
<!DOCTYPE log SYSTEM "logger.dtd">
<log>
</log>
[23/10/2018 20:00:54] >> Logger created
[23/10/2018 20:00:54] >> Similarities
[23/10/2018 20:00:58] >> run[0]ep[100] res=-268.03
[23/10/2018 20:01:01] >> run[0]ep[200] res=-167.16
[23/10/2018 20:01:04] >> run[0]ep[300] res=-212.9
[23/10/2018 20:01:07] >> run[0]ep[400] res=-200.62
[23/10/2018 20:01:11] >> run[0]ep[500] res=-84.22
[23/10/2018 20:01:14] >> run[0]ep[600] res=-51.0
[23/10/2018 20:01:17] >> run[0]ep[700] res=-140.24
[23/10/2018 20:01:20] >> run[0]ep[800] res=-49.58
[23/10/2018 20:01:23] >> run[0]ep[900] res=342.9
[23/10/2018 20:01:27] >> run[0]ep[1000] res=98.52
[23/10/2018 20:01:30] >> run[0]ep[1100] res=-283.26
[23/10/2018 20:01:33] >> run[0]ep[1200] res=1.8
[23/10/2018 20:01:36] >> run[0]ep[1300] res=81.98
[23/10/2018 20:01:39] >> run[0]ep[1400] res=-149.94
[23/10/2018 20:01:43] >> run[0]ep[1500] res=67.68
[23/10/2018 20:01:46] >> run[0]ep[1600] res=63.76
[23/10/2018 20:01:49] >> run[0]ep[1700] res=53.8
[23/10/2018 20:01:52] >> run[0]ep[1800] res=353.34
[23/10/2018 20:01:56] >> run[0]ep[1900] res=208.12
[23/10/2018 20:01:59] >> run[0]ep[2000] res=242.5
[23/10/2018 20:02:02] >> run[0]ep[2100] res=325.86
[23/10/2018 20:02:06] >> run[0]ep[2200] res=249.1
[23/10/2018 20:02:09] >> run[0]ep[2300] res=89.76
[23/10/2018 20:02:13] >> run[0]ep[2400] res=120.14
[23/10/2018 20:02:16] >> run[0]ep[2500] res=219.74
[23/10/2018 20:02:19] >> run[0]ep[2600] res=268.52
[23/10/2018 20:02:22] >> run[0]ep[2700] res=-87.72
[23/10/2018 20:02:26] >> run[0]ep[2800] res=257.34
[23/10/2018 20:02:29] >> run[0]ep[2900] res=294.1
[23/10/2018 20:02:32] >> run[0]ep[3000] res=173.68
[23/10/2018 20:02:36] >> run[0]ep[3100] res=-99.48
[23/10/2018 20:02:39] >> run[0]ep[3200] res=130.34
[23/10/2018 20:02:42] >> run[0]ep[3300] res=165.88
[23/10/2018 20:02:45] >> run[0]ep[3400] res=152.08
[23/10/2018 20:02:49] >> run[0]ep[3500] res=301.58
[23/10/2018 20:02:52] >> run[0]ep[3600] res=424.78
[23/10/2018 20:02:55] >> run[0]ep[3700] res=510.8
[23/10/2018 20:02:58] >> run[0]ep[3800] res=328.12
[23/10/2018 20:03:01] >> run[0]ep[3900] res=136.32
[23/10/2018 20:03:04] >> run[0]ep[4000] res=111.14
[23/10/2018 20:03:07] >> run[0]ep[4100] res=620.76
[23/10/2018 20:03:11] >> run[0]ep[4200] res=528.02
[23/10/2018 20:03:14] >> run[0]ep[4300] res=332.38
[23/10/2018 20:03:17] >> run[0]ep[4400] res=527.4
[23/10/2018 20:03:21] >> run[0]ep[4500] res=1022.48
[23/10/2018 20:03:23] >> run[0]ep[4600] res=905.48
[23/10/2018 20:03:26] >> run[0]ep[4700] res=505.44
[23/10/2018 20:03:30] >> run[0]ep[4800] res=370.04
[23/10/2018 20:03:33] >> run[0]ep[4900] res=871.38
[23/10/2018 20:03:36] >> run[0]ep[5000] res=404.88
[23/10/2018 20:03:39] >> run[0]ep[5100] res=574.24
[23/10/2018 20:03:42] >> run[0]ep[5200] res=522.96
[23/10/2018 20:03:46] >> run[0]ep[5300] res=353.98
[23/10/2018 20:03:48] >> run[0]ep[5400] res=413.68
[23/10/2018 20:03:52] >> run[0]ep[5500] res=178.88
[23/10/2018 20:03:55] >> run[0]ep[5600] res=247.16
[23/10/2018 20:03:58] >> run[0]ep[5700] res=414.22
[23/10/2018 20:04:01] >> run[0]ep[5800] res=444.58
[23/10/2018 20:04:04] >> run[0]ep[5900] res=92.68
[23/10/2018 20:04:07] >> run[0]ep[6000] res=492.7
[23/10/2018 20:04:10] >> run[0]ep[6100] res=560.62
[23/10/2018 20:04:13] >> run[0]ep[6200] res=927.3
[23/10/2018 20:04:17] >> run[0]ep[6300] res=819.88
[23/10/2018 20:04:20] >> run[0]ep[6400] res=808.54
[23/10/2018 20:04:23] >> run[0]ep[6500] res=975.48
[23/10/2018 20:04:26] >> run[0]ep[6600] res=844.54
[23/10/2018 20:04:29] >> run[0]ep[6700] res=704.8
[23/10/2018 20:04:32] >> run[0]ep[6800] res=1076.22
[23/10/2018 20:04:35] >> run[0]ep[6900] res=781.32
[23/10/2018 20:04:38] >> run[0]ep[7000] res=924.2
[23/10/2018 20:04:42] >> run[0]ep[7100] res=704.1
[23/10/2018 20:04:45] >> run[0]ep[7200] res=962.34
[23/10/2018 20:04:48] >> run[0]ep[7300] res=575.44
[23/10/2018 20:04:51] >> run[0]ep[7400] res=719.16
[23/10/2018 20:04:54] >> run[0]ep[7500] res=1212.36
[23/10/2018 20:04:54] >> Total time: 240 secs
[23/10/2018 20:04:54] >> Basic Q Learning
[23/10/2018 20:04:58] >> run[0]ep[100] res=-166.55
[23/10/2018 20:05:01] >> run[0]ep[200] res=-95.86
[23/10/2018 20:05:04] >> run[0]ep[300] res=97.02
[23/10/2018 20:05:07] >> run[0]ep[400] res=241.36
[23/10/2018 20:05:10] >> run[0]ep[500] res=-5.84
[23/10/2018 20:05:13] >> run[0]ep[600] res=108.64
[23/10/2018 20:05:16] >> run[0]ep[700] res=-19.66
[23/10/2018 20:05:19] >> run[0]ep[800] res=214.9
[23/10/2018 20:05:22] >> run[0]ep[900] res=196.4
[23/10/2018 20:05:25] >> run[0]ep[1000] res=284.6
[23/10/2018 20:05:29] >> run[0]ep[1100] res=412.26
[23/10/2018 20:05:31] >> run[0]ep[1200] res=535.1
[23/10/2018 20:05:34] >> run[0]ep[1300] res=530.46
[23/10/2018 20:05:37] >> run[0]ep[1400] res=700.24
[23/10/2018 20:05:40] >> run[0]ep[1500] res=365.36
[23/10/2018 20:05:44] >> run[0]ep[1600] res=448.8
[23/10/2018 20:05:47] >> run[0]ep[1700] res=710.9
[23/10/2018 20:05:49] >> run[0]ep[1800] res=597.48
[23/10/2018 20:05:53] >> run[0]ep[1900] res=770.02
[23/10/2018 20:05:56] >> run[0]ep[2000] res=706.88
[23/10/2018 20:05:59] >> run[0]ep[2100] res=670.98
[23/10/2018 20:06:02] >> run[0]ep[2200] res=535.6
[23/10/2018 20:06:05] >> run[0]ep[2300] res=935.62
[23/10/2018 20:06:08] >> run[0]ep[2400] res=745.52
[23/10/2018 20:06:12] >> run[0]ep[2500] res=714.54
[23/10/2018 20:06:15] >> run[0]ep[2600] res=716.5
[23/10/2018 20:06:18] >> run[0]ep[2700] res=924.86
[23/10/2018 20:06:21] >> run[0]ep[2800] res=682.36
[23/10/2018 20:06:24] >> run[0]ep[2900] res=570.92
[23/10/2018 20:06:26] >> run[0]ep[3000] res=783.44
[23/10/2018 20:06:29] >> run[0]ep[3100] res=805.4
[23/10/2018 20:06:32] >> run[0]ep[3200] res=512.68
[23/10/2018 20:06:35] >> run[0]ep[3300] res=627.62
[23/10/2018 20:06:38] >> run[0]ep[3400] res=811.08
[23/10/2018 20:06:41] >> run[0]ep[3500] res=873.02
[23/10/2018 20:06:44] >> run[0]ep[3600] res=847.76
[23/10/2018 20:06:47] >> run[0]ep[3700] res=1042.4
[23/10/2018 20:06:50] >> run[0]ep[3800] res=1326.92
[23/10/2018 20:06:53] >> run[0]ep[3900] res=901.78
[23/10/2018 20:06:56] >> run[0]ep[4000] res=905.9
[23/10/2018 20:06:58] >> run[0]ep[4100] res=988.1
[23/10/2018 20:07:02] >> run[0]ep[4200] res=963.88
[23/10/2018 20:07:05] >> run[0]ep[4300] res=677.72
[23/10/2018 20:07:08] >> run[0]ep[4400] res=803.72
[23/10/2018 20:07:11] >> run[0]ep[4500] res=744.78
[23/10/2018 20:07:13] >> run[0]ep[4600] res=663.7
[23/10/2018 20:07:16] >> run[0]ep[4700] res=1452.02
[23/10/2018 20:07:19] >> run[0]ep[4800] res=875.62
[23/10/2018 20:07:22] >> run[0]ep[4900] res=1048.22
[23/10/2018 20:07:26] >> run[0]ep[5000] res=1212.38
[23/10/2018 20:07:29] >> run[0]ep[5100] res=938.86
[23/10/2018 20:07:32] >> run[0]ep[5200] res=1071.44
[23/10/2018 20:07:35] >> run[0]ep[5300] res=1342.9
[23/10/2018 20:07:38] >> run[0]ep[5400] res=929.04
[23/10/2018 20:07:40] >> run[0]ep[5500] res=1229.92
[23/10/2018 20:07:43] >> run[0]ep[5600] res=1030.44
[23/10/2018 20:07:46] >> run[0]ep[5700] res=1176.76
[23/10/2018 20:07:49] >> run[0]ep[5800] res=1003.44
[23/10/2018 20:07:52] >> run[0]ep[5900] res=1239.62
[23/10/2018 20:07:55] >> run[0]ep[6000] res=1266.16
[23/10/2018 20:07:58] >> run[0]ep[6100] res=1226.46
[23/10/2018 20:08:01] >> run[0]ep[6200] res=992.5
[23/10/2018 20:08:04] >> run[0]ep[6300] res=1112.9
[23/10/2018 20:08:07] >> run[0]ep[6400] res=1163.88
[23/10/2018 20:08:10] >> run[0]ep[6500] res=1038.92
[23/10/2018 20:08:13] >> run[0]ep[6600] res=1222.98
[23/10/2018 20:08:15] >> run[0]ep[6700] res=1089.14
[23/10/2018 20:08:18] >> run[0]ep[6800] res=1469.9
[23/10/2018 20:08:21] >> run[0]ep[6900] res=1092.18
[23/10/2018 20:08:24] >> run[0]ep[7000] res=1293.28
[23/10/2018 20:08:27] >> run[0]ep[7100] res=1153.92
[23/10/2018 20:08:30] >> run[0]ep[7200] res=1192.26
[23/10/2018 20:08:33] >> run[0]ep[7300] res=935.96
[23/10/2018 20:08:35] >> run[0]ep[7400] res=1052.48
[23/10/2018 20:08:38] >> run[0]ep[7500] res=1360.6
[23/10/2018 20:08:38] >> Total time: 223 secs
