<?xml version="1.0" encoding="UTF-8" standalone="no"?>
<!DOCTYPE log SYSTEM "logger.dtd">
<log>
</log>
[16/11/2018 15:52:15] >> Logger created
[16/11/2018 15:52:16] >> Similarities
[16/11/2018 15:53:33] >> run[0]ep[100] res=210.61
[16/11/2018 15:54:18] >> run[0]ep[200] res=344.72
[16/11/2018 15:54:59] >> run[0]ep[300] res=582.82
[16/11/2018 15:55:39] >> run[0]ep[400] res=553.98
[16/11/2018 15:56:18] >> run[0]ep[500] res=299.98
[16/11/2018 15:56:57] >> run[0]ep[600] res=462.54
[16/11/2018 15:57:31] >> run[0]ep[700] res=466.32
[16/11/2018 15:58:02] >> run[0]ep[800] res=581.24
[16/11/2018 15:58:29] >> run[0]ep[900] res=600.08
[16/11/2018 15:58:56] >> run[0]ep[1000] res=356.32
[16/11/2018 15:59:30] >> run[0]ep[1100] res=489.7
[16/11/2018 15:59:59] >> run[0]ep[1200] res=400.36
[16/11/2018 16:00:29] >> run[0]ep[1300] res=541.84
[16/11/2018 16:00:59] >> run[0]ep[1400] res=649.44
[16/11/2018 16:01:28] >> run[0]ep[1500] res=514.04
[16/11/2018 16:01:56] >> run[0]ep[1600] res=471.7
[16/11/2018 16:02:23] >> run[0]ep[1700] res=434.44
[16/11/2018 16:02:50] >> run[0]ep[1800] res=747.54
[16/11/2018 16:03:21] >> run[0]ep[1900] res=651.72
[16/11/2018 16:03:52] >> run[0]ep[2000] res=465.94
[16/11/2018 16:04:20] >> run[0]ep[2100] res=596.94
[16/11/2018 16:04:49] >> run[0]ep[2200] res=630.52
[16/11/2018 16:05:20] >> run[0]ep[2300] res=789.22
[16/11/2018 16:05:47] >> run[0]ep[2400] res=550.86
[16/11/2018 16:06:16] >> run[0]ep[2500] res=810.22
[16/11/2018 16:06:44] >> run[0]ep[2600] res=699.3
[16/11/2018 16:07:14] >> run[0]ep[2700] res=711.36
[16/11/2018 16:07:42] >> run[0]ep[2800] res=720.22
[16/11/2018 16:08:07] >> run[0]ep[2900] res=438.96
[16/11/2018 16:08:37] >> run[0]ep[3000] res=684.5
[16/11/2018 16:09:04] >> run[0]ep[3100] res=738.76
[16/11/2018 16:09:35] >> run[0]ep[3200] res=706.08
[16/11/2018 16:10:01] >> run[0]ep[3300] res=761.88
[16/11/2018 16:10:28] >> run[0]ep[3400] res=538.72
[16/11/2018 16:10:56] >> run[0]ep[3500] res=718.36
[16/11/2018 16:11:24] >> run[0]ep[3600] res=807.6
[16/11/2018 16:11:51] >> run[0]ep[3700] res=881.72
[16/11/2018 16:12:18] >> run[0]ep[3800] res=623.68
[16/11/2018 16:12:50] >> run[0]ep[3900] res=694.88
[16/11/2018 16:13:14] >> run[0]ep[4000] res=702.32
[16/11/2018 16:13:41] >> run[0]ep[4100] res=683.66
[16/11/2018 16:14:07] >> run[0]ep[4200] res=731.4
[16/11/2018 16:14:36] >> run[0]ep[4300] res=828.9
[16/11/2018 16:15:04] >> run[0]ep[4400] res=816.66
[16/11/2018 16:15:28] >> run[0]ep[4500] res=606.86
[16/11/2018 16:15:58] >> run[0]ep[4600] res=940.32
[16/11/2018 16:16:22] >> run[0]ep[4700] res=593.96
[16/11/2018 16:16:47] >> run[0]ep[4800] res=754.02
[16/11/2018 16:17:15] >> run[0]ep[4900] res=773.42
[16/11/2018 16:17:38] >> run[0]ep[5000] res=857.28
[16/11/2018 16:18:05] >> run[0]ep[5100] res=702.92
[16/11/2018 16:18:31] >> run[0]ep[5200] res=762.82
[16/11/2018 16:19:01] >> run[0]ep[5300] res=870.3
[16/11/2018 16:19:27] >> run[0]ep[5400] res=788.22
[16/11/2018 16:19:53] >> run[0]ep[5500] res=746.3
[16/11/2018 16:20:18] >> run[0]ep[5600] res=873.24
[16/11/2018 16:20:46] >> run[0]ep[5700] res=779.18
[16/11/2018 16:21:12] >> run[0]ep[5800] res=901.5
[16/11/2018 16:21:36] >> run[0]ep[5900] res=849.86
[16/11/2018 16:22:00] >> run[0]ep[6000] res=902.92
[16/11/2018 16:22:26] >> run[0]ep[6100] res=668.76
[16/11/2018 16:22:52] >> run[0]ep[6200] res=972.04
[16/11/2018 16:23:17] >> run[0]ep[6300] res=778.32
[16/11/2018 16:23:41] >> run[0]ep[6400] res=793.02
[16/11/2018 16:24:04] >> run[0]ep[6500] res=628.84
[16/11/2018 16:24:32] >> run[0]ep[6600] res=1019.74
[16/11/2018 16:24:53] >> run[0]ep[6700] res=749.42
[16/11/2018 16:25:15] >> run[0]ep[6800] res=1064.0
[16/11/2018 16:25:39] >> run[0]ep[6900] res=903.86
[16/11/2018 16:26:01] >> run[0]ep[7000] res=716.28
[16/11/2018 16:26:24] >> run[0]ep[7100] res=828.94
[16/11/2018 16:26:49] >> run[0]ep[7200] res=1040.08
[16/11/2018 16:27:18] >> run[0]ep[7300] res=1049.82
[16/11/2018 16:27:43] >> run[0]ep[7400] res=1029.8
[16/11/2018 16:28:06] >> run[0]ep[7500] res=974.72
[16/11/2018 16:28:31] >> run[0]ep[7600] res=989.76
[16/11/2018 16:28:57] >> run[0]ep[7700] res=806.8
[16/11/2018 16:29:23] >> run[0]ep[7800] res=838.32
[16/11/2018 16:29:50] >> run[0]ep[7900] res=960.02
[16/11/2018 16:30:14] >> run[0]ep[8000] res=814.54
[16/11/2018 16:30:40] >> run[0]ep[8100] res=1075.52
[16/11/2018 16:31:02] >> run[0]ep[8200] res=922.58
[16/11/2018 16:31:29] >> run[0]ep[8300] res=923.8
[16/11/2018 16:31:55] >> run[0]ep[8400] res=887.24
[16/11/2018 16:32:21] >> run[0]ep[8500] res=919.36
[16/11/2018 16:32:48] >> run[0]ep[8600] res=928.68
[16/11/2018 16:33:15] >> run[0]ep[8700] res=1092.26
[16/11/2018 16:33:43] >> run[0]ep[8800] res=1247.76
[16/11/2018 16:34:10] >> run[0]ep[8900] res=1070.02
[16/11/2018 16:34:35] >> run[0]ep[9000] res=753.86
[16/11/2018 16:35:00] >> run[0]ep[9100] res=955.62
[16/11/2018 16:35:26] >> run[0]ep[9200] res=794.44
[16/11/2018 16:35:54] >> run[0]ep[9300] res=1033.32
[16/11/2018 16:36:21] >> run[0]ep[9400] res=867.18
[16/11/2018 16:36:47] >> run[0]ep[9500] res=933.62
[16/11/2018 16:37:17] >> run[0]ep[9600] res=973.12
[16/11/2018 16:37:48] >> run[0]ep[9700] res=985.96
[16/11/2018 16:38:13] >> run[0]ep[9800] res=817.0
[16/11/2018 16:38:42] >> run[0]ep[9900] res=1034.08
[16/11/2018 16:39:11] >> run[0]ep[10000] res=889.82
[16/11/2018 16:39:41] >> run[0]ep[10100] res=943.34
[16/11/2018 16:40:06] >> run[0]ep[10200] res=912.66
[16/11/2018 16:40:34] >> run[0]ep[10300] res=970.42
[16/11/2018 16:41:02] >> run[0]ep[10400] res=949.94
[16/11/2018 16:41:29] >> run[0]ep[10500] res=830.96
[16/11/2018 16:41:53] >> run[0]ep[10600] res=891.5
[16/11/2018 16:42:20] >> run[0]ep[10700] res=1125.62
[16/11/2018 16:42:50] >> run[0]ep[10800] res=785.2
[16/11/2018 16:43:13] >> run[0]ep[10900] res=1105.56
[16/11/2018 16:43:41] >> run[0]ep[11000] res=1177.38
[16/11/2018 16:44:07] >> run[0]ep[11100] res=866.74
[16/11/2018 16:44:40] >> run[0]ep[11200] res=1225.74
[16/11/2018 16:45:10] >> run[0]ep[11300] res=1203.2
[16/11/2018 16:45:39] >> run[0]ep[11400] res=981.3
[16/11/2018 16:46:07] >> run[0]ep[11500] res=919.44
[16/11/2018 16:46:34] >> run[0]ep[11600] res=1109.14
[16/11/2018 16:47:00] >> run[0]ep[11700] res=677.06
[16/11/2018 16:47:29] >> run[0]ep[11800] res=1038.4
[16/11/2018 16:47:56] >> run[0]ep[11900] res=924.22
[16/11/2018 16:48:20] >> run[0]ep[12000] res=967.1
[16/11/2018 16:48:47] >> run[0]ep[12100] res=1010.34
[16/11/2018 16:49:14] >> run[0]ep[12200] res=877.58
[16/11/2018 16:49:42] >> run[0]ep[12300] res=815.14
[16/11/2018 16:50:11] >> run[0]ep[12400] res=1073.76
[16/11/2018 16:50:38] >> run[0]ep[12500] res=1127.68
[16/11/2018 16:51:08] >> run[0]ep[12600] res=1115.88
[16/11/2018 16:51:34] >> run[0]ep[12700] res=1118.2
[16/11/2018 16:52:08] >> run[0]ep[12800] res=1121.7
[16/11/2018 16:52:33] >> run[0]ep[12900] res=944.64
[16/11/2018 16:53:03] >> run[0]ep[13000] res=1243.26
[16/11/2018 16:53:31] >> run[0]ep[13100] res=1166.14
[16/11/2018 16:54:01] >> run[0]ep[13200] res=1315.06
[16/11/2018 16:54:29] >> run[0]ep[13300] res=981.22
[16/11/2018 16:54:54] >> run[0]ep[13400] res=1072.9
[16/11/2018 16:55:25] >> run[0]ep[13500] res=1272.14
[16/11/2018 16:55:52] >> run[0]ep[13600] res=944.32
[16/11/2018 16:56:21] >> run[0]ep[13700] res=1200.92
[16/11/2018 16:56:49] >> run[0]ep[13800] res=999.8
[16/11/2018 16:57:18] >> run[0]ep[13900] res=1229.22
[16/11/2018 16:57:42] >> run[0]ep[14000] res=1096.74
[16/11/2018 16:58:07] >> run[0]ep[14100] res=1087.06
[16/11/2018 16:58:34] >> run[0]ep[14200] res=1080.5
[16/11/2018 16:59:01] >> run[0]ep[14300] res=1189.16
[16/11/2018 16:59:29] >> run[0]ep[14400] res=1123.5
[16/11/2018 17:00:00] >> run[0]ep[14500] res=1197.88
[16/11/2018 17:00:27] >> run[0]ep[14600] res=1328.62
[16/11/2018 17:00:55] >> run[0]ep[14700] res=982.2
[16/11/2018 17:01:22] >> run[0]ep[14800] res=1034.82
[16/11/2018 17:01:52] >> run[0]ep[14900] res=1088.56
[16/11/2018 17:02:22] >> run[0]ep[15000] res=1241.76
[16/11/2018 17:02:53] >> run[0]ep[15100] res=1316.28
[16/11/2018 17:03:23] >> run[0]ep[15200] res=1305.98
[16/11/2018 17:03:54] >> run[0]ep[15300] res=1423.1
[16/11/2018 17:04:24] >> run[0]ep[15400] res=996.2
[16/11/2018 17:04:52] >> run[0]ep[15500] res=1010.56
[16/11/2018 17:05:19] >> run[0]ep[15600] res=1050.78
[16/11/2018 17:05:47] >> run[0]ep[15700] res=1188.62
[16/11/2018 17:06:21] >> run[0]ep[15800] res=1308.04
[16/11/2018 17:06:47] >> run[0]ep[15900] res=1218.3
[16/11/2018 17:07:15] >> run[0]ep[16000] res=1279.3
[16/11/2018 17:07:43] >> run[0]ep[16100] res=1164.36
[16/11/2018 17:08:12] >> run[0]ep[16200] res=1114.44
[16/11/2018 17:08:38] >> run[0]ep[16300] res=1124.36
[16/11/2018 17:09:06] >> run[0]ep[16400] res=1109.96
[16/11/2018 17:09:35] >> run[0]ep[16500] res=1018.78
[16/11/2018 17:10:03] >> run[0]ep[16600] res=1246.18
[16/11/2018 17:10:32] >> run[0]ep[16700] res=1210.26
[16/11/2018 17:10:59] >> run[0]ep[16800] res=1183.14
[16/11/2018 17:11:27] >> run[0]ep[16900] res=1135.8
[16/11/2018 17:11:57] >> run[0]ep[17000] res=1233.42
[16/11/2018 17:12:29] >> run[0]ep[17100] res=1375.96
[16/11/2018 17:12:56] >> run[0]ep[17200] res=1206.68
[16/11/2018 17:13:23] >> run[0]ep[17300] res=1323.14
[16/11/2018 17:13:54] >> run[0]ep[17400] res=1424.12
[16/11/2018 17:14:22] >> run[0]ep[17500] res=1156.16
[16/11/2018 17:14:50] >> run[0]ep[17600] res=1055.26
[16/11/2018 17:15:21] >> run[0]ep[17700] res=1245.36
[16/11/2018 17:15:54] >> run[0]ep[17800] res=1304.06
[16/11/2018 17:16:23] >> run[0]ep[17900] res=1262.52
[16/11/2018 17:16:53] >> run[0]ep[18000] res=1277.5
[16/11/2018 17:17:21] >> run[0]ep[18100] res=1444.84
[16/11/2018 17:17:48] >> run[0]ep[18200] res=1058.28
[16/11/2018 17:18:17] >> run[0]ep[18300] res=1353.46
[16/11/2018 17:18:48] >> run[0]ep[18400] res=1205.7
[16/11/2018 17:19:23] >> run[0]ep[18500] res=1400.24
[16/11/2018 17:19:56] >> run[0]ep[18600] res=1330.16
[16/11/2018 17:20:26] >> run[0]ep[18700] res=1297.32
[16/11/2018 17:20:57] >> run[0]ep[18800] res=1216.48
[16/11/2018 17:21:28] >> run[0]ep[18900] res=1377.96
[16/11/2018 17:21:58] >> run[0]ep[19000] res=936.54
[16/11/2018 17:22:32] >> run[0]ep[19100] res=1381.42
[16/11/2018 17:23:06] >> run[0]ep[19200] res=1311.14
[16/11/2018 17:23:37] >> run[0]ep[19300] res=1273.46
[16/11/2018 17:24:07] >> run[0]ep[19400] res=1323.46
[16/11/2018 17:24:35] >> run[0]ep[19500] res=1116.94
[16/11/2018 17:25:05] >> run[0]ep[19600] res=1265.48
[16/11/2018 17:25:38] >> run[0]ep[19700] res=1260.3
[16/11/2018 17:26:09] >> run[0]ep[19800] res=1315.86
[16/11/2018 17:26:41] >> run[0]ep[19900] res=1324.14
[16/11/2018 17:27:17] >> run[0]ep[20000] res=1267.2
[16/11/2018 17:27:17] >> Total time: 5701 secs
[16/11/2018 17:27:17] >> Basic Q Learning
[16/11/2018 17:27:23] >> run[0]ep[100] res=-81.97
[16/11/2018 17:27:26] >> run[0]ep[200] res=-95.84
[16/11/2018 17:27:29] >> run[0]ep[300] res=-141.96
[16/11/2018 17:27:32] >> run[0]ep[400] res=-96.68
[16/11/2018 17:27:36] >> run[0]ep[500] res=-116.22
[16/11/2018 17:27:39] >> run[0]ep[600] res=73.16
[16/11/2018 17:27:42] >> run[0]ep[700] res=237.88
[16/11/2018 17:27:45] >> run[0]ep[800] res=135.68
[16/11/2018 17:27:49] >> run[0]ep[900] res=58.54
[16/11/2018 17:27:52] >> run[0]ep[1000] res=0.64
[16/11/2018 17:27:55] >> run[0]ep[1100] res=-68.92
[16/11/2018 17:27:58] >> run[0]ep[1200] res=-3.2
[16/11/2018 17:28:02] >> run[0]ep[1300] res=0.34
[16/11/2018 17:28:05] >> run[0]ep[1400] res=98.02
[16/11/2018 17:28:08] >> run[0]ep[1500] res=214.12
[16/11/2018 17:28:11] >> run[0]ep[1600] res=180.38
[16/11/2018 17:28:14] >> run[0]ep[1700] res=87.96
[16/11/2018 17:28:17] >> run[0]ep[1800] res=113.98
[16/11/2018 17:28:20] >> run[0]ep[1900] res=186.7
[16/11/2018 17:28:23] >> run[0]ep[2000] res=146.96
[16/11/2018 17:28:26] >> run[0]ep[2100] res=-16.82
[16/11/2018 17:28:29] >> run[0]ep[2200] res=62.92
[16/11/2018 17:28:33] >> run[0]ep[2300] res=219.42
[16/11/2018 17:28:36] >> run[0]ep[2400] res=513.38
[16/11/2018 17:28:39] >> run[0]ep[2500] res=287.82
[16/11/2018 17:28:42] >> run[0]ep[2600] res=710.4
[16/11/2018 17:28:45] >> run[0]ep[2700] res=315.12
[16/11/2018 17:28:48] >> run[0]ep[2800] res=167.94
[16/11/2018 17:28:52] >> run[0]ep[2900] res=388.06
[16/11/2018 17:28:55] >> run[0]ep[3000] res=714.96
[16/11/2018 17:28:58] >> run[0]ep[3100] res=823.96
[16/11/2018 17:29:01] >> run[0]ep[3200] res=618.0
[16/11/2018 17:29:04] >> run[0]ep[3300] res=317.88
[16/11/2018 17:29:07] >> run[0]ep[3400] res=375.82
[16/11/2018 17:29:11] >> run[0]ep[3500] res=282.78
[16/11/2018 17:29:14] >> run[0]ep[3600] res=227.72
[16/11/2018 17:29:17] >> run[0]ep[3700] res=536.66
[16/11/2018 17:29:20] >> run[0]ep[3800] res=668.1
[16/11/2018 17:29:23] >> run[0]ep[3900] res=760.5
[16/11/2018 17:29:26] >> run[0]ep[4000] res=737.84
[16/11/2018 17:29:29] >> run[0]ep[4100] res=715.22
[16/11/2018 17:29:32] >> run[0]ep[4200] res=384.88
[16/11/2018 17:29:36] >> run[0]ep[4300] res=289.94
[16/11/2018 17:29:39] >> run[0]ep[4400] res=136.16
[16/11/2018 17:29:42] >> run[0]ep[4500] res=366.42
[16/11/2018 17:29:45] >> run[0]ep[4600] res=445.26
[16/11/2018 17:29:48] >> run[0]ep[4700] res=480.66
[16/11/2018 17:29:51] >> run[0]ep[4800] res=510.02
[16/11/2018 17:29:54] >> run[0]ep[4900] res=710.42
[16/11/2018 17:29:57] >> run[0]ep[5000] res=610.48
[16/11/2018 17:30:01] >> run[0]ep[5100] res=435.04
[16/11/2018 17:30:04] >> run[0]ep[5200] res=19.58
[16/11/2018 17:30:07] >> run[0]ep[5300] res=448.02
[16/11/2018 17:30:10] >> run[0]ep[5400] res=189.96
[16/11/2018 17:30:13] >> run[0]ep[5500] res=464.84
[16/11/2018 17:30:16] >> run[0]ep[5600] res=231.44
[16/11/2018 17:30:19] >> run[0]ep[5700] res=653.68
[16/11/2018 17:30:22] >> run[0]ep[5800] res=850.24
[16/11/2018 17:30:25] >> run[0]ep[5900] res=903.46
[16/11/2018 17:30:28] >> run[0]ep[6000] res=755.1
[16/11/2018 17:30:31] >> run[0]ep[6100] res=1199.7
[16/11/2018 17:30:34] >> run[0]ep[6200] res=1228.64
[16/11/2018 17:30:36] >> run[0]ep[6300] res=1088.28
[16/11/2018 17:30:39] >> run[0]ep[6400] res=1135.3
[16/11/2018 17:30:42] >> run[0]ep[6500] res=1108.76
[16/11/2018 17:30:45] >> run[0]ep[6600] res=1012.46
[16/11/2018 17:30:48] >> run[0]ep[6700] res=1059.02
[16/11/2018 17:30:51] >> run[0]ep[6800] res=1292.64
[16/11/2018 17:30:54] >> run[0]ep[6900] res=1104.46
[16/11/2018 17:30:56] >> run[0]ep[7000] res=1272.42
[16/11/2018 17:30:59] >> run[0]ep[7100] res=1233.48
[16/11/2018 17:31:02] >> run[0]ep[7200] res=1432.76
[16/11/2018 17:31:05] >> run[0]ep[7300] res=999.66
[16/11/2018 17:31:08] >> run[0]ep[7400] res=1197.84
[16/11/2018 17:31:11] >> run[0]ep[7500] res=967.78
[16/11/2018 17:31:14] >> run[0]ep[7600] res=1132.04
[16/11/2018 17:31:17] >> run[0]ep[7700] res=772.82
[16/11/2018 17:31:20] >> run[0]ep[7800] res=889.3
[16/11/2018 17:31:23] >> run[0]ep[7900] res=1274.02
[16/11/2018 17:31:26] >> run[0]ep[8000] res=758.9
[16/11/2018 17:31:29] >> run[0]ep[8100] res=923.42
[16/11/2018 17:31:32] >> run[0]ep[8200] res=1016.96
[16/11/2018 17:31:35] >> run[0]ep[8300] res=1010.5
[16/11/2018 17:31:37] >> run[0]ep[8400] res=884.3
[16/11/2018 17:31:40] >> run[0]ep[8500] res=881.46
[16/11/2018 17:31:43] >> run[0]ep[8600] res=1276.42
[16/11/2018 17:31:46] >> run[0]ep[8700] res=917.46
[16/11/2018 17:31:49] >> run[0]ep[8800] res=1288.3
[16/11/2018 17:31:52] >> run[0]ep[8900] res=844.72
[16/11/2018 17:31:55] >> run[0]ep[9000] res=807.92
[16/11/2018 17:31:58] >> run[0]ep[9100] res=1010.38
[16/11/2018 17:32:01] >> run[0]ep[9200] res=940.28
[16/11/2018 17:32:04] >> run[0]ep[9300] res=1145.8
[16/11/2018 17:32:07] >> run[0]ep[9400] res=1192.86
[16/11/2018 17:32:10] >> run[0]ep[9500] res=1185.56
[16/11/2018 17:32:13] >> run[0]ep[9600] res=1488.9
[16/11/2018 17:32:15] >> run[0]ep[9700] res=989.98
[16/11/2018 17:32:18] >> run[0]ep[9800] res=1108.36
[16/11/2018 17:32:21] >> run[0]ep[9900] res=1207.14
[16/11/2018 17:32:24] >> run[0]ep[10000] res=1181.58
[16/11/2018 17:32:27] >> run[0]ep[10100] res=1255.88
[16/11/2018 17:32:30] >> run[0]ep[10200] res=1254.84
[16/11/2018 17:32:33] >> run[0]ep[10300] res=1083.08
[16/11/2018 17:32:36] >> run[0]ep[10400] res=1163.58
[16/11/2018 17:32:38] >> run[0]ep[10500] res=1221.4
[16/11/2018 17:32:41] >> run[0]ep[10600] res=1223.0
[16/11/2018 17:32:44] >> run[0]ep[10700] res=1241.24
[16/11/2018 17:32:47] >> run[0]ep[10800] res=1230.52
[16/11/2018 17:32:50] >> run[0]ep[10900] res=1259.56
[16/11/2018 17:32:53] >> run[0]ep[11000] res=1260.7
[16/11/2018 17:32:55] >> run[0]ep[11100] res=1019.08
[16/11/2018 17:32:58] >> run[0]ep[11200] res=1209.22
[16/11/2018 17:33:00] >> run[0]ep[11300] res=1080.54
[16/11/2018 17:33:03] >> run[0]ep[11400] res=1245.24
[16/11/2018 17:33:06] >> run[0]ep[11500] res=1295.26
[16/11/2018 17:33:09] >> run[0]ep[11600] res=1025.0
[16/11/2018 17:33:11] >> run[0]ep[11700] res=1229.72
[16/11/2018 17:33:14] >> run[0]ep[11800] res=1030.82
[16/11/2018 17:33:16] >> run[0]ep[11900] res=1060.94
[16/11/2018 17:33:19] >> run[0]ep[12000] res=1281.56
[16/11/2018 17:33:22] >> run[0]ep[12100] res=1083.16
[16/11/2018 17:33:24] >> run[0]ep[12200] res=1501.78
[16/11/2018 17:33:27] >> run[0]ep[12300] res=1534.18
[16/11/2018 17:33:30] >> run[0]ep[12400] res=1324.6
[16/11/2018 17:33:33] >> run[0]ep[12500] res=1665.44
[16/11/2018 17:33:35] >> run[0]ep[12600] res=1564.96
[16/11/2018 17:33:38] >> run[0]ep[12700] res=1498.0
[16/11/2018 17:33:41] >> run[0]ep[12800] res=1463.06
[16/11/2018 17:33:43] >> run[0]ep[12900] res=1309.14
[16/11/2018 17:33:46] >> run[0]ep[13000] res=1502.22
[16/11/2018 17:33:49] >> run[0]ep[13100] res=1529.24
[16/11/2018 17:33:52] >> run[0]ep[13200] res=1755.76
[16/11/2018 17:33:55] >> run[0]ep[13300] res=1627.96
[16/11/2018 17:33:58] >> run[0]ep[13400] res=1338.46
[16/11/2018 17:34:00] >> run[0]ep[13500] res=1450.7
[16/11/2018 17:34:03] >> run[0]ep[13600] res=1337.68
[16/11/2018 17:34:06] >> run[0]ep[13700] res=1274.0
[16/11/2018 17:34:09] >> run[0]ep[13800] res=1241.02
[16/11/2018 17:34:12] >> run[0]ep[13900] res=1393.18
[16/11/2018 17:34:14] >> run[0]ep[14000] res=1261.74
[16/11/2018 17:34:17] >> run[0]ep[14100] res=1306.44
[16/11/2018 17:34:19] >> run[0]ep[14200] res=1314.36
[16/11/2018 17:34:22] >> run[0]ep[14300] res=1297.4
[16/11/2018 17:34:25] >> run[0]ep[14400] res=1574.94
[16/11/2018 17:34:27] >> run[0]ep[14500] res=1472.22
[16/11/2018 17:34:30] >> run[0]ep[14600] res=1439.48
[16/11/2018 17:34:33] >> run[0]ep[14700] res=1224.94
[16/11/2018 17:34:35] >> run[0]ep[14800] res=1473.3
[16/11/2018 17:34:38] >> run[0]ep[14900] res=1364.76
[16/11/2018 17:34:41] >> run[0]ep[15000] res=1612.88
[16/11/2018 17:34:43] >> run[0]ep[15100] res=1280.92
[16/11/2018 17:34:46] >> run[0]ep[15200] res=1117.04
[16/11/2018 17:34:48] >> run[0]ep[15300] res=1291.84
[16/11/2018 17:34:51] >> run[0]ep[15400] res=1369.34
[16/11/2018 17:34:53] >> run[0]ep[15500] res=1487.28
[16/11/2018 17:34:56] >> run[0]ep[15600] res=1430.46
[16/11/2018 17:34:59] >> run[0]ep[15700] res=1618.7
[16/11/2018 17:35:01] >> run[0]ep[15800] res=1472.98
[16/11/2018 17:35:04] >> run[0]ep[15900] res=1626.66
[16/11/2018 17:35:07] >> run[0]ep[16000] res=1323.26
[16/11/2018 17:35:09] >> run[0]ep[16100] res=1280.92
[16/11/2018 17:35:12] >> run[0]ep[16200] res=1122.92
[16/11/2018 17:35:15] >> run[0]ep[16300] res=1586.46
[16/11/2018 17:35:18] >> run[0]ep[16400] res=1370.1
[16/11/2018 17:35:20] >> run[0]ep[16500] res=1508.74
[16/11/2018 17:35:23] >> run[0]ep[16600] res=1281.8
[16/11/2018 17:35:26] >> run[0]ep[16700] res=1349.42
[16/11/2018 17:35:28] >> run[0]ep[16800] res=1669.38
[16/11/2018 17:35:31] >> run[0]ep[16900] res=1490.7
[16/11/2018 17:35:33] >> run[0]ep[17000] res=1492.88
[16/11/2018 17:35:36] >> run[0]ep[17100] res=1438.5
[16/11/2018 17:35:39] >> run[0]ep[17200] res=1676.1
[16/11/2018 17:35:41] >> run[0]ep[17300] res=1700.84
[16/11/2018 17:35:44] >> run[0]ep[17400] res=1774.16
[16/11/2018 17:35:47] >> run[0]ep[17500] res=1454.78
[16/11/2018 17:35:49] >> run[0]ep[17600] res=1689.84
[16/11/2018 17:35:52] >> run[0]ep[17700] res=1556.88
[16/11/2018 17:35:54] >> run[0]ep[17800] res=1701.98
[16/11/2018 17:35:57] >> run[0]ep[17900] res=1618.64
[16/11/2018 17:36:00] >> run[0]ep[18000] res=1631.56
[16/11/2018 17:36:03] >> run[0]ep[18100] res=1314.26
[16/11/2018 17:36:05] >> run[0]ep[18200] res=1579.86
[16/11/2018 17:36:08] >> run[0]ep[18300] res=1452.14
[16/11/2018 17:36:11] >> run[0]ep[18400] res=1475.12
[16/11/2018 17:36:14] >> run[0]ep[18500] res=1262.92
[16/11/2018 17:36:16] >> run[0]ep[18600] res=1631.58
[16/11/2018 17:36:19] >> run[0]ep[18700] res=1590.28
[16/11/2018 17:36:21] >> run[0]ep[18800] res=1319.8
[16/11/2018 17:36:24] >> run[0]ep[18900] res=1379.72
[16/11/2018 17:36:27] >> run[0]ep[19000] res=1115.96
[16/11/2018 17:36:29] >> run[0]ep[19100] res=1268.62
[16/11/2018 17:36:32] >> run[0]ep[19200] res=1370.5
[16/11/2018 17:36:34] >> run[0]ep[19300] res=1504.16
[16/11/2018 17:36:37] >> run[0]ep[19400] res=1236.38
[16/11/2018 17:36:40] >> run[0]ep[19500] res=1507.48
[16/11/2018 17:36:42] >> run[0]ep[19600] res=1539.94
[16/11/2018 17:36:45] >> run[0]ep[19700] res=1274.94
[16/11/2018 17:36:48] >> run[0]ep[19800] res=1514.8
[16/11/2018 17:36:50] >> run[0]ep[19900] res=1305.08
[16/11/2018 17:36:53] >> run[0]ep[20000] res=1428.3
[16/11/2018 17:36:53] >> Total time: 575 secs
