<?xml version="1.0" encoding="UTF-8" standalone="no"?>
<!DOCTYPE log SYSTEM "logger.dtd">
<log>
</log>
[17/11/2018 01:35:23] >> Logger created
[17/11/2018 01:35:23] >> Similarities
[17/11/2018 01:36:34] >> run[0]ep[100] res=94.05
[17/11/2018 01:37:23] >> run[0]ep[200] res=344.46
[17/11/2018 01:37:56] >> run[0]ep[300] res=142.76
[17/11/2018 01:38:26] >> run[0]ep[400] res=228.0
[17/11/2018 01:39:03] >> run[0]ep[500] res=225.42
[17/11/2018 01:39:35] >> run[0]ep[600] res=300.02
[17/11/2018 01:40:02] >> run[0]ep[700] res=144.8
[17/11/2018 01:40:31] >> run[0]ep[800] res=213.92
[17/11/2018 01:41:00] >> run[0]ep[900] res=315.2
[17/11/2018 01:41:27] >> run[0]ep[1000] res=190.7
[17/11/2018 01:41:57] >> run[0]ep[1100] res=341.1
[17/11/2018 01:42:26] >> run[0]ep[1200] res=369.88
[17/11/2018 01:42:57] >> run[0]ep[1300] res=257.38
[17/11/2018 01:43:27] >> run[0]ep[1400] res=433.66
[17/11/2018 01:43:58] >> run[0]ep[1500] res=361.92
[17/11/2018 01:44:25] >> run[0]ep[1600] res=377.22
[17/11/2018 01:44:51] >> run[0]ep[1700] res=360.92
[17/11/2018 01:45:19] >> run[0]ep[1800] res=352.44
[17/11/2018 01:45:45] >> run[0]ep[1900] res=258.36
[17/11/2018 01:46:10] >> run[0]ep[2000] res=382.64
[17/11/2018 01:46:40] >> run[0]ep[2100] res=468.94
[17/11/2018 01:47:10] >> run[0]ep[2200] res=431.78
[17/11/2018 01:47:41] >> run[0]ep[2300] res=552.16
[17/11/2018 01:48:10] >> run[0]ep[2400] res=401.1
[17/11/2018 01:48:38] >> run[0]ep[2500] res=341.52
[17/11/2018 01:49:08] >> run[0]ep[2600] res=591.28
[17/11/2018 01:49:35] >> run[0]ep[2700] res=446.96
[17/11/2018 01:50:02] >> run[0]ep[2800] res=638.58
[17/11/2018 01:50:33] >> run[0]ep[2900] res=570.94
[17/11/2018 01:51:00] >> run[0]ep[3000] res=458.26
[17/11/2018 01:51:28] >> run[0]ep[3100] res=344.5
[17/11/2018 01:51:56] >> run[0]ep[3200] res=436.68
[17/11/2018 01:52:25] >> run[0]ep[3300] res=419.74
[17/11/2018 01:52:57] >> run[0]ep[3400] res=515.58
[17/11/2018 01:53:25] >> run[0]ep[3500] res=408.88
[17/11/2018 01:53:54] >> run[0]ep[3600] res=595.34
[17/11/2018 01:54:24] >> run[0]ep[3700] res=678.3
[17/11/2018 01:54:57] >> run[0]ep[3800] res=646.82
[17/11/2018 01:55:31] >> run[0]ep[3900] res=788.14
[17/11/2018 01:56:00] >> run[0]ep[4000] res=564.86
[17/11/2018 01:56:29] >> run[0]ep[4100] res=471.04
[17/11/2018 01:57:02] >> run[0]ep[4200] res=628.36
[17/11/2018 01:57:32] >> run[0]ep[4300] res=461.88
[17/11/2018 01:58:01] >> run[0]ep[4400] res=415.94
[17/11/2018 01:58:26] >> run[0]ep[4500] res=449.98
[17/11/2018 01:58:53] >> run[0]ep[4600] res=655.8
[17/11/2018 01:59:22] >> run[0]ep[4700] res=448.52
[17/11/2018 01:59:52] >> run[0]ep[4800] res=537.68
[17/11/2018 02:00:19] >> run[0]ep[4900] res=533.04
[17/11/2018 02:00:47] >> run[0]ep[5000] res=472.42
[17/11/2018 02:01:17] >> run[0]ep[5100] res=487.14
[17/11/2018 02:01:50] >> run[0]ep[5200] res=660.52
[17/11/2018 02:02:18] >> run[0]ep[5300] res=520.24
[17/11/2018 02:02:48] >> run[0]ep[5400] res=482.84
[17/11/2018 02:03:16] >> run[0]ep[5500] res=463.78
[17/11/2018 02:03:45] >> run[0]ep[5600] res=639.54
[17/11/2018 02:04:12] >> run[0]ep[5700] res=514.8
[17/11/2018 02:04:44] >> run[0]ep[5800] res=658.94
[17/11/2018 02:05:10] >> run[0]ep[5900] res=498.78
[17/11/2018 02:05:36] >> run[0]ep[6000] res=839.12
[17/11/2018 02:06:03] >> run[0]ep[6100] res=754.44
[17/11/2018 02:06:34] >> run[0]ep[6200] res=912.32
[17/11/2018 02:07:01] >> run[0]ep[6300] res=624.14
[17/11/2018 02:07:28] >> run[0]ep[6400] res=671.48
[17/11/2018 02:08:00] >> run[0]ep[6500] res=543.3
[17/11/2018 02:08:26] >> run[0]ep[6600] res=738.92
[17/11/2018 02:08:58] >> run[0]ep[6700] res=676.64
[17/11/2018 02:09:26] >> run[0]ep[6800] res=725.08
[17/11/2018 02:09:54] >> run[0]ep[6900] res=812.2
[17/11/2018 02:10:22] >> run[0]ep[7000] res=646.62
[17/11/2018 02:10:51] >> run[0]ep[7100] res=738.56
[17/11/2018 02:11:18] >> run[0]ep[7200] res=748.6
[17/11/2018 02:11:44] >> run[0]ep[7300] res=707.28
[17/11/2018 02:12:08] >> run[0]ep[7400] res=644.4
[17/11/2018 02:12:35] >> run[0]ep[7500] res=744.36
[17/11/2018 02:13:03] >> run[0]ep[7600] res=914.1
[17/11/2018 02:13:30] >> run[0]ep[7700] res=853.22
[17/11/2018 02:13:55] >> run[0]ep[7800] res=662.98
[17/11/2018 02:14:23] >> run[0]ep[7900] res=789.7
[17/11/2018 02:14:50] >> run[0]ep[8000] res=778.74
[17/11/2018 02:15:15] >> run[0]ep[8100] res=816.5
[17/11/2018 02:15:43] >> run[0]ep[8200] res=820.04
[17/11/2018 02:16:10] >> run[0]ep[8300] res=758.36
[17/11/2018 02:16:37] >> run[0]ep[8400] res=631.66
[17/11/2018 02:17:05] >> run[0]ep[8500] res=825.18
[17/11/2018 02:17:29] >> run[0]ep[8600] res=596.46
[17/11/2018 02:17:54] >> run[0]ep[8700] res=627.46
[17/11/2018 02:18:20] >> run[0]ep[8800] res=377.58
[17/11/2018 02:18:47] >> run[0]ep[8900] res=820.06
[17/11/2018 02:19:10] >> run[0]ep[9000] res=631.98
[17/11/2018 02:19:38] >> run[0]ep[9100] res=810.42
[17/11/2018 02:20:05] >> run[0]ep[9200] res=541.68
[17/11/2018 02:20:36] >> run[0]ep[9300] res=834.74
[17/11/2018 02:21:03] >> run[0]ep[9400] res=544.56
[17/11/2018 02:21:30] >> run[0]ep[9500] res=634.14
[17/11/2018 02:21:58] >> run[0]ep[9600] res=397.52
[17/11/2018 02:22:27] >> run[0]ep[9700] res=504.52
[17/11/2018 02:22:57] >> run[0]ep[9800] res=425.5
[17/11/2018 02:23:25] >> run[0]ep[9900] res=564.22
[17/11/2018 02:23:49] >> run[0]ep[10000] res=208.14
[17/11/2018 02:24:16] >> run[0]ep[10100] res=145.52
[17/11/2018 02:24:37] >> run[0]ep[10200] res=-187.36
[17/11/2018 02:24:55] >> run[0]ep[10300] res=-212.0
[17/11/2018 02:25:11] >> run[0]ep[10400] res=-290.1
[17/11/2018 02:25:30] >> run[0]ep[10500] res=-229.76
[17/11/2018 02:25:49] >> run[0]ep[10600] res=-302.3
[17/11/2018 02:26:07] >> run[0]ep[10700] res=-259.2
[17/11/2018 02:26:24] >> run[0]ep[10800] res=-308.06
[17/11/2018 02:26:41] >> run[0]ep[10900] res=-322.66
[17/11/2018 02:26:57] >> run[0]ep[11000] res=-362.18
[17/11/2018 02:27:13] >> run[0]ep[11100] res=-371.48
[17/11/2018 02:27:32] >> run[0]ep[11200] res=-296.18
[17/11/2018 02:27:53] >> run[0]ep[11300] res=-352.3
[17/11/2018 02:28:12] >> run[0]ep[11400] res=-396.78
[17/11/2018 02:28:34] >> run[0]ep[11500] res=-368.92
[17/11/2018 02:28:53] >> run[0]ep[11600] res=-385.04
[17/11/2018 02:29:17] >> run[0]ep[11700] res=-323.98
[17/11/2018 02:29:38] >> run[0]ep[11800] res=-401.1
[17/11/2018 02:29:58] >> run[0]ep[11900] res=-388.7
[17/11/2018 02:30:17] >> run[0]ep[12000] res=-446.86
[17/11/2018 02:30:36] >> run[0]ep[12100] res=-454.04
[17/11/2018 02:30:58] >> run[0]ep[12200] res=-418.72
[17/11/2018 02:31:16] >> run[0]ep[12300] res=-460.4
[17/11/2018 02:31:37] >> run[0]ep[12400] res=-473.82
[17/11/2018 02:31:58] >> run[0]ep[12500] res=-486.68
[17/11/2018 02:32:16] >> run[0]ep[12600] res=-471.52
[17/11/2018 02:32:38] >> run[0]ep[12700] res=-463.88
[17/11/2018 02:32:55] >> run[0]ep[12800] res=-495.9
[17/11/2018 02:33:12] >> run[0]ep[12900] res=-517.82
[17/11/2018 02:33:28] >> run[0]ep[13000] res=-510.36
[17/11/2018 02:33:46] >> run[0]ep[13100] res=-507.28
[17/11/2018 02:33:59] >> run[0]ep[13200] res=-523.1
[17/11/2018 02:34:16] >> run[0]ep[13300] res=-513.84
[17/11/2018 02:34:39] >> run[0]ep[13400] res=-445.12
[17/11/2018 02:35:03] >> run[0]ep[13500] res=-480.16
[17/11/2018 02:35:23] >> run[0]ep[13600] res=-461.94
[17/11/2018 02:35:45] >> run[0]ep[13700] res=-468.58
[17/11/2018 02:36:10] >> run[0]ep[13800] res=-442.64
[17/11/2018 02:36:29] >> run[0]ep[13900] res=-482.72
[17/11/2018 02:36:48] >> run[0]ep[14000] res=-469.48
[17/11/2018 02:37:11] >> run[0]ep[14100] res=-488.18
[17/11/2018 02:37:41] >> run[0]ep[14200] res=-422.68
[17/11/2018 02:38:06] >> run[0]ep[14300] res=-456.08
[17/11/2018 02:38:30] >> run[0]ep[14400] res=-470.68
[17/11/2018 02:38:51] >> run[0]ep[14500] res=-481.7
[17/11/2018 02:39:12] >> run[0]ep[14600] res=-498.74
[17/11/2018 02:39:32] >> run[0]ep[14700] res=-491.1
[17/11/2018 02:39:48] >> run[0]ep[14800] res=-514.06
[17/11/2018 02:40:06] >> run[0]ep[14900] res=-500.4
[17/11/2018 02:40:29] >> run[0]ep[15000] res=-484.12
[17/11/2018 02:40:49] >> run[0]ep[15100] res=-475.2
[17/11/2018 02:41:12] >> run[0]ep[15200] res=-491.26
[17/11/2018 02:41:29] >> run[0]ep[15300] res=-500.96
[17/11/2018 02:41:45] >> run[0]ep[15400] res=-512.32
[17/11/2018 02:42:01] >> run[0]ep[15500] res=-523.2
[17/11/2018 02:42:16] >> run[0]ep[15600] res=-510.24
[17/11/2018 02:42:34] >> run[0]ep[15700] res=-504.48
[17/11/2018 02:42:53] >> run[0]ep[15800] res=-499.42
[17/11/2018 02:43:18] >> run[0]ep[15900] res=-475.06
[17/11/2018 02:43:40] >> run[0]ep[16000] res=-505.18
[17/11/2018 02:44:02] >> run[0]ep[16100] res=-484.84
[17/11/2018 02:44:21] >> run[0]ep[16200] res=-502.1
[17/11/2018 02:44:41] >> run[0]ep[16300] res=-501.06
[17/11/2018 02:44:59] >> run[0]ep[16400] res=-510.44
[17/11/2018 02:45:18] >> run[0]ep[16500] res=-501.34
[17/11/2018 02:45:38] >> run[0]ep[16600] res=-502.54
[17/11/2018 02:45:56] >> run[0]ep[16700] res=-507.1
[17/11/2018 02:46:18] >> run[0]ep[16800] res=-500.12
[17/11/2018 02:46:35] >> run[0]ep[16900] res=-514.48
[17/11/2018 02:46:53] >> run[0]ep[17000] res=-506.26
[17/11/2018 02:47:11] >> run[0]ep[17100] res=-507.4
[17/11/2018 02:47:29] >> run[0]ep[17200] res=-505.3
[17/11/2018 02:47:48] >> run[0]ep[17300] res=-496.68
[17/11/2018 02:48:07] >> run[0]ep[17400] res=-492.86
[17/11/2018 02:48:32] >> run[0]ep[17500] res=-474.06
[17/11/2018 02:48:58] >> run[0]ep[17600] res=-445.6
[17/11/2018 02:49:19] >> run[0]ep[17700] res=-481.22
[17/11/2018 02:49:37] >> run[0]ep[17800] res=-496.98
[17/11/2018 02:49:55] >> run[0]ep[17900] res=-510.02
[17/11/2018 02:50:14] >> run[0]ep[18000] res=-491.54
[17/11/2018 02:50:33] >> run[0]ep[18100] res=-499.64
[17/11/2018 02:50:50] >> run[0]ep[18200] res=-516.18
[17/11/2018 02:51:07] >> run[0]ep[18300] res=-527.6
[17/11/2018 02:51:24] >> run[0]ep[18400] res=-492.84
[17/11/2018 02:51:46] >> run[0]ep[18500] res=-481.22
[17/11/2018 02:52:08] >> run[0]ep[18600] res=-483.16
[17/11/2018 02:52:31] >> run[0]ep[18700] res=-467.5
[17/11/2018 02:52:52] >> run[0]ep[18800] res=-476.32
[17/11/2018 02:53:12] >> run[0]ep[18900] res=-508.48
[17/11/2018 02:53:33] >> run[0]ep[19000] res=-515.14
[17/11/2018 02:53:53] >> run[0]ep[19100] res=-519.38
[17/11/2018 02:54:10] >> run[0]ep[19200] res=-523.26
[17/11/2018 02:54:28] >> run[0]ep[19300] res=-517.86
[17/11/2018 02:54:46] >> run[0]ep[19400] res=-513.0
[17/11/2018 02:55:07] >> run[0]ep[19500] res=-499.54
[17/11/2018 02:55:24] >> run[0]ep[19600] res=-510.92
[17/11/2018 02:55:41] >> run[0]ep[19700] res=-510.14
[17/11/2018 02:55:57] >> run[0]ep[19800] res=-517.5
[17/11/2018 02:56:16] >> run[0]ep[19900] res=-505.64
[17/11/2018 02:56:36] >> run[0]ep[20000] res=-498.52
[17/11/2018 02:56:36] >> Total time: 4873 secs
[17/11/2018 02:56:36] >> Basic Q Learning
[17/11/2018 02:56:41] >> run[0]ep[100] res=-143.85
[17/11/2018 02:56:44] >> run[0]ep[200] res=6.46
[17/11/2018 02:56:46] >> run[0]ep[300] res=141.64
[17/11/2018 02:56:49] >> run[0]ep[400] res=-48.42
[17/11/2018 02:56:52] >> run[0]ep[500] res=-223.94
[17/11/2018 02:56:55] >> run[0]ep[600] res=-58.52
[17/11/2018 02:56:58] >> run[0]ep[700] res=-38.68
[17/11/2018 02:57:02] >> run[0]ep[800] res=163.34
[17/11/2018 02:57:05] >> run[0]ep[900] res=121.14
[17/11/2018 02:57:08] >> run[0]ep[1000] res=-40.84
[17/11/2018 02:57:11] >> run[0]ep[1100] res=-82.98
[17/11/2018 02:57:14] >> run[0]ep[1200] res=-119.38
[17/11/2018 02:57:17] >> run[0]ep[1300] res=39.28
[17/11/2018 02:57:20] >> run[0]ep[1400] res=98.44
[17/11/2018 02:57:23] >> run[0]ep[1500] res=605.68
[17/11/2018 02:57:26] >> run[0]ep[1600] res=518.28
[17/11/2018 02:57:29] >> run[0]ep[1700] res=390.08
[17/11/2018 02:57:32] >> run[0]ep[1800] res=723.6
[17/11/2018 02:57:35] >> run[0]ep[1900] res=811.52
[17/11/2018 02:57:38] >> run[0]ep[2000] res=739.32
[17/11/2018 02:57:41] >> run[0]ep[2100] res=706.5
[17/11/2018 02:57:44] >> run[0]ep[2200] res=626.2
[17/11/2018 02:57:47] >> run[0]ep[2300] res=770.96
[17/11/2018 02:57:50] >> run[0]ep[2400] res=840.72
[17/11/2018 02:57:53] >> run[0]ep[2500] res=875.84
[17/11/2018 02:57:56] >> run[0]ep[2600] res=759.86
[17/11/2018 02:57:58] >> run[0]ep[2700] res=863.92
[17/11/2018 02:58:01] >> run[0]ep[2800] res=802.72
[17/11/2018 02:58:04] >> run[0]ep[2900] res=805.0
[17/11/2018 02:58:07] >> run[0]ep[3000] res=858.36
[17/11/2018 02:58:10] >> run[0]ep[3100] res=777.78
[17/11/2018 02:58:13] >> run[0]ep[3200] res=826.6
[17/11/2018 02:58:17] >> run[0]ep[3300] res=922.48
[17/11/2018 02:58:20] >> run[0]ep[3400] res=845.88
[17/11/2018 02:58:23] >> run[0]ep[3500] res=772.48
[17/11/2018 02:58:26] >> run[0]ep[3600] res=627.78
[17/11/2018 02:58:29] >> run[0]ep[3700] res=565.12
[17/11/2018 02:58:32] >> run[0]ep[3800] res=558.22
[17/11/2018 02:58:35] >> run[0]ep[3900] res=829.26
[17/11/2018 02:58:38] >> run[0]ep[4000] res=873.08
[17/11/2018 02:58:41] >> run[0]ep[4100] res=1019.52
[17/11/2018 02:58:43] >> run[0]ep[4200] res=789.6
[17/11/2018 02:58:46] >> run[0]ep[4300] res=923.9
[17/11/2018 02:58:49] >> run[0]ep[4400] res=959.64
[17/11/2018 02:58:52] >> run[0]ep[4500] res=926.78
[17/11/2018 02:58:55] >> run[0]ep[4600] res=1173.58
[17/11/2018 02:58:58] >> run[0]ep[4700] res=954.32
[17/11/2018 02:59:00] >> run[0]ep[4800] res=731.58
[17/11/2018 02:59:03] >> run[0]ep[4900] res=842.46
[17/11/2018 02:59:06] >> run[0]ep[5000] res=843.84
[17/11/2018 02:59:09] >> run[0]ep[5100] res=831.32
[17/11/2018 02:59:12] >> run[0]ep[5200] res=891.56
[17/11/2018 02:59:16] >> run[0]ep[5300] res=671.58
[17/11/2018 02:59:18] >> run[0]ep[5400] res=1048.58
[17/11/2018 02:59:21] >> run[0]ep[5500] res=1220.9
[17/11/2018 02:59:24] >> run[0]ep[5600] res=950.58
[17/11/2018 02:59:28] >> run[0]ep[5700] res=1126.74
[17/11/2018 02:59:31] >> run[0]ep[5800] res=1103.3
[17/11/2018 02:59:34] >> run[0]ep[5900] res=1188.08
[17/11/2018 02:59:37] >> run[0]ep[6000] res=1148.92
[17/11/2018 02:59:40] >> run[0]ep[6100] res=1268.9
[17/11/2018 02:59:43] >> run[0]ep[6200] res=953.44
[17/11/2018 02:59:46] >> run[0]ep[6300] res=1292.3
[17/11/2018 02:59:49] >> run[0]ep[6400] res=1149.84
[17/11/2018 02:59:52] >> run[0]ep[6500] res=1353.72
[17/11/2018 02:59:55] >> run[0]ep[6600] res=1200.4
[17/11/2018 02:59:58] >> run[0]ep[6700] res=1363.76
[17/11/2018 03:00:01] >> run[0]ep[6800] res=1131.52
[17/11/2018 03:00:04] >> run[0]ep[6900] res=966.64
[17/11/2018 03:00:07] >> run[0]ep[7000] res=1221.22
[17/11/2018 03:00:10] >> run[0]ep[7100] res=1223.88
[17/11/2018 03:00:13] >> run[0]ep[7200] res=855.9
[17/11/2018 03:00:16] >> run[0]ep[7300] res=1217.7
[17/11/2018 03:00:19] >> run[0]ep[7400] res=1465.6
[17/11/2018 03:00:21] >> run[0]ep[7500] res=837.24
[17/11/2018 03:00:24] >> run[0]ep[7600] res=906.68
[17/11/2018 03:00:26] >> run[0]ep[7700] res=1234.5
[17/11/2018 03:00:30] >> run[0]ep[7800] res=1144.68
[17/11/2018 03:00:32] >> run[0]ep[7900] res=1158.46
[17/11/2018 03:00:35] >> run[0]ep[8000] res=974.58
[17/11/2018 03:00:38] >> run[0]ep[8100] res=1032.28
[17/11/2018 03:00:41] >> run[0]ep[8200] res=1013.42
[17/11/2018 03:00:43] >> run[0]ep[8300] res=1125.52
[17/11/2018 03:00:47] >> run[0]ep[8400] res=1004.6
[17/11/2018 03:00:49] >> run[0]ep[8500] res=1353.72
[17/11/2018 03:00:52] >> run[0]ep[8600] res=1163.94
[17/11/2018 03:00:55] >> run[0]ep[8700] res=1355.24
[17/11/2018 03:00:58] >> run[0]ep[8800] res=1201.38
[17/11/2018 03:01:01] >> run[0]ep[8900] res=1466.24
[17/11/2018 03:01:04] >> run[0]ep[9000] res=1133.26
[17/11/2018 03:01:06] >> run[0]ep[9100] res=1345.38
[17/11/2018 03:01:09] >> run[0]ep[9200] res=1374.68
[17/11/2018 03:01:12] >> run[0]ep[9300] res=1337.22
[17/11/2018 03:01:15] >> run[0]ep[9400] res=1109.88
[17/11/2018 03:01:17] >> run[0]ep[9500] res=1165.06
[17/11/2018 03:01:20] >> run[0]ep[9600] res=1357.32
[17/11/2018 03:01:23] >> run[0]ep[9700] res=1520.82
[17/11/2018 03:01:26] >> run[0]ep[9800] res=1458.38
[17/11/2018 03:01:29] >> run[0]ep[9900] res=1468.18
[17/11/2018 03:01:31] >> run[0]ep[10000] res=1340.76
[17/11/2018 03:01:34] >> run[0]ep[10100] res=1337.14
[17/11/2018 03:01:37] >> run[0]ep[10200] res=1307.2
[17/11/2018 03:01:40] >> run[0]ep[10300] res=1492.42
[17/11/2018 03:01:43] >> run[0]ep[10400] res=1306.22
[17/11/2018 03:01:45] >> run[0]ep[10500] res=1343.48
[17/11/2018 03:01:48] >> run[0]ep[10600] res=1360.8
[17/11/2018 03:01:51] >> run[0]ep[10700] res=1058.66
[17/11/2018 03:01:54] >> run[0]ep[10800] res=1391.42
[17/11/2018 03:01:56] >> run[0]ep[10900] res=1492.4
[17/11/2018 03:01:59] >> run[0]ep[11000] res=1433.16
[17/11/2018 03:02:02] >> run[0]ep[11100] res=1247.46
[17/11/2018 03:02:05] >> run[0]ep[11200] res=1193.94
[17/11/2018 03:02:07] >> run[0]ep[11300] res=1067.44
[17/11/2018 03:02:10] >> run[0]ep[11400] res=1472.58
[17/11/2018 03:02:13] >> run[0]ep[11500] res=1397.06
[17/11/2018 03:02:15] >> run[0]ep[11600] res=1453.38
[17/11/2018 03:02:18] >> run[0]ep[11700] res=1271.32
[17/11/2018 03:02:21] >> run[0]ep[11800] res=1071.58
[17/11/2018 03:02:23] >> run[0]ep[11900] res=1073.06
[17/11/2018 03:02:26] >> run[0]ep[12000] res=1460.18
[17/11/2018 03:02:28] >> run[0]ep[12100] res=1646.34
[17/11/2018 03:02:31] >> run[0]ep[12200] res=1470.64
[17/11/2018 03:02:33] >> run[0]ep[12300] res=1487.38
[17/11/2018 03:02:36] >> run[0]ep[12400] res=1736.56
[17/11/2018 03:02:39] >> run[0]ep[12500] res=1354.9
[17/11/2018 03:02:41] >> run[0]ep[12600] res=1391.48
[17/11/2018 03:02:44] >> run[0]ep[12700] res=1566.16
[17/11/2018 03:02:47] >> run[0]ep[12800] res=1458.0
[17/11/2018 03:02:50] >> run[0]ep[12900] res=1321.98
[17/11/2018 03:02:52] >> run[0]ep[13000] res=1513.14
[17/11/2018 03:02:55] >> run[0]ep[13100] res=1452.4
[17/11/2018 03:02:57] >> run[0]ep[13200] res=1438.52
[17/11/2018 03:03:00] >> run[0]ep[13300] res=1320.08
[17/11/2018 03:03:03] >> run[0]ep[13400] res=1401.94
[17/11/2018 03:03:05] >> run[0]ep[13500] res=1231.18
[17/11/2018 03:03:08] >> run[0]ep[13600] res=1405.96
[17/11/2018 03:03:11] >> run[0]ep[13700] res=1440.16
[17/11/2018 03:03:13] >> run[0]ep[13800] res=1234.62
[17/11/2018 03:03:16] >> run[0]ep[13900] res=1383.64
[17/11/2018 03:03:18] >> run[0]ep[14000] res=1508.28
[17/11/2018 03:03:20] >> run[0]ep[14100] res=1229.78
[17/11/2018 03:03:23] >> run[0]ep[14200] res=1571.88
[17/11/2018 03:03:26] >> run[0]ep[14300] res=1361.3
[17/11/2018 03:03:29] >> run[0]ep[14400] res=1181.82
[17/11/2018 03:03:31] >> run[0]ep[14500] res=1547.62
[17/11/2018 03:03:34] >> run[0]ep[14600] res=1461.54
[17/11/2018 03:03:37] >> run[0]ep[14700] res=1530.78
[17/11/2018 03:03:39] >> run[0]ep[14800] res=1296.96
[17/11/2018 03:03:42] >> run[0]ep[14900] res=1346.88
[17/11/2018 03:03:45] >> run[0]ep[15000] res=1307.32
[17/11/2018 03:03:48] >> run[0]ep[15100] res=1592.12
[17/11/2018 03:03:51] >> run[0]ep[15200] res=1408.74
[17/11/2018 03:03:53] >> run[0]ep[15300] res=1503.58
[17/11/2018 03:03:56] >> run[0]ep[15400] res=1413.58
[17/11/2018 03:03:58] >> run[0]ep[15500] res=1401.96
[17/11/2018 03:04:01] >> run[0]ep[15600] res=1480.82
[17/11/2018 03:04:04] >> run[0]ep[15700] res=1347.84
[17/11/2018 03:04:07] >> run[0]ep[15800] res=1581.68
[17/11/2018 03:04:09] >> run[0]ep[15900] res=1477.34
[17/11/2018 03:04:12] >> run[0]ep[16000] res=1196.34
[17/11/2018 03:04:15] >> run[0]ep[16100] res=1370.42
[17/11/2018 03:04:18] >> run[0]ep[16200] res=1351.9
[17/11/2018 03:04:21] >> run[0]ep[16300] res=1244.82
[17/11/2018 03:04:23] >> run[0]ep[16400] res=1258.86
[17/11/2018 03:04:26] >> run[0]ep[16500] res=1376.96
[17/11/2018 03:04:29] >> run[0]ep[16600] res=1447.8
[17/11/2018 03:04:31] >> run[0]ep[16700] res=1333.6
[17/11/2018 03:04:34] >> run[0]ep[16800] res=1134.18
[17/11/2018 03:04:37] >> run[0]ep[16900] res=1316.66
[17/11/2018 03:04:39] >> run[0]ep[17000] res=1470.24
[17/11/2018 03:04:42] >> run[0]ep[17100] res=1590.7
[17/11/2018 03:04:44] >> run[0]ep[17200] res=1376.2
[17/11/2018 03:04:47] >> run[0]ep[17300] res=1243.48
[17/11/2018 03:04:50] >> run[0]ep[17400] res=1519.9
[17/11/2018 03:04:52] >> run[0]ep[17500] res=1152.66
[17/11/2018 03:04:55] >> run[0]ep[17600] res=1336.18
[17/11/2018 03:04:58] >> run[0]ep[17700] res=1313.1
[17/11/2018 03:05:01] >> run[0]ep[17800] res=1413.86
[17/11/2018 03:05:03] >> run[0]ep[17900] res=1316.38
[17/11/2018 03:05:06] >> run[0]ep[18000] res=1273.56
[17/11/2018 03:05:08] >> run[0]ep[18100] res=1240.46
[17/11/2018 03:05:11] >> run[0]ep[18200] res=1433.32
[17/11/2018 03:05:14] >> run[0]ep[18300] res=1252.08
[17/11/2018 03:05:17] >> run[0]ep[18400] res=1142.98
[17/11/2018 03:05:19] >> run[0]ep[18500] res=1370.2
[17/11/2018 03:05:22] >> run[0]ep[18600] res=1472.02
[17/11/2018 03:05:25] >> run[0]ep[18700] res=1521.18
[17/11/2018 03:05:28] >> run[0]ep[18800] res=1366.94
[17/11/2018 03:05:31] >> run[0]ep[18900] res=1607.86
[17/11/2018 03:05:33] >> run[0]ep[19000] res=1443.0
[17/11/2018 03:05:36] >> run[0]ep[19100] res=1261.24
[17/11/2018 03:05:39] >> run[0]ep[19200] res=1076.94
[17/11/2018 03:05:42] >> run[0]ep[19300] res=1259.76
[17/11/2018 03:05:44] >> run[0]ep[19400] res=1272.46
[17/11/2018 03:05:47] >> run[0]ep[19500] res=1484.98
[17/11/2018 03:05:50] >> run[0]ep[19600] res=1435.0
[17/11/2018 03:05:52] >> run[0]ep[19700] res=1163.98
[17/11/2018 03:05:55] >> run[0]ep[19800] res=1505.52
[17/11/2018 03:05:58] >> run[0]ep[19900] res=1504.02
[17/11/2018 03:06:00] >> run[0]ep[20000] res=1821.42
[17/11/2018 03:06:00] >> Total time: 564 secs
