<?xml version="1.0" encoding="UTF-8" standalone="no"?>
<!DOCTYPE log SYSTEM "logger.dtd">
<log>
</log>
[15/11/2018 12:33:26] >> Logger created
[15/11/2018 12:33:26] >> Similarities
[15/11/2018 12:34:16] >> run[0]ep[100] res=-191.31
[15/11/2018 12:34:19] >> run[0]ep[200] res=-70.4
[15/11/2018 12:34:27] >> run[0]ep[300] res=-120.66
[15/11/2018 12:34:36] >> run[0]ep[400] res=-271.18
[15/11/2018 12:34:40] >> run[0]ep[500] res=-185.04
[15/11/2018 12:34:43] >> run[0]ep[600] res=157.76
[15/11/2018 12:34:46] >> run[0]ep[700] res=63.74
[15/11/2018 12:34:50] >> run[0]ep[800] res=34.84
[15/11/2018 12:34:53] >> run[0]ep[900] res=64.54
[15/11/2018 12:34:57] >> run[0]ep[1000] res=480.5
[15/11/2018 12:35:00] >> run[0]ep[1100] res=324.46
[15/11/2018 12:35:03] >> run[0]ep[1200] res=415.22
[15/11/2018 12:35:06] >> run[0]ep[1300] res=436.66
[15/11/2018 12:35:10] >> run[0]ep[1400] res=489.32
[15/11/2018 12:35:13] >> run[0]ep[1500] res=446.34
[15/11/2018 12:35:16] >> run[0]ep[1600] res=466.26
[15/11/2018 12:35:20] >> run[0]ep[1700] res=393.82
