<?xml version="1.0" encoding="UTF-8" standalone="no"?>
<!DOCTYPE log SYSTEM "logger.dtd">
<log>
</log>
[11/11/2018 02:39:36] >> Logger created
[11/11/2018 02:39:36] >> Similarities
[11/11/2018 02:49:18] >> run[0]ep[100] res=482.23
[11/11/2018 02:56:57] >> run[0]ep[200] res=519.38
[11/11/2018 03:04:47] >> run[0]ep[300] res=571.32
[11/11/2018 03:12:19] >> run[0]ep[400] res=574.4
[11/11/2018 03:20:45] >> run[0]ep[500] res=731.28
[11/11/2018 03:30:03] >> run[0]ep[600] res=594.5
[11/11/2018 03:38:36] >> run[0]ep[700] res=697.6
[11/11/2018 03:47:26] >> run[0]ep[800] res=493.54
[11/11/2018 03:56:18] >> run[0]ep[900] res=683.34
[11/11/2018 04:04:32] >> run[0]ep[1000] res=660.02
[11/11/2018 04:14:00] >> run[0]ep[1100] res=432.16
[11/11/2018 04:23:53] >> run[0]ep[1200] res=587.72
[11/11/2018 04:35:00] >> run[0]ep[1300] res=790.92
[11/11/2018 04:45:06] >> run[0]ep[1400] res=750.3
[11/11/2018 04:55:17] >> run[0]ep[1500] res=560.8
[11/11/2018 05:04:52] >> run[0]ep[1600] res=580.54
[11/11/2018 05:14:50] >> run[0]ep[1700] res=649.58
[11/11/2018 05:25:32] >> run[0]ep[1800] res=869.18
[11/11/2018 05:37:17] >> run[0]ep[1900] res=1051.3
[11/11/2018 05:46:44] >> run[0]ep[2000] res=897.18
[11/11/2018 05:58:15] >> run[0]ep[2100] res=864.96
[11/11/2018 06:09:23] >> run[0]ep[2200] res=944.8
[11/11/2018 06:19:33] >> run[0]ep[2300] res=900.8
[11/11/2018 06:30:52] >> run[0]ep[2400] res=1188.92
[11/11/2018 06:41:09] >> run[0]ep[2500] res=727.34
[11/11/2018 06:50:46] >> run[0]ep[2600] res=967.52
[11/11/2018 07:00:58] >> run[0]ep[2700] res=659.34
[11/11/2018 07:11:20] >> run[0]ep[2800] res=765.0
[11/11/2018 07:24:22] >> run[0]ep[2900] res=627.52
[11/11/2018 07:35:28] >> run[0]ep[3000] res=778.08
[11/11/2018 07:46:09] >> run[0]ep[3100] res=712.82
[11/11/2018 07:57:34] >> run[0]ep[3200] res=783.8
[11/11/2018 08:08:33] >> run[0]ep[3300] res=747.78
[11/11/2018 08:18:39] >> run[0]ep[3400] res=802.58
[11/11/2018 08:31:17] >> run[0]ep[3500] res=756.06
[11/11/2018 08:43:16] >> run[0]ep[3600] res=568.56
[11/11/2018 08:56:27] >> run[0]ep[3700] res=799.02
[11/11/2018 09:08:59] >> run[0]ep[3800] res=893.46
[11/11/2018 09:20:48] >> run[0]ep[3900] res=892.34
[11/11/2018 09:32:55] >> run[0]ep[4000] res=678.74
[11/11/2018 09:45:13] >> run[0]ep[4100] res=753.36
[11/11/2018 09:58:34] >> run[0]ep[4200] res=701.64
[11/11/2018 10:12:08] >> run[0]ep[4300] res=863.06
[11/11/2018 10:24:38] >> run[0]ep[4400] res=780.5
[11/11/2018 10:37:11] >> run[0]ep[4500] res=828.16
[11/11/2018 10:49:20] >> run[0]ep[4600] res=565.08
[11/11/2018 11:05:17] >> run[0]ep[4700] res=502.0
[11/11/2018 11:17:51] >> run[0]ep[4800] res=776.12
[11/11/2018 11:30:17] >> run[0]ep[4900] res=683.98
[11/11/2018 11:43:37] >> run[0]ep[5000] res=601.08
