<?xml version="1.0" encoding="UTF-8" standalone="no"?>
<!DOCTYPE log SYSTEM "logger.dtd">
<log>
</log>
[11/11/2018 11:54:27] >> Logger created
[11/11/2018 11:54:28] >> Similarities
[11/11/2018 11:56:26] >> run[0]ep[100] res=-161.65
[11/11/2018 11:58:14] >> run[0]ep[200] res=-149.76
[11/11/2018 11:59:55] >> run[0]ep[300] res=-299.2
[11/11/2018 12:01:36] >> run[0]ep[400] res=-228.98
[11/11/2018 12:03:33] >> run[0]ep[500] res=-161.42
[11/11/2018 12:05:22] >> run[0]ep[600] res=-144.32
[11/11/2018 12:07:25] >> run[0]ep[700] res=163.88
[11/11/2018 12:09:15] >> run[0]ep[800] res=19.54
[11/11/2018 12:11:02] >> run[0]ep[900] res=-111.0
[11/11/2018 12:12:51] >> run[0]ep[1000] res=-106.36
[11/11/2018 12:14:47] >> run[0]ep[1100] res=52.5
[11/11/2018 12:16:39] >> run[0]ep[1200] res=165.98
[11/11/2018 12:18:35] >> run[0]ep[1300] res=24.04
[11/11/2018 12:20:33] >> run[0]ep[1400] res=338.34
[11/11/2018 12:22:36] >> run[0]ep[1500] res=527.3
[11/11/2018 12:24:23] >> run[0]ep[1600] res=496.7
[11/11/2018 12:26:15] >> run[0]ep[1700] res=472.1
[11/11/2018 12:28:16] >> run[0]ep[1800] res=635.76
[11/11/2018 12:30:16] >> run[0]ep[1900] res=465.7
[11/11/2018 12:32:17] >> run[0]ep[2000] res=535.96
[11/11/2018 12:34:10] >> run[0]ep[2100] res=750.34
[11/11/2018 12:36:06] >> run[0]ep[2200] res=1124.46
[11/11/2018 12:38:03] >> run[0]ep[2300] res=739.08
[11/11/2018 12:39:58] >> run[0]ep[2400] res=830.18
[11/11/2018 12:41:49] >> run[0]ep[2500] res=864.86
[11/11/2018 12:43:41] >> run[0]ep[2600] res=1126.52
[11/11/2018 12:45:35] >> run[0]ep[2700] res=570.72
[11/11/2018 12:47:31] >> run[0]ep[2800] res=772.52
[11/11/2018 12:49:25] >> run[0]ep[2900] res=1138.06
[11/11/2018 12:51:13] >> run[0]ep[3000] res=851.46
[11/11/2018 12:53:10] >> run[0]ep[3100] res=857.44
[11/11/2018 12:55:02] >> run[0]ep[3200] res=716.5
[11/11/2018 12:56:53] >> run[0]ep[3300] res=866.72
[11/11/2018 12:58:39] >> run[0]ep[3400] res=1119.04
[11/11/2018 13:00:36] >> run[0]ep[3500] res=1198.84
[11/11/2018 13:02:24] >> run[0]ep[3600] res=1119.72
[11/11/2018 13:04:24] >> run[0]ep[3700] res=841.92
[11/11/2018 13:06:04] >> run[0]ep[3800] res=798.86
[11/11/2018 13:07:51] >> run[0]ep[3900] res=1363.46
