<?xml version="1.0" encoding="UTF-8" standalone="no"?>
<!DOCTYPE log SYSTEM "logger.dtd">
<log>
</log>
[14/11/2018 13:35:15] >> Logger created
[14/11/2018 13:35:15] >> Similarities
[14/11/2018 13:42:50] >> run[0]ep[100] res=264.43
[14/11/2018 13:47:28] >> run[0]ep[200] res=529.58
[14/11/2018 13:52:00] >> run[0]ep[300] res=540.7
[14/11/2018 13:56:11] >> run[0]ep[400] res=580.74
[14/11/2018 14:00:24] >> run[0]ep[500] res=471.98
[14/11/2018 14:04:20] >> run[0]ep[600] res=743.06
[14/11/2018 14:08:14] >> run[0]ep[700] res=535.02
[14/11/2018 14:12:37] >> run[0]ep[800] res=680.78
[14/11/2018 14:16:57] >> run[0]ep[900] res=607.32
[14/11/2018 14:21:46] >> run[0]ep[1000] res=645.06
[14/11/2018 14:25:50] >> run[0]ep[1100] res=420.5
[14/11/2018 14:30:14] >> run[0]ep[1200] res=573.34
[14/11/2018 14:34:42] >> run[0]ep[1300] res=678.44
[14/11/2018 14:39:15] >> run[0]ep[1400] res=376.8
[14/11/2018 14:43:15] >> run[0]ep[1500] res=625.46
[14/11/2018 14:47:49] >> run[0]ep[1600] res=704.4
[14/11/2018 14:51:47] >> run[0]ep[1700] res=489.08
[14/11/2018 14:56:11] >> run[0]ep[1800] res=752.56
[14/11/2018 14:59:56] >> run[0]ep[1900] res=476.5
[14/11/2018 15:03:36] >> run[0]ep[2000] res=800.26
[14/11/2018 15:07:17] >> run[0]ep[2100] res=717.9
[14/11/2018 15:11:49] >> run[0]ep[2200] res=934.1
[14/11/2018 15:16:17] >> run[0]ep[2300] res=774.66
[14/11/2018 15:22:06] >> run[0]ep[2400] res=671.26
[14/11/2018 15:26:54] >> run[0]ep[2500] res=808.68
[14/11/2018 15:32:12] >> run[0]ep[2600] res=854.62
[14/11/2018 15:37:18] >> run[0]ep[2700] res=948.62
[14/11/2018 15:42:02] >> run[0]ep[2800] res=1008.96
[14/11/2018 15:46:44] >> run[0]ep[2900] res=1005.78
[14/11/2018 15:51:06] >> run[0]ep[3000] res=1124.52
[14/11/2018 15:55:52] >> run[0]ep[3100] res=926.18
[14/11/2018 16:00:59] >> run[0]ep[3200] res=794.86
[14/11/2018 16:06:44] >> run[0]ep[3300] res=696.26
[14/11/2018 16:11:43] >> run[0]ep[3400] res=994.56
[14/11/2018 16:17:08] >> run[0]ep[3500] res=669.14
[14/11/2018 16:22:47] >> run[0]ep[3600] res=859.16
[14/11/2018 16:28:07] >> run[0]ep[3700] res=1117.18
[14/11/2018 16:32:35] >> run[0]ep[3800] res=954.52
[14/11/2018 16:37:52] >> run[0]ep[3900] res=984.38
[14/11/2018 16:43:35] >> run[0]ep[4000] res=916.24
[14/11/2018 16:48:41] >> run[0]ep[4100] res=973.56
[14/11/2018 16:53:15] >> run[0]ep[4200] res=779.38
[14/11/2018 16:58:44] >> run[0]ep[4300] res=1221.5
[14/11/2018 17:04:17] >> run[0]ep[4400] res=1068.86
[14/11/2018 17:09:19] >> run[0]ep[4500] res=774.14
[14/11/2018 17:14:37] >> run[0]ep[4600] res=857.76
[14/11/2018 17:20:39] >> run[0]ep[4700] res=853.36
[14/11/2018 17:25:51] >> run[0]ep[4800] res=1155.26
[14/11/2018 17:30:27] >> run[0]ep[4900] res=906.28
[14/11/2018 17:36:24] >> run[0]ep[5000] res=1127.96
[14/11/2018 17:42:01] >> run[0]ep[5100] res=866.22
[14/11/2018 17:48:05] >> run[0]ep[5200] res=903.08
[14/11/2018 17:53:49] >> run[0]ep[5300] res=1079.86
[14/11/2018 17:59:43] >> run[0]ep[5400] res=1379.14
[14/11/2018 18:03:48] >> run[0]ep[5500] res=1118.64
[14/11/2018 18:08:54] >> run[0]ep[5600] res=1221.72
[14/11/2018 18:13:33] >> run[0]ep[5700] res=960.04
[14/11/2018 18:19:28] >> run[0]ep[5800] res=1037.74
[14/11/2018 18:25:12] >> run[0]ep[5900] res=1267.0
[14/11/2018 18:30:28] >> run[0]ep[6000] res=1028.46
[14/11/2018 18:35:07] >> run[0]ep[6100] res=985.8
[14/11/2018 18:41:02] >> run[0]ep[6200] res=1179.62
[14/11/2018 18:46:33] >> run[0]ep[6300] res=1330.74
[14/11/2018 18:51:46] >> run[0]ep[6400] res=1023.34
[14/11/2018 18:58:03] >> run[0]ep[6500] res=1189.58
[14/11/2018 19:04:19] >> run[0]ep[6600] res=1033.78
[14/11/2018 19:09:28] >> run[0]ep[6700] res=1121.82
[14/11/2018 19:14:49] >> run[0]ep[6800] res=1235.08
[14/11/2018 19:20:00] >> run[0]ep[6900] res=1073.84
[14/11/2018 19:24:40] >> run[0]ep[7000] res=1186.36
[14/11/2018 19:29:11] >> run[0]ep[7100] res=763.54
[14/11/2018 19:35:32] >> run[0]ep[7200] res=1332.82
[14/11/2018 19:40:52] >> run[0]ep[7300] res=1073.82
[14/11/2018 19:46:41] >> run[0]ep[7400] res=1173.06
[14/11/2018 19:51:26] >> run[0]ep[7500] res=751.14
[14/11/2018 19:56:34] >> run[0]ep[7600] res=1045.14
[14/11/2018 20:01:53] >> run[0]ep[7700] res=1298.44
[14/11/2018 20:07:48] >> run[0]ep[7800] res=1135.68
[14/11/2018 20:14:00] >> run[0]ep[7900] res=1649.06
[14/11/2018 20:19:46] >> run[0]ep[8000] res=1204.68
[14/11/2018 20:25:31] >> run[0]ep[8100] res=1354.96
[14/11/2018 20:32:05] >> run[0]ep[8200] res=1350.38
[14/11/2018 20:37:56] >> run[0]ep[8300] res=1371.96
[14/11/2018 20:43:59] >> run[0]ep[8400] res=1284.22
[14/11/2018 20:49:51] >> run[0]ep[8500] res=1284.62
[14/11/2018 20:55:59] >> run[0]ep[8600] res=1212.94
[14/11/2018 21:01:17] >> run[0]ep[8700] res=1057.72
[14/11/2018 21:06:22] >> run[0]ep[8800] res=1374.84
[14/11/2018 21:11:39] >> run[0]ep[8900] res=1148.38
[14/11/2018 21:17:02] >> run[0]ep[9000] res=1245.92
[14/11/2018 21:23:31] >> run[0]ep[9100] res=1171.76
[14/11/2018 21:29:48] >> run[0]ep[9200] res=1347.76
[14/11/2018 21:35:43] >> run[0]ep[9300] res=1329.42
[14/11/2018 21:41:22] >> run[0]ep[9400] res=1357.76
[14/11/2018 21:46:49] >> run[0]ep[9500] res=1405.32
[14/11/2018 21:52:39] >> run[0]ep[9600] res=1672.46
[14/11/2018 21:57:47] >> run[0]ep[9700] res=1221.42
[14/11/2018 22:03:47] >> run[0]ep[9800] res=1232.52
[14/11/2018 22:09:36] >> run[0]ep[9900] res=1421.48
[14/11/2018 22:15:14] >> run[0]ep[10000] res=1141.84
[14/11/2018 22:15:14] >> Total time: 31198 secs
[14/11/2018 22:15:14] >> Basic Q Learning
[14/11/2018 22:15:17] >> run[0]ep[100] res=-58.75
[14/11/2018 22:15:20] >> run[0]ep[200] res=151.32
[14/11/2018 22:15:23] >> run[0]ep[300] res=189.16
[14/11/2018 22:15:26] >> run[0]ep[400] res=31.08
[14/11/2018 22:15:29] >> run[0]ep[500] res=39.8
[14/11/2018 22:15:32] >> run[0]ep[600] res=64.14
[14/11/2018 22:15:35] >> run[0]ep[700] res=115.9
[14/11/2018 22:15:38] >> run[0]ep[800] res=-197.02
[14/11/2018 22:15:41] >> run[0]ep[900] res=43.56
[14/11/2018 22:15:44] >> run[0]ep[1000] res=429.74
[14/11/2018 22:15:47] >> run[0]ep[1100] res=414.08
[14/11/2018 22:15:50] >> run[0]ep[1200] res=549.58
[14/11/2018 22:15:53] >> run[0]ep[1300] res=496.08
[14/11/2018 22:15:56] >> run[0]ep[1400] res=686.2
[14/11/2018 22:15:59] >> run[0]ep[1500] res=678.64
[14/11/2018 22:16:02] >> run[0]ep[1600] res=655.98
[14/11/2018 22:16:04] >> run[0]ep[1700] res=491.42
[14/11/2018 22:16:07] >> run[0]ep[1800] res=565.1
[14/11/2018 22:16:10] >> run[0]ep[1900] res=528.78
[14/11/2018 22:16:13] >> run[0]ep[2000] res=619.18
[14/11/2018 22:16:16] >> run[0]ep[2100] res=696.66
[14/11/2018 22:16:19] >> run[0]ep[2200] res=602.48
[14/11/2018 22:16:22] >> run[0]ep[2300] res=769.12
[14/11/2018 22:16:25] >> run[0]ep[2400] res=798.58
[14/11/2018 22:16:27] >> run[0]ep[2500] res=711.44
[14/11/2018 22:16:31] >> run[0]ep[2600] res=729.88
[14/11/2018 22:16:34] >> run[0]ep[2700] res=917.82
[14/11/2018 22:16:37] >> run[0]ep[2800] res=869.12
[14/11/2018 22:16:40] >> run[0]ep[2900] res=827.28
[14/11/2018 22:16:43] >> run[0]ep[3000] res=726.38
[14/11/2018 22:16:46] >> run[0]ep[3100] res=897.76
[14/11/2018 22:16:48] >> run[0]ep[3200] res=733.88
[14/11/2018 22:16:51] >> run[0]ep[3300] res=521.06
[14/11/2018 22:16:54] >> run[0]ep[3400] res=834.68
[14/11/2018 22:16:57] >> run[0]ep[3500] res=703.0
[14/11/2018 22:17:00] >> run[0]ep[3600] res=832.56
[14/11/2018 22:17:03] >> run[0]ep[3700] res=847.2
[14/11/2018 22:17:06] >> run[0]ep[3800] res=1156.1
[14/11/2018 22:17:09] >> run[0]ep[3900] res=677.44
[14/11/2018 22:17:12] >> run[0]ep[4000] res=763.66
[14/11/2018 22:17:15] >> run[0]ep[4100] res=600.62
[14/11/2018 22:17:18] >> run[0]ep[4200] res=813.66
[14/11/2018 22:17:21] >> run[0]ep[4300] res=821.48
[14/11/2018 22:17:23] >> run[0]ep[4400] res=614.62
[14/11/2018 22:17:26] >> run[0]ep[4500] res=899.76
[14/11/2018 22:17:29] >> run[0]ep[4600] res=843.58
[14/11/2018 22:17:32] >> run[0]ep[4700] res=919.62
[14/11/2018 22:17:35] >> run[0]ep[4800] res=504.84
[14/11/2018 22:17:37] >> run[0]ep[4900] res=594.94
[14/11/2018 22:17:40] >> run[0]ep[5000] res=838.92
[14/11/2018 22:17:43] >> run[0]ep[5100] res=760.78
[14/11/2018 22:17:45] >> run[0]ep[5200] res=585.6
[14/11/2018 22:17:48] >> run[0]ep[5300] res=701.4
[14/11/2018 22:17:50] >> run[0]ep[5400] res=864.18
[14/11/2018 22:17:53] >> run[0]ep[5500] res=798.8
[14/11/2018 22:17:56] >> run[0]ep[5600] res=665.44
[14/11/2018 22:17:59] >> run[0]ep[5700] res=1083.08
[14/11/2018 22:18:02] >> run[0]ep[5800] res=1166.42
[14/11/2018 22:18:04] >> run[0]ep[5900] res=762.18
[14/11/2018 22:18:07] >> run[0]ep[6000] res=718.88
[14/11/2018 22:18:09] >> run[0]ep[6100] res=893.14
[14/11/2018 22:18:12] >> run[0]ep[6200] res=726.0
[14/11/2018 22:18:15] >> run[0]ep[6300] res=758.04
[14/11/2018 22:18:18] >> run[0]ep[6400] res=1007.98
[14/11/2018 22:18:20] >> run[0]ep[6500] res=779.84
[14/11/2018 22:18:23] >> run[0]ep[6600] res=1191.08
[14/11/2018 22:18:26] >> run[0]ep[6700] res=1404.26
[14/11/2018 22:18:29] >> run[0]ep[6800] res=1223.54
[14/11/2018 22:18:31] >> run[0]ep[6900] res=597.5
[14/11/2018 22:18:35] >> run[0]ep[7000] res=821.58
[14/11/2018 22:18:37] >> run[0]ep[7100] res=805.0
[14/11/2018 22:18:40] >> run[0]ep[7200] res=1044.2
[14/11/2018 22:18:43] >> run[0]ep[7300] res=1049.1
[14/11/2018 22:18:46] >> run[0]ep[7400] res=1285.16
[14/11/2018 22:18:49] >> run[0]ep[7500] res=828.76
[14/11/2018 22:18:52] >> run[0]ep[7600] res=1368.22
[14/11/2018 22:18:55] >> run[0]ep[7700] res=1163.76
[14/11/2018 22:18:58] >> run[0]ep[7800] res=1142.26
[14/11/2018 22:19:01] >> run[0]ep[7900] res=1268.46
[14/11/2018 22:19:03] >> run[0]ep[8000] res=1381.08
[14/11/2018 22:19:06] >> run[0]ep[8100] res=1299.64
[14/11/2018 22:19:09] >> run[0]ep[8200] res=1207.94
[14/11/2018 22:19:12] >> run[0]ep[8300] res=1086.08
[14/11/2018 22:19:15] >> run[0]ep[8400] res=1224.68
[14/11/2018 22:19:18] >> run[0]ep[8500] res=1263.78
[14/11/2018 22:19:21] >> run[0]ep[8600] res=1030.04
[14/11/2018 22:19:23] >> run[0]ep[8700] res=1138.84
[14/11/2018 22:19:26] >> run[0]ep[8800] res=1344.2
[14/11/2018 22:19:29] >> run[0]ep[8900] res=1047.36
[14/11/2018 22:19:32] >> run[0]ep[9000] res=1460.68
[14/11/2018 22:19:35] >> run[0]ep[9100] res=1412.64
[14/11/2018 22:19:38] >> run[0]ep[9200] res=1463.5
[14/11/2018 22:19:40] >> run[0]ep[9300] res=1019.2
[14/11/2018 22:19:43] >> run[0]ep[9400] res=1400.46
[14/11/2018 22:19:46] >> run[0]ep[9500] res=1018.06
[14/11/2018 22:19:49] >> run[0]ep[9600] res=1377.86
[14/11/2018 22:19:52] >> run[0]ep[9700] res=1177.52
[14/11/2018 22:19:54] >> run[0]ep[9800] res=1312.7
[14/11/2018 22:19:57] >> run[0]ep[9900] res=1151.94
[14/11/2018 22:20:00] >> run[0]ep[10000] res=1349.78
[14/11/2018 22:20:00] >> Total time: 285 secs
