<?xml version="1.0" encoding="UTF-8" standalone="no"?>
<!DOCTYPE log SYSTEM "logger.dtd">
<log>
</log>
[11/11/2018 17:57:16] >> Logger created
[11/11/2018 17:57:16] >> Similarities
[11/11/2018 18:08:46] >> run[0]ep[100] res=116.35
[11/11/2018 18:14:54] >> run[0]ep[200] res=290.0
[11/11/2018 18:21:21] >> run[0]ep[300] res=248.22
[11/11/2018 18:27:39] >> run[0]ep[400] res=387.48
[11/11/2018 18:34:48] >> run[0]ep[500] res=378.98
[11/11/2018 18:44:14] >> run[0]ep[600] res=378.48
[11/11/2018 18:52:48] >> run[0]ep[700] res=503.98
[11/11/2018 19:00:56] >> run[0]ep[800] res=252.96
[11/11/2018 19:10:08] >> run[0]ep[900] res=507.38
[11/11/2018 19:20:59] >> run[0]ep[1000] res=425.64
[11/11/2018 19:32:48] >> run[0]ep[1100] res=445.58
[11/11/2018 19:43:14] >> run[0]ep[1200] res=416.6
[11/11/2018 19:55:02] >> run[0]ep[1300] res=508.06
[11/11/2018 20:08:01] >> run[0]ep[1400] res=487.76
[11/11/2018 20:20:36] >> run[0]ep[1500] res=430.1
[11/11/2018 20:31:30] >> run[0]ep[1600] res=709.78
[11/11/2018 20:41:29] >> run[0]ep[1700] res=642.7
[11/11/2018 20:54:33] >> run[0]ep[1800] res=719.38
[11/11/2018 21:07:14] >> run[0]ep[1900] res=964.88
[11/11/2018 21:19:12] >> run[0]ep[2000] res=1002.58
[11/11/2018 21:30:50] >> run[0]ep[2100] res=744.5
[11/11/2018 21:42:47] >> run[0]ep[2200] res=725.62
[11/11/2018 21:55:37] >> run[0]ep[2300] res=800.28
[11/11/2018 22:10:26] >> run[0]ep[2400] res=822.14
[11/11/2018 22:24:11] >> run[0]ep[2500] res=749.78
[11/11/2018 22:37:57] >> run[0]ep[2600] res=917.92
[11/11/2018 22:52:27] >> run[0]ep[2700] res=716.24
[11/11/2018 23:06:59] >> run[0]ep[2800] res=967.24
[11/11/2018 23:21:43] >> run[0]ep[2900] res=868.56
[11/11/2018 23:35:33] >> run[0]ep[3000] res=732.52
[11/11/2018 23:50:45] >> run[0]ep[3100] res=821.08
[12/11/2018 00:06:55] >> run[0]ep[3200] res=904.92
[12/11/2018 00:22:46] >> run[0]ep[3300] res=716.84
[12/11/2018 00:38:52] >> run[0]ep[3400] res=722.74
[12/11/2018 00:57:00] >> run[0]ep[3500] res=968.44
[12/11/2018 01:12:53] >> run[0]ep[3600] res=674.72
[12/11/2018 01:29:23] >> run[0]ep[3700] res=655.18
[12/11/2018 01:48:42] >> run[0]ep[3800] res=843.86
[12/11/2018 02:08:23] >> run[0]ep[3900] res=484.56
[12/11/2018 02:27:12] >> run[0]ep[4000] res=404.66
[12/11/2018 02:45:30] >> run[0]ep[4100] res=476.14
[12/11/2018 03:05:58] >> run[0]ep[4200] res=476.72
[12/11/2018 03:24:52] >> run[0]ep[4300] res=353.22
[12/11/2018 03:42:16] >> run[0]ep[4400] res=464.5
[12/11/2018 03:59:52] >> run[0]ep[4500] res=360.66
[12/11/2018 04:20:20] >> run[0]ep[4600] res=387.26
[12/11/2018 04:39:27] >> run[0]ep[4700] res=369.86
[12/11/2018 05:00:34] >> run[0]ep[4800] res=410.62
[12/11/2018 05:21:14] >> run[0]ep[4900] res=375.96
[12/11/2018 05:41:44] >> run[0]ep[5000] res=465.76
[12/11/2018 06:00:58] >> run[0]ep[5100] res=516.98
[12/11/2018 06:20:12] >> run[0]ep[5200] res=315.04
[12/11/2018 06:41:19] >> run[0]ep[5300] res=138.44
[12/11/2018 07:00:13] >> run[0]ep[5400] res=326.72
