<?xml version="1.0" encoding="UTF-8" standalone="no"?>
<!DOCTYPE log SYSTEM "logger.dtd">
<log>
</log>
[15/11/2018 21:35:25] >> Logger created
[15/11/2018 21:35:26] >> Similarities
[15/11/2018 21:36:45] >> run[0]ep[100] res=-149.09
[15/11/2018 21:37:18] >> run[0]ep[200] res=-391.28
[15/11/2018 21:38:26] >> run[0]ep[300] res=-91.86
[15/11/2018 21:39:29] >> run[0]ep[400] res=-37.14
[15/11/2018 21:40:22] >> run[0]ep[500] res=-229.24
[15/11/2018 21:41:20] >> run[0]ep[600] res=-131.66
[15/11/2018 21:42:42] >> run[0]ep[700] res=287.18
[15/11/2018 21:43:50] >> run[0]ep[800] res=162.0
[15/11/2018 21:44:53] >> run[0]ep[900] res=-73.16
[15/11/2018 21:45:53] >> run[0]ep[1000] res=-100.42
[15/11/2018 21:47:08] >> run[0]ep[1100] res=178.48
[15/11/2018 21:48:25] >> run[0]ep[1200] res=146.7
[15/11/2018 21:49:34] >> run[0]ep[1300] res=15.78
[15/11/2018 21:50:36] >> run[0]ep[1400] res=151.76
[15/11/2018 21:51:52] >> run[0]ep[1500] res=274.92
[15/11/2018 21:53:11] >> run[0]ep[1600] res=392.46
[15/11/2018 21:54:22] >> run[0]ep[1700] res=473.5
[15/11/2018 21:55:42] >> run[0]ep[1800] res=561.98
[15/11/2018 21:56:54] >> run[0]ep[1900] res=407.1
[15/11/2018 21:58:17] >> run[0]ep[2000] res=705.68
[15/11/2018 21:59:36] >> run[0]ep[2100] res=662.62
[15/11/2018 22:00:59] >> run[0]ep[2200] res=805.68
[15/11/2018 22:02:25] >> run[0]ep[2300] res=782.06
[15/11/2018 22:03:49] >> run[0]ep[2400] res=700.64
[15/11/2018 22:05:19] >> run[0]ep[2500] res=620.14
[15/11/2018 22:06:42] >> run[0]ep[2600] res=654.46
[15/11/2018 22:08:03] >> run[0]ep[2700] res=430.48
[15/11/2018 22:09:21] >> run[0]ep[2800] res=254.74
[15/11/2018 22:10:42] >> run[0]ep[2900] res=504.54
[15/11/2018 22:12:04] >> run[0]ep[3000] res=525.7
[15/11/2018 22:13:24] >> run[0]ep[3100] res=581.08
[15/11/2018 22:14:49] >> run[0]ep[3200] res=772.82
[15/11/2018 22:16:09] >> run[0]ep[3300] res=708.46
[15/11/2018 22:17:37] >> run[0]ep[3400] res=751.36
[15/11/2018 22:19:00] >> run[0]ep[3500] res=448.36
[15/11/2018 22:20:29] >> run[0]ep[3600] res=556.26
[15/11/2018 22:21:56] >> run[0]ep[3700] res=825.1
[15/11/2018 22:23:24] >> run[0]ep[3800] res=476.4
[15/11/2018 22:24:46] >> run[0]ep[3900] res=423.26
[15/11/2018 22:26:10] >> run[0]ep[4000] res=885.02
[15/11/2018 22:27:42] >> run[0]ep[4100] res=752.54
[15/11/2018 22:29:16] >> run[0]ep[4200] res=942.26
[15/11/2018 22:30:44] >> run[0]ep[4300] res=959.94
[15/11/2018 22:32:12] >> run[0]ep[4400] res=810.1
[15/11/2018 22:33:42] >> run[0]ep[4500] res=925.42
[15/11/2018 22:35:18] >> run[0]ep[4600] res=772.92
[15/11/2018 22:36:55] >> run[0]ep[4700] res=770.42
[15/11/2018 22:38:35] >> run[0]ep[4800] res=756.14
[15/11/2018 22:40:04] >> run[0]ep[4900] res=968.86
[15/11/2018 22:41:29] >> run[0]ep[5000] res=920.96
[15/11/2018 22:43:04] >> run[0]ep[5100] res=1235.98
[15/11/2018 22:44:35] >> run[0]ep[5200] res=946.68
[15/11/2018 22:46:08] >> run[0]ep[5300] res=670.78
[15/11/2018 22:47:34] >> run[0]ep[5400] res=811.44
[15/11/2018 22:49:06] >> run[0]ep[5500] res=670.12
[15/11/2018 22:50:32] >> run[0]ep[5600] res=495.06
[15/11/2018 22:52:08] >> run[0]ep[5700] res=921.4
[15/11/2018 22:53:37] >> run[0]ep[5800] res=962.72
[15/11/2018 22:55:08] >> run[0]ep[5900] res=1191.76
[15/11/2018 22:56:36] >> run[0]ep[6000] res=985.76
[15/11/2018 22:58:17] >> run[0]ep[6100] res=1176.84
[15/11/2018 22:59:46] >> run[0]ep[6200] res=830.36
[15/11/2018 23:01:16] >> run[0]ep[6300] res=1164.04
[15/11/2018 23:02:58] >> run[0]ep[6400] res=1093.34
[15/11/2018 23:04:34] >> run[0]ep[6500] res=1310.6
[15/11/2018 23:06:11] >> run[0]ep[6600] res=1355.98
[15/11/2018 23:07:43] >> run[0]ep[6700] res=1302.56
[15/11/2018 23:09:17] >> run[0]ep[6800] res=1269.34
[15/11/2018 23:10:52] >> run[0]ep[6900] res=1262.92
[15/11/2018 23:12:29] >> run[0]ep[7000] res=1103.6
[15/11/2018 23:14:06] >> run[0]ep[7100] res=1244.78
[15/11/2018 23:15:41] >> run[0]ep[7200] res=974.54
[15/11/2018 23:17:05] >> run[0]ep[7300] res=1336.38
[15/11/2018 23:18:29] >> run[0]ep[7400] res=1378.04
[15/11/2018 23:19:52] >> run[0]ep[7500] res=1241.5
[15/11/2018 23:19:52] >> Total time: 6266 secs
[15/11/2018 23:19:52] >> Basic Q Learning
[15/11/2018 23:19:57] >> run[0]ep[100] res=-152.09
[15/11/2018 23:20:00] >> run[0]ep[200] res=-45.84
[15/11/2018 23:20:04] >> run[0]ep[300] res=-118.42
[15/11/2018 23:20:07] >> run[0]ep[400] res=-160.96
[15/11/2018 23:20:10] >> run[0]ep[500] res=-124.62
[15/11/2018 23:20:13] >> run[0]ep[600] res=-188.84
[15/11/2018 23:20:16] >> run[0]ep[700] res=-67.92
[15/11/2018 23:20:19] >> run[0]ep[800] res=28.64
[15/11/2018 23:20:22] >> run[0]ep[900] res=3.96
[15/11/2018 23:20:25] >> run[0]ep[1000] res=-165.22
[15/11/2018 23:20:28] >> run[0]ep[1100] res=-144.82
[15/11/2018 23:20:31] >> run[0]ep[1200] res=99.1
[15/11/2018 23:20:34] >> run[0]ep[1300] res=282.36
[15/11/2018 23:20:37] >> run[0]ep[1400] res=133.78
[15/11/2018 23:20:40] >> run[0]ep[1500] res=58.92
[15/11/2018 23:20:43] >> run[0]ep[1600] res=441.1
[15/11/2018 23:20:46] >> run[0]ep[1700] res=-43.0
[15/11/2018 23:20:49] >> run[0]ep[1800] res=396.98
[15/11/2018 23:20:52] >> run[0]ep[1900] res=529.18
[15/11/2018 23:20:55] >> run[0]ep[2000] res=614.44
[15/11/2018 23:20:58] >> run[0]ep[2100] res=677.38
[15/11/2018 23:21:00] >> run[0]ep[2200] res=560.1
[15/11/2018 23:21:03] >> run[0]ep[2300] res=446.28
[15/11/2018 23:21:06] >> run[0]ep[2400] res=296.1
[15/11/2018 23:21:09] >> run[0]ep[2500] res=509.18
[15/11/2018 23:21:12] >> run[0]ep[2600] res=403.74
[15/11/2018 23:21:15] >> run[0]ep[2700] res=514.88
[15/11/2018 23:21:18] >> run[0]ep[2800] res=592.22
[15/11/2018 23:21:21] >> run[0]ep[2900] res=918.1
[15/11/2018 23:21:24] >> run[0]ep[3000] res=661.22
[15/11/2018 23:21:27] >> run[0]ep[3100] res=955.04
[15/11/2018 23:21:30] >> run[0]ep[3200] res=516.58
[15/11/2018 23:21:33] >> run[0]ep[3300] res=699.22
[15/11/2018 23:21:36] >> run[0]ep[3400] res=655.06
[15/11/2018 23:21:39] >> run[0]ep[3500] res=693.56
[15/11/2018 23:21:42] >> run[0]ep[3600] res=567.52
[15/11/2018 23:21:45] >> run[0]ep[3700] res=567.1
[15/11/2018 23:21:47] >> run[0]ep[3800] res=744.32
[15/11/2018 23:21:50] >> run[0]ep[3900] res=829.62
[15/11/2018 23:21:53] >> run[0]ep[4000] res=696.88
[15/11/2018 23:21:55] >> run[0]ep[4100] res=815.78
[15/11/2018 23:21:58] >> run[0]ep[4200] res=596.24
[15/11/2018 23:22:00] >> run[0]ep[4300] res=608.28
[15/11/2018 23:22:03] >> run[0]ep[4400] res=881.64
[15/11/2018 23:22:06] >> run[0]ep[4500] res=718.62
[15/11/2018 23:22:08] >> run[0]ep[4600] res=975.56
[15/11/2018 23:22:11] >> run[0]ep[4700] res=455.52
[15/11/2018 23:22:14] >> run[0]ep[4800] res=694.24
[15/11/2018 23:22:17] >> run[0]ep[4900] res=760.84
[15/11/2018 23:22:20] >> run[0]ep[5000] res=806.98
[15/11/2018 23:22:22] >> run[0]ep[5100] res=764.96
[15/11/2018 23:22:25] >> run[0]ep[5200] res=585.46
[15/11/2018 23:22:28] >> run[0]ep[5300] res=839.72
[15/11/2018 23:22:30] >> run[0]ep[5400] res=557.46
[15/11/2018 23:22:33] >> run[0]ep[5500] res=695.88
[15/11/2018 23:22:36] >> run[0]ep[5600] res=985.0
[15/11/2018 23:22:39] >> run[0]ep[5700] res=1042.1
[15/11/2018 23:22:41] >> run[0]ep[5800] res=847.26
[15/11/2018 23:22:44] >> run[0]ep[5900] res=1154.62
[15/11/2018 23:22:47] >> run[0]ep[6000] res=809.48
[15/11/2018 23:22:50] >> run[0]ep[6100] res=778.0
[15/11/2018 23:22:52] >> run[0]ep[6200] res=650.46
[15/11/2018 23:22:55] >> run[0]ep[6300] res=1006.38
[15/11/2018 23:22:58] >> run[0]ep[6400] res=647.52
[15/11/2018 23:23:00] >> run[0]ep[6500] res=871.04
[15/11/2018 23:23:03] >> run[0]ep[6600] res=802.04
[15/11/2018 23:23:06] >> run[0]ep[6700] res=908.9
[15/11/2018 23:23:08] >> run[0]ep[6800] res=1016.56
[15/11/2018 23:23:11] >> run[0]ep[6900] res=1036.08
[15/11/2018 23:23:14] >> run[0]ep[7000] res=838.02
[15/11/2018 23:23:17] >> run[0]ep[7100] res=796.82
[15/11/2018 23:23:20] >> run[0]ep[7200] res=970.62
[15/11/2018 23:23:22] >> run[0]ep[7300] res=1141.84
[15/11/2018 23:23:25] >> run[0]ep[7400] res=1104.26
[15/11/2018 23:23:28] >> run[0]ep[7500] res=966.96
[15/11/2018 23:23:28] >> Total time: 215 secs
