<?xml version="1.0" encoding="UTF-8" standalone="no"?>
<!DOCTYPE log SYSTEM "logger.dtd">
<log>
</log>
[16/11/2018 17:40:00] >> Logger created
[16/11/2018 17:40:00] >> Similarities
[16/11/2018 17:41:00] >> run[0]ep[100] res=-18.05
[16/11/2018 17:41:50] >> run[0]ep[200] res=347.52
[16/11/2018 17:42:30] >> run[0]ep[300] res=295.84
[16/11/2018 17:43:06] >> run[0]ep[400] res=61.68
[16/11/2018 17:43:46] >> run[0]ep[500] res=292.26
[16/11/2018 17:44:23] >> run[0]ep[600] res=157.34
[16/11/2018 17:45:01] >> run[0]ep[700] res=367.92
[16/11/2018 17:45:40] >> run[0]ep[800] res=623.22
[16/11/2018 17:46:13] >> run[0]ep[900] res=444.36
[16/11/2018 17:46:42] >> run[0]ep[1000] res=385.58
[16/11/2018 17:47:12] >> run[0]ep[1100] res=469.28
[16/11/2018 17:47:41] >> run[0]ep[1200] res=401.1
[16/11/2018 17:48:09] >> run[0]ep[1300] res=413.84
[16/11/2018 17:48:39] >> run[0]ep[1400] res=354.02
[16/11/2018 17:49:04] >> run[0]ep[1500] res=218.38
[16/11/2018 17:49:31] >> run[0]ep[1600] res=277.98
[16/11/2018 17:50:04] >> run[0]ep[1700] res=655.78
[16/11/2018 17:50:34] >> run[0]ep[1800] res=378.34
[16/11/2018 17:51:00] >> run[0]ep[1900] res=225.18
[16/11/2018 17:51:26] >> run[0]ep[2000] res=290.48
[16/11/2018 17:51:57] >> run[0]ep[2100] res=458.22
[16/11/2018 17:52:23] >> run[0]ep[2200] res=267.92
[16/11/2018 17:52:47] >> run[0]ep[2300] res=356.5
[16/11/2018 17:53:14] >> run[0]ep[2400] res=602.34
[16/11/2018 17:53:39] >> run[0]ep[2500] res=409.92
[16/11/2018 17:54:04] >> run[0]ep[2600] res=376.66
[16/11/2018 17:54:30] >> run[0]ep[2700] res=316.68
[16/11/2018 17:54:55] >> run[0]ep[2800] res=342.38
[16/11/2018 17:55:20] >> run[0]ep[2900] res=264.46
[16/11/2018 17:55:45] >> run[0]ep[3000] res=441.92
[16/11/2018 17:56:12] >> run[0]ep[3100] res=436.8
[16/11/2018 17:56:38] >> run[0]ep[3200] res=463.56
[16/11/2018 17:57:07] >> run[0]ep[3300] res=448.0
[16/11/2018 17:57:31] >> run[0]ep[3400] res=267.86
[16/11/2018 17:57:59] >> run[0]ep[3500] res=468.04
[16/11/2018 17:58:25] >> run[0]ep[3600] res=471.6
[16/11/2018 17:58:51] >> run[0]ep[3700] res=466.58
[16/11/2018 17:59:17] >> run[0]ep[3800] res=417.38
[16/11/2018 17:59:43] >> run[0]ep[3900] res=448.96
[16/11/2018 18:00:10] >> run[0]ep[4000] res=465.3
[16/11/2018 18:00:35] >> run[0]ep[4100] res=347.58
[16/11/2018 18:01:02] >> run[0]ep[4200] res=458.2
[16/11/2018 18:01:25] >> run[0]ep[4300] res=375.06
[16/11/2018 18:01:51] >> run[0]ep[4400] res=419.1
[16/11/2018 18:02:16] >> run[0]ep[4500] res=393.2
[16/11/2018 18:02:44] >> run[0]ep[4600] res=629.64
[16/11/2018 18:03:15] >> run[0]ep[4700] res=419.94
[16/11/2018 18:03:42] >> run[0]ep[4800] res=432.34
[16/11/2018 18:04:07] >> run[0]ep[4900] res=276.46
[16/11/2018 18:04:32] >> run[0]ep[5000] res=457.7
[16/11/2018 18:04:58] >> run[0]ep[5100] res=654.58
[16/11/2018 18:05:22] >> run[0]ep[5200] res=522.62
[16/11/2018 18:05:47] >> run[0]ep[5300] res=538.0
[16/11/2018 18:06:10] >> run[0]ep[5400] res=418.02
[16/11/2018 18:06:36] >> run[0]ep[5500] res=585.5
[16/11/2018 18:07:02] >> run[0]ep[5600] res=347.8
[16/11/2018 18:07:29] >> run[0]ep[5700] res=653.98
[16/11/2018 18:07:57] >> run[0]ep[5800] res=563.98
[16/11/2018 18:08:22] >> run[0]ep[5900] res=494.1
[16/11/2018 18:08:47] >> run[0]ep[6000] res=430.3
[16/11/2018 18:09:16] >> run[0]ep[6100] res=640.74
[16/11/2018 18:09:47] >> run[0]ep[6200] res=779.16
[16/11/2018 18:10:14] >> run[0]ep[6300] res=303.06
