<?xml version="1.0" encoding="UTF-8" standalone="no"?>
<!DOCTYPE log SYSTEM "logger.dtd">
<log>
</log>
[16/11/2018 19:07:28] >> Logger created
[16/11/2018 19:07:29] >> Similarities
[16/11/2018 19:08:39] >> run[0]ep[100] res=64.69
[16/11/2018 19:09:22] >> run[0]ep[200] res=323.76
[16/11/2018 19:09:58] >> run[0]ep[300] res=156.02
[16/11/2018 19:10:35] >> run[0]ep[400] res=385.88
[16/11/2018 19:11:11] >> run[0]ep[500] res=460.72
[16/11/2018 19:11:48] >> run[0]ep[600] res=385.14
[16/11/2018 19:12:22] >> run[0]ep[700] res=572.22
[16/11/2018 19:12:53] >> run[0]ep[800] res=438.04
[16/11/2018 19:13:28] >> run[0]ep[900] res=245.16
[16/11/2018 19:14:01] >> run[0]ep[1000] res=426.48
[16/11/2018 19:14:27] >> run[0]ep[1100] res=240.9
[16/11/2018 19:14:56] >> run[0]ep[1200] res=416.6
[16/11/2018 19:15:25] >> run[0]ep[1300] res=312.68
[16/11/2018 19:15:54] >> run[0]ep[1400] res=272.38
[16/11/2018 19:16:24] >> run[0]ep[1500] res=589.56
[16/11/2018 19:16:53] >> run[0]ep[1600] res=428.48
[16/11/2018 19:17:22] >> run[0]ep[1700] res=612.8
[16/11/2018 19:17:52] >> run[0]ep[1800] res=550.38
[16/11/2018 19:18:20] >> run[0]ep[1900] res=604.7
[16/11/2018 19:18:51] >> run[0]ep[2000] res=662.24
[16/11/2018 19:19:17] >> run[0]ep[2100] res=582.84
[16/11/2018 19:19:42] >> run[0]ep[2200] res=397.66
[16/11/2018 19:20:08] >> run[0]ep[2300] res=504.32
[16/11/2018 19:20:39] >> run[0]ep[2400] res=582.0
[16/11/2018 19:21:09] >> run[0]ep[2500] res=637.2
[16/11/2018 19:21:32] >> run[0]ep[2600] res=504.94
[16/11/2018 19:21:54] >> run[0]ep[2700] res=318.78
[16/11/2018 19:22:16] >> run[0]ep[2800] res=160.42
[16/11/2018 19:22:40] >> run[0]ep[2900] res=405.24
[16/11/2018 19:23:09] >> run[0]ep[3000] res=455.02
[16/11/2018 19:23:34] >> run[0]ep[3100] res=516.3
[16/11/2018 19:24:04] >> run[0]ep[3200] res=795.52
[16/11/2018 19:24:28] >> run[0]ep[3300] res=378.44
[16/11/2018 19:24:57] >> run[0]ep[3400] res=712.46
[16/11/2018 19:25:22] >> run[0]ep[3500] res=576.06
[16/11/2018 19:25:51] >> run[0]ep[3600] res=694.26
[16/11/2018 19:26:20] >> run[0]ep[3700] res=576.82
[16/11/2018 19:26:44] >> run[0]ep[3800] res=517.1
[16/11/2018 19:27:10] >> run[0]ep[3900] res=458.14
[16/11/2018 19:27:38] >> run[0]ep[4000] res=593.6
[16/11/2018 19:28:07] >> run[0]ep[4100] res=630.56
[16/11/2018 19:28:37] >> run[0]ep[4200] res=568.76
[16/11/2018 19:29:02] >> run[0]ep[4300] res=454.3
[16/11/2018 19:29:26] >> run[0]ep[4400] res=401.3
[16/11/2018 19:29:50] >> run[0]ep[4500] res=405.02
[16/11/2018 19:30:18] >> run[0]ep[4600] res=619.6
[16/11/2018 19:30:45] >> run[0]ep[4700] res=658.38
[16/11/2018 19:31:12] >> run[0]ep[4800] res=801.08
[16/11/2018 19:31:41] >> run[0]ep[4900] res=714.4
[16/11/2018 19:32:08] >> run[0]ep[5000] res=567.66
[16/11/2018 19:32:39] >> run[0]ep[5100] res=836.12
[16/11/2018 19:33:05] >> run[0]ep[5200] res=602.88
[16/11/2018 19:33:30] >> run[0]ep[5300] res=531.94
[16/11/2018 19:33:56] >> run[0]ep[5400] res=562.84
[16/11/2018 19:34:21] >> run[0]ep[5500] res=792.66
[16/11/2018 19:34:47] >> run[0]ep[5600] res=607.56
[16/11/2018 19:35:12] >> run[0]ep[5700] res=637.32
[16/11/2018 19:35:37] >> run[0]ep[5800] res=622.72
[16/11/2018 19:36:04] >> run[0]ep[5900] res=659.66
[16/11/2018 19:36:26] >> run[0]ep[6000] res=546.72
[16/11/2018 19:36:53] >> run[0]ep[6100] res=708.82
[16/11/2018 19:37:18] >> run[0]ep[6200] res=718.44
[16/11/2018 19:37:45] >> run[0]ep[6300] res=774.0
[16/11/2018 19:38:14] >> run[0]ep[6400] res=930.38
[16/11/2018 19:38:40] >> run[0]ep[6500] res=801.82
[16/11/2018 19:39:07] >> run[0]ep[6600] res=795.18
[16/11/2018 19:39:33] >> run[0]ep[6700] res=828.44
[16/11/2018 19:39:59] >> run[0]ep[6800] res=725.08
[16/11/2018 19:40:22] >> run[0]ep[6900] res=629.36
[16/11/2018 19:40:46] >> run[0]ep[7000] res=575.2
[16/11/2018 19:41:13] >> run[0]ep[7100] res=832.0
[16/11/2018 19:41:35] >> run[0]ep[7200] res=699.36
[16/11/2018 19:42:03] >> run[0]ep[7300] res=923.44
[16/11/2018 19:42:28] >> run[0]ep[7400] res=626.08
[16/11/2018 19:42:56] >> run[0]ep[7500] res=840.52
[16/11/2018 19:43:21] >> run[0]ep[7600] res=793.8
[16/11/2018 19:43:47] >> run[0]ep[7700] res=890.4
[16/11/2018 19:44:11] >> run[0]ep[7800] res=794.32
[16/11/2018 19:44:37] >> run[0]ep[7900] res=824.92
[16/11/2018 19:45:02] >> run[0]ep[8000] res=840.54
[16/11/2018 19:45:28] >> run[0]ep[8100] res=807.88
[16/11/2018 19:45:52] >> run[0]ep[8200] res=540.36
[16/11/2018 19:46:19] >> run[0]ep[8300] res=733.56
[16/11/2018 19:46:44] >> run[0]ep[8400] res=801.52
[16/11/2018 19:47:09] >> run[0]ep[8500] res=906.3
[16/11/2018 19:47:35] >> run[0]ep[8600] res=909.26
[16/11/2018 19:47:59] >> run[0]ep[8700] res=943.16
[16/11/2018 19:48:25] >> run[0]ep[8800] res=770.98
[16/11/2018 19:48:50] >> run[0]ep[8900] res=761.62
[16/11/2018 19:49:18] >> run[0]ep[9000] res=928.04
[16/11/2018 19:49:45] >> run[0]ep[9100] res=751.44
[16/11/2018 19:50:14] >> run[0]ep[9200] res=841.2
[16/11/2018 19:50:46] >> run[0]ep[9300] res=704.68
[16/11/2018 19:51:15] >> run[0]ep[9400] res=882.08
[16/11/2018 19:51:45] >> run[0]ep[9500] res=748.72
[16/11/2018 19:52:11] >> run[0]ep[9600] res=702.68
[16/11/2018 19:52:35] >> run[0]ep[9700] res=722.46
[16/11/2018 19:53:02] >> run[0]ep[9800] res=701.12
[16/11/2018 19:53:28] >> run[0]ep[9900] res=709.52
[16/11/2018 19:53:58] >> run[0]ep[10000] res=1062.2
[16/11/2018 19:54:26] >> run[0]ep[10100] res=1014.08
[16/11/2018 19:54:53] >> run[0]ep[10200] res=831.56
[16/11/2018 19:55:19] >> run[0]ep[10300] res=817.84
[16/11/2018 19:55:44] >> run[0]ep[10400] res=843.58
[16/11/2018 19:56:16] >> run[0]ep[10500] res=1015.76
[16/11/2018 19:56:44] >> run[0]ep[10600] res=1033.68
[16/11/2018 19:57:14] >> run[0]ep[10700] res=888.5
[16/11/2018 19:57:43] >> run[0]ep[10800] res=856.02
[16/11/2018 19:58:10] >> run[0]ep[10900] res=937.52
[16/11/2018 19:58:40] >> run[0]ep[11000] res=896.06
[16/11/2018 19:59:09] >> run[0]ep[11100] res=857.6
[16/11/2018 19:59:38] >> run[0]ep[11200] res=1008.66
[16/11/2018 20:00:05] >> run[0]ep[11300] res=925.44
[16/11/2018 20:00:34] >> run[0]ep[11400] res=731.88
[16/11/2018 20:01:04] >> run[0]ep[11500] res=906.56
[16/11/2018 20:01:32] >> run[0]ep[11600] res=620.24
[16/11/2018 20:02:01] >> run[0]ep[11700] res=744.76
[16/11/2018 20:02:32] >> run[0]ep[11800] res=906.66
[16/11/2018 20:03:03] >> run[0]ep[11900] res=998.46
[16/11/2018 20:03:33] >> run[0]ep[12000] res=877.18
[16/11/2018 20:04:01] >> run[0]ep[12100] res=904.36
[16/11/2018 20:04:32] >> run[0]ep[12200] res=1137.6
[16/11/2018 20:05:02] >> run[0]ep[12300] res=1035.86
[16/11/2018 20:05:33] >> run[0]ep[12400] res=962.66
[16/11/2018 20:06:03] >> run[0]ep[12500] res=891.48
[16/11/2018 20:06:30] >> run[0]ep[12600] res=810.38
[16/11/2018 20:06:58] >> run[0]ep[12700] res=728.78
[16/11/2018 20:07:23] >> run[0]ep[12800] res=929.62
[16/11/2018 20:07:52] >> run[0]ep[12900] res=753.78
[16/11/2018 20:08:24] >> run[0]ep[13000] res=919.4
[16/11/2018 20:08:52] >> run[0]ep[13100] res=695.7
[16/11/2018 20:09:23] >> run[0]ep[13200] res=813.1
[16/11/2018 20:09:51] >> run[0]ep[13300] res=848.72
[16/11/2018 20:10:21] >> run[0]ep[13400] res=967.58
[16/11/2018 20:10:51] >> run[0]ep[13500] res=1009.38
[16/11/2018 20:11:21] >> run[0]ep[13600] res=981.78
[16/11/2018 20:11:53] >> run[0]ep[13700] res=1011.58
[16/11/2018 20:12:22] >> run[0]ep[13800] res=1027.86
[16/11/2018 20:12:52] >> run[0]ep[13900] res=1028.92
[16/11/2018 20:13:22] >> run[0]ep[14000] res=821.26
[16/11/2018 20:13:51] >> run[0]ep[14100] res=742.8
[16/11/2018 20:14:19] >> run[0]ep[14200] res=956.42
[16/11/2018 20:14:49] >> run[0]ep[14300] res=890.08
[16/11/2018 20:15:19] >> run[0]ep[14400] res=1002.6
[16/11/2018 20:15:50] >> run[0]ep[14500] res=926.06
[16/11/2018 20:16:17] >> run[0]ep[14600] res=791.54
[16/11/2018 20:16:45] >> run[0]ep[14700] res=906.08
[16/11/2018 20:17:13] >> run[0]ep[14800] res=972.8
[16/11/2018 20:17:42] >> run[0]ep[14900] res=1041.8
[16/11/2018 20:18:14] >> run[0]ep[15000] res=883.8
[16/11/2018 20:18:45] >> run[0]ep[15100] res=1087.28
[16/11/2018 20:19:16] >> run[0]ep[15200] res=1047.16
[16/11/2018 20:19:47] >> run[0]ep[15300] res=1083.4
[16/11/2018 20:20:17] >> run[0]ep[15400] res=954.5
[16/11/2018 20:20:47] >> run[0]ep[15500] res=961.64
[16/11/2018 20:21:16] >> run[0]ep[15600] res=698.16
[16/11/2018 20:21:47] >> run[0]ep[15700] res=1100.2
[16/11/2018 20:22:19] >> run[0]ep[15800] res=976.06
[16/11/2018 20:22:49] >> run[0]ep[15900] res=972.56
[16/11/2018 20:23:17] >> run[0]ep[16000] res=1020.32
[16/11/2018 20:23:45] >> run[0]ep[16100] res=762.0
[16/11/2018 20:24:17] >> run[0]ep[16200] res=1095.32
[16/11/2018 20:24:45] >> run[0]ep[16300] res=1043.9
[16/11/2018 20:25:16] >> run[0]ep[16400] res=1208.44
[16/11/2018 20:25:46] >> run[0]ep[16500] res=1002.92
[16/11/2018 20:26:19] >> run[0]ep[16600] res=1104.72
[16/11/2018 20:26:49] >> run[0]ep[16700] res=1014.58
[16/11/2018 20:27:22] >> run[0]ep[16800] res=895.04
[16/11/2018 20:27:50] >> run[0]ep[16900] res=790.36
[16/11/2018 20:28:18] >> run[0]ep[17000] res=942.72
[16/11/2018 20:28:44] >> run[0]ep[17100] res=864.82
[16/11/2018 20:29:16] >> run[0]ep[17200] res=972.24
[16/11/2018 20:29:51] >> run[0]ep[17300] res=1008.08
[16/11/2018 20:30:27] >> run[0]ep[17400] res=1282.88
[16/11/2018 20:30:55] >> run[0]ep[17500] res=938.54
[16/11/2018 20:31:26] >> run[0]ep[17600] res=830.5
[16/11/2018 20:31:58] >> run[0]ep[17700] res=1216.54
[16/11/2018 20:32:28] >> run[0]ep[17800] res=981.06
[16/11/2018 20:32:58] >> run[0]ep[17900] res=939.04
[16/11/2018 20:33:31] >> run[0]ep[18000] res=926.18
[16/11/2018 20:34:03] >> run[0]ep[18100] res=976.74
[16/11/2018 20:34:34] >> run[0]ep[18200] res=916.4
[16/11/2018 20:35:05] >> run[0]ep[18300] res=1000.28
[16/11/2018 20:35:38] >> run[0]ep[18400] res=984.74
[16/11/2018 20:36:09] >> run[0]ep[18500] res=866.28
[16/11/2018 20:36:41] >> run[0]ep[18600] res=948.6
[16/11/2018 20:37:14] >> run[0]ep[18700] res=1083.6
[16/11/2018 20:37:50] >> run[0]ep[18800] res=1104.12
[16/11/2018 20:38:26] >> run[0]ep[18900] res=980.34
[16/11/2018 20:39:02] >> run[0]ep[19000] res=849.8
[16/11/2018 20:39:36] >> run[0]ep[19100] res=1060.18
[16/11/2018 20:40:08] >> run[0]ep[19200] res=1053.02
[16/11/2018 20:40:40] >> run[0]ep[19300] res=872.86
[16/11/2018 20:41:15] >> run[0]ep[19400] res=960.06
[16/11/2018 20:41:53] >> run[0]ep[19500] res=1128.64
[16/11/2018 20:42:23] >> run[0]ep[19600] res=871.0
[16/11/2018 20:42:58] >> run[0]ep[19700] res=1171.08
[16/11/2018 20:43:32] >> run[0]ep[19800] res=1138.6
[16/11/2018 20:44:09] >> run[0]ep[19900] res=1083.38
[16/11/2018 20:44:42] >> run[0]ep[20000] res=1158.02
[16/11/2018 20:44:42] >> Total time: 5833 secs
[16/11/2018 20:44:42] >> Basic Q Learning
[16/11/2018 20:44:48] >> run[0]ep[100] res=-89.99
[16/11/2018 20:44:51] >> run[0]ep[200] res=128.88
[16/11/2018 20:44:54] >> run[0]ep[300] res=101.54
[16/11/2018 20:44:57] >> run[0]ep[400] res=140.6
[16/11/2018 20:45:01] >> run[0]ep[500] res=235.12
[16/11/2018 20:45:04] >> run[0]ep[600] res=173.34
[16/11/2018 20:45:07] >> run[0]ep[700] res=280.8
[16/11/2018 20:45:10] >> run[0]ep[800] res=318.98
[16/11/2018 20:45:13] >> run[0]ep[900] res=68.78
[16/11/2018 20:45:17] >> run[0]ep[1000] res=200.02
[16/11/2018 20:45:20] >> run[0]ep[1100] res=303.36
[16/11/2018 20:45:23] >> run[0]ep[1200] res=354.72
[16/11/2018 20:45:26] >> run[0]ep[1300] res=437.72
[16/11/2018 20:45:29] >> run[0]ep[1400] res=152.74
[16/11/2018 20:45:33] >> run[0]ep[1500] res=428.72
[16/11/2018 20:45:36] >> run[0]ep[1600] res=185.5
[16/11/2018 20:45:39] >> run[0]ep[1700] res=-117.14
[16/11/2018 20:45:42] >> run[0]ep[1800] res=21.82
[16/11/2018 20:45:45] >> run[0]ep[1900] res=400.22
[16/11/2018 20:45:49] >> run[0]ep[2000] res=192.5
[16/11/2018 20:45:52] >> run[0]ep[2100] res=202.36
[16/11/2018 20:45:55] >> run[0]ep[2200] res=622.0
[16/11/2018 20:45:58] >> run[0]ep[2300] res=791.66
[16/11/2018 20:46:01] >> run[0]ep[2400] res=774.6
[16/11/2018 20:46:04] >> run[0]ep[2500] res=789.92
[16/11/2018 20:46:07] >> run[0]ep[2600] res=697.46
[16/11/2018 20:46:10] >> run[0]ep[2700] res=947.52
[16/11/2018 20:46:13] >> run[0]ep[2800] res=800.34
[16/11/2018 20:46:16] >> run[0]ep[2900] res=883.58
[16/11/2018 20:46:19] >> run[0]ep[3000] res=652.2
[16/11/2018 20:46:22] >> run[0]ep[3100] res=966.38
[16/11/2018 20:46:25] >> run[0]ep[3200] res=1022.46
[16/11/2018 20:46:28] >> run[0]ep[3300] res=1020.36
[16/11/2018 20:46:31] >> run[0]ep[3400] res=927.72
[16/11/2018 20:46:35] >> run[0]ep[3500] res=946.04
[16/11/2018 20:46:37] >> run[0]ep[3600] res=557.0
[16/11/2018 20:46:40] >> run[0]ep[3700] res=766.9
[16/11/2018 20:46:44] >> run[0]ep[3800] res=1182.7
[16/11/2018 20:46:47] >> run[0]ep[3900] res=737.34
[16/11/2018 20:46:50] >> run[0]ep[4000] res=481.2
[16/11/2018 20:46:53] >> run[0]ep[4100] res=487.1
[16/11/2018 20:46:56] >> run[0]ep[4200] res=715.6
[16/11/2018 20:47:00] >> run[0]ep[4300] res=627.64
[16/11/2018 20:47:03] >> run[0]ep[4400] res=823.4
[16/11/2018 20:47:06] >> run[0]ep[4500] res=344.02
[16/11/2018 20:47:10] >> run[0]ep[4600] res=312.68
[16/11/2018 20:47:13] >> run[0]ep[4700] res=204.52
[16/11/2018 20:47:16] >> run[0]ep[4800] res=775.2
[16/11/2018 20:47:19] >> run[0]ep[4900] res=1089.94
[16/11/2018 20:47:23] >> run[0]ep[5000] res=534.0
[16/11/2018 20:47:26] >> run[0]ep[5100] res=513.3
[16/11/2018 20:47:29] >> run[0]ep[5200] res=678.92
[16/11/2018 20:47:33] >> run[0]ep[5300] res=784.54
[16/11/2018 20:47:36] >> run[0]ep[5400] res=624.48
[16/11/2018 20:47:39] >> run[0]ep[5500] res=668.14
[16/11/2018 20:47:43] >> run[0]ep[5600] res=396.68
[16/11/2018 20:47:46] >> run[0]ep[5700] res=819.48
[16/11/2018 20:47:49] >> run[0]ep[5800] res=1074.78
[16/11/2018 20:47:52] >> run[0]ep[5900] res=1042.06
[16/11/2018 20:47:55] >> run[0]ep[6000] res=988.74
[16/11/2018 20:47:58] >> run[0]ep[6100] res=928.34
[16/11/2018 20:48:01] >> run[0]ep[6200] res=633.24
[16/11/2018 20:48:04] >> run[0]ep[6300] res=896.22
[16/11/2018 20:48:07] >> run[0]ep[6400] res=1037.88
[16/11/2018 20:48:10] >> run[0]ep[6500] res=1000.82
[16/11/2018 20:48:13] >> run[0]ep[6600] res=1205.2
[16/11/2018 20:48:16] >> run[0]ep[6700] res=1163.86
[16/11/2018 20:48:19] >> run[0]ep[6800] res=1044.5
[16/11/2018 20:48:22] >> run[0]ep[6900] res=828.48
[16/11/2018 20:48:24] >> run[0]ep[7000] res=1190.32
[16/11/2018 20:48:27] >> run[0]ep[7100] res=1274.04
[16/11/2018 20:48:30] >> run[0]ep[7200] res=1275.56
[16/11/2018 20:48:34] >> run[0]ep[7300] res=1082.78
[16/11/2018 20:48:36] >> run[0]ep[7400] res=1192.3
[16/11/2018 20:48:39] >> run[0]ep[7500] res=1171.16
[16/11/2018 20:48:42] >> run[0]ep[7600] res=930.52
[16/11/2018 20:48:45] >> run[0]ep[7700] res=943.12
[16/11/2018 20:48:48] >> run[0]ep[7800] res=1147.58
[16/11/2018 20:48:51] >> run[0]ep[7900] res=1245.1
[16/11/2018 20:48:54] >> run[0]ep[8000] res=1188.08
[16/11/2018 20:48:57] >> run[0]ep[8100] res=1303.06
[16/11/2018 20:49:00] >> run[0]ep[8200] res=952.24
[16/11/2018 20:49:03] >> run[0]ep[8300] res=1286.98
[16/11/2018 20:49:06] >> run[0]ep[8400] res=1136.6
[16/11/2018 20:49:09] >> run[0]ep[8500] res=1080.22
[16/11/2018 20:49:12] >> run[0]ep[8600] res=931.8
[16/11/2018 20:49:14] >> run[0]ep[8700] res=1228.38
[16/11/2018 20:49:17] >> run[0]ep[8800] res=1173.1
[16/11/2018 20:49:20] >> run[0]ep[8900] res=1311.68
[16/11/2018 20:49:23] >> run[0]ep[9000] res=1294.66
[16/11/2018 20:49:26] >> run[0]ep[9100] res=1192.4
[16/11/2018 20:49:29] >> run[0]ep[9200] res=1211.34
[16/11/2018 20:49:32] >> run[0]ep[9300] res=1204.04
[16/11/2018 20:49:34] >> run[0]ep[9400] res=1295.32
[16/11/2018 20:49:37] >> run[0]ep[9500] res=1261.34
[16/11/2018 20:49:40] >> run[0]ep[9600] res=1141.18
[16/11/2018 20:49:43] >> run[0]ep[9700] res=1042.06
[16/11/2018 20:49:46] >> run[0]ep[9800] res=1249.2
[16/11/2018 20:49:49] >> run[0]ep[9900] res=1159.22
[16/11/2018 20:49:52] >> run[0]ep[10000] res=1273.34
[16/11/2018 20:49:55] >> run[0]ep[10100] res=1166.48
[16/11/2018 20:49:58] >> run[0]ep[10200] res=965.44
[16/11/2018 20:50:01] >> run[0]ep[10300] res=1080.24
[16/11/2018 20:50:04] >> run[0]ep[10400] res=1408.64
[16/11/2018 20:50:07] >> run[0]ep[10500] res=1031.2
[16/11/2018 20:50:10] >> run[0]ep[10600] res=1166.34
[16/11/2018 20:50:14] >> run[0]ep[10700] res=946.94
[16/11/2018 20:50:17] >> run[0]ep[10800] res=1052.1
[16/11/2018 20:50:20] >> run[0]ep[10900] res=906.9
[16/11/2018 20:50:23] >> run[0]ep[11000] res=1075.44
[16/11/2018 20:50:25] >> run[0]ep[11100] res=1087.56
[16/11/2018 20:50:28] >> run[0]ep[11200] res=957.58
[16/11/2018 20:50:32] >> run[0]ep[11300] res=1101.78
[16/11/2018 20:50:34] >> run[0]ep[11400] res=1065.2
[16/11/2018 20:50:37] >> run[0]ep[11500] res=796.06
[16/11/2018 20:50:40] >> run[0]ep[11600] res=1063.84
[16/11/2018 20:50:43] >> run[0]ep[11700] res=1454.92
[16/11/2018 20:50:45] >> run[0]ep[11800] res=1130.22
[16/11/2018 20:50:48] >> run[0]ep[11900] res=1016.76
[16/11/2018 20:50:51] >> run[0]ep[12000] res=1045.1
[16/11/2018 20:50:53] >> run[0]ep[12100] res=1018.3
[16/11/2018 20:50:56] >> run[0]ep[12200] res=874.14
[16/11/2018 20:50:59] >> run[0]ep[12300] res=1088.94
[16/11/2018 20:51:01] >> run[0]ep[12400] res=1062.26
[16/11/2018 20:51:04] >> run[0]ep[12500] res=1069.96
[16/11/2018 20:51:07] >> run[0]ep[12600] res=1025.64
[16/11/2018 20:51:09] >> run[0]ep[12700] res=1070.32
[16/11/2018 20:51:12] >> run[0]ep[12800] res=910.14
[16/11/2018 20:51:15] >> run[0]ep[12900] res=1443.94
[16/11/2018 20:51:17] >> run[0]ep[13000] res=1475.2
[16/11/2018 20:51:20] >> run[0]ep[13100] res=1195.7
[16/11/2018 20:51:23] >> run[0]ep[13200] res=1328.5
[16/11/2018 20:51:25] >> run[0]ep[13300] res=1439.8
[16/11/2018 20:51:28] >> run[0]ep[13400] res=1469.86
[16/11/2018 20:51:31] >> run[0]ep[13500] res=1604.12
[16/11/2018 20:51:34] >> run[0]ep[13600] res=1105.54
[16/11/2018 20:51:37] >> run[0]ep[13700] res=1038.36
[16/11/2018 20:51:40] >> run[0]ep[13800] res=902.56
[16/11/2018 20:51:43] >> run[0]ep[13900] res=1200.32
[16/11/2018 20:51:45] >> run[0]ep[14000] res=1308.46
[16/11/2018 20:51:48] >> run[0]ep[14100] res=1369.5
[16/11/2018 20:51:50] >> run[0]ep[14200] res=1274.82
[16/11/2018 20:51:53] >> run[0]ep[14300] res=1216.28
[16/11/2018 20:51:56] >> run[0]ep[14400] res=1105.44
[16/11/2018 20:51:59] >> run[0]ep[14500] res=1355.72
[16/11/2018 20:52:01] >> run[0]ep[14600] res=1275.88
[16/11/2018 20:52:03] >> run[0]ep[14700] res=1143.66
[16/11/2018 20:52:06] >> run[0]ep[14800] res=1204.7
[16/11/2018 20:52:09] >> run[0]ep[14900] res=1490.84
[16/11/2018 20:52:12] >> run[0]ep[15000] res=1359.28
[16/11/2018 20:52:14] >> run[0]ep[15100] res=910.02
[16/11/2018 20:52:17] >> run[0]ep[15200] res=1253.84
[16/11/2018 20:52:20] >> run[0]ep[15300] res=1565.34
[16/11/2018 20:52:22] >> run[0]ep[15400] res=1347.3
[16/11/2018 20:52:25] >> run[0]ep[15500] res=1190.98
[16/11/2018 20:52:27] >> run[0]ep[15600] res=1315.48
[16/11/2018 20:52:30] >> run[0]ep[15700] res=1351.38
[16/11/2018 20:52:32] >> run[0]ep[15800] res=1476.1
[16/11/2018 20:52:35] >> run[0]ep[15900] res=1358.12
[16/11/2018 20:52:38] >> run[0]ep[16000] res=1565.22
[16/11/2018 20:52:40] >> run[0]ep[16100] res=1117.96
[16/11/2018 20:52:43] >> run[0]ep[16200] res=1213.1
[16/11/2018 20:52:46] >> run[0]ep[16300] res=1437.5
[16/11/2018 20:52:48] >> run[0]ep[16400] res=1243.52
[16/11/2018 20:52:51] >> run[0]ep[16500] res=1470.02
[16/11/2018 20:52:54] >> run[0]ep[16600] res=1374.02
[16/11/2018 20:52:56] >> run[0]ep[16700] res=1215.46
[16/11/2018 20:52:59] >> run[0]ep[16800] res=1444.46
[16/11/2018 20:53:02] >> run[0]ep[16900] res=1186.9
[16/11/2018 20:53:04] >> run[0]ep[17000] res=1107.34
[16/11/2018 20:53:07] >> run[0]ep[17100] res=1225.5
[16/11/2018 20:53:10] >> run[0]ep[17200] res=1120.6
[16/11/2018 20:53:12] >> run[0]ep[17300] res=1096.52
[16/11/2018 20:53:15] >> run[0]ep[17400] res=979.78
[16/11/2018 20:53:18] >> run[0]ep[17500] res=1291.2
[16/11/2018 20:53:21] >> run[0]ep[17600] res=1145.86
[16/11/2018 20:53:23] >> run[0]ep[17700] res=1405.06
[16/11/2018 20:53:26] >> run[0]ep[17800] res=1453.38
[16/11/2018 20:53:29] >> run[0]ep[17900] res=1481.44
[16/11/2018 20:53:32] >> run[0]ep[18000] res=1085.02
[16/11/2018 20:53:35] >> run[0]ep[18100] res=1327.5
[16/11/2018 20:53:38] >> run[0]ep[18200] res=1402.32
[16/11/2018 20:53:40] >> run[0]ep[18300] res=1275.9
[16/11/2018 20:53:43] >> run[0]ep[18400] res=1184.3
[16/11/2018 20:53:46] >> run[0]ep[18500] res=1175.62
[16/11/2018 20:53:48] >> run[0]ep[18600] res=1151.8
[16/11/2018 20:53:51] >> run[0]ep[18700] res=1421.68
[16/11/2018 20:53:53] >> run[0]ep[18800] res=1414.7
[16/11/2018 20:53:56] >> run[0]ep[18900] res=1564.12
[16/11/2018 20:53:59] >> run[0]ep[19000] res=1339.62
[16/11/2018 20:54:01] >> run[0]ep[19100] res=1137.92
[16/11/2018 20:54:04] >> run[0]ep[19200] res=1512.64
[16/11/2018 20:54:07] >> run[0]ep[19300] res=1605.84
[16/11/2018 20:54:10] >> run[0]ep[19400] res=1161.74
[16/11/2018 20:54:13] >> run[0]ep[19500] res=1444.18
[16/11/2018 20:54:16] >> run[0]ep[19600] res=1364.94
[16/11/2018 20:54:18] >> run[0]ep[19700] res=1243.92
[16/11/2018 20:54:21] >> run[0]ep[19800] res=1376.04
[16/11/2018 20:54:24] >> run[0]ep[19900] res=1129.04
[16/11/2018 20:54:27] >> run[0]ep[20000] res=1256.78
[16/11/2018 20:54:27] >> Total time: 584 secs
