<?xml version="1.0" encoding="UTF-8" standalone="no"?>
<!DOCTYPE log SYSTEM "logger.dtd">
<log>
</log>
[16/11/2018 23:19:28] >> Logger created
[16/11/2018 23:19:29] >> Similarities
[16/11/2018 23:20:31] >> run[0]ep[100] res=-215.73
[16/11/2018 23:20:39] >> run[0]ep[200] res=-530.14
[16/11/2018 23:20:47] >> run[0]ep[300] res=-531.0
[16/11/2018 23:20:54] >> run[0]ep[400] res=-531.22
[16/11/2018 23:21:02] >> run[0]ep[500] res=-535.72
[16/11/2018 23:21:08] >> run[0]ep[600] res=-535.04
[16/11/2018 23:21:15] >> run[0]ep[700] res=-530.66
[16/11/2018 23:21:21] >> run[0]ep[800] res=-536.44
[16/11/2018 23:21:27] >> run[0]ep[900] res=-537.44
[16/11/2018 23:21:33] >> run[0]ep[1000] res=-535.36
[16/11/2018 23:21:40] >> run[0]ep[1100] res=-538.2
[16/11/2018 23:21:46] >> run[0]ep[1200] res=-537.78
[16/11/2018 23:21:51] >> run[0]ep[1300] res=-531.92
[16/11/2018 23:21:57] >> run[0]ep[1400] res=-533.78
[16/11/2018 23:22:02] >> run[0]ep[1500] res=-532.32
[16/11/2018 23:22:08] >> run[0]ep[1600] res=-531.72
[16/11/2018 23:22:15] >> run[0]ep[1700] res=-535.26
[16/11/2018 23:22:20] >> run[0]ep[1800] res=-534.74
[16/11/2018 23:22:26] >> run[0]ep[1900] res=-530.5
[16/11/2018 23:22:32] >> run[0]ep[2000] res=-539.46
[16/11/2018 23:22:38] >> run[0]ep[2100] res=-531.7
[16/11/2018 23:22:43] >> run[0]ep[2200] res=-532.64
[16/11/2018 23:22:49] >> run[0]ep[2300] res=-534.4
[16/11/2018 23:22:55] >> run[0]ep[2400] res=-532.3
[16/11/2018 23:23:00] >> run[0]ep[2500] res=-534.08
[16/11/2018 23:23:06] >> run[0]ep[2600] res=-535.26
[16/11/2018 23:23:11] >> run[0]ep[2700] res=-531.78
[16/11/2018 23:23:17] >> run[0]ep[2800] res=-532.42
[16/11/2018 23:23:23] >> run[0]ep[2900] res=-537.12
[16/11/2018 23:23:29] >> run[0]ep[3000] res=-536.4
[16/11/2018 23:23:34] >> run[0]ep[3100] res=-531.68
[16/11/2018 23:23:40] >> run[0]ep[3200] res=-534.42
[16/11/2018 23:23:46] >> run[0]ep[3300] res=-536.4
[16/11/2018 23:23:51] >> run[0]ep[3400] res=-538.94
[16/11/2018 23:23:57] >> run[0]ep[3500] res=-532.64
[16/11/2018 23:24:02] >> run[0]ep[3600] res=-534.12
[16/11/2018 23:24:08] >> run[0]ep[3700] res=-531.14
[16/11/2018 23:24:14] >> run[0]ep[3800] res=-533.56
[16/11/2018 23:24:20] >> run[0]ep[3900] res=-529.52
[16/11/2018 23:24:26] >> run[0]ep[4000] res=-535.98
[16/11/2018 23:24:31] >> run[0]ep[4100] res=-535.04
[16/11/2018 23:24:36] >> run[0]ep[4200] res=-538.9
[16/11/2018 23:24:42] >> run[0]ep[4300] res=-530.0
[16/11/2018 23:24:47] >> run[0]ep[4400] res=-535.36
[16/11/2018 23:24:53] >> run[0]ep[4500] res=-534.56
[16/11/2018 23:24:59] >> run[0]ep[4600] res=-534.12
[16/11/2018 23:25:05] >> run[0]ep[4700] res=-533.26
[16/11/2018 23:25:10] >> run[0]ep[4800] res=-536.68
[16/11/2018 23:25:16] >> run[0]ep[4900] res=-533.68
[16/11/2018 23:25:21] >> run[0]ep[5000] res=-529.04
[16/11/2018 23:25:26] >> run[0]ep[5100] res=-534.1
[16/11/2018 23:25:32] >> run[0]ep[5200] res=-535.32
[16/11/2018 23:25:37] >> run[0]ep[5300] res=-533.58
[16/11/2018 23:25:43] >> run[0]ep[5400] res=-531.98
[16/11/2018 23:25:49] >> run[0]ep[5500] res=-531.3
[16/11/2018 23:25:53] >> run[0]ep[5600] res=-536.38
[16/11/2018 23:25:59] >> run[0]ep[5700] res=-532.24
[16/11/2018 23:26:05] >> run[0]ep[5800] res=-534.6
[16/11/2018 23:26:10] >> run[0]ep[5900] res=-533.34
[16/11/2018 23:26:15] >> run[0]ep[6000] res=-535.98
[16/11/2018 23:26:21] >> run[0]ep[6100] res=-530.32
[16/11/2018 23:26:26] >> run[0]ep[6200] res=-531.64
[16/11/2018 23:26:31] >> run[0]ep[6300] res=-531.46
[16/11/2018 23:26:37] >> run[0]ep[6400] res=-531.14
[16/11/2018 23:26:43] >> run[0]ep[6500] res=-535.22
[16/11/2018 23:26:48] >> run[0]ep[6600] res=-532.44
[16/11/2018 23:26:54] >> run[0]ep[6700] res=-531.56
[16/11/2018 23:26:59] >> run[0]ep[6800] res=-534.8
[16/11/2018 23:27:04] >> run[0]ep[6900] res=-536.52
[16/11/2018 23:27:09] >> run[0]ep[7000] res=-535.3
[16/11/2018 23:27:15] >> run[0]ep[7100] res=-533.26
[16/11/2018 23:27:20] >> run[0]ep[7200] res=-535.48
[16/11/2018 23:27:26] >> run[0]ep[7300] res=-534.1
[16/11/2018 23:27:31] >> run[0]ep[7400] res=-534.84
[16/11/2018 23:27:37] >> run[0]ep[7500] res=-533.68
[16/11/2018 23:27:42] >> run[0]ep[7600] res=-535.02
[16/11/2018 23:27:48] >> run[0]ep[7700] res=-528.12
[16/11/2018 23:27:53] >> run[0]ep[7800] res=-538.38
[16/11/2018 23:27:58] >> run[0]ep[7900] res=-533.24
[16/11/2018 23:28:03] >> run[0]ep[8000] res=-531.08
[16/11/2018 23:28:09] >> run[0]ep[8100] res=-531.78
[16/11/2018 23:28:14] >> run[0]ep[8200] res=-530.98
[16/11/2018 23:28:20] >> run[0]ep[8300] res=-536.92
[16/11/2018 23:28:25] >> run[0]ep[8400] res=-537.26
[16/11/2018 23:28:30] >> run[0]ep[8500] res=-536.82
[16/11/2018 23:28:36] >> run[0]ep[8600] res=-528.86
[16/11/2018 23:28:42] >> run[0]ep[8700] res=-535.36
[16/11/2018 23:28:47] >> run[0]ep[8800] res=-534.46
[16/11/2018 23:28:53] >> run[0]ep[8900] res=-533.88
[16/11/2018 23:28:59] >> run[0]ep[9000] res=-533.88
[16/11/2018 23:29:05] >> run[0]ep[9100] res=-530.72
[16/11/2018 23:29:10] >> run[0]ep[9200] res=-537.26
[16/11/2018 23:29:16] >> run[0]ep[9300] res=-533.34
[16/11/2018 23:29:21] >> run[0]ep[9400] res=-537.68
[16/11/2018 23:29:26] >> run[0]ep[9500] res=-531.12
[16/11/2018 23:29:32] >> run[0]ep[9600] res=-532.84
[16/11/2018 23:29:37] >> run[0]ep[9700] res=-534.46
[16/11/2018 23:29:43] >> run[0]ep[9800] res=-536.9
[16/11/2018 23:29:48] >> run[0]ep[9900] res=-535.46
[16/11/2018 23:29:53] >> run[0]ep[10000] res=-536.72
[16/11/2018 23:29:59] >> run[0]ep[10100] res=-533.46
[16/11/2018 23:30:04] >> run[0]ep[10200] res=-533.54
[16/11/2018 23:30:09] >> run[0]ep[10300] res=-537.86
[16/11/2018 23:30:15] >> run[0]ep[10400] res=-535.62
[16/11/2018 23:30:20] >> run[0]ep[10500] res=-537.34
[16/11/2018 23:30:26] >> run[0]ep[10600] res=-537.68
[16/11/2018 23:30:31] >> run[0]ep[10700] res=-532.1
[16/11/2018 23:30:37] >> run[0]ep[10800] res=-535.72
[16/11/2018 23:30:42] >> run[0]ep[10900] res=-533.28
[16/11/2018 23:30:47] >> run[0]ep[11000] res=-536.22
[16/11/2018 23:30:53] >> run[0]ep[11100] res=-533.08
[16/11/2018 23:30:58] >> run[0]ep[11200] res=-536.82
[16/11/2018 23:31:03] >> run[0]ep[11300] res=-536.94
[16/11/2018 23:31:08] >> run[0]ep[11400] res=-535.36
[16/11/2018 23:31:14] >> run[0]ep[11500] res=-537.12
[16/11/2018 23:31:18] >> run[0]ep[11600] res=-533.96
[16/11/2018 23:31:24] >> run[0]ep[11700] res=-535.78
[16/11/2018 23:31:29] >> run[0]ep[11800] res=-536.54
[16/11/2018 23:31:35] >> run[0]ep[11900] res=-536.86
[16/11/2018 23:31:41] >> run[0]ep[12000] res=-536.72
[16/11/2018 23:31:47] >> run[0]ep[12100] res=-531.62
[16/11/2018 23:31:52] >> run[0]ep[12200] res=-534.2
[16/11/2018 23:31:58] >> run[0]ep[12300] res=-533.52
[16/11/2018 23:32:04] >> run[0]ep[12400] res=-531.26
[16/11/2018 23:32:09] >> run[0]ep[12500] res=-538.06
[16/11/2018 23:32:15] >> run[0]ep[12600] res=-536.62
[16/11/2018 23:32:21] >> run[0]ep[12700] res=-532.12
[16/11/2018 23:32:26] >> run[0]ep[12800] res=-533.9
[16/11/2018 23:32:32] >> run[0]ep[12900] res=-530.78
[16/11/2018 23:32:37] >> run[0]ep[13000] res=-535.24
[16/11/2018 23:32:43] >> run[0]ep[13100] res=-533.16
[16/11/2018 23:32:49] >> run[0]ep[13200] res=-530.86
[16/11/2018 23:32:54] >> run[0]ep[13300] res=-533.44
[16/11/2018 23:32:59] >> run[0]ep[13400] res=-535.42
[16/11/2018 23:33:05] >> run[0]ep[13500] res=-530.88
[16/11/2018 23:33:11] >> run[0]ep[13600] res=-533.9
[16/11/2018 23:33:16] >> run[0]ep[13700] res=-537.32
[16/11/2018 23:33:22] >> run[0]ep[13800] res=-535.28
[16/11/2018 23:33:28] >> run[0]ep[13900] res=-533.36
[16/11/2018 23:33:33] >> run[0]ep[14000] res=-536.06
[16/11/2018 23:33:39] >> run[0]ep[14100] res=-536.84
[16/11/2018 23:33:44] >> run[0]ep[14200] res=-534.7
[16/11/2018 23:33:50] >> run[0]ep[14300] res=-532.8
[16/11/2018 23:33:55] >> run[0]ep[14400] res=-538.68
[16/11/2018 23:34:01] >> run[0]ep[14500] res=-534.06
[16/11/2018 23:34:06] >> run[0]ep[14600] res=-535.16
[16/11/2018 23:34:12] >> run[0]ep[14700] res=-534.24
[16/11/2018 23:34:18] >> run[0]ep[14800] res=-533.82
[16/11/2018 23:34:23] >> run[0]ep[14900] res=-534.74
[16/11/2018 23:34:29] >> run[0]ep[15000] res=-534.18
[16/11/2018 23:34:35] >> run[0]ep[15100] res=-533.66
[16/11/2018 23:34:41] >> run[0]ep[15200] res=-534.4
[16/11/2018 23:34:46] >> run[0]ep[15300] res=-532.0
[16/11/2018 23:34:52] >> run[0]ep[15400] res=-534.54
[16/11/2018 23:34:57] >> run[0]ep[15500] res=-537.24
[16/11/2018 23:35:03] >> run[0]ep[15600] res=-531.4
[16/11/2018 23:35:09] >> run[0]ep[15700] res=-529.02
[16/11/2018 23:35:14] >> run[0]ep[15800] res=-535.04
[16/11/2018 23:35:20] >> run[0]ep[15900] res=-532.72
[16/11/2018 23:35:25] >> run[0]ep[16000] res=-533.86
[16/11/2018 23:35:30] >> run[0]ep[16100] res=-535.64
[16/11/2018 23:35:36] >> run[0]ep[16200] res=-536.28
[16/11/2018 23:35:41] >> run[0]ep[16300] res=-534.92
[16/11/2018 23:35:46] >> run[0]ep[16400] res=-531.88
[16/11/2018 23:35:52] >> run[0]ep[16500] res=-536.72
[16/11/2018 23:35:58] >> run[0]ep[16600] res=-533.56
[16/11/2018 23:36:03] >> run[0]ep[16700] res=-534.86
[16/11/2018 23:36:09] >> run[0]ep[16800] res=-534.08
[16/11/2018 23:36:15] >> run[0]ep[16900] res=-529.84
[16/11/2018 23:36:21] >> run[0]ep[17000] res=-536.32
[16/11/2018 23:36:26] >> run[0]ep[17100] res=-532.3
[16/11/2018 23:36:32] >> run[0]ep[17200] res=-534.42
[16/11/2018 23:36:38] >> run[0]ep[17300] res=-530.92
[16/11/2018 23:36:43] >> run[0]ep[17400] res=-535.02
[16/11/2018 23:36:49] >> run[0]ep[17500] res=-535.14
[16/11/2018 23:36:54] >> run[0]ep[17600] res=-535.76
[16/11/2018 23:37:00] >> run[0]ep[17700] res=-537.3
[16/11/2018 23:37:06] >> run[0]ep[17800] res=-536.24
[16/11/2018 23:37:11] >> run[0]ep[17900] res=-541.58
[16/11/2018 23:37:16] >> run[0]ep[18000] res=-536.52
[16/11/2018 23:37:22] >> run[0]ep[18100] res=-532.48
[16/11/2018 23:37:27] >> run[0]ep[18200] res=-531.36
[16/11/2018 23:37:33] >> run[0]ep[18300] res=-531.66
[16/11/2018 23:37:38] >> run[0]ep[18400] res=-533.44
[16/11/2018 23:37:43] >> run[0]ep[18500] res=-530.74
[16/11/2018 23:37:49] >> run[0]ep[18600] res=-532.88
[16/11/2018 23:37:54] >> run[0]ep[18700] res=-534.42
[16/11/2018 23:38:00] >> run[0]ep[18800] res=-538.7
[16/11/2018 23:38:05] >> run[0]ep[18900] res=-532.32
[16/11/2018 23:38:11] >> run[0]ep[19000] res=-532.24
[16/11/2018 23:38:16] >> run[0]ep[19100] res=-536.92
[16/11/2018 23:38:21] >> run[0]ep[19200] res=-534.34
[16/11/2018 23:38:27] >> run[0]ep[19300] res=-535.16
[16/11/2018 23:38:33] >> run[0]ep[19400] res=-533.84
[16/11/2018 23:38:38] >> run[0]ep[19500] res=-536.78
[16/11/2018 23:38:44] >> run[0]ep[19600] res=-535.88
[16/11/2018 23:38:49] >> run[0]ep[19700] res=-540.52
[16/11/2018 23:38:55] >> run[0]ep[19800] res=-534.54
[16/11/2018 23:39:00] >> run[0]ep[19900] res=-532.84
[16/11/2018 23:39:06] >> run[0]ep[20000] res=-534.08
[16/11/2018 23:39:06] >> Total time: 1176 secs
