<?xml version="1.0" encoding="UTF-8" standalone="no"?>
<!DOCTYPE log SYSTEM "logger.dtd">
<log>
</log>
[16/11/2018 09:37:18] >> Logger created
[16/11/2018 09:37:19] >> Similarities
[16/11/2018 09:38:36] >> run[0]ep[100] res=167.61
[16/11/2018 09:39:25] >> run[0]ep[200] res=565.12
[16/11/2018 09:40:08] >> run[0]ep[300] res=582.86
[16/11/2018 09:40:46] >> run[0]ep[400] res=480.44
[16/11/2018 09:41:21] >> run[0]ep[500] res=188.62
[16/11/2018 09:41:51] >> run[0]ep[600] res=237.38
[16/11/2018 09:42:24] >> run[0]ep[700] res=289.32
[16/11/2018 09:42:54] >> run[0]ep[800] res=408.76
[16/11/2018 09:43:26] >> run[0]ep[900] res=336.88
[16/11/2018 09:43:56] >> run[0]ep[1000] res=463.3
[16/11/2018 09:44:31] >> run[0]ep[1100] res=564.54
[16/11/2018 09:45:02] >> run[0]ep[1200] res=490.32
[16/11/2018 09:45:33] >> run[0]ep[1300] res=471.06
[16/11/2018 09:45:56] >> run[0]ep[1400] res=400.18
[16/11/2018 09:46:23] >> run[0]ep[1500] res=346.36
[16/11/2018 09:46:50] >> run[0]ep[1600] res=352.36
[16/11/2018 09:47:21] >> run[0]ep[1700] res=498.58
[16/11/2018 09:47:52] >> run[0]ep[1800] res=538.5
[16/11/2018 09:48:23] >> run[0]ep[1900] res=478.06
[16/11/2018 09:48:53] >> run[0]ep[2000] res=650.5
[16/11/2018 09:49:14] >> run[0]ep[2100] res=400.66
[16/11/2018 09:49:41] >> run[0]ep[2200] res=377.8
[16/11/2018 09:50:10] >> run[0]ep[2300] res=675.76
[16/11/2018 09:50:37] >> run[0]ep[2400] res=501.48
[16/11/2018 09:51:00] >> run[0]ep[2500] res=658.98
[16/11/2018 09:51:27] >> run[0]ep[2600] res=427.82
[16/11/2018 09:52:02] >> run[0]ep[2700] res=828.22
[16/11/2018 09:52:30] >> run[0]ep[2800] res=662.9
[16/11/2018 09:52:55] >> run[0]ep[2900] res=537.08
[16/11/2018 09:53:20] >> run[0]ep[3000] res=549.3
[16/11/2018 09:53:45] >> run[0]ep[3100] res=513.54
[16/11/2018 09:54:12] >> run[0]ep[3200] res=513.84
[16/11/2018 09:54:37] >> run[0]ep[3300] res=596.08
[16/11/2018 09:55:06] >> run[0]ep[3400] res=568.68
[16/11/2018 09:55:28] >> run[0]ep[3500] res=458.68
[16/11/2018 09:55:53] >> run[0]ep[3600] res=631.18
[16/11/2018 09:56:22] >> run[0]ep[3700] res=691.32
[16/11/2018 09:56:50] >> run[0]ep[3800] res=774.54
[16/11/2018 09:57:17] >> run[0]ep[3900] res=673.14
[16/11/2018 09:57:45] >> run[0]ep[4000] res=726.4
[16/11/2018 09:58:15] >> run[0]ep[4100] res=714.3
[16/11/2018 09:58:43] >> run[0]ep[4200] res=709.62
[16/11/2018 09:59:14] >> run[0]ep[4300] res=820.48
[16/11/2018 09:59:42] >> run[0]ep[4400] res=811.96
[16/11/2018 10:00:11] >> run[0]ep[4500] res=748.8
[16/11/2018 10:00:37] >> run[0]ep[4600] res=707.14
[16/11/2018 10:01:07] >> run[0]ep[4700] res=855.86
[16/11/2018 10:01:38] >> run[0]ep[4800] res=595.28
[16/11/2018 10:02:06] >> run[0]ep[4900] res=741.2
[16/11/2018 10:02:36] >> run[0]ep[5000] res=747.08
[16/11/2018 10:03:01] >> run[0]ep[5100] res=383.84
[16/11/2018 10:03:31] >> run[0]ep[5200] res=803.98
[16/11/2018 10:03:57] >> run[0]ep[5300] res=579.0
[16/11/2018 10:04:29] >> run[0]ep[5400] res=813.8
[16/11/2018 10:05:01] >> run[0]ep[5500] res=640.64
[16/11/2018 10:05:29] >> run[0]ep[5600] res=762.2
[16/11/2018 10:05:56] >> run[0]ep[5700] res=811.3
[16/11/2018 10:06:27] >> run[0]ep[5800] res=613.52
[16/11/2018 10:06:57] >> run[0]ep[5900] res=700.28
[16/11/2018 10:07:24] >> run[0]ep[6000] res=759.2
[16/11/2018 10:07:51] >> run[0]ep[6100] res=831.08
[16/11/2018 10:08:20] >> run[0]ep[6200] res=1113.8
[16/11/2018 10:08:46] >> run[0]ep[6300] res=783.94
[16/11/2018 10:09:15] >> run[0]ep[6400] res=579.98
[16/11/2018 10:09:46] >> run[0]ep[6500] res=894.04
[16/11/2018 10:10:15] >> run[0]ep[6600] res=801.34
[16/11/2018 10:10:44] >> run[0]ep[6700] res=670.5
[16/11/2018 10:11:10] >> run[0]ep[6800] res=541.28
[16/11/2018 10:11:44] >> run[0]ep[6900] res=640.98
[16/11/2018 10:12:11] >> run[0]ep[7000] res=577.28
[16/11/2018 10:12:45] >> run[0]ep[7100] res=1027.92
[16/11/2018 10:13:14] >> run[0]ep[7200] res=709.3
[16/11/2018 10:13:44] >> run[0]ep[7300] res=607.3
[16/11/2018 10:14:16] >> run[0]ep[7400] res=709.26
[16/11/2018 10:14:48] >> run[0]ep[7500] res=881.8
[16/11/2018 10:15:20] >> run[0]ep[7600] res=759.7
[16/11/2018 10:15:49] >> run[0]ep[7700] res=875.46
[16/11/2018 10:16:17] >> run[0]ep[7800] res=680.5
[16/11/2018 10:16:49] >> run[0]ep[7900] res=826.52
[16/11/2018 10:17:22] >> run[0]ep[8000] res=967.26
[16/11/2018 10:17:48] >> run[0]ep[8100] res=944.96
[16/11/2018 10:18:17] >> run[0]ep[8200] res=865.92
[16/11/2018 10:18:51] >> run[0]ep[8300] res=943.6
[16/11/2018 10:19:22] >> run[0]ep[8400] res=836.88
[16/11/2018 10:19:49] >> run[0]ep[8500] res=659.94
[16/11/2018 10:20:20] >> run[0]ep[8600] res=634.66
[16/11/2018 10:20:50] >> run[0]ep[8700] res=940.08
[16/11/2018 10:21:21] >> run[0]ep[8800] res=999.34
[16/11/2018 10:21:52] >> run[0]ep[8900] res=915.58
[16/11/2018 10:22:23] >> run[0]ep[9000] res=1075.98
[16/11/2018 10:22:53] >> run[0]ep[9100] res=945.94
[16/11/2018 10:23:25] >> run[0]ep[9200] res=994.12
[16/11/2018 10:23:55] >> run[0]ep[9300] res=1069.42
[16/11/2018 10:24:23] >> run[0]ep[9400] res=743.36
[16/11/2018 10:24:56] >> run[0]ep[9500] res=957.58
[16/11/2018 10:25:24] >> run[0]ep[9600] res=930.08
[16/11/2018 10:25:54] >> run[0]ep[9700] res=1113.3
[16/11/2018 10:26:24] >> run[0]ep[9800] res=986.88
[16/11/2018 10:26:59] >> run[0]ep[9900] res=949.66
[16/11/2018 10:27:31] >> run[0]ep[10000] res=1101.56
[16/11/2018 10:28:04] >> run[0]ep[10100] res=1082.64
[16/11/2018 10:28:36] >> run[0]ep[10200] res=816.84
[16/11/2018 10:29:06] >> run[0]ep[10300] res=1005.84
[16/11/2018 10:29:33] >> run[0]ep[10400] res=798.04
[16/11/2018 10:30:01] >> run[0]ep[10500] res=721.76
[16/11/2018 10:30:38] >> run[0]ep[10600] res=1046.74
[16/11/2018 10:31:07] >> run[0]ep[10700] res=751.4
[16/11/2018 10:31:33] >> run[0]ep[10800] res=970.08
[16/11/2018 10:32:05] >> run[0]ep[10900] res=844.78
[16/11/2018 10:32:34] >> run[0]ep[11000] res=858.02
[16/11/2018 10:33:03] >> run[0]ep[11100] res=723.02
[16/11/2018 10:33:35] >> run[0]ep[11200] res=1085.3
[16/11/2018 10:34:08] >> run[0]ep[11300] res=1017.26
[16/11/2018 10:34:39] >> run[0]ep[11400] res=930.4
[16/11/2018 10:35:09] >> run[0]ep[11500] res=997.84
[16/11/2018 10:35:42] >> run[0]ep[11600] res=1099.6
[16/11/2018 10:36:17] >> run[0]ep[11700] res=754.78
[16/11/2018 10:36:47] >> run[0]ep[11800] res=765.22
[16/11/2018 10:37:25] >> run[0]ep[11900] res=1024.12
[16/11/2018 10:37:57] >> run[0]ep[12000] res=881.32
[16/11/2018 10:38:30] >> run[0]ep[12100] res=1076.28
[16/11/2018 10:39:05] >> run[0]ep[12200] res=811.96
[16/11/2018 10:39:37] >> run[0]ep[12300] res=771.16
[16/11/2018 10:40:12] >> run[0]ep[12400] res=698.4
[16/11/2018 10:40:47] >> run[0]ep[12500] res=811.58
[16/11/2018 10:41:19] >> run[0]ep[12600] res=980.98
[16/11/2018 10:41:51] >> run[0]ep[12700] res=1002.88
[16/11/2018 10:42:19] >> run[0]ep[12800] res=883.54
[16/11/2018 10:42:50] >> run[0]ep[12900] res=1018.72
[16/11/2018 10:43:27] >> run[0]ep[13000] res=955.94
[16/11/2018 10:43:59] >> run[0]ep[13100] res=970.32
[16/11/2018 10:44:30] >> run[0]ep[13200] res=1187.22
[16/11/2018 10:45:03] >> run[0]ep[13300] res=1099.68
[16/11/2018 10:45:33] >> run[0]ep[13400] res=1039.36
[16/11/2018 10:46:02] >> run[0]ep[13500] res=1118.32
[16/11/2018 10:46:34] >> run[0]ep[13600] res=1071.6
[16/11/2018 10:47:07] >> run[0]ep[13700] res=917.78
[16/11/2018 10:47:38] >> run[0]ep[13800] res=854.64
[16/11/2018 10:48:11] >> run[0]ep[13900] res=1104.5
[16/11/2018 10:48:43] >> run[0]ep[14000] res=1128.44
[16/11/2018 10:49:18] >> run[0]ep[14100] res=1142.76
[16/11/2018 10:49:51] >> run[0]ep[14200] res=1431.46
[16/11/2018 10:50:22] >> run[0]ep[14300] res=1112.94
[16/11/2018 10:50:54] >> run[0]ep[14400] res=1012.4
[16/11/2018 10:51:24] >> run[0]ep[14500] res=862.58
[16/11/2018 10:51:57] >> run[0]ep[14600] res=1110.38
[16/11/2018 10:52:27] >> run[0]ep[14700] res=1063.04
[16/11/2018 10:52:57] >> run[0]ep[14800] res=952.86
[16/11/2018 10:53:30] >> run[0]ep[14900] res=1065.32
[16/11/2018 10:54:03] >> run[0]ep[15000] res=1012.34
[16/11/2018 10:54:32] >> run[0]ep[15100] res=1008.44
[16/11/2018 10:55:04] >> run[0]ep[15200] res=931.94
[16/11/2018 10:55:43] >> run[0]ep[15300] res=1297.34
[16/11/2018 10:56:16] >> run[0]ep[15400] res=1127.46
[16/11/2018 10:56:48] >> run[0]ep[15500] res=928.16
[16/11/2018 10:57:22] >> run[0]ep[15600] res=1225.56
[16/11/2018 10:57:53] >> run[0]ep[15700] res=1296.44
[16/11/2018 10:58:26] >> run[0]ep[15800] res=1327.56
[16/11/2018 10:58:58] >> run[0]ep[15900] res=1311.02
[16/11/2018 10:59:31] >> run[0]ep[16000] res=1034.06
[16/11/2018 11:00:03] >> run[0]ep[16100] res=1006.7
[16/11/2018 11:00:34] >> run[0]ep[16200] res=1028.84
[16/11/2018 11:01:04] >> run[0]ep[16300] res=925.94
[16/11/2018 11:01:34] >> run[0]ep[16400] res=1184.0
[16/11/2018 11:02:06] >> run[0]ep[16500] res=1161.9
[16/11/2018 11:02:36] >> run[0]ep[16600] res=1090.66
[16/11/2018 11:03:08] >> run[0]ep[16700] res=1014.52
[16/11/2018 11:03:42] >> run[0]ep[16800] res=1336.4
[16/11/2018 11:04:10] >> run[0]ep[16900] res=1116.88
[16/11/2018 11:04:40] >> run[0]ep[17000] res=980.0
[16/11/2018 11:05:09] >> run[0]ep[17100] res=885.02
[16/11/2018 11:05:40] >> run[0]ep[17200] res=986.94
[16/11/2018 11:06:08] >> run[0]ep[17300] res=983.98
[16/11/2018 11:06:38] >> run[0]ep[17400] res=993.28
[16/11/2018 11:07:11] >> run[0]ep[17500] res=1176.32
[16/11/2018 11:07:45] >> run[0]ep[17600] res=1079.44
[16/11/2018 11:08:16] >> run[0]ep[17700] res=1023.66
[16/11/2018 11:08:51] >> run[0]ep[17800] res=1249.72
[16/11/2018 11:09:22] >> run[0]ep[17900] res=1124.24
[16/11/2018 11:09:57] >> run[0]ep[18000] res=1365.54
[16/11/2018 11:10:33] >> run[0]ep[18100] res=1163.64
[16/11/2018 11:11:07] >> run[0]ep[18200] res=1184.24
[16/11/2018 11:11:39] >> run[0]ep[18300] res=1090.02
[16/11/2018 11:12:11] >> run[0]ep[18400] res=1145.96
[16/11/2018 11:12:42] >> run[0]ep[18500] res=1015.32
[16/11/2018 11:13:14] >> run[0]ep[18600] res=1184.42
[16/11/2018 11:13:44] >> run[0]ep[18700] res=927.16
[16/11/2018 11:14:15] >> run[0]ep[18800] res=1220.02
[16/11/2018 11:14:48] >> run[0]ep[18900] res=1323.84
[16/11/2018 11:15:20] >> run[0]ep[19000] res=1340.44
[16/11/2018 11:15:52] >> run[0]ep[19100] res=1191.96
[16/11/2018 11:16:21] >> run[0]ep[19200] res=1053.6
[16/11/2018 11:16:52] >> run[0]ep[19300] res=953.84
[16/11/2018 11:17:24] >> run[0]ep[19400] res=1168.9
[16/11/2018 11:18:00] >> run[0]ep[19500] res=1059.16
[16/11/2018 11:18:38] >> run[0]ep[19600] res=1146.72
[16/11/2018 11:19:16] >> run[0]ep[19700] res=1273.34
[16/11/2018 11:19:50] >> run[0]ep[19800] res=1125.68
[16/11/2018 11:20:24] >> run[0]ep[19900] res=924.68
[16/11/2018 11:20:59] >> run[0]ep[20000] res=987.94
[16/11/2018 11:20:59] >> Total time: 6219 secs
[16/11/2018 11:20:59] >> Basic Q Learning
[16/11/2018 11:21:04] >> run[0]ep[100] res=-93.73
[16/11/2018 11:21:07] >> run[0]ep[200] res=21.9
[16/11/2018 11:21:10] >> run[0]ep[300] res=96.1
[16/11/2018 11:21:13] >> run[0]ep[400] res=-213.6
[16/11/2018 11:21:16] >> run[0]ep[500] res=-21.96
[16/11/2018 11:21:19] >> run[0]ep[600] res=-291.76
[16/11/2018 11:21:22] >> run[0]ep[700] res=218.58
[16/11/2018 11:21:25] >> run[0]ep[800] res=349.7
[16/11/2018 11:21:28] >> run[0]ep[900] res=204.74
[16/11/2018 11:21:31] >> run[0]ep[1000] res=109.36
[16/11/2018 11:21:34] >> run[0]ep[1100] res=6.94
[16/11/2018 11:21:37] >> run[0]ep[1200] res=-100.22
[16/11/2018 11:21:40] >> run[0]ep[1300] res=50.52
[16/11/2018 11:21:42] >> run[0]ep[1400] res=562.74
[16/11/2018 11:21:45] >> run[0]ep[1500] res=350.0
[16/11/2018 11:21:48] >> run[0]ep[1600] res=449.2
[16/11/2018 11:21:50] >> run[0]ep[1700] res=208.66
[16/11/2018 11:21:53] >> run[0]ep[1800] res=160.42
[16/11/2018 11:21:57] >> run[0]ep[1900] res=189.04
[16/11/2018 11:21:59] >> run[0]ep[2000] res=3.8
[16/11/2018 11:22:03] >> run[0]ep[2100] res=17.64
[16/11/2018 11:22:06] >> run[0]ep[2200] res=498.08
[16/11/2018 11:22:09] >> run[0]ep[2300] res=428.0
[16/11/2018 11:22:12] >> run[0]ep[2400] res=209.22
[16/11/2018 11:22:15] >> run[0]ep[2500] res=437.22
[16/11/2018 11:22:18] >> run[0]ep[2600] res=644.92
[16/11/2018 11:22:21] >> run[0]ep[2700] res=580.72
[16/11/2018 11:22:24] >> run[0]ep[2800] res=512.52
[16/11/2018 11:22:27] >> run[0]ep[2900] res=620.34
[16/11/2018 11:22:30] >> run[0]ep[3000] res=724.12
[16/11/2018 11:22:33] >> run[0]ep[3100] res=855.18
[16/11/2018 11:22:36] >> run[0]ep[3200] res=650.16
[16/11/2018 11:22:39] >> run[0]ep[3300] res=890.64
[16/11/2018 11:22:41] >> run[0]ep[3400] res=525.04
[16/11/2018 11:22:44] >> run[0]ep[3500] res=428.36
[16/11/2018 11:22:47] >> run[0]ep[3600] res=877.84
[16/11/2018 11:22:50] >> run[0]ep[3700] res=1073.18
[16/11/2018 11:22:53] >> run[0]ep[3800] res=1012.28
[16/11/2018 11:22:55] >> run[0]ep[3900] res=728.62
[16/11/2018 11:22:58] >> run[0]ep[4000] res=903.8
[16/11/2018 11:23:01] >> run[0]ep[4100] res=917.0
[16/11/2018 11:23:04] >> run[0]ep[4200] res=1015.14
[16/11/2018 11:23:07] >> run[0]ep[4300] res=1003.64
[16/11/2018 11:23:10] >> run[0]ep[4400] res=1107.92
[16/11/2018 11:23:13] >> run[0]ep[4500] res=1098.12
[16/11/2018 11:23:16] >> run[0]ep[4600] res=859.9
[16/11/2018 11:23:19] >> run[0]ep[4700] res=1285.04
[16/11/2018 11:23:22] >> run[0]ep[4800] res=1121.66
[16/11/2018 11:23:25] >> run[0]ep[4900] res=1101.42
[16/11/2018 11:23:28] >> run[0]ep[5000] res=801.64
[16/11/2018 11:23:31] >> run[0]ep[5100] res=1073.2
[16/11/2018 11:23:34] >> run[0]ep[5200] res=1071.6
[16/11/2018 11:23:37] >> run[0]ep[5300] res=1229.4
[16/11/2018 11:23:40] >> run[0]ep[5400] res=1175.3
[16/11/2018 11:23:43] >> run[0]ep[5500] res=950.86
[16/11/2018 11:23:46] >> run[0]ep[5600] res=842.42
[16/11/2018 11:23:49] >> run[0]ep[5700] res=720.66
[16/11/2018 11:23:52] >> run[0]ep[5800] res=714.0
[16/11/2018 11:23:55] >> run[0]ep[5900] res=606.5
[16/11/2018 11:23:58] >> run[0]ep[6000] res=1026.48
[16/11/2018 11:24:01] >> run[0]ep[6100] res=903.2
[16/11/2018 11:24:04] >> run[0]ep[6200] res=671.22
[16/11/2018 11:24:07] >> run[0]ep[6300] res=1090.44
[16/11/2018 11:24:09] >> run[0]ep[6400] res=1063.78
[16/11/2018 11:24:12] >> run[0]ep[6500] res=1108.68
[16/11/2018 11:24:15] >> run[0]ep[6600] res=1104.04
[16/11/2018 11:24:18] >> run[0]ep[6700] res=820.6
[16/11/2018 11:24:21] >> run[0]ep[6800] res=976.58
[16/11/2018 11:24:24] >> run[0]ep[6900] res=929.84
[16/11/2018 11:24:26] >> run[0]ep[7000] res=1310.86
[16/11/2018 11:24:29] >> run[0]ep[7100] res=1143.28
[16/11/2018 11:24:32] >> run[0]ep[7200] res=1370.26
[16/11/2018 11:24:34] >> run[0]ep[7300] res=1378.58
[16/11/2018 11:24:37] >> run[0]ep[7400] res=1368.66
[16/11/2018 11:24:40] >> run[0]ep[7500] res=1371.4
[16/11/2018 11:24:43] >> run[0]ep[7600] res=1411.12
[16/11/2018 11:24:46] >> run[0]ep[7700] res=1363.56
[16/11/2018 11:24:49] >> run[0]ep[7800] res=1384.12
[16/11/2018 11:24:51] >> run[0]ep[7900] res=1437.48
[16/11/2018 11:24:54] >> run[0]ep[8000] res=1264.42
[16/11/2018 11:24:57] >> run[0]ep[8100] res=1399.62
[16/11/2018 11:25:00] >> run[0]ep[8200] res=1425.02
[16/11/2018 11:25:02] >> run[0]ep[8300] res=1447.46
[16/11/2018 11:25:05] >> run[0]ep[8400] res=1462.3
[16/11/2018 11:25:08] >> run[0]ep[8500] res=1419.62
[16/11/2018 11:25:10] >> run[0]ep[8600] res=1358.74
[16/11/2018 11:25:12] >> run[0]ep[8700] res=1327.42
[16/11/2018 11:25:15] >> run[0]ep[8800] res=1288.74
[16/11/2018 11:25:18] >> run[0]ep[8900] res=1417.86
[16/11/2018 11:25:20] >> run[0]ep[9000] res=1466.86
[16/11/2018 11:25:23] >> run[0]ep[9100] res=1148.58
[16/11/2018 11:25:25] >> run[0]ep[9200] res=1530.98
[16/11/2018 11:25:28] >> run[0]ep[9300] res=1456.5
[16/11/2018 11:25:31] >> run[0]ep[9400] res=1445.36
[16/11/2018 11:25:34] >> run[0]ep[9500] res=1615.36
[16/11/2018 11:25:36] >> run[0]ep[9600] res=1369.24
[16/11/2018 11:25:39] >> run[0]ep[9700] res=1425.86
[16/11/2018 11:25:42] >> run[0]ep[9800] res=1309.56
[16/11/2018 11:25:44] >> run[0]ep[9900] res=1609.88
[16/11/2018 11:25:47] >> run[0]ep[10000] res=1576.86
[16/11/2018 11:25:50] >> run[0]ep[10100] res=1468.0
[16/11/2018 11:25:53] >> run[0]ep[10200] res=1408.9
[16/11/2018 11:25:55] >> run[0]ep[10300] res=1615.8
[16/11/2018 11:25:58] >> run[0]ep[10400] res=1481.56
[16/11/2018 11:26:01] >> run[0]ep[10500] res=1484.22
[16/11/2018 11:26:04] >> run[0]ep[10600] res=1487.36
[16/11/2018 11:26:06] >> run[0]ep[10700] res=1405.2
[16/11/2018 11:26:09] >> run[0]ep[10800] res=1393.14
[16/11/2018 11:26:12] >> run[0]ep[10900] res=1305.36
[16/11/2018 11:26:14] >> run[0]ep[11000] res=1300.32
[16/11/2018 11:26:17] >> run[0]ep[11100] res=1274.02
[16/11/2018 11:26:19] >> run[0]ep[11200] res=1283.54
[16/11/2018 11:26:22] >> run[0]ep[11300] res=1356.96
[16/11/2018 11:26:25] >> run[0]ep[11400] res=1551.18
[16/11/2018 11:26:28] >> run[0]ep[11500] res=1686.56
[16/11/2018 11:26:30] >> run[0]ep[11600] res=1558.78
[16/11/2018 11:26:33] >> run[0]ep[11700] res=1306.58
[16/11/2018 11:26:36] >> run[0]ep[11800] res=1370.22
[16/11/2018 11:26:38] >> run[0]ep[11900] res=1073.64
[16/11/2018 11:26:41] >> run[0]ep[12000] res=1298.24
[16/11/2018 11:26:44] >> run[0]ep[12100] res=1429.02
[16/11/2018 11:26:47] >> run[0]ep[12200] res=1272.84
[16/11/2018 11:26:49] >> run[0]ep[12300] res=1495.14
[16/11/2018 11:26:52] >> run[0]ep[12400] res=1138.82
[16/11/2018 11:26:55] >> run[0]ep[12500] res=1602.46
[16/11/2018 11:26:57] >> run[0]ep[12600] res=1364.06
[16/11/2018 11:27:00] >> run[0]ep[12700] res=1338.42
[16/11/2018 11:27:02] >> run[0]ep[12800] res=1286.56
[16/11/2018 11:27:05] >> run[0]ep[12900] res=1396.46
[16/11/2018 11:27:08] >> run[0]ep[13000] res=1728.56
[16/11/2018 11:27:11] >> run[0]ep[13100] res=1479.7
[16/11/2018 11:27:13] >> run[0]ep[13200] res=1404.4
[16/11/2018 11:27:16] >> run[0]ep[13300] res=1461.48
[16/11/2018 11:27:19] >> run[0]ep[13400] res=1353.12
[16/11/2018 11:27:21] >> run[0]ep[13500] res=1284.32
[16/11/2018 11:27:24] >> run[0]ep[13600] res=1443.22
[16/11/2018 11:27:27] >> run[0]ep[13700] res=1427.14
[16/11/2018 11:27:29] >> run[0]ep[13800] res=1450.58
[16/11/2018 11:27:32] >> run[0]ep[13900] res=1163.28
[16/11/2018 11:27:35] >> run[0]ep[14000] res=1345.98
[16/11/2018 11:27:37] >> run[0]ep[14100] res=1333.12
[16/11/2018 11:27:40] >> run[0]ep[14200] res=1377.96
[16/11/2018 11:27:43] >> run[0]ep[14300] res=1509.46
[16/11/2018 11:27:45] >> run[0]ep[14400] res=1582.48
[16/11/2018 11:27:48] >> run[0]ep[14500] res=1257.42
[16/11/2018 11:27:51] >> run[0]ep[14600] res=1561.66
[16/11/2018 11:27:54] >> run[0]ep[14700] res=1461.08
[16/11/2018 11:27:56] >> run[0]ep[14800] res=1541.74
[16/11/2018 11:27:59] >> run[0]ep[14900] res=1407.78
[16/11/2018 11:28:02] >> run[0]ep[15000] res=1389.2
[16/11/2018 11:28:05] >> run[0]ep[15100] res=1540.52
[16/11/2018 11:28:08] >> run[0]ep[15200] res=1287.4
[16/11/2018 11:28:11] >> run[0]ep[15300] res=1660.44
[16/11/2018 11:28:13] >> run[0]ep[15400] res=1539.52
[16/11/2018 11:28:16] >> run[0]ep[15500] res=1854.56
[16/11/2018 11:28:19] >> run[0]ep[15600] res=1692.8
[16/11/2018 11:28:22] >> run[0]ep[15700] res=1610.54
[16/11/2018 11:28:25] >> run[0]ep[15800] res=1370.74
[16/11/2018 11:28:28] >> run[0]ep[15900] res=1570.86
[16/11/2018 11:28:31] >> run[0]ep[16000] res=1561.78
[16/11/2018 11:28:34] >> run[0]ep[16100] res=1435.44
[16/11/2018 11:28:36] >> run[0]ep[16200] res=1591.3
[16/11/2018 11:28:39] >> run[0]ep[16300] res=1728.0
[16/11/2018 11:28:42] >> run[0]ep[16400] res=1573.02
[16/11/2018 11:28:44] >> run[0]ep[16500] res=1497.9
[16/11/2018 11:28:47] >> run[0]ep[16600] res=1572.16
[16/11/2018 11:28:50] >> run[0]ep[16700] res=1646.02
[16/11/2018 11:28:53] >> run[0]ep[16800] res=1688.4
[16/11/2018 11:28:56] >> run[0]ep[16900] res=1512.34
[16/11/2018 11:28:59] >> run[0]ep[17000] res=1440.76
[16/11/2018 11:29:02] >> run[0]ep[17100] res=1590.42
[16/11/2018 11:29:04] >> run[0]ep[17200] res=1294.1
[16/11/2018 11:29:07] >> run[0]ep[17300] res=1497.98
[16/11/2018 11:29:10] >> run[0]ep[17400] res=1604.24
[16/11/2018 11:29:13] >> run[0]ep[17500] res=1679.88
[16/11/2018 11:29:16] >> run[0]ep[17600] res=1536.22
[16/11/2018 11:29:19] >> run[0]ep[17700] res=1557.46
[16/11/2018 11:29:21] >> run[0]ep[17800] res=1255.4
[16/11/2018 11:29:24] >> run[0]ep[17900] res=1237.72
[16/11/2018 11:29:27] >> run[0]ep[18000] res=1656.82
[16/11/2018 11:29:30] >> run[0]ep[18100] res=1657.92
[16/11/2018 11:29:32] >> run[0]ep[18200] res=1486.42
[16/11/2018 11:29:35] >> run[0]ep[18300] res=1621.6
[16/11/2018 11:29:38] >> run[0]ep[18400] res=1383.16
[16/11/2018 11:29:40] >> run[0]ep[18500] res=1254.68
[16/11/2018 11:29:43] >> run[0]ep[18600] res=1408.08
[16/11/2018 11:29:46] >> run[0]ep[18700] res=1255.64
[16/11/2018 11:29:48] >> run[0]ep[18800] res=1441.06
[16/11/2018 11:29:51] >> run[0]ep[18900] res=1102.72
[16/11/2018 11:29:54] >> run[0]ep[19000] res=1245.32
[16/11/2018 11:29:57] >> run[0]ep[19100] res=1529.82
[16/11/2018 11:30:00] >> run[0]ep[19200] res=1575.04
[16/11/2018 11:30:02] >> run[0]ep[19300] res=1277.94
[16/11/2018 11:30:05] >> run[0]ep[19400] res=1682.46
[16/11/2018 11:30:08] >> run[0]ep[19500] res=1336.16
[16/11/2018 11:30:11] >> run[0]ep[19600] res=1544.72
[16/11/2018 11:30:13] >> run[0]ep[19700] res=1651.44
[16/11/2018 11:30:16] >> run[0]ep[19800] res=1570.9
[16/11/2018 11:30:19] >> run[0]ep[19900] res=1737.12
[16/11/2018 11:30:22] >> run[0]ep[20000] res=1499.4
[16/11/2018 11:30:22] >> Total time: 563 secs
