<?xml version="1.0" encoding="UTF-8" standalone="no"?>
<!DOCTYPE log SYSTEM "logger.dtd">
<log>
</log>
[16/11/2018 23:51:42] >> Logger created
[16/11/2018 23:51:42] >> Similarities
[16/11/2018 23:53:05] >> run[0]ep[100] res=328.71
[16/11/2018 23:53:54] >> run[0]ep[200] res=424.24
[16/11/2018 23:54:36] >> run[0]ep[300] res=290.32
[16/11/2018 23:55:17] >> run[0]ep[400] res=406.96
[16/11/2018 23:55:55] >> run[0]ep[500] res=511.76
[16/11/2018 23:56:31] >> run[0]ep[600] res=530.98
[16/11/2018 23:57:01] >> run[0]ep[700] res=391.88
[16/11/2018 23:57:38] >> run[0]ep[800] res=454.22
[16/11/2018 23:58:10] >> run[0]ep[900] res=359.5
[16/11/2018 23:58:42] >> run[0]ep[1000] res=413.24
[16/11/2018 23:59:10] >> run[0]ep[1100] res=380.32
[16/11/2018 23:59:39] >> run[0]ep[1200] res=511.74
[17/11/2018 00:00:05] >> run[0]ep[1300] res=292.9
[17/11/2018 00:00:35] >> run[0]ep[1400] res=527.22
[17/11/2018 00:01:08] >> run[0]ep[1500] res=351.2
[17/11/2018 00:01:35] >> run[0]ep[1600] res=278.14
[17/11/2018 00:02:02] >> run[0]ep[1700] res=396.48
[17/11/2018 00:02:31] >> run[0]ep[1800] res=536.86
[17/11/2018 00:02:58] >> run[0]ep[1900] res=384.22
[17/11/2018 00:03:27] >> run[0]ep[2000] res=708.6
[17/11/2018 00:03:56] >> run[0]ep[2100] res=725.74
[17/11/2018 00:04:25] >> run[0]ep[2200] res=560.42
[17/11/2018 00:04:49] >> run[0]ep[2300] res=318.42
[17/11/2018 00:05:17] >> run[0]ep[2400] res=457.36
[17/11/2018 00:05:41] >> run[0]ep[2500] res=590.56
[17/11/2018 00:06:14] >> run[0]ep[2600] res=614.04
[17/11/2018 00:06:41] >> run[0]ep[2700] res=510.8
[17/11/2018 00:07:05] >> run[0]ep[2800] res=564.78
[17/11/2018 00:07:30] >> run[0]ep[2900] res=395.94
[17/11/2018 00:07:57] >> run[0]ep[3000] res=569.78
[17/11/2018 00:08:24] >> run[0]ep[3100] res=493.08
[17/11/2018 00:08:46] >> run[0]ep[3200] res=531.38
[17/11/2018 00:09:10] >> run[0]ep[3300] res=532.9
[17/11/2018 00:09:36] >> run[0]ep[3400] res=545.5
[17/11/2018 00:10:06] >> run[0]ep[3500] res=676.36
[17/11/2018 00:10:34] >> run[0]ep[3600] res=605.2
[17/11/2018 00:11:02] >> run[0]ep[3700] res=699.02
[17/11/2018 00:11:27] >> run[0]ep[3800] res=768.46
[17/11/2018 00:11:51] >> run[0]ep[3900] res=477.62
[17/11/2018 00:12:16] >> run[0]ep[4000] res=441.58
[17/11/2018 00:12:40] >> run[0]ep[4100] res=481.54
[17/11/2018 00:13:03] >> run[0]ep[4200] res=558.52
[17/11/2018 00:13:31] >> run[0]ep[4300] res=707.3
[17/11/2018 00:13:56] >> run[0]ep[4400] res=706.22
[17/11/2018 00:14:23] >> run[0]ep[4500] res=663.88
[17/11/2018 00:14:47] >> run[0]ep[4600] res=599.28
[17/11/2018 00:15:13] >> run[0]ep[4700] res=512.2
[17/11/2018 00:15:40] >> run[0]ep[4800] res=406.4
[17/11/2018 00:16:08] >> run[0]ep[4900] res=607.52
[17/11/2018 00:16:33] >> run[0]ep[5000] res=552.82
[17/11/2018 00:17:00] >> run[0]ep[5100] res=710.48
[17/11/2018 00:17:25] >> run[0]ep[5200] res=614.74
[17/11/2018 00:17:51] >> run[0]ep[5300] res=611.5
[17/11/2018 00:18:17] >> run[0]ep[5400] res=441.5
[17/11/2018 00:18:44] >> run[0]ep[5500] res=692.74
[17/11/2018 00:19:11] >> run[0]ep[5600] res=784.42
[17/11/2018 00:19:41] >> run[0]ep[5700] res=680.54
[17/11/2018 00:20:09] >> run[0]ep[5800] res=916.26
[17/11/2018 00:20:36] >> run[0]ep[5900] res=700.86
[17/11/2018 00:21:01] >> run[0]ep[6000] res=681.5
[17/11/2018 00:21:28] >> run[0]ep[6100] res=600.12
[17/11/2018 00:21:53] >> run[0]ep[6200] res=563.24
[17/11/2018 00:22:22] >> run[0]ep[6300] res=722.32
[17/11/2018 00:22:48] >> run[0]ep[6400] res=693.54
[17/11/2018 00:23:13] >> run[0]ep[6500] res=787.6
[17/11/2018 00:23:37] >> run[0]ep[6600] res=634.8
[17/11/2018 00:24:06] >> run[0]ep[6700] res=645.86
[17/11/2018 00:24:28] >> run[0]ep[6800] res=585.14
[17/11/2018 00:24:56] >> run[0]ep[6900] res=747.0
[17/11/2018 00:25:25] >> run[0]ep[7000] res=683.32
[17/11/2018 00:25:50] >> run[0]ep[7100] res=763.02
[17/11/2018 00:26:15] >> run[0]ep[7200] res=793.64
[17/11/2018 00:26:40] >> run[0]ep[7300] res=559.68
[17/11/2018 00:27:07] >> run[0]ep[7400] res=932.42
[17/11/2018 00:27:30] >> run[0]ep[7500] res=682.5
[17/11/2018 00:28:01] >> run[0]ep[7600] res=947.22
[17/11/2018 00:28:28] >> run[0]ep[7700] res=818.92
[17/11/2018 00:28:55] >> run[0]ep[7800] res=732.62
[17/11/2018 00:29:23] >> run[0]ep[7900] res=905.66
[17/11/2018 00:29:52] >> run[0]ep[8000] res=887.96
[17/11/2018 00:30:22] >> run[0]ep[8100] res=1002.48
[17/11/2018 00:30:52] >> run[0]ep[8200] res=846.44
[17/11/2018 00:31:24] >> run[0]ep[8300] res=968.34
[17/11/2018 00:31:51] >> run[0]ep[8400] res=710.56
[17/11/2018 00:32:18] >> run[0]ep[8500] res=866.0
[17/11/2018 00:32:44] >> run[0]ep[8600] res=995.58
[17/11/2018 00:33:13] >> run[0]ep[8700] res=768.3
[17/11/2018 00:33:40] >> run[0]ep[8800] res=837.68
[17/11/2018 00:34:06] >> run[0]ep[8900] res=734.26
[17/11/2018 00:34:30] >> run[0]ep[9000] res=708.94
[17/11/2018 00:34:57] >> run[0]ep[9100] res=817.0
[17/11/2018 00:35:20] >> run[0]ep[9200] res=596.86
[17/11/2018 00:35:43] >> run[0]ep[9300] res=872.32
[17/11/2018 00:36:05] >> run[0]ep[9400] res=785.32
[17/11/2018 00:36:29] >> run[0]ep[9500] res=901.14
[17/11/2018 00:36:54] >> run[0]ep[9600] res=591.6
[17/11/2018 00:37:21] >> run[0]ep[9700] res=995.82
[17/11/2018 00:37:46] >> run[0]ep[9800] res=823.46
[17/11/2018 00:38:11] >> run[0]ep[9900] res=873.22
[17/11/2018 00:38:36] >> run[0]ep[10000] res=667.74
[17/11/2018 00:39:03] >> run[0]ep[10100] res=952.76
[17/11/2018 00:39:27] >> run[0]ep[10200] res=839.74
[17/11/2018 00:39:51] >> run[0]ep[10300] res=1038.44
[17/11/2018 00:40:13] >> run[0]ep[10400] res=668.28
[17/11/2018 00:40:37] >> run[0]ep[10500] res=849.3
[17/11/2018 00:41:00] >> run[0]ep[10600] res=953.5
[17/11/2018 00:41:23] >> run[0]ep[10700] res=629.9
[17/11/2018 00:41:51] >> run[0]ep[10800] res=766.08
[17/11/2018 00:42:17] >> run[0]ep[10900] res=754.44
[17/11/2018 00:42:46] >> run[0]ep[11000] res=879.6
[17/11/2018 00:43:12] >> run[0]ep[11100] res=1059.72
[17/11/2018 00:43:38] >> run[0]ep[11200] res=1025.68
[17/11/2018 00:44:07] >> run[0]ep[11300] res=898.56
[17/11/2018 00:44:34] >> run[0]ep[11400] res=917.5
[17/11/2018 00:44:58] >> run[0]ep[11500] res=679.36
[17/11/2018 00:45:25] >> run[0]ep[11600] res=935.86
[17/11/2018 00:45:52] >> run[0]ep[11700] res=723.92
[17/11/2018 00:46:17] >> run[0]ep[11800] res=733.44
[17/11/2018 00:46:44] >> run[0]ep[11900] res=749.38
[17/11/2018 00:47:11] >> run[0]ep[12000] res=837.94
[17/11/2018 00:47:38] >> run[0]ep[12100] res=826.3
[17/11/2018 00:48:03] >> run[0]ep[12200] res=824.84
[17/11/2018 00:48:29] >> run[0]ep[12300] res=773.0
[17/11/2018 00:48:51] >> run[0]ep[12400] res=864.8
[17/11/2018 00:49:17] >> run[0]ep[12500] res=640.38
[17/11/2018 00:49:43] >> run[0]ep[12600] res=1051.52
[17/11/2018 00:50:08] >> run[0]ep[12700] res=902.22
[17/11/2018 00:50:36] >> run[0]ep[12800] res=960.34
[17/11/2018 00:51:00] >> run[0]ep[12900] res=839.34
[17/11/2018 00:51:25] >> run[0]ep[13000] res=835.2
[17/11/2018 00:51:48] >> run[0]ep[13100] res=881.76
[17/11/2018 00:52:09] >> run[0]ep[13200] res=786.54
[17/11/2018 00:52:29] >> run[0]ep[13300] res=772.96
[17/11/2018 00:52:57] >> run[0]ep[13400] res=876.92
[17/11/2018 00:53:26] >> run[0]ep[13500] res=985.02
[17/11/2018 00:53:51] >> run[0]ep[13600] res=865.12
[17/11/2018 00:54:14] >> run[0]ep[13700] res=840.3
[17/11/2018 00:54:40] >> run[0]ep[13800] res=826.96
[17/11/2018 00:55:07] >> run[0]ep[13900] res=1008.26
[17/11/2018 00:55:33] >> run[0]ep[14000] res=978.38
[17/11/2018 00:55:57] >> run[0]ep[14100] res=1051.52
[17/11/2018 00:56:20] >> run[0]ep[14200] res=841.86
[17/11/2018 00:56:48] >> run[0]ep[14300] res=1024.66
[17/11/2018 00:57:17] >> run[0]ep[14400] res=1083.32
[17/11/2018 00:57:41] >> run[0]ep[14500] res=956.38
[17/11/2018 00:58:09] >> run[0]ep[14600] res=888.0
[17/11/2018 00:58:37] >> run[0]ep[14700] res=888.76
[17/11/2018 00:59:09] >> run[0]ep[14800] res=1180.08
[17/11/2018 00:59:35] >> run[0]ep[14900] res=817.2
[17/11/2018 00:59:58] >> run[0]ep[15000] res=764.0
[17/11/2018 01:00:23] >> run[0]ep[15100] res=858.3
[17/11/2018 01:00:47] >> run[0]ep[15200] res=691.94
[17/11/2018 01:01:14] >> run[0]ep[15300] res=827.06
[17/11/2018 01:01:43] >> run[0]ep[15400] res=1088.92
[17/11/2018 01:02:11] >> run[0]ep[15500] res=1049.52
[17/11/2018 01:02:36] >> run[0]ep[15600] res=995.78
[17/11/2018 01:03:05] >> run[0]ep[15700] res=1090.88
[17/11/2018 01:03:31] >> run[0]ep[15800] res=916.56
[17/11/2018 01:04:00] >> run[0]ep[15900] res=1090.36
[17/11/2018 01:04:26] >> run[0]ep[16000] res=780.88
[17/11/2018 01:04:49] >> run[0]ep[16100] res=837.68
[17/11/2018 01:05:15] >> run[0]ep[16200] res=1104.82
[17/11/2018 01:05:40] >> run[0]ep[16300] res=935.96
[17/11/2018 01:06:07] >> run[0]ep[16400] res=812.16
[17/11/2018 01:06:33] >> run[0]ep[16500] res=877.0
[17/11/2018 01:06:59] >> run[0]ep[16600] res=1164.76
[17/11/2018 01:07:29] >> run[0]ep[16700] res=1098.24
[17/11/2018 01:07:56] >> run[0]ep[16800] res=935.74
[17/11/2018 01:08:22] >> run[0]ep[16900] res=961.18
[17/11/2018 01:08:48] >> run[0]ep[17000] res=921.04
[17/11/2018 01:09:14] >> run[0]ep[17100] res=1064.04
[17/11/2018 01:09:41] >> run[0]ep[17200] res=1053.22
[17/11/2018 01:10:06] >> run[0]ep[17300] res=1077.1
[17/11/2018 01:10:31] >> run[0]ep[17400] res=1007.7
[17/11/2018 01:10:55] >> run[0]ep[17500] res=843.76
[17/11/2018 01:11:19] >> run[0]ep[17600] res=810.3
[17/11/2018 01:11:44] >> run[0]ep[17700] res=1133.66
[17/11/2018 01:12:12] >> run[0]ep[17800] res=1110.62
[17/11/2018 01:12:38] >> run[0]ep[17900] res=1001.8
[17/11/2018 01:13:05] >> run[0]ep[18000] res=1142.24
[17/11/2018 01:13:31] >> run[0]ep[18100] res=1070.34
[17/11/2018 01:13:58] >> run[0]ep[18200] res=957.02
[17/11/2018 01:14:26] >> run[0]ep[18300] res=855.4
[17/11/2018 01:14:51] >> run[0]ep[18400] res=787.14
[17/11/2018 01:15:18] >> run[0]ep[18500] res=1119.62
[17/11/2018 01:15:45] >> run[0]ep[18600] res=774.8
[17/11/2018 01:16:14] >> run[0]ep[18700] res=1122.3
[17/11/2018 01:16:42] >> run[0]ep[18800] res=1150.56
[17/11/2018 01:17:10] >> run[0]ep[18900] res=897.0
[17/11/2018 01:17:38] >> run[0]ep[19000] res=1105.88
[17/11/2018 01:18:06] >> run[0]ep[19100] res=863.4
[17/11/2018 01:18:35] >> run[0]ep[19200] res=1113.12
[17/11/2018 01:19:03] >> run[0]ep[19300] res=1275.1
[17/11/2018 01:19:31] >> run[0]ep[19400] res=1069.8
[17/11/2018 01:19:58] >> run[0]ep[19500] res=928.0
[17/11/2018 01:20:23] >> run[0]ep[19600] res=1044.36
[17/11/2018 01:20:51] >> run[0]ep[19700] res=971.96
[17/11/2018 01:21:17] >> run[0]ep[19800] res=1114.04
[17/11/2018 01:21:44] >> run[0]ep[19900] res=1089.28
[17/11/2018 01:22:10] >> run[0]ep[20000] res=1145.2
[17/11/2018 01:22:10] >> Total time: 5428 secs
[17/11/2018 01:22:10] >> Basic Q Learning
[17/11/2018 01:22:16] >> run[0]ep[100] res=-177.05
[17/11/2018 01:22:19] >> run[0]ep[200] res=-74.56
[17/11/2018 01:22:22] >> run[0]ep[300] res=-255.68
[17/11/2018 01:22:25] >> run[0]ep[400] res=-271.66
[17/11/2018 01:22:28] >> run[0]ep[500] res=50.16
[17/11/2018 01:22:32] >> run[0]ep[600] res=63.64
[17/11/2018 01:22:35] >> run[0]ep[700] res=253.46
[17/11/2018 01:22:38] >> run[0]ep[800] res=31.96
[17/11/2018 01:22:41] >> run[0]ep[900] res=-2.06
[17/11/2018 01:22:44] >> run[0]ep[1000] res=121.18
[17/11/2018 01:22:47] >> run[0]ep[1100] res=104.22
[17/11/2018 01:22:51] >> run[0]ep[1200] res=2.14
[17/11/2018 01:22:54] >> run[0]ep[1300] res=-61.56
[17/11/2018 01:22:57] >> run[0]ep[1400] res=118.48
[17/11/2018 01:23:00] >> run[0]ep[1500] res=206.64
[17/11/2018 01:23:03] >> run[0]ep[1600] res=648.92
[17/11/2018 01:23:06] >> run[0]ep[1700] res=411.74
[17/11/2018 01:23:10] >> run[0]ep[1800] res=230.7
[17/11/2018 01:23:13] >> run[0]ep[1900] res=41.68
[17/11/2018 01:23:16] >> run[0]ep[2000] res=-32.48
[17/11/2018 01:23:19] >> run[0]ep[2100] res=101.82
[17/11/2018 01:23:22] >> run[0]ep[2200] res=306.02
[17/11/2018 01:23:26] >> run[0]ep[2300] res=-9.22
[17/11/2018 01:23:29] >> run[0]ep[2400] res=102.04
[17/11/2018 01:23:32] >> run[0]ep[2500] res=339.92
[17/11/2018 01:23:35] >> run[0]ep[2600] res=457.0
[17/11/2018 01:23:38] >> run[0]ep[2700] res=630.94
[17/11/2018 01:23:42] >> run[0]ep[2800] res=886.46
[17/11/2018 01:23:45] >> run[0]ep[2900] res=308.2
[17/11/2018 01:23:48] >> run[0]ep[3000] res=416.62
[17/11/2018 01:23:51] >> run[0]ep[3100] res=634.6
[17/11/2018 01:23:54] >> run[0]ep[3200] res=427.24
[17/11/2018 01:23:57] >> run[0]ep[3300] res=722.08
[17/11/2018 01:23:59] >> run[0]ep[3400] res=631.72
[17/11/2018 01:24:02] >> run[0]ep[3500] res=861.28
[17/11/2018 01:24:05] >> run[0]ep[3600] res=459.7
[17/11/2018 01:24:08] >> run[0]ep[3700] res=854.2
[17/11/2018 01:24:11] >> run[0]ep[3800] res=637.34
[17/11/2018 01:24:15] >> run[0]ep[3900] res=864.92
[17/11/2018 01:24:18] >> run[0]ep[4000] res=507.46
[17/11/2018 01:24:21] >> run[0]ep[4100] res=764.38
[17/11/2018 01:24:24] >> run[0]ep[4200] res=507.06
[17/11/2018 01:24:28] >> run[0]ep[4300] res=421.24
[17/11/2018 01:24:31] >> run[0]ep[4400] res=814.84
[17/11/2018 01:24:34] >> run[0]ep[4500] res=749.82
[17/11/2018 01:24:36] >> run[0]ep[4600] res=788.16
[17/11/2018 01:24:39] >> run[0]ep[4700] res=916.86
[17/11/2018 01:24:43] >> run[0]ep[4800] res=705.24
[17/11/2018 01:24:46] >> run[0]ep[4900] res=657.44
[17/11/2018 01:24:49] >> run[0]ep[5000] res=624.48
[17/11/2018 01:24:52] >> run[0]ep[5100] res=931.84
[17/11/2018 01:24:55] >> run[0]ep[5200] res=607.72
[17/11/2018 01:24:58] >> run[0]ep[5300] res=972.26
[17/11/2018 01:25:01] >> run[0]ep[5400] res=773.5
[17/11/2018 01:25:05] >> run[0]ep[5500] res=960.64
[17/11/2018 01:25:08] >> run[0]ep[5600] res=646.88
[17/11/2018 01:25:11] >> run[0]ep[5700] res=844.82
[17/11/2018 01:25:14] >> run[0]ep[5800] res=666.8
[17/11/2018 01:25:17] >> run[0]ep[5900] res=763.42
[17/11/2018 01:25:21] >> run[0]ep[6000] res=890.68
[17/11/2018 01:25:24] >> run[0]ep[6100] res=766.42
[17/11/2018 01:25:27] >> run[0]ep[6200] res=1125.9
[17/11/2018 01:25:30] >> run[0]ep[6300] res=1027.4
[17/11/2018 01:25:33] >> run[0]ep[6400] res=1143.04
[17/11/2018 01:25:36] >> run[0]ep[6500] res=1103.1
[17/11/2018 01:25:39] >> run[0]ep[6600] res=1177.28
[17/11/2018 01:25:41] >> run[0]ep[6700] res=1225.26
[17/11/2018 01:25:44] >> run[0]ep[6800] res=1033.84
[17/11/2018 01:25:47] >> run[0]ep[6900] res=1341.48
[17/11/2018 01:25:50] >> run[0]ep[7000] res=893.74
[17/11/2018 01:25:54] >> run[0]ep[7100] res=650.24
[17/11/2018 01:25:57] >> run[0]ep[7200] res=456.06
[17/11/2018 01:26:00] >> run[0]ep[7300] res=715.86
[17/11/2018 01:26:02] >> run[0]ep[7400] res=653.02
[17/11/2018 01:26:05] >> run[0]ep[7500] res=1035.16
[17/11/2018 01:26:08] >> run[0]ep[7600] res=673.88
[17/11/2018 01:26:11] >> run[0]ep[7700] res=907.62
[17/11/2018 01:26:14] >> run[0]ep[7800] res=732.04
[17/11/2018 01:26:17] >> run[0]ep[7900] res=1076.96
[17/11/2018 01:26:20] >> run[0]ep[8000] res=1207.0
[17/11/2018 01:26:23] >> run[0]ep[8100] res=1269.58
[17/11/2018 01:26:26] >> run[0]ep[8200] res=1243.06
[17/11/2018 01:26:29] >> run[0]ep[8300] res=1154.72
[17/11/2018 01:26:32] >> run[0]ep[8400] res=763.8
[17/11/2018 01:26:35] >> run[0]ep[8500] res=886.68
[17/11/2018 01:26:38] >> run[0]ep[8600] res=1114.8
[17/11/2018 01:26:41] >> run[0]ep[8700] res=986.34
[17/11/2018 01:26:44] >> run[0]ep[8800] res=777.72
[17/11/2018 01:26:47] >> run[0]ep[8900] res=779.84
[17/11/2018 01:26:50] >> run[0]ep[9000] res=617.22
[17/11/2018 01:26:53] >> run[0]ep[9100] res=913.42
[17/11/2018 01:26:56] >> run[0]ep[9200] res=670.44
[17/11/2018 01:26:58] >> run[0]ep[9300] res=1179.12
[17/11/2018 01:27:01] >> run[0]ep[9400] res=1179.9
[17/11/2018 01:27:04] >> run[0]ep[9500] res=1098.62
[17/11/2018 01:27:07] >> run[0]ep[9600] res=1131.16
[17/11/2018 01:27:10] >> run[0]ep[9700] res=624.8
[17/11/2018 01:27:13] >> run[0]ep[9800] res=1040.88
[17/11/2018 01:27:15] >> run[0]ep[9900] res=1197.58
[17/11/2018 01:27:18] >> run[0]ep[10000] res=1023.78
[17/11/2018 01:27:21] >> run[0]ep[10100] res=998.0
[17/11/2018 01:27:24] >> run[0]ep[10200] res=1226.04
[17/11/2018 01:27:27] >> run[0]ep[10300] res=1194.2
[17/11/2018 01:27:29] >> run[0]ep[10400] res=972.0
[17/11/2018 01:27:32] >> run[0]ep[10500] res=1053.98
[17/11/2018 01:27:35] >> run[0]ep[10600] res=1416.46
[17/11/2018 01:27:38] >> run[0]ep[10700] res=1136.56
[17/11/2018 01:27:41] >> run[0]ep[10800] res=1257.28
[17/11/2018 01:27:44] >> run[0]ep[10900] res=1363.98
[17/11/2018 01:27:47] >> run[0]ep[11000] res=1149.82
[17/11/2018 01:27:50] >> run[0]ep[11100] res=1259.28
[17/11/2018 01:27:53] >> run[0]ep[11200] res=1056.88
[17/11/2018 01:27:55] >> run[0]ep[11300] res=1241.26
[17/11/2018 01:27:58] >> run[0]ep[11400] res=1277.86
[17/11/2018 01:28:01] >> run[0]ep[11500] res=1365.92
[17/11/2018 01:28:04] >> run[0]ep[11600] res=1266.26
[17/11/2018 01:28:06] >> run[0]ep[11700] res=1169.06
[17/11/2018 01:28:09] >> run[0]ep[11800] res=1426.66
[17/11/2018 01:28:12] >> run[0]ep[11900] res=1318.12
[17/11/2018 01:28:15] >> run[0]ep[12000] res=999.3
[17/11/2018 01:28:18] >> run[0]ep[12100] res=1197.14
[17/11/2018 01:28:21] >> run[0]ep[12200] res=1022.5
[17/11/2018 01:28:24] >> run[0]ep[12300] res=1177.06
[17/11/2018 01:28:27] >> run[0]ep[12400] res=1257.44
[17/11/2018 01:28:29] >> run[0]ep[12500] res=1160.04
[17/11/2018 01:28:33] >> run[0]ep[12600] res=1202.56
[17/11/2018 01:28:36] >> run[0]ep[12700] res=928.16
[17/11/2018 01:28:39] >> run[0]ep[12800] res=1025.96
[17/11/2018 01:28:42] >> run[0]ep[12900] res=1179.62
[17/11/2018 01:28:45] >> run[0]ep[13000] res=1101.52
[17/11/2018 01:28:47] >> run[0]ep[13100] res=1101.94
[17/11/2018 01:28:50] >> run[0]ep[13200] res=1070.14
[17/11/2018 01:28:53] >> run[0]ep[13300] res=1283.4
[17/11/2018 01:28:56] >> run[0]ep[13400] res=1344.52
[17/11/2018 01:28:58] >> run[0]ep[13500] res=1103.96
[17/11/2018 01:29:01] >> run[0]ep[13600] res=1402.76
[17/11/2018 01:29:04] >> run[0]ep[13700] res=913.52
[17/11/2018 01:29:07] >> run[0]ep[13800] res=1086.74
[17/11/2018 01:29:10] >> run[0]ep[13900] res=1170.1
[17/11/2018 01:29:13] >> run[0]ep[14000] res=993.44
[17/11/2018 01:29:16] >> run[0]ep[14100] res=1250.0
[17/11/2018 01:29:19] >> run[0]ep[14200] res=1385.1
[17/11/2018 01:29:22] >> run[0]ep[14300] res=1280.94
[17/11/2018 01:29:25] >> run[0]ep[14400] res=1211.08
[17/11/2018 01:29:28] >> run[0]ep[14500] res=1011.96
[17/11/2018 01:29:30] >> run[0]ep[14600] res=1589.62
[17/11/2018 01:29:33] >> run[0]ep[14700] res=1255.36
[17/11/2018 01:29:36] >> run[0]ep[14800] res=1286.44
[17/11/2018 01:29:39] >> run[0]ep[14900] res=1070.88
[17/11/2018 01:29:42] >> run[0]ep[15000] res=1537.42
[17/11/2018 01:29:45] >> run[0]ep[15100] res=995.38
[17/11/2018 01:29:47] >> run[0]ep[15200] res=757.6
[17/11/2018 01:29:51] >> run[0]ep[15300] res=1271.58
[17/11/2018 01:29:53] >> run[0]ep[15400] res=1131.04
[17/11/2018 01:29:56] >> run[0]ep[15500] res=1389.7
[17/11/2018 01:29:59] >> run[0]ep[15600] res=1571.86
[17/11/2018 01:30:01] >> run[0]ep[15700] res=1367.2
[17/11/2018 01:30:04] >> run[0]ep[15800] res=1013.08
[17/11/2018 01:30:07] >> run[0]ep[15900] res=990.74
[17/11/2018 01:30:10] >> run[0]ep[16000] res=817.34
[17/11/2018 01:30:12] >> run[0]ep[16100] res=1375.08
[17/11/2018 01:30:15] >> run[0]ep[16200] res=1010.88
[17/11/2018 01:30:18] >> run[0]ep[16300] res=1383.88
[17/11/2018 01:30:20] >> run[0]ep[16400] res=1080.58
[17/11/2018 01:30:23] >> run[0]ep[16500] res=1366.12
[17/11/2018 01:30:26] >> run[0]ep[16600] res=1309.96
[17/11/2018 01:30:29] >> run[0]ep[16700] res=1242.86
[17/11/2018 01:30:31] >> run[0]ep[16800] res=1327.1
[17/11/2018 01:30:34] >> run[0]ep[16900] res=1280.76
[17/11/2018 01:30:37] >> run[0]ep[17000] res=1145.34
[17/11/2018 01:30:40] >> run[0]ep[17100] res=1093.42
[17/11/2018 01:30:43] >> run[0]ep[17200] res=1380.08
[17/11/2018 01:30:46] >> run[0]ep[17300] res=1399.18
[17/11/2018 01:30:48] >> run[0]ep[17400] res=1178.68
[17/11/2018 01:30:51] >> run[0]ep[17500] res=1276.74
[17/11/2018 01:30:54] >> run[0]ep[17600] res=1311.78
[17/11/2018 01:30:57] >> run[0]ep[17700] res=1127.6
[17/11/2018 01:31:00] >> run[0]ep[17800] res=1458.32
[17/11/2018 01:31:02] >> run[0]ep[17900] res=1333.62
[17/11/2018 01:31:05] >> run[0]ep[18000] res=1539.22
[17/11/2018 01:31:08] >> run[0]ep[18100] res=1292.22
[17/11/2018 01:31:10] >> run[0]ep[18200] res=1154.0
[17/11/2018 01:31:13] >> run[0]ep[18300] res=1484.48
[17/11/2018 01:31:16] >> run[0]ep[18400] res=1376.0
[17/11/2018 01:31:18] >> run[0]ep[18500] res=1498.76
[17/11/2018 01:31:21] >> run[0]ep[18600] res=1173.92
[17/11/2018 01:31:23] >> run[0]ep[18700] res=1289.12
[17/11/2018 01:31:26] >> run[0]ep[18800] res=1495.12
[17/11/2018 01:31:29] >> run[0]ep[18900] res=1599.44
[17/11/2018 01:31:31] >> run[0]ep[19000] res=1456.64
[17/11/2018 01:31:34] >> run[0]ep[19100] res=1334.46
[17/11/2018 01:31:36] >> run[0]ep[19200] res=1296.3
[17/11/2018 01:31:39] >> run[0]ep[19300] res=1402.78
[17/11/2018 01:31:42] >> run[0]ep[19400] res=1232.38
[17/11/2018 01:31:45] >> run[0]ep[19500] res=1595.08
[17/11/2018 01:31:47] >> run[0]ep[19600] res=1382.16
[17/11/2018 01:31:50] >> run[0]ep[19700] res=1212.18
[17/11/2018 01:31:53] >> run[0]ep[19800] res=1156.44
[17/11/2018 01:31:56] >> run[0]ep[19900] res=1313.54
[17/11/2018 01:31:59] >> run[0]ep[20000] res=1077.14
[17/11/2018 01:31:59] >> Total time: 588 secs
