<?xml version="1.0" encoding="UTF-8" standalone="no"?>
<!DOCTYPE log SYSTEM "logger.dtd">
<log>
</log>
[12/11/2018 21:39:28] >> Logger created
[12/11/2018 21:39:29] >> Similarities
[12/11/2018 21:41:30] >> run[0]ep[100] res=-179.85
[12/11/2018 21:43:24] >> run[0]ep[200] res=-78.72
[12/11/2018 21:45:18] >> run[0]ep[300] res=89.6
[12/11/2018 21:47:14] >> run[0]ep[400] res=193.88
[12/11/2018 21:49:05] >> run[0]ep[500] res=125.16
[12/11/2018 21:50:55] >> run[0]ep[600] res=-130.1
[12/11/2018 21:52:36] >> run[0]ep[700] res=-96.84
[12/11/2018 21:54:31] >> run[0]ep[800] res=396.66
[12/11/2018 21:56:29] >> run[0]ep[900] res=292.54
[12/11/2018 21:58:31] >> run[0]ep[1000] res=332.72
[12/11/2018 22:00:28] >> run[0]ep[1100] res=181.28
[12/11/2018 22:02:29] >> run[0]ep[1200] res=386.52
[12/11/2018 22:04:32] >> run[0]ep[1300] res=355.82
[12/11/2018 22:06:38] >> run[0]ep[1400] res=487.66
[12/11/2018 22:08:36] >> run[0]ep[1500] res=461.96
[12/11/2018 22:10:33] >> run[0]ep[1600] res=244.9
[12/11/2018 22:12:24] >> run[0]ep[1700] res=141.6
[12/11/2018 22:14:20] >> run[0]ep[1800] res=322.24
[12/11/2018 22:16:22] >> run[0]ep[1900] res=649.2
[12/11/2018 22:18:11] >> run[0]ep[2000] res=644.34
[12/11/2018 22:19:59] >> run[0]ep[2100] res=779.98
[12/11/2018 22:21:56] >> run[0]ep[2200] res=485.48
[12/11/2018 22:23:51] >> run[0]ep[2300] res=609.24
[12/11/2018 22:25:54] >> run[0]ep[2400] res=903.92
[12/11/2018 22:27:47] >> run[0]ep[2500] res=658.5
[12/11/2018 22:29:49] >> run[0]ep[2600] res=594.28
[12/11/2018 22:31:49] >> run[0]ep[2700] res=671.64
[12/11/2018 22:33:42] >> run[0]ep[2800] res=507.92
[12/11/2018 22:35:42] >> run[0]ep[2900] res=497.22
[12/11/2018 22:37:45] >> run[0]ep[3000] res=834.88
