<?xml version="1.0" encoding="UTF-8" standalone="no"?>
<!DOCTYPE log SYSTEM "logger.dtd">
<log>
</log>
[16/11/2018 01:44:22] >> Logger created
[16/11/2018 01:44:22] >> Similarities
[16/11/2018 01:44:57] >> run[0]ep[100] res=-423.35
[16/11/2018 01:45:05] >> run[0]ep[200] res=-529.78
[16/11/2018 01:45:11] >> run[0]ep[300] res=-534.74
[16/11/2018 01:45:17] >> run[0]ep[400] res=-530.86
[16/11/2018 01:45:23] >> run[0]ep[500] res=-533.94
[16/11/2018 01:45:29] >> run[0]ep[600] res=-530.7
[16/11/2018 01:45:35] >> run[0]ep[700] res=-531.82
[16/11/2018 01:45:41] >> run[0]ep[800] res=-531.32
[16/11/2018 01:45:46] >> run[0]ep[900] res=-537.02
[16/11/2018 01:45:51] >> run[0]ep[1000] res=-532.82
[16/11/2018 01:45:57] >> run[0]ep[1100] res=-528.74
[16/11/2018 01:46:03] >> run[0]ep[1200] res=-533.88
[16/11/2018 01:46:08] >> run[0]ep[1300] res=-534.54
[16/11/2018 01:46:14] >> run[0]ep[1400] res=-533.46
[16/11/2018 01:46:20] >> run[0]ep[1500] res=-530.74
[16/11/2018 01:46:26] >> run[0]ep[1600] res=-531.6
[16/11/2018 01:46:31] >> run[0]ep[1700] res=-532.42
[16/11/2018 01:46:37] >> run[0]ep[1800] res=-534.98
[16/11/2018 01:46:43] >> run[0]ep[1900] res=-536.12
[16/11/2018 01:46:48] >> run[0]ep[2000] res=-535.96
[16/11/2018 01:46:54] >> run[0]ep[2100] res=-531.88
[16/11/2018 01:46:59] >> run[0]ep[2200] res=-532.08
[16/11/2018 01:47:05] >> run[0]ep[2300] res=-534.28
[16/11/2018 01:47:11] >> run[0]ep[2400] res=-537.14
[16/11/2018 01:47:16] >> run[0]ep[2500] res=-535.28
[16/11/2018 01:47:22] >> run[0]ep[2600] res=-533.24
[16/11/2018 01:47:28] >> run[0]ep[2700] res=-535.78
[16/11/2018 01:47:33] >> run[0]ep[2800] res=-532.0
[16/11/2018 01:47:39] >> run[0]ep[2900] res=-532.54
[16/11/2018 01:47:45] >> run[0]ep[3000] res=-535.74
[16/11/2018 01:47:51] >> run[0]ep[3100] res=-531.96
[16/11/2018 01:47:57] >> run[0]ep[3200] res=-532.64
[16/11/2018 01:48:02] >> run[0]ep[3300] res=-533.48
[16/11/2018 01:48:08] >> run[0]ep[3400] res=-538.84
[16/11/2018 01:48:13] >> run[0]ep[3500] res=-533.9
[16/11/2018 01:48:19] >> run[0]ep[3600] res=-532.72
[16/11/2018 01:48:25] >> run[0]ep[3700] res=-533.58
[16/11/2018 01:48:30] >> run[0]ep[3800] res=-536.8
[16/11/2018 01:48:36] >> run[0]ep[3900] res=-528.94
[16/11/2018 01:48:42] >> run[0]ep[4000] res=-533.04
[16/11/2018 01:48:48] >> run[0]ep[4100] res=-529.94
[16/11/2018 01:48:54] >> run[0]ep[4200] res=-532.74
[16/11/2018 01:48:59] >> run[0]ep[4300] res=-534.32
[16/11/2018 01:49:05] >> run[0]ep[4400] res=-533.56
[16/11/2018 01:49:11] >> run[0]ep[4500] res=-537.46
[16/11/2018 01:49:16] >> run[0]ep[4600] res=-533.38
[16/11/2018 01:49:22] >> run[0]ep[4700] res=-531.36
[16/11/2018 01:49:27] >> run[0]ep[4800] res=-537.04
[16/11/2018 01:49:32] >> run[0]ep[4900] res=-533.26
[16/11/2018 01:49:38] >> run[0]ep[5000] res=-534.7
[16/11/2018 01:49:44] >> run[0]ep[5100] res=-531.7
[16/11/2018 01:49:50] >> run[0]ep[5200] res=-529.76
[16/11/2018 01:49:55] >> run[0]ep[5300] res=-533.48
[16/11/2018 01:50:00] >> run[0]ep[5400] res=-538.9
[16/11/2018 01:50:06] >> run[0]ep[5500] res=-533.5
[16/11/2018 01:50:12] >> run[0]ep[5600] res=-538.84
[16/11/2018 01:50:17] >> run[0]ep[5700] res=-532.12
[16/11/2018 01:50:23] >> run[0]ep[5800] res=-533.6
[16/11/2018 01:50:28] >> run[0]ep[5900] res=-534.94
[16/11/2018 01:50:33] >> run[0]ep[6000] res=-536.32
[16/11/2018 01:50:39] >> run[0]ep[6100] res=-530.52
[16/11/2018 01:50:45] >> run[0]ep[6200] res=-530.62
[16/11/2018 01:50:50] >> run[0]ep[6300] res=-534.4
[16/11/2018 01:50:56] >> run[0]ep[6400] res=-534.02
[16/11/2018 01:51:01] >> run[0]ep[6500] res=-534.64
[16/11/2018 01:51:07] >> run[0]ep[6600] res=-535.04
[16/11/2018 01:51:12] >> run[0]ep[6700] res=-538.44
[16/11/2018 01:51:18] >> run[0]ep[6800] res=-533.76
[16/11/2018 01:51:23] >> run[0]ep[6900] res=-535.54
[16/11/2018 01:51:28] >> run[0]ep[7000] res=-533.98
[16/11/2018 01:51:34] >> run[0]ep[7100] res=-532.78
[16/11/2018 01:51:38] >> run[0]ep[7200] res=-538.82
[16/11/2018 01:51:44] >> run[0]ep[7300] res=-535.0
[16/11/2018 01:51:50] >> run[0]ep[7400] res=-531.5
[16/11/2018 01:51:56] >> run[0]ep[7500] res=-530.82
[16/11/2018 01:51:56] >> Total time: 453 secs
[16/11/2018 01:51:56] >> Basic Q Learning
[16/11/2018 01:52:00] >> run[0]ep[100] res=-170.99
[16/11/2018 01:52:03] >> run[0]ep[200] res=-76.04
[16/11/2018 01:52:07] >> run[0]ep[300] res=-114.84
[16/11/2018 01:52:10] >> run[0]ep[400] res=-134.2
[16/11/2018 01:52:13] >> run[0]ep[500] res=-44.28
[16/11/2018 01:52:16] >> run[0]ep[600] res=117.82
[16/11/2018 01:52:19] >> run[0]ep[700] res=97.1
[16/11/2018 01:52:23] >> run[0]ep[800] res=-172.48
[16/11/2018 01:52:26] >> run[0]ep[900] res=-204.16
[16/11/2018 01:52:29] >> run[0]ep[1000] res=-44.88
[16/11/2018 01:52:32] >> run[0]ep[1100] res=332.58
[16/11/2018 01:52:35] >> run[0]ep[1200] res=-35.42
[16/11/2018 01:52:38] >> run[0]ep[1300] res=-55.88
[16/11/2018 01:52:41] >> run[0]ep[1400] res=330.38
[16/11/2018 01:52:44] >> run[0]ep[1500] res=228.78
[16/11/2018 01:52:47] >> run[0]ep[1600] res=424.4
[16/11/2018 01:52:51] >> run[0]ep[1700] res=289.42
[16/11/2018 01:52:54] >> run[0]ep[1800] res=410.02
[16/11/2018 01:52:57] >> run[0]ep[1900] res=231.46
[16/11/2018 01:53:00] >> run[0]ep[2000] res=405.32
[16/11/2018 01:53:03] >> run[0]ep[2100] res=609.82
[16/11/2018 01:53:05] >> run[0]ep[2200] res=612.74
[16/11/2018 01:53:08] >> run[0]ep[2300] res=392.7
[16/11/2018 01:53:11] >> run[0]ep[2400] res=341.12
[16/11/2018 01:53:14] >> run[0]ep[2500] res=361.86
[16/11/2018 01:53:17] >> run[0]ep[2600] res=478.28
[16/11/2018 01:53:20] >> run[0]ep[2700] res=884.3
[16/11/2018 01:53:23] >> run[0]ep[2800] res=1030.86
[16/11/2018 01:53:26] >> run[0]ep[2900] res=1013.4
[16/11/2018 01:53:29] >> run[0]ep[3000] res=726.4
[16/11/2018 01:53:32] >> run[0]ep[3100] res=980.9
[16/11/2018 01:53:35] >> run[0]ep[3200] res=1110.36
[16/11/2018 01:53:39] >> run[0]ep[3300] res=1075.72
[16/11/2018 01:53:42] >> run[0]ep[3400] res=987.94
[16/11/2018 01:53:45] >> run[0]ep[3500] res=1062.34
[16/11/2018 01:53:48] >> run[0]ep[3600] res=962.26
[16/11/2018 01:53:51] >> run[0]ep[3700] res=811.16
[16/11/2018 01:53:54] >> run[0]ep[3800] res=997.88
[16/11/2018 01:53:57] >> run[0]ep[3900] res=1088.78
[16/11/2018 01:54:00] >> run[0]ep[4000] res=923.92
[16/11/2018 01:54:03] >> run[0]ep[4100] res=1245.84
[16/11/2018 01:54:06] >> run[0]ep[4200] res=827.66
[16/11/2018 01:54:09] >> run[0]ep[4300] res=1069.5
[16/11/2018 01:54:12] >> run[0]ep[4400] res=903.06
[16/11/2018 01:54:15] >> run[0]ep[4500] res=896.08
[16/11/2018 01:54:18] >> run[0]ep[4600] res=1003.5
[16/11/2018 01:54:21] >> run[0]ep[4700] res=919.04
[16/11/2018 01:54:23] >> run[0]ep[4800] res=925.28
[16/11/2018 01:54:26] >> run[0]ep[4900] res=962.9
[16/11/2018 01:54:29] >> run[0]ep[5000] res=836.6
[16/11/2018 01:54:32] >> run[0]ep[5100] res=909.42
[16/11/2018 01:54:35] >> run[0]ep[5200] res=889.7
[16/11/2018 01:54:38] >> run[0]ep[5300] res=792.28
[16/11/2018 01:54:41] >> run[0]ep[5400] res=851.72
[16/11/2018 01:54:44] >> run[0]ep[5500] res=788.4
[16/11/2018 01:54:47] >> run[0]ep[5600] res=846.08
[16/11/2018 01:54:50] >> run[0]ep[5700] res=1102.56
[16/11/2018 01:54:53] >> run[0]ep[5800] res=1029.22
[16/11/2018 01:54:56] >> run[0]ep[5900] res=873.48
[16/11/2018 01:54:59] >> run[0]ep[6000] res=924.1
[16/11/2018 01:55:02] >> run[0]ep[6100] res=1184.62
[16/11/2018 01:55:05] >> run[0]ep[6200] res=1216.28
[16/11/2018 01:55:08] >> run[0]ep[6300] res=1017.94
[16/11/2018 01:55:11] >> run[0]ep[6400] res=1048.56
[16/11/2018 01:55:14] >> run[0]ep[6500] res=1179.48
[16/11/2018 01:55:17] >> run[0]ep[6600] res=1185.6
[16/11/2018 01:55:20] >> run[0]ep[6700] res=1062.48
[16/11/2018 01:55:23] >> run[0]ep[6800] res=1113.36
[16/11/2018 01:55:26] >> run[0]ep[6900] res=1005.7
[16/11/2018 01:55:29] >> run[0]ep[7000] res=1088.84
[16/11/2018 01:55:32] >> run[0]ep[7100] res=1085.8
[16/11/2018 01:55:35] >> run[0]ep[7200] res=983.46
[16/11/2018 01:55:38] >> run[0]ep[7300] res=1045.02
[16/11/2018 01:55:41] >> run[0]ep[7400] res=1210.64
[16/11/2018 01:55:44] >> run[0]ep[7500] res=1182.22
[16/11/2018 01:55:44] >> Total time: 228 secs
