<?xml version="1.0" encoding="UTF-8" standalone="no"?>
<!DOCTYPE log SYSTEM "logger.dtd">
<log>
</log>
[16/11/2018 11:33:40] >> Logger created
[16/11/2018 11:33:40] >> Similarities
[16/11/2018 11:34:52] >> run[0]ep[100] res=462.81
[16/11/2018 11:35:40] >> run[0]ep[200] res=475.62
[16/11/2018 11:36:19] >> run[0]ep[300] res=471.28
[16/11/2018 11:36:55] >> run[0]ep[400] res=413.3
[16/11/2018 11:37:34] >> run[0]ep[500] res=443.18
[16/11/2018 11:38:12] >> run[0]ep[600] res=368.82
[16/11/2018 11:38:44] >> run[0]ep[700] res=485.48
[16/11/2018 11:39:16] >> run[0]ep[800] res=468.2
[16/11/2018 11:39:49] >> run[0]ep[900] res=514.58
[16/11/2018 11:40:21] >> run[0]ep[1000] res=606.52
[16/11/2018 11:40:53] >> run[0]ep[1100] res=612.48
[16/11/2018 11:41:19] >> run[0]ep[1200] res=403.96
[16/11/2018 11:41:55] >> run[0]ep[1300] res=737.3
[16/11/2018 11:42:25] >> run[0]ep[1400] res=660.64
[16/11/2018 11:42:56] >> run[0]ep[1500] res=414.52
[16/11/2018 11:43:25] >> run[0]ep[1600] res=573.76
[16/11/2018 11:43:59] >> run[0]ep[1700] res=757.88
[16/11/2018 11:44:33] >> run[0]ep[1800] res=660.36
[16/11/2018 11:45:04] >> run[0]ep[1900] res=897.9
[16/11/2018 11:45:35] >> run[0]ep[2000] res=577.82
[16/11/2018 11:46:03] >> run[0]ep[2100] res=654.36
[16/11/2018 11:46:31] >> run[0]ep[2200] res=476.48
[16/11/2018 11:47:03] >> run[0]ep[2300] res=708.02
[16/11/2018 11:47:36] >> run[0]ep[2400] res=856.58
[16/11/2018 11:48:09] >> run[0]ep[2500] res=790.66
[16/11/2018 11:48:36] >> run[0]ep[2600] res=652.12
[16/11/2018 11:49:09] >> run[0]ep[2700] res=838.68
[16/11/2018 11:49:42] >> run[0]ep[2800] res=954.46
[16/11/2018 11:50:17] >> run[0]ep[2900] res=839.48
[16/11/2018 11:50:49] >> run[0]ep[3000] res=785.88
[16/11/2018 11:51:19] >> run[0]ep[3100] res=680.94
[16/11/2018 11:51:51] >> run[0]ep[3200] res=762.72
[16/11/2018 11:52:22] >> run[0]ep[3300] res=976.1
[16/11/2018 11:52:57] >> run[0]ep[3400] res=865.56
[16/11/2018 11:53:26] >> run[0]ep[3500] res=870.38
[16/11/2018 11:53:55] >> run[0]ep[3600] res=896.48
[16/11/2018 11:54:25] >> run[0]ep[3700] res=617.04
[16/11/2018 11:54:56] >> run[0]ep[3800] res=721.22
[16/11/2018 11:55:27] >> run[0]ep[3900] res=684.58
[16/11/2018 11:55:58] >> run[0]ep[4000] res=1032.56
[16/11/2018 11:56:31] >> run[0]ep[4100] res=802.86
[16/11/2018 11:57:06] >> run[0]ep[4200] res=784.94
[16/11/2018 11:57:37] >> run[0]ep[4300] res=1014.98
[16/11/2018 11:58:07] >> run[0]ep[4400] res=974.58
[16/11/2018 11:58:39] >> run[0]ep[4500] res=1051.0
[16/11/2018 11:59:09] >> run[0]ep[4600] res=856.3
[16/11/2018 11:59:38] >> run[0]ep[4700] res=659.1
[16/11/2018 12:00:07] >> run[0]ep[4800] res=773.8
[16/11/2018 12:00:38] >> run[0]ep[4900] res=1099.18
[16/11/2018 12:01:07] >> run[0]ep[5000] res=759.16
[16/11/2018 12:01:37] >> run[0]ep[5100] res=897.54
[16/11/2018 12:02:09] >> run[0]ep[5200] res=1047.84
[16/11/2018 12:02:35] >> run[0]ep[5300] res=780.84
[16/11/2018 12:03:03] >> run[0]ep[5400] res=935.4
[16/11/2018 12:03:28] >> run[0]ep[5500] res=810.26
[16/11/2018 12:03:57] >> run[0]ep[5600] res=821.38
[16/11/2018 12:04:26] >> run[0]ep[5700] res=1004.06
[16/11/2018 12:04:54] >> run[0]ep[5800] res=910.6
[16/11/2018 12:05:25] >> run[0]ep[5900] res=852.84
[16/11/2018 12:05:52] >> run[0]ep[6000] res=962.84
[16/11/2018 12:06:22] >> run[0]ep[6100] res=1049.26
[16/11/2018 12:06:51] >> run[0]ep[6200] res=1167.98
[16/11/2018 12:07:18] >> run[0]ep[6300] res=1147.96
[16/11/2018 12:07:46] >> run[0]ep[6400] res=890.34
[16/11/2018 12:08:15] >> run[0]ep[6500] res=1030.68
[16/11/2018 12:08:46] >> run[0]ep[6600] res=1076.92
[16/11/2018 12:09:17] >> run[0]ep[6700] res=1182.5
[16/11/2018 12:09:45] >> run[0]ep[6800] res=1071.52
[16/11/2018 12:10:16] >> run[0]ep[6900] res=872.74
[16/11/2018 12:10:42] >> run[0]ep[7000] res=1144.54
[16/11/2018 12:11:09] >> run[0]ep[7100] res=879.04
[16/11/2018 12:11:37] >> run[0]ep[7200] res=1222.32
[16/11/2018 12:12:04] >> run[0]ep[7300] res=1060.62
[16/11/2018 12:12:30] >> run[0]ep[7400] res=961.6
[16/11/2018 12:12:58] >> run[0]ep[7500] res=1024.34
[16/11/2018 12:13:28] >> run[0]ep[7600] res=1150.1
[16/11/2018 12:13:53] >> run[0]ep[7700] res=959.8
[16/11/2018 12:14:18] >> run[0]ep[7800] res=979.24
[16/11/2018 12:14:45] >> run[0]ep[7900] res=998.08
[16/11/2018 12:15:11] >> run[0]ep[8000] res=1106.82
[16/11/2018 12:15:38] >> run[0]ep[8100] res=1295.56
[16/11/2018 12:16:04] >> run[0]ep[8200] res=1140.54
[16/11/2018 12:16:33] >> run[0]ep[8300] res=1095.68
[16/11/2018 12:16:57] >> run[0]ep[8400] res=957.8
[16/11/2018 12:17:23] >> run[0]ep[8500] res=1204.24
[16/11/2018 12:17:50] >> run[0]ep[8600] res=1086.5
[16/11/2018 12:18:14] >> run[0]ep[8700] res=866.24
[16/11/2018 12:18:39] >> run[0]ep[8800] res=1091.42
[16/11/2018 12:19:04] >> run[0]ep[8900] res=1083.7
[16/11/2018 12:19:29] >> run[0]ep[9000] res=1115.7
[16/11/2018 12:19:54] >> run[0]ep[9100] res=894.38
[16/11/2018 12:20:20] >> run[0]ep[9200] res=1035.28
[16/11/2018 12:20:44] >> run[0]ep[9300] res=920.48
[16/11/2018 12:21:12] >> run[0]ep[9400] res=1202.64
[16/11/2018 12:21:37] >> run[0]ep[9500] res=1208.52
[16/11/2018 12:22:03] >> run[0]ep[9600] res=1335.74
[16/11/2018 12:22:28] >> run[0]ep[9700] res=1066.38
[16/11/2018 12:22:54] >> run[0]ep[9800] res=991.22
[16/11/2018 12:23:19] >> run[0]ep[9900] res=1197.32
[16/11/2018 12:23:43] >> run[0]ep[10000] res=1046.84
[16/11/2018 12:24:06] >> run[0]ep[10100] res=1061.5
[16/11/2018 12:24:30] >> run[0]ep[10200] res=1062.06
[16/11/2018 12:24:55] >> run[0]ep[10300] res=1215.62
[16/11/2018 12:25:21] >> run[0]ep[10400] res=1115.36
[16/11/2018 12:25:45] >> run[0]ep[10500] res=879.58
[16/11/2018 12:26:11] >> run[0]ep[10600] res=1038.52
[16/11/2018 12:26:36] >> run[0]ep[10700] res=883.38
[16/11/2018 12:27:01] >> run[0]ep[10800] res=1125.68
[16/11/2018 12:27:29] >> run[0]ep[10900] res=1338.0
[16/11/2018 12:27:55] >> run[0]ep[11000] res=1031.76
[16/11/2018 12:28:22] >> run[0]ep[11100] res=1117.48
[16/11/2018 12:28:47] >> run[0]ep[11200] res=1205.24
[16/11/2018 12:29:10] >> run[0]ep[11300] res=895.84
[16/11/2018 12:29:35] >> run[0]ep[11400] res=1226.88
[16/11/2018 12:29:57] >> run[0]ep[11500] res=1019.58
[16/11/2018 12:30:21] >> run[0]ep[11600] res=1236.58
[16/11/2018 12:30:47] >> run[0]ep[11700] res=1303.6
[16/11/2018 12:31:16] >> run[0]ep[11800] res=1286.28
[16/11/2018 12:31:42] >> run[0]ep[11900] res=1254.74
[16/11/2018 12:32:08] >> run[0]ep[12000] res=1413.04
[16/11/2018 12:32:34] >> run[0]ep[12100] res=810.66
[16/11/2018 12:33:02] >> run[0]ep[12200] res=1040.78
[16/11/2018 12:33:31] >> run[0]ep[12300] res=960.9
[16/11/2018 12:34:00] >> run[0]ep[12400] res=1129.52
[16/11/2018 12:34:32] >> run[0]ep[12500] res=1251.9
[16/11/2018 12:34:59] >> run[0]ep[12600] res=1027.5
[16/11/2018 12:35:32] >> run[0]ep[12700] res=1205.48
[16/11/2018 12:36:05] >> run[0]ep[12800] res=1213.44
[16/11/2018 12:36:35] >> run[0]ep[12900] res=1143.3
[16/11/2018 12:37:04] >> run[0]ep[13000] res=1197.06
[16/11/2018 12:37:31] >> run[0]ep[13100] res=1166.72
[16/11/2018 12:37:59] >> run[0]ep[13200] res=1215.18
[16/11/2018 12:38:29] >> run[0]ep[13300] res=1321.74
[16/11/2018 12:38:55] >> run[0]ep[13400] res=1167.28
[16/11/2018 12:39:27] >> run[0]ep[13500] res=1146.9
[16/11/2018 12:39:54] >> run[0]ep[13600] res=1090.24
[16/11/2018 12:40:26] >> run[0]ep[13700] res=1419.9
[16/11/2018 12:40:57] >> run[0]ep[13800] res=981.9
[16/11/2018 12:41:26] >> run[0]ep[13900] res=1154.16
[16/11/2018 12:41:58] >> run[0]ep[14000] res=1417.86
[16/11/2018 12:42:30] >> run[0]ep[14100] res=1195.72
[16/11/2018 12:43:01] >> run[0]ep[14200] res=1153.36
[16/11/2018 12:43:30] >> run[0]ep[14300] res=1383.68
[16/11/2018 12:43:58] >> run[0]ep[14400] res=1286.18
[16/11/2018 12:44:28] >> run[0]ep[14500] res=1218.98
[16/11/2018 12:44:58] >> run[0]ep[14600] res=1175.84
[16/11/2018 12:45:26] >> run[0]ep[14700] res=1041.2
[16/11/2018 12:45:55] >> run[0]ep[14800] res=1235.3
[16/11/2018 12:46:22] >> run[0]ep[14900] res=1269.84
[16/11/2018 12:46:53] >> run[0]ep[15000] res=1007.42
[16/11/2018 12:47:25] >> run[0]ep[15100] res=1499.04
[16/11/2018 12:47:55] >> run[0]ep[15200] res=1247.64
[16/11/2018 12:48:25] >> run[0]ep[15300] res=1094.94
[16/11/2018 12:48:59] >> run[0]ep[15400] res=1231.62
[16/11/2018 12:49:32] >> run[0]ep[15500] res=1145.84
[16/11/2018 12:50:03] >> run[0]ep[15600] res=1511.8
[16/11/2018 12:50:38] >> run[0]ep[15700] res=1387.66
[16/11/2018 12:51:09] >> run[0]ep[15800] res=1184.68
[16/11/2018 12:51:40] >> run[0]ep[15900] res=1556.58
[16/11/2018 12:52:13] >> run[0]ep[16000] res=1182.62
[16/11/2018 12:52:48] >> run[0]ep[16100] res=1221.52
[16/11/2018 12:53:21] >> run[0]ep[16200] res=1385.5
[16/11/2018 12:53:56] >> run[0]ep[16300] res=1318.32
[16/11/2018 12:54:30] >> run[0]ep[16400] res=1070.48
[16/11/2018 12:55:07] >> run[0]ep[16500] res=1443.02
[16/11/2018 12:55:39] >> run[0]ep[16600] res=1391.74
[16/11/2018 12:56:11] >> run[0]ep[16700] res=1274.12
[16/11/2018 12:56:43] >> run[0]ep[16800] res=995.7
[16/11/2018 12:57:18] >> run[0]ep[16900] res=1550.38
[16/11/2018 12:57:48] >> run[0]ep[17000] res=1128.44
[16/11/2018 12:58:18] >> run[0]ep[17100] res=1160.38
[16/11/2018 12:58:48] >> run[0]ep[17200] res=1183.7
[16/11/2018 12:59:23] >> run[0]ep[17300] res=1437.64
[16/11/2018 12:59:58] >> run[0]ep[17400] res=1376.5
[16/11/2018 13:00:29] >> run[0]ep[17500] res=1512.92
[16/11/2018 13:01:03] >> run[0]ep[17600] res=1264.32
[16/11/2018 13:01:34] >> run[0]ep[17700] res=1071.46
[16/11/2018 13:02:10] >> run[0]ep[17800] res=1262.86
[16/11/2018 13:02:41] >> run[0]ep[17900] res=962.64
[16/11/2018 13:03:17] >> run[0]ep[18000] res=1355.9
[16/11/2018 13:03:47] >> run[0]ep[18100] res=1030.96
[16/11/2018 13:04:18] >> run[0]ep[18200] res=1210.82
[16/11/2018 13:04:50] >> run[0]ep[18300] res=1372.96
[16/11/2018 13:05:24] >> run[0]ep[18400] res=1369.68
[16/11/2018 13:05:57] >> run[0]ep[18500] res=1235.06
[16/11/2018 13:06:34] >> run[0]ep[18600] res=1370.92
[16/11/2018 13:07:06] >> run[0]ep[18700] res=1273.26
[16/11/2018 13:07:43] >> run[0]ep[18800] res=1529.1
[16/11/2018 13:08:19] >> run[0]ep[18900] res=1213.3
[16/11/2018 13:08:54] >> run[0]ep[19000] res=1118.52
[16/11/2018 13:09:30] >> run[0]ep[19100] res=1199.52
[16/11/2018 13:10:06] >> run[0]ep[19200] res=1401.48
[16/11/2018 13:10:41] >> run[0]ep[19300] res=1171.62
[16/11/2018 13:11:20] >> run[0]ep[19400] res=1364.86
[16/11/2018 13:11:52] >> run[0]ep[19500] res=1395.6
[16/11/2018 13:12:30] >> run[0]ep[19600] res=1157.36
[16/11/2018 13:13:05] >> run[0]ep[19700] res=963.5
[16/11/2018 13:13:41] >> run[0]ep[19800] res=1078.28
[16/11/2018 13:14:12] >> run[0]ep[19900] res=1122.32
[16/11/2018 13:14:47] >> run[0]ep[20000] res=1401.32
[16/11/2018 13:14:47] >> Total time: 6066 secs
[16/11/2018 13:14:47] >> Basic Q Learning
[16/11/2018 13:14:52] >> run[0]ep[100] res=-197.97
[16/11/2018 13:14:55] >> run[0]ep[200] res=-42.22
[16/11/2018 13:14:58] >> run[0]ep[300] res=59.82
[16/11/2018 13:15:02] >> run[0]ep[400] res=116.72
[16/11/2018 13:15:05] >> run[0]ep[500] res=-162.92
[16/11/2018 13:15:08] >> run[0]ep[600] res=-129.7
[16/11/2018 13:15:11] >> run[0]ep[700] res=24.72
[16/11/2018 13:15:14] >> run[0]ep[800] res=-139.1
[16/11/2018 13:15:18] >> run[0]ep[900] res=17.22
[16/11/2018 13:15:21] >> run[0]ep[1000] res=-10.68
[16/11/2018 13:15:25] >> run[0]ep[1100] res=75.0
[16/11/2018 13:15:28] >> run[0]ep[1200] res=-129.78
[16/11/2018 13:15:31] >> run[0]ep[1300] res=321.1
[16/11/2018 13:15:34] >> run[0]ep[1400] res=112.46
[16/11/2018 13:15:37] >> run[0]ep[1500] res=151.04
[16/11/2018 13:15:40] >> run[0]ep[1600] res=273.12
[16/11/2018 13:15:43] >> run[0]ep[1700] res=313.92
[16/11/2018 13:15:47] >> run[0]ep[1800] res=487.22
[16/11/2018 13:15:50] >> run[0]ep[1900] res=213.48
[16/11/2018 13:15:53] >> run[0]ep[2000] res=501.96
[16/11/2018 13:15:56] >> run[0]ep[2100] res=429.54
[16/11/2018 13:15:59] >> run[0]ep[2200] res=421.44
[16/11/2018 13:16:02] >> run[0]ep[2300] res=460.12
[16/11/2018 13:16:05] >> run[0]ep[2400] res=111.58
[16/11/2018 13:16:09] >> run[0]ep[2500] res=527.76
[16/11/2018 13:16:12] >> run[0]ep[2600] res=110.74
[16/11/2018 13:16:15] >> run[0]ep[2700] res=246.9
[16/11/2018 13:16:18] >> run[0]ep[2800] res=274.28
[16/11/2018 13:16:21] >> run[0]ep[2900] res=454.54
[16/11/2018 13:16:24] >> run[0]ep[3000] res=488.8
[16/11/2018 13:16:28] >> run[0]ep[3100] res=589.82
[16/11/2018 13:16:31] >> run[0]ep[3200] res=538.28
[16/11/2018 13:16:34] >> run[0]ep[3300] res=990.6
[16/11/2018 13:16:37] >> run[0]ep[3400] res=1009.32
[16/11/2018 13:16:41] >> run[0]ep[3500] res=671.42
[16/11/2018 13:16:44] >> run[0]ep[3600] res=855.5
[16/11/2018 13:16:47] >> run[0]ep[3700] res=787.88
[16/11/2018 13:16:50] >> run[0]ep[3800] res=680.52
[16/11/2018 13:16:54] >> run[0]ep[3900] res=517.76
[16/11/2018 13:16:57] >> run[0]ep[4000] res=540.92
[16/11/2018 13:17:01] >> run[0]ep[4100] res=533.08
[16/11/2018 13:17:04] >> run[0]ep[4200] res=403.34
[16/11/2018 13:17:07] >> run[0]ep[4300] res=427.26
[16/11/2018 13:17:10] >> run[0]ep[4400] res=141.8
[16/11/2018 13:17:13] >> run[0]ep[4500] res=409.92
[16/11/2018 13:17:16] >> run[0]ep[4600] res=347.06
[16/11/2018 13:17:20] >> run[0]ep[4700] res=802.3
[16/11/2018 13:17:22] >> run[0]ep[4800] res=955.74
[16/11/2018 13:17:25] >> run[0]ep[4900] res=962.74
[16/11/2018 13:17:28] >> run[0]ep[5000] res=784.58
[16/11/2018 13:17:31] >> run[0]ep[5100] res=613.46
[16/11/2018 13:17:34] >> run[0]ep[5200] res=658.42
[16/11/2018 13:17:37] >> run[0]ep[5300] res=780.74
[16/11/2018 13:17:40] >> run[0]ep[5400] res=682.76
[16/11/2018 13:17:43] >> run[0]ep[5500] res=745.54
[16/11/2018 13:17:46] >> run[0]ep[5600] res=1142.7
[16/11/2018 13:17:49] >> run[0]ep[5700] res=808.12
[16/11/2018 13:17:52] >> run[0]ep[5800] res=1003.46
[16/11/2018 13:17:55] >> run[0]ep[5900] res=859.44
[16/11/2018 13:17:58] >> run[0]ep[6000] res=727.58
[16/11/2018 13:18:00] >> run[0]ep[6100] res=941.04
[16/11/2018 13:18:03] >> run[0]ep[6200] res=571.18
[16/11/2018 13:18:07] >> run[0]ep[6300] res=795.38
[16/11/2018 13:18:10] >> run[0]ep[6400] res=881.42
[16/11/2018 13:18:12] >> run[0]ep[6500] res=1100.92
[16/11/2018 13:18:15] >> run[0]ep[6600] res=1026.68
[16/11/2018 13:18:18] >> run[0]ep[6700] res=953.48
[16/11/2018 13:18:21] >> run[0]ep[6800] res=1119.38
[16/11/2018 13:18:24] >> run[0]ep[6900] res=1127.0
[16/11/2018 13:18:27] >> run[0]ep[7000] res=883.34
[16/11/2018 13:18:31] >> run[0]ep[7100] res=909.68
[16/11/2018 13:18:34] >> run[0]ep[7200] res=840.96
[16/11/2018 13:18:37] >> run[0]ep[7300] res=1026.08
[16/11/2018 13:18:40] >> run[0]ep[7400] res=1069.84
[16/11/2018 13:18:43] >> run[0]ep[7500] res=720.24
[16/11/2018 13:18:46] >> run[0]ep[7600] res=660.3
[16/11/2018 13:18:49] >> run[0]ep[7700] res=1176.28
[16/11/2018 13:18:52] >> run[0]ep[7800] res=1035.86
[16/11/2018 13:18:55] >> run[0]ep[7900] res=509.02
[16/11/2018 13:18:58] >> run[0]ep[8000] res=737.9
[16/11/2018 13:19:01] >> run[0]ep[8100] res=933.5
[16/11/2018 13:19:04] >> run[0]ep[8200] res=737.32
[16/11/2018 13:19:07] >> run[0]ep[8300] res=490.32
[16/11/2018 13:19:10] >> run[0]ep[8400] res=690.42
[16/11/2018 13:19:14] >> run[0]ep[8500] res=785.04
[16/11/2018 13:19:17] >> run[0]ep[8600] res=783.56
[16/11/2018 13:19:20] >> run[0]ep[8700] res=1191.78
[16/11/2018 13:19:23] >> run[0]ep[8800] res=1027.42
[16/11/2018 13:19:26] >> run[0]ep[8900] res=914.98
[16/11/2018 13:19:29] >> run[0]ep[9000] res=1283.7
[16/11/2018 13:19:32] >> run[0]ep[9100] res=1284.0
[16/11/2018 13:19:35] >> run[0]ep[9200] res=1374.54
[16/11/2018 13:19:38] >> run[0]ep[9300] res=1176.72
[16/11/2018 13:19:41] >> run[0]ep[9400] res=1072.12
[16/11/2018 13:19:44] >> run[0]ep[9500] res=910.5
[16/11/2018 13:19:47] >> run[0]ep[9600] res=1072.72
[16/11/2018 13:19:51] >> run[0]ep[9700] res=1006.26
[16/11/2018 13:19:54] >> run[0]ep[9800] res=1176.04
[16/11/2018 13:19:56] >> run[0]ep[9900] res=1123.56
[16/11/2018 13:19:59] >> run[0]ep[10000] res=1113.9
[16/11/2018 13:20:02] >> run[0]ep[10100] res=1207.98
[16/11/2018 13:20:05] >> run[0]ep[10200] res=1166.44
[16/11/2018 13:20:08] >> run[0]ep[10300] res=1238.58
[16/11/2018 13:20:11] >> run[0]ep[10400] res=1089.4
[16/11/2018 13:20:14] >> run[0]ep[10500] res=1264.82
[16/11/2018 13:20:17] >> run[0]ep[10600] res=1457.1
[16/11/2018 13:20:19] >> run[0]ep[10700] res=1176.32
[16/11/2018 13:20:22] >> run[0]ep[10800] res=1027.78
[16/11/2018 13:20:25] >> run[0]ep[10900] res=1180.34
[16/11/2018 13:20:28] >> run[0]ep[11000] res=1169.6
[16/11/2018 13:20:30] >> run[0]ep[11100] res=1263.78
[16/11/2018 13:20:33] >> run[0]ep[11200] res=1290.76
[16/11/2018 13:20:36] >> run[0]ep[11300] res=889.02
[16/11/2018 13:20:39] >> run[0]ep[11400] res=1219.08
[16/11/2018 13:20:42] >> run[0]ep[11500] res=1132.08
[16/11/2018 13:20:45] >> run[0]ep[11600] res=1151.24
[16/11/2018 13:20:48] >> run[0]ep[11700] res=1221.94
[16/11/2018 13:20:50] >> run[0]ep[11800] res=1220.8
[16/11/2018 13:20:53] >> run[0]ep[11900] res=1254.94
[16/11/2018 13:20:56] >> run[0]ep[12000] res=1343.08
[16/11/2018 13:20:59] >> run[0]ep[12100] res=1315.24
[16/11/2018 13:21:01] >> run[0]ep[12200] res=1319.1
[16/11/2018 13:21:04] >> run[0]ep[12300] res=1345.06
[16/11/2018 13:21:07] >> run[0]ep[12400] res=1514.44
[16/11/2018 13:21:10] >> run[0]ep[12500] res=1269.02
[16/11/2018 13:21:13] >> run[0]ep[12600] res=1168.28
[16/11/2018 13:21:15] >> run[0]ep[12700] res=1255.94
[16/11/2018 13:21:18] >> run[0]ep[12800] res=1353.14
[16/11/2018 13:21:21] >> run[0]ep[12900] res=1312.56
[16/11/2018 13:21:24] >> run[0]ep[13000] res=1213.66
[16/11/2018 13:21:26] >> run[0]ep[13100] res=1114.56
[16/11/2018 13:21:29] >> run[0]ep[13200] res=1148.38
[16/11/2018 13:21:32] >> run[0]ep[13300] res=1101.52
[16/11/2018 13:21:34] >> run[0]ep[13400] res=1148.3
[16/11/2018 13:21:37] >> run[0]ep[13500] res=1093.46
[16/11/2018 13:21:39] >> run[0]ep[13600] res=1104.12
[16/11/2018 13:21:42] >> run[0]ep[13700] res=1010.12
[16/11/2018 13:21:44] >> run[0]ep[13800] res=1319.54
[16/11/2018 13:21:47] >> run[0]ep[13900] res=1519.94
[16/11/2018 13:21:50] >> run[0]ep[14000] res=1376.26
[16/11/2018 13:21:53] >> run[0]ep[14100] res=1484.68
[16/11/2018 13:21:55] >> run[0]ep[14200] res=1307.82
[16/11/2018 13:21:58] >> run[0]ep[14300] res=1358.64
[16/11/2018 13:22:00] >> run[0]ep[14400] res=1481.58
[16/11/2018 13:22:03] >> run[0]ep[14500] res=1563.2
[16/11/2018 13:22:06] >> run[0]ep[14600] res=1328.46
[16/11/2018 13:22:09] >> run[0]ep[14700] res=1369.4
[16/11/2018 13:22:11] >> run[0]ep[14800] res=1359.7
[16/11/2018 13:22:14] >> run[0]ep[14900] res=1507.1
[16/11/2018 13:22:17] >> run[0]ep[15000] res=1287.28
[16/11/2018 13:22:20] >> run[0]ep[15100] res=1300.66
[16/11/2018 13:22:23] >> run[0]ep[15200] res=990.14
[16/11/2018 13:22:25] >> run[0]ep[15300] res=1360.66
[16/11/2018 13:22:28] >> run[0]ep[15400] res=1134.2
[16/11/2018 13:22:31] >> run[0]ep[15500] res=1182.72
[16/11/2018 13:22:34] >> run[0]ep[15600] res=1332.24
[16/11/2018 13:22:37] >> run[0]ep[15700] res=1407.32
[16/11/2018 13:22:40] >> run[0]ep[15800] res=1339.26
[16/11/2018 13:22:43] >> run[0]ep[15900] res=1304.2
[16/11/2018 13:22:45] >> run[0]ep[16000] res=1504.6
[16/11/2018 13:22:48] >> run[0]ep[16100] res=1449.54
[16/11/2018 13:22:51] >> run[0]ep[16200] res=1151.36
[16/11/2018 13:22:53] >> run[0]ep[16300] res=1426.76
[16/11/2018 13:22:56] >> run[0]ep[16400] res=1692.12
[16/11/2018 13:22:59] >> run[0]ep[16500] res=1380.12
[16/11/2018 13:23:01] >> run[0]ep[16600] res=1263.2
[16/11/2018 13:23:05] >> run[0]ep[16700] res=1490.8
[16/11/2018 13:23:08] >> run[0]ep[16800] res=1408.64
[16/11/2018 13:23:11] >> run[0]ep[16900] res=1443.48
[16/11/2018 13:23:14] >> run[0]ep[17000] res=1166.5
[16/11/2018 13:23:17] >> run[0]ep[17100] res=1191.6
[16/11/2018 13:23:20] >> run[0]ep[17200] res=1556.6
[16/11/2018 13:23:23] >> run[0]ep[17300] res=1359.78
[16/11/2018 13:23:26] >> run[0]ep[17400] res=1195.58
[16/11/2018 13:23:29] >> run[0]ep[17500] res=1608.94
[16/11/2018 13:23:31] >> run[0]ep[17600] res=1261.9
[16/11/2018 13:23:34] >> run[0]ep[17700] res=1170.52
[16/11/2018 13:23:38] >> run[0]ep[17800] res=1147.5
[16/11/2018 13:23:40] >> run[0]ep[17900] res=1336.1
[16/11/2018 13:23:43] >> run[0]ep[18000] res=1395.92
[16/11/2018 13:23:46] >> run[0]ep[18100] res=1326.28
[16/11/2018 13:23:48] >> run[0]ep[18200] res=1239.52
[16/11/2018 13:23:51] >> run[0]ep[18300] res=1375.48
[16/11/2018 13:23:54] >> run[0]ep[18400] res=1225.46
[16/11/2018 13:23:57] >> run[0]ep[18500] res=1539.96
[16/11/2018 13:24:00] >> run[0]ep[18600] res=1483.54
[16/11/2018 13:24:02] >> run[0]ep[18700] res=1444.8
[16/11/2018 13:24:05] >> run[0]ep[18800] res=1187.36
[16/11/2018 13:24:08] >> run[0]ep[18900] res=1427.58
[16/11/2018 13:24:11] >> run[0]ep[19000] res=1513.98
[16/11/2018 13:24:13] >> run[0]ep[19100] res=1413.98
[16/11/2018 13:24:16] >> run[0]ep[19200] res=1596.26
[16/11/2018 13:24:19] >> run[0]ep[19300] res=1292.7
[16/11/2018 13:24:21] >> run[0]ep[19400] res=1141.9
[16/11/2018 13:24:24] >> run[0]ep[19500] res=1431.2
[16/11/2018 13:24:27] >> run[0]ep[19600] res=1570.98
[16/11/2018 13:24:30] >> run[0]ep[19700] res=1305.42
[16/11/2018 13:24:33] >> run[0]ep[19800] res=1423.74
[16/11/2018 13:24:36] >> run[0]ep[19900] res=1394.66
[16/11/2018 13:24:38] >> run[0]ep[20000] res=1679.32
[16/11/2018 13:24:38] >> Total time: 591 secs
