<?xml version="1.0" encoding="UTF-8" standalone="no"?>
<!DOCTYPE log SYSTEM "logger.dtd">
<log>
</log>
[16/11/2018 18:12:39] >> Logger created
[16/11/2018 18:12:40] >> Similarities
[16/11/2018 18:13:54] >> run[0]ep[100] res=380.59
[16/11/2018 18:14:47] >> run[0]ep[200] res=508.86
[16/11/2018 18:15:32] >> run[0]ep[300] res=655.02
[16/11/2018 18:16:08] >> run[0]ep[400] res=568.74
[16/11/2018 18:16:44] >> run[0]ep[500] res=384.8
[16/11/2018 18:17:21] >> run[0]ep[600] res=479.72
[16/11/2018 18:17:56] >> run[0]ep[700] res=450.22
[16/11/2018 18:18:23] >> run[0]ep[800] res=304.16
[16/11/2018 18:18:51] >> run[0]ep[900] res=424.26
[16/11/2018 18:19:25] >> run[0]ep[1000] res=575.2
[16/11/2018 18:19:50] >> run[0]ep[1100] res=268.5
[16/11/2018 18:20:17] >> run[0]ep[1200] res=467.34
[16/11/2018 18:20:43] >> run[0]ep[1300] res=520.6
[16/11/2018 18:21:07] >> run[0]ep[1400] res=398.9
[16/11/2018 18:21:31] >> run[0]ep[1500] res=459.06
[16/11/2018 18:21:57] >> run[0]ep[1600] res=436.02
[16/11/2018 18:22:21] >> run[0]ep[1700] res=479.84
[16/11/2018 18:22:47] >> run[0]ep[1800] res=545.7
[16/11/2018 18:23:06] >> run[0]ep[1900] res=279.08
[16/11/2018 18:23:30] >> run[0]ep[2000] res=432.08
[16/11/2018 18:23:53] >> run[0]ep[2100] res=425.76
[16/11/2018 18:24:19] >> run[0]ep[2200] res=378.32
[16/11/2018 18:24:44] >> run[0]ep[2300] res=436.58
[16/11/2018 18:25:08] >> run[0]ep[2400] res=469.44
[16/11/2018 18:25:34] >> run[0]ep[2500] res=612.94
[16/11/2018 18:25:59] >> run[0]ep[2600] res=510.8
[16/11/2018 18:26:25] >> run[0]ep[2700] res=615.0
[16/11/2018 18:26:52] >> run[0]ep[2800] res=616.02
[16/11/2018 18:27:17] >> run[0]ep[2900] res=574.3
[16/11/2018 18:27:42] >> run[0]ep[3000] res=585.06
[16/11/2018 18:28:05] >> run[0]ep[3100] res=705.84
[16/11/2018 18:28:30] >> run[0]ep[3200] res=638.78
[16/11/2018 18:28:57] >> run[0]ep[3300] res=574.9
[16/11/2018 18:29:24] >> run[0]ep[3400] res=717.4
[16/11/2018 18:29:48] >> run[0]ep[3500] res=649.54
[16/11/2018 18:30:11] >> run[0]ep[3600] res=754.88
[16/11/2018 18:30:37] >> run[0]ep[3700] res=647.74
[16/11/2018 18:31:04] >> run[0]ep[3800] res=570.32
[16/11/2018 18:31:31] >> run[0]ep[3900] res=743.1
[16/11/2018 18:31:56] >> run[0]ep[4000] res=715.02
[16/11/2018 18:32:21] >> run[0]ep[4100] res=613.36
[16/11/2018 18:32:47] >> run[0]ep[4200] res=573.9
[16/11/2018 18:33:12] >> run[0]ep[4300] res=608.68
[16/11/2018 18:33:35] >> run[0]ep[4400] res=599.3
[16/11/2018 18:34:02] >> run[0]ep[4500] res=763.94
[16/11/2018 18:34:24] >> run[0]ep[4600] res=551.3
[16/11/2018 18:34:48] >> run[0]ep[4700] res=570.2
[16/11/2018 18:35:15] >> run[0]ep[4800] res=733.48
[16/11/2018 18:35:41] >> run[0]ep[4900] res=825.54
[16/11/2018 18:36:06] >> run[0]ep[5000] res=920.72
[16/11/2018 18:36:28] >> run[0]ep[5100] res=672.6
[16/11/2018 18:36:50] >> run[0]ep[5200] res=683.54
[16/11/2018 18:37:19] >> run[0]ep[5300] res=877.26
[16/11/2018 18:37:41] >> run[0]ep[5400] res=582.16
[16/11/2018 18:38:04] >> run[0]ep[5500] res=567.52
[16/11/2018 18:38:27] >> run[0]ep[5600] res=569.62
[16/11/2018 18:38:51] >> run[0]ep[5700] res=636.48
[16/11/2018 18:39:15] >> run[0]ep[5800] res=597.94
[16/11/2018 18:39:42] >> run[0]ep[5900] res=606.46
[16/11/2018 18:40:06] >> run[0]ep[6000] res=582.56
[16/11/2018 18:40:31] >> run[0]ep[6100] res=565.5
[16/11/2018 18:40:57] >> run[0]ep[6200] res=817.88
[16/11/2018 18:41:22] >> run[0]ep[6300] res=748.16
[16/11/2018 18:41:45] >> run[0]ep[6400] res=655.04
[16/11/2018 18:42:13] >> run[0]ep[6500] res=878.4
[16/11/2018 18:42:39] >> run[0]ep[6600] res=764.8
[16/11/2018 18:43:03] >> run[0]ep[6700] res=768.74
[16/11/2018 18:43:27] >> run[0]ep[6800] res=837.7
[16/11/2018 18:43:54] >> run[0]ep[6900] res=721.7
[16/11/2018 18:44:15] >> run[0]ep[7000] res=845.28
[16/11/2018 18:44:40] >> run[0]ep[7100] res=730.76
[16/11/2018 18:45:07] >> run[0]ep[7200] res=977.92
[16/11/2018 18:45:31] >> run[0]ep[7300] res=780.38
[16/11/2018 18:46:01] >> run[0]ep[7400] res=777.24
[16/11/2018 18:46:24] >> run[0]ep[7500] res=889.78
[16/11/2018 18:46:50] >> run[0]ep[7600] res=742.8
[16/11/2018 18:47:17] >> run[0]ep[7700] res=833.52
[16/11/2018 18:47:41] >> run[0]ep[7800] res=743.76
[16/11/2018 18:48:07] >> run[0]ep[7900] res=1077.26
[16/11/2018 18:48:31] >> run[0]ep[8000] res=725.62
[16/11/2018 18:48:56] >> run[0]ep[8100] res=764.86
[16/11/2018 18:49:19] >> run[0]ep[8200] res=712.92
[16/11/2018 18:49:46] >> run[0]ep[8300] res=837.4
[16/11/2018 18:50:12] >> run[0]ep[8400] res=873.74
[16/11/2018 18:50:39] >> run[0]ep[8500] res=1070.04
[16/11/2018 18:51:04] >> run[0]ep[8600] res=859.52
[16/11/2018 18:51:30] >> run[0]ep[8700] res=702.1
[16/11/2018 18:51:53] >> run[0]ep[8800] res=666.52
[16/11/2018 18:52:19] >> run[0]ep[8900] res=1124.42
[16/11/2018 18:52:48] >> run[0]ep[9000] res=891.04
[16/11/2018 18:53:14] >> run[0]ep[9100] res=922.64
[16/11/2018 18:53:41] >> run[0]ep[9200] res=728.78
[16/11/2018 18:54:11] >> run[0]ep[9300] res=943.88
[16/11/2018 18:54:35] >> run[0]ep[9400] res=704.08
[16/11/2018 18:55:02] >> run[0]ep[9500] res=862.96
[16/11/2018 18:55:26] >> run[0]ep[9600] res=831.62
[16/11/2018 18:55:50] >> run[0]ep[9700] res=876.86
[16/11/2018 18:56:16] >> run[0]ep[9800] res=1021.16
[16/11/2018 18:56:41] >> run[0]ep[9900] res=1198.14
[16/11/2018 18:57:05] >> run[0]ep[10000] res=894.42
[16/11/2018 18:57:31] >> run[0]ep[10100] res=1000.2
[16/11/2018 18:57:56] >> run[0]ep[10200] res=645.46
[16/11/2018 18:58:22] >> run[0]ep[10300] res=847.36
