<?xml version="1.0" encoding="UTF-8" standalone="no"?>
<!DOCTYPE log SYSTEM "logger.dtd">
<log>
</log>
[16/11/2018 00:39:14] >> Logger created
[16/11/2018 00:39:15] >> Similarities
[16/11/2018 00:40:25] >> run[0]ep[100] res=-11.21
[16/11/2018 00:41:16] >> run[0]ep[200] res=259.14
[16/11/2018 00:42:01] >> run[0]ep[300] res=356.5
[16/11/2018 00:42:39] >> run[0]ep[400] res=627.44
[16/11/2018 00:43:18] >> run[0]ep[500] res=246.9
[16/11/2018 00:43:53] >> run[0]ep[600] res=263.38
[16/11/2018 00:44:21] >> run[0]ep[700] res=194.44
[16/11/2018 00:44:59] >> run[0]ep[800] res=287.5
[16/11/2018 00:45:30] >> run[0]ep[900] res=454.96
[16/11/2018 00:46:03] >> run[0]ep[1000] res=429.54
[16/11/2018 00:46:31] >> run[0]ep[1100] res=346.64
[16/11/2018 00:46:59] >> run[0]ep[1200] res=342.24
[16/11/2018 00:47:29] >> run[0]ep[1300] res=361.8
[16/11/2018 00:48:04] >> run[0]ep[1400] res=548.44
[16/11/2018 00:48:32] >> run[0]ep[1500] res=310.78
[16/11/2018 00:49:01] >> run[0]ep[1600] res=659.5
[16/11/2018 00:49:27] >> run[0]ep[1700] res=446.56
[16/11/2018 00:49:54] >> run[0]ep[1800] res=467.7
[16/11/2018 00:50:24] >> run[0]ep[1900] res=712.24
[16/11/2018 00:50:53] >> run[0]ep[2000] res=572.4
[16/11/2018 00:51:21] >> run[0]ep[2100] res=473.84
[16/11/2018 00:51:49] >> run[0]ep[2200] res=701.28
[16/11/2018 00:52:21] >> run[0]ep[2300] res=651.78
[16/11/2018 00:52:46] >> run[0]ep[2400] res=639.0
[16/11/2018 00:53:17] >> run[0]ep[2500] res=613.1
[16/11/2018 00:53:40] >> run[0]ep[2600] res=388.48
[16/11/2018 00:54:05] >> run[0]ep[2700] res=490.32
[16/11/2018 00:54:32] >> run[0]ep[2800] res=546.72
[16/11/2018 00:54:56] >> run[0]ep[2900] res=388.56
[16/11/2018 00:55:24] >> run[0]ep[3000] res=558.8
[16/11/2018 00:55:50] >> run[0]ep[3100] res=440.22
[16/11/2018 00:56:12] >> run[0]ep[3200] res=478.78
[16/11/2018 00:56:40] >> run[0]ep[3300] res=637.12
[16/11/2018 00:57:06] >> run[0]ep[3400] res=567.82
[16/11/2018 00:57:37] >> run[0]ep[3500] res=843.4
[16/11/2018 00:58:03] >> run[0]ep[3600] res=804.08
[16/11/2018 00:58:34] >> run[0]ep[3700] res=631.26
[16/11/2018 00:59:02] >> run[0]ep[3800] res=625.22
[16/11/2018 00:59:30] >> run[0]ep[3900] res=780.2
[16/11/2018 01:00:01] >> run[0]ep[4000] res=649.22
[16/11/2018 01:00:30] >> run[0]ep[4100] res=584.54
[16/11/2018 01:00:52] >> run[0]ep[4200] res=461.96
[16/11/2018 01:01:15] >> run[0]ep[4300] res=325.14
[16/11/2018 01:01:39] >> run[0]ep[4400] res=558.88
[16/11/2018 01:02:00] >> run[0]ep[4500] res=379.12
[16/11/2018 01:02:22] >> run[0]ep[4600] res=389.34
[16/11/2018 01:02:54] >> run[0]ep[4700] res=776.1
[16/11/2018 01:03:27] >> run[0]ep[4800] res=678.52
[16/11/2018 01:03:56] >> run[0]ep[4900] res=657.9
[16/11/2018 01:04:24] >> run[0]ep[5000] res=722.06
[16/11/2018 01:04:45] >> run[0]ep[5100] res=255.32
[16/11/2018 01:05:11] >> run[0]ep[5200] res=625.76
[16/11/2018 01:05:37] >> run[0]ep[5300] res=854.82
[16/11/2018 01:06:02] >> run[0]ep[5400] res=633.8
[16/11/2018 01:06:27] >> run[0]ep[5500] res=637.88
[16/11/2018 01:06:53] >> run[0]ep[5600] res=673.26
[16/11/2018 01:07:19] >> run[0]ep[5700] res=617.84
[16/11/2018 01:07:46] >> run[0]ep[5800] res=620.42
[16/11/2018 01:08:13] >> run[0]ep[5900] res=528.4
[16/11/2018 01:08:40] >> run[0]ep[6000] res=420.56
[16/11/2018 01:09:10] >> run[0]ep[6100] res=743.34
[16/11/2018 01:09:39] >> run[0]ep[6200] res=806.98
[16/11/2018 01:10:03] >> run[0]ep[6300] res=664.26
[16/11/2018 01:10:26] >> run[0]ep[6400] res=514.46
[16/11/2018 01:10:51] >> run[0]ep[6500] res=552.04
[16/11/2018 01:11:19] >> run[0]ep[6600] res=614.78
[16/11/2018 01:11:45] >> run[0]ep[6700] res=708.16
[16/11/2018 01:12:14] >> run[0]ep[6800] res=712.98
[16/11/2018 01:12:41] >> run[0]ep[6900] res=618.5
[16/11/2018 01:13:10] >> run[0]ep[7000] res=369.92
[16/11/2018 01:13:37] >> run[0]ep[7100] res=658.5
[16/11/2018 01:14:05] >> run[0]ep[7200] res=513.46
[16/11/2018 01:14:31] >> run[0]ep[7300] res=530.1
[16/11/2018 01:14:59] >> run[0]ep[7400] res=848.52
[16/11/2018 01:15:23] >> run[0]ep[7500] res=517.76
[16/11/2018 01:15:23] >> Total time: 2168 secs
[16/11/2018 01:15:23] >> Basic Q Learning
[16/11/2018 01:15:28] >> run[0]ep[100] res=-188.23
[16/11/2018 01:15:31] >> run[0]ep[200] res=-75.38
[16/11/2018 01:15:34] >> run[0]ep[300] res=-243.84
[16/11/2018 01:15:37] >> run[0]ep[400] res=46.56
[16/11/2018 01:15:41] >> run[0]ep[500] res=-104.2
[16/11/2018 01:15:44] >> run[0]ep[600] res=-120.94
[16/11/2018 01:15:47] >> run[0]ep[700] res=52.08
[16/11/2018 01:15:50] >> run[0]ep[800] res=-87.88
[16/11/2018 01:15:53] >> run[0]ep[900] res=-100.1
[16/11/2018 01:15:56] >> run[0]ep[1000] res=146.84
[16/11/2018 01:15:59] >> run[0]ep[1100] res=198.28
[16/11/2018 01:16:02] >> run[0]ep[1200] res=445.64
[16/11/2018 01:16:06] >> run[0]ep[1300] res=284.2
[16/11/2018 01:16:09] >> run[0]ep[1400] res=87.24
[16/11/2018 01:16:11] >> run[0]ep[1500] res=372.66
[16/11/2018 01:16:15] >> run[0]ep[1600] res=293.34
[16/11/2018 01:16:18] >> run[0]ep[1700] res=430.98
[16/11/2018 01:16:21] >> run[0]ep[1800] res=266.06
[16/11/2018 01:16:24] >> run[0]ep[1900] res=-6.3
[16/11/2018 01:16:27] >> run[0]ep[2000] res=148.46
[16/11/2018 01:16:30] >> run[0]ep[2100] res=40.16
[16/11/2018 01:16:34] >> run[0]ep[2200] res=477.08
[16/11/2018 01:16:37] >> run[0]ep[2300] res=466.22
[16/11/2018 01:16:40] >> run[0]ep[2400] res=681.54
[16/11/2018 01:16:43] >> run[0]ep[2500] res=917.42
[16/11/2018 01:16:46] >> run[0]ep[2600] res=640.66
[16/11/2018 01:16:49] >> run[0]ep[2700] res=761.82
[16/11/2018 01:16:52] >> run[0]ep[2800] res=836.9
[16/11/2018 01:16:55] >> run[0]ep[2900] res=611.56
[16/11/2018 01:16:58] >> run[0]ep[3000] res=659.5
[16/11/2018 01:17:01] >> run[0]ep[3100] res=835.94
[16/11/2018 01:17:04] >> run[0]ep[3200] res=451.12
[16/11/2018 01:17:07] >> run[0]ep[3300] res=439.26
[16/11/2018 01:17:10] >> run[0]ep[3400] res=780.64
[16/11/2018 01:17:13] >> run[0]ep[3500] res=695.64
[16/11/2018 01:17:16] >> run[0]ep[3600] res=520.7
[16/11/2018 01:17:19] >> run[0]ep[3700] res=888.7
[16/11/2018 01:17:22] >> run[0]ep[3800] res=808.64
[16/11/2018 01:17:24] >> run[0]ep[3900] res=785.94
[16/11/2018 01:17:27] >> run[0]ep[4000] res=967.96
[16/11/2018 01:17:30] >> run[0]ep[4100] res=853.76
[16/11/2018 01:17:33] >> run[0]ep[4200] res=935.1
[16/11/2018 01:17:36] >> run[0]ep[4300] res=977.56
[16/11/2018 01:17:39] >> run[0]ep[4400] res=706.94
[16/11/2018 01:17:42] >> run[0]ep[4500] res=924.58
[16/11/2018 01:17:45] >> run[0]ep[4600] res=1135.16
[16/11/2018 01:17:48] >> run[0]ep[4700] res=725.04
[16/11/2018 01:17:51] >> run[0]ep[4800] res=815.76
[16/11/2018 01:17:54] >> run[0]ep[4900] res=881.8
[16/11/2018 01:17:57] >> run[0]ep[5000] res=544.88
[16/11/2018 01:18:00] >> run[0]ep[5100] res=647.28
[16/11/2018 01:18:03] >> run[0]ep[5200] res=720.46
[16/11/2018 01:18:06] >> run[0]ep[5300] res=559.9
[16/11/2018 01:18:09] >> run[0]ep[5400] res=427.1
[16/11/2018 01:18:12] >> run[0]ep[5500] res=810.24
[16/11/2018 01:18:15] >> run[0]ep[5600] res=731.96
[16/11/2018 01:18:18] >> run[0]ep[5700] res=859.98
[16/11/2018 01:18:21] >> run[0]ep[5800] res=1264.5
[16/11/2018 01:18:24] >> run[0]ep[5900] res=1161.34
[16/11/2018 01:18:27] >> run[0]ep[6000] res=844.26
[16/11/2018 01:18:30] >> run[0]ep[6100] res=1199.78
[16/11/2018 01:18:33] >> run[0]ep[6200] res=783.38
[16/11/2018 01:18:35] >> run[0]ep[6300] res=713.68
[16/11/2018 01:18:38] >> run[0]ep[6400] res=1074.8
[16/11/2018 01:18:41] >> run[0]ep[6500] res=848.86
[16/11/2018 01:18:44] >> run[0]ep[6600] res=1058.64
[16/11/2018 01:18:47] >> run[0]ep[6700] res=1110.94
[16/11/2018 01:18:50] >> run[0]ep[6800] res=1000.34
[16/11/2018 01:18:53] >> run[0]ep[6900] res=903.44
[16/11/2018 01:18:56] >> run[0]ep[7000] res=1038.08
[16/11/2018 01:18:59] >> run[0]ep[7100] res=999.52
[16/11/2018 01:19:02] >> run[0]ep[7200] res=841.14
[16/11/2018 01:19:05] >> run[0]ep[7300] res=1270.86
[16/11/2018 01:19:07] >> run[0]ep[7400] res=953.62
[16/11/2018 01:19:10] >> run[0]ep[7500] res=787.3
[16/11/2018 01:19:10] >> Total time: 227 secs
