<?xml version="1.0" encoding="UTF-8" standalone="no"?>
<!DOCTYPE log SYSTEM "logger.dtd">
<log>
</log>
[09/11/2018 02:15:54] >> Logger created
[09/11/2018 02:15:54] >> Similarities
[09/11/2018 02:26:18] >> run[0]ep[100] res=28.19
[09/11/2018 02:33:48] >> run[0]ep[200] res=142.14
[09/11/2018 02:42:58] >> run[0]ep[300] res=311.5
[09/11/2018 02:53:24] >> run[0]ep[400] res=248.48
[09/11/2018 03:06:09] >> run[0]ep[500] res=109.9
[09/11/2018 03:19:14] >> run[0]ep[600] res=124.18
[09/11/2018 03:37:00] >> run[0]ep[700] res=150.44
[09/11/2018 03:54:50] >> run[0]ep[800] res=147.9
[09/11/2018 04:10:35] >> run[0]ep[900] res=140.38
[09/11/2018 04:27:54] >> run[0]ep[1000] res=-101.3
[09/11/2018 04:45:48] >> run[0]ep[1100] res=97.8
[09/11/2018 05:03:47] >> run[0]ep[1200] res=-23.02
[09/11/2018 05:23:12] >> run[0]ep[1300] res=-16.48
[09/11/2018 05:43:18] >> run[0]ep[1400] res=-37.52
[09/11/2018 06:02:52] >> run[0]ep[1500] res=105.8
[09/11/2018 06:21:47] >> run[0]ep[1600] res=111.5
[09/11/2018 06:41:38] >> run[0]ep[1700] res=18.76
[09/11/2018 06:59:51] >> run[0]ep[1800] res=-6.48
[09/11/2018 07:19:48] >> run[0]ep[1900] res=90.02
[09/11/2018 07:41:32] >> run[0]ep[2000] res=28.12
[09/11/2018 08:03:08] >> run[0]ep[2100] res=59.88
[09/11/2018 08:23:19] >> run[0]ep[2200] res=-27.1
[09/11/2018 08:42:57] >> run[0]ep[2300] res=10.3
[09/11/2018 09:04:49] >> run[0]ep[2400] res=-136.88
[09/11/2018 09:27:26] >> run[0]ep[2500] res=-11.36
[09/11/2018 09:48:17] >> run[0]ep[2600] res=-31.76
[09/11/2018 10:10:00] >> run[0]ep[2700] res=-128.26
[09/11/2018 10:31:29] >> run[0]ep[2800] res=72.1
[09/11/2018 10:52:42] >> run[0]ep[2900] res=-86.04
[09/11/2018 11:13:36] >> run[0]ep[3000] res=-25.48
