<?xml version="1.0" encoding="UTF-8" standalone="no"?>
<!DOCTYPE log SYSTEM "logger.dtd">
<log>
</log>
[15/11/2018 23:48:20] >> Logger created
[15/11/2018 23:48:20] >> Similarities
[15/11/2018 23:49:29] >> run[0]ep[100] res=111.31
[15/11/2018 23:50:16] >> run[0]ep[200] res=339.7
[15/11/2018 23:51:01] >> run[0]ep[300] res=453.72
[15/11/2018 23:51:36] >> run[0]ep[400] res=470.6
[15/11/2018 23:52:13] >> run[0]ep[500] res=445.56
[15/11/2018 23:52:45] >> run[0]ep[600] res=481.48
[15/11/2018 23:53:22] >> run[0]ep[700] res=470.8
[15/11/2018 23:53:57] >> run[0]ep[800] res=501.9
[15/11/2018 23:54:33] >> run[0]ep[900] res=514.52
[15/11/2018 23:55:03] >> run[0]ep[1000] res=452.72
[15/11/2018 23:55:33] >> run[0]ep[1100] res=453.4
[15/11/2018 23:56:01] >> run[0]ep[1200] res=539.76
[15/11/2018 23:56:31] >> run[0]ep[1300] res=421.96
[15/11/2018 23:56:59] >> run[0]ep[1400] res=430.72
[15/11/2018 23:57:28] >> run[0]ep[1500] res=583.74
[15/11/2018 23:57:58] >> run[0]ep[1600] res=752.74
[15/11/2018 23:58:27] >> run[0]ep[1700] res=683.54
[15/11/2018 23:58:56] >> run[0]ep[1800] res=675.74
[15/11/2018 23:59:29] >> run[0]ep[1900] res=801.98
[15/11/2018 23:59:57] >> run[0]ep[2000] res=637.3
[16/11/2018 00:00:30] >> run[0]ep[2100] res=856.16
[16/11/2018 00:01:01] >> run[0]ep[2200] res=854.28
[16/11/2018 00:01:31] >> run[0]ep[2300] res=842.6
[16/11/2018 00:01:59] >> run[0]ep[2400] res=701.6
[16/11/2018 00:02:29] >> run[0]ep[2500] res=1000.46
[16/11/2018 00:03:00] >> run[0]ep[2600] res=758.08
[16/11/2018 00:03:26] >> run[0]ep[2700] res=718.04
[16/11/2018 00:03:59] >> run[0]ep[2800] res=737.6
[16/11/2018 00:04:29] >> run[0]ep[2900] res=704.38
[16/11/2018 00:04:58] >> run[0]ep[3000] res=851.7
[16/11/2018 00:05:27] >> run[0]ep[3100] res=516.32
[16/11/2018 00:05:56] >> run[0]ep[3200] res=657.56
[16/11/2018 00:06:28] >> run[0]ep[3300] res=764.8
[16/11/2018 00:07:02] >> run[0]ep[3400] res=792.72
[16/11/2018 00:07:30] >> run[0]ep[3500] res=658.96
[16/11/2018 00:08:00] >> run[0]ep[3600] res=634.74
[16/11/2018 00:08:34] >> run[0]ep[3700] res=895.2
[16/11/2018 00:09:01] >> run[0]ep[3800] res=725.06
[16/11/2018 00:09:31] >> run[0]ep[3900] res=614.52
[16/11/2018 00:09:59] >> run[0]ep[4000] res=681.58
[16/11/2018 00:10:30] >> run[0]ep[4100] res=684.76
[16/11/2018 00:11:00] >> run[0]ep[4200] res=713.64
[16/11/2018 00:11:29] >> run[0]ep[4300] res=521.44
[16/11/2018 00:11:58] >> run[0]ep[4400] res=712.54
[16/11/2018 00:12:28] >> run[0]ep[4500] res=756.32
[16/11/2018 00:13:01] >> run[0]ep[4600] res=813.88
[16/11/2018 00:13:26] >> run[0]ep[4700] res=772.06
[16/11/2018 00:13:56] >> run[0]ep[4800] res=883.84
[16/11/2018 00:14:27] >> run[0]ep[4900] res=616.78
[16/11/2018 00:15:03] >> run[0]ep[5000] res=817.9
[16/11/2018 00:15:37] >> run[0]ep[5100] res=950.06
[16/11/2018 00:16:07] >> run[0]ep[5200] res=800.94
[16/11/2018 00:16:35] >> run[0]ep[5300] res=680.72
[16/11/2018 00:17:02] >> run[0]ep[5400] res=775.24
[16/11/2018 00:17:30] >> run[0]ep[5500] res=629.54
[16/11/2018 00:17:57] >> run[0]ep[5600] res=636.18
[16/11/2018 00:18:27] >> run[0]ep[5700] res=1007.92
[16/11/2018 00:18:59] >> run[0]ep[5800] res=886.14
[16/11/2018 00:19:29] >> run[0]ep[5900] res=905.58
[16/11/2018 00:19:59] >> run[0]ep[6000] res=811.26
[16/11/2018 00:20:32] >> run[0]ep[6100] res=719.24
[16/11/2018 00:21:06] >> run[0]ep[6200] res=671.88
[16/11/2018 00:21:38] >> run[0]ep[6300] res=803.74
[16/11/2018 00:22:11] >> run[0]ep[6400] res=982.88
[16/11/2018 00:22:44] >> run[0]ep[6500] res=899.9
[16/11/2018 00:23:21] >> run[0]ep[6600] res=934.32
[16/11/2018 00:23:57] >> run[0]ep[6700] res=935.34
[16/11/2018 00:24:30] >> run[0]ep[6800] res=1051.7
[16/11/2018 00:25:04] >> run[0]ep[6900] res=877.96
[16/11/2018 00:25:38] >> run[0]ep[7000] res=1128.12
[16/11/2018 00:26:14] >> run[0]ep[7100] res=859.6
[16/11/2018 00:26:50] >> run[0]ep[7200] res=839.22
[16/11/2018 00:27:23] >> run[0]ep[7300] res=805.84
[16/11/2018 00:27:57] >> run[0]ep[7400] res=832.32
[16/11/2018 00:28:32] >> run[0]ep[7500] res=831.76
[16/11/2018 00:28:32] >> Total time: 2412 secs
[16/11/2018 00:28:32] >> Basic Q Learning
[16/11/2018 00:28:37] >> run[0]ep[100] res=-171.21
[16/11/2018 00:28:41] >> run[0]ep[200] res=105.82
[16/11/2018 00:28:44] >> run[0]ep[300] res=109.52
[16/11/2018 00:28:47] >> run[0]ep[400] res=33.86
[16/11/2018 00:28:50] >> run[0]ep[500] res=-274.52
[16/11/2018 00:28:52] >> run[0]ep[600] res=-174.0
[16/11/2018 00:28:56] >> run[0]ep[700] res=-11.72
[16/11/2018 00:28:59] >> run[0]ep[800] res=-48.94
[16/11/2018 00:29:02] >> run[0]ep[900] res=347.06
[16/11/2018 00:29:05] >> run[0]ep[1000] res=247.9
[16/11/2018 00:29:08] >> run[0]ep[1100] res=338.64
[16/11/2018 00:29:11] >> run[0]ep[1200] res=218.78
[16/11/2018 00:29:14] >> run[0]ep[1300] res=431.78
[16/11/2018 00:29:17] >> run[0]ep[1400] res=567.3
[16/11/2018 00:29:20] >> run[0]ep[1500] res=319.24
[16/11/2018 00:29:24] >> run[0]ep[1600] res=440.78
[16/11/2018 00:29:27] >> run[0]ep[1700] res=640.92
[16/11/2018 00:29:30] >> run[0]ep[1800] res=627.4
[16/11/2018 00:29:33] >> run[0]ep[1900] res=385.9
[16/11/2018 00:29:36] >> run[0]ep[2000] res=435.6
[16/11/2018 00:29:40] >> run[0]ep[2100] res=124.16
[16/11/2018 00:29:43] >> run[0]ep[2200] res=-3.66
[16/11/2018 00:29:46] >> run[0]ep[2300] res=383.64
[16/11/2018 00:29:50] >> run[0]ep[2400] res=367.02
[16/11/2018 00:29:53] >> run[0]ep[2500] res=412.26
[16/11/2018 00:29:56] >> run[0]ep[2600] res=431.46
[16/11/2018 00:29:59] >> run[0]ep[2700] res=177.8
[16/11/2018 00:30:02] >> run[0]ep[2800] res=486.08
[16/11/2018 00:30:05] >> run[0]ep[2900] res=598.98
[16/11/2018 00:30:08] >> run[0]ep[3000] res=717.56
[16/11/2018 00:30:11] >> run[0]ep[3100] res=855.98
[16/11/2018 00:30:14] >> run[0]ep[3200] res=995.4
[16/11/2018 00:30:18] >> run[0]ep[3300] res=1066.12
[16/11/2018 00:30:21] >> run[0]ep[3400] res=1014.28
[16/11/2018 00:30:24] >> run[0]ep[3500] res=1120.22
[16/11/2018 00:30:27] >> run[0]ep[3600] res=837.98
[16/11/2018 00:30:30] >> run[0]ep[3700] res=1237.6
[16/11/2018 00:30:33] >> run[0]ep[3800] res=1073.16
[16/11/2018 00:30:36] >> run[0]ep[3900] res=1051.74
[16/11/2018 00:30:39] >> run[0]ep[4000] res=988.82
[16/11/2018 00:30:42] >> run[0]ep[4100] res=1205.72
[16/11/2018 00:30:45] >> run[0]ep[4200] res=1199.22
[16/11/2018 00:30:48] >> run[0]ep[4300] res=1120.76
[16/11/2018 00:30:51] >> run[0]ep[4400] res=1345.06
[16/11/2018 00:30:54] >> run[0]ep[4500] res=1212.88
[16/11/2018 00:30:57] >> run[0]ep[4600] res=1088.58
[16/11/2018 00:30:59] >> run[0]ep[4700] res=1319.42
[16/11/2018 00:31:02] >> run[0]ep[4800] res=1360.52
[16/11/2018 00:31:05] >> run[0]ep[4900] res=1171.78
[16/11/2018 00:31:08] >> run[0]ep[5000] res=1190.38
[16/11/2018 00:31:11] >> run[0]ep[5100] res=1405.16
[16/11/2018 00:31:14] >> run[0]ep[5200] res=1455.78
[16/11/2018 00:31:17] >> run[0]ep[5300] res=1461.86
[16/11/2018 00:31:20] >> run[0]ep[5400] res=1395.52
[16/11/2018 00:31:23] >> run[0]ep[5500] res=1416.06
[16/11/2018 00:31:26] >> run[0]ep[5600] res=1110.42
[16/11/2018 00:31:28] >> run[0]ep[5700] res=1395.18
[16/11/2018 00:31:31] >> run[0]ep[5800] res=880.58
[16/11/2018 00:31:34] >> run[0]ep[5900] res=1328.2
[16/11/2018 00:31:36] >> run[0]ep[6000] res=1151.46
[16/11/2018 00:31:39] >> run[0]ep[6100] res=1259.44
[16/11/2018 00:31:42] >> run[0]ep[6200] res=1494.9
[16/11/2018 00:31:45] >> run[0]ep[6300] res=1123.82
[16/11/2018 00:31:47] >> run[0]ep[6400] res=1370.24
[16/11/2018 00:31:50] >> run[0]ep[6500] res=1226.2
[16/11/2018 00:31:53] >> run[0]ep[6600] res=1267.88
[16/11/2018 00:31:56] >> run[0]ep[6700] res=1368.28
[16/11/2018 00:31:58] >> run[0]ep[6800] res=1257.74
[16/11/2018 00:32:02] >> run[0]ep[6900] res=1488.08
[16/11/2018 00:32:04] >> run[0]ep[7000] res=1228.0
[16/11/2018 00:32:07] >> run[0]ep[7100] res=1305.42
[16/11/2018 00:32:10] >> run[0]ep[7200] res=1381.94
[16/11/2018 00:32:13] >> run[0]ep[7300] res=1347.88
[16/11/2018 00:32:16] >> run[0]ep[7400] res=1325.0
[16/11/2018 00:32:18] >> run[0]ep[7500] res=1065.88
[16/11/2018 00:32:18] >> Total time: 225 secs
