<?xml version="1.0" encoding="UTF-8" standalone="no"?>
<!DOCTYPE log SYSTEM "logger.dtd">
<log>
</log>
[08/11/2018 22:44:20] >> Logger created
[08/11/2018 22:44:21] >> Similarities
[08/11/2018 22:44:24] >> run[0]ep[100] res=-194.53
[08/11/2018 22:44:28] >> run[0]ep[200] res=-71.56
[08/11/2018 22:44:31] >> run[0]ep[300] res=-120.5
[08/11/2018 22:44:34] >> run[0]ep[400] res=11.44
[08/11/2018 22:44:37] >> run[0]ep[500] res=10.7
[08/11/2018 22:44:40] >> run[0]ep[600] res=-202.92
[08/11/2018 22:44:43] >> run[0]ep[700] res=26.24
[08/11/2018 22:44:46] >> run[0]ep[800] res=9.76
[08/11/2018 22:44:49] >> run[0]ep[900] res=44.34
[08/11/2018 22:44:53] >> run[0]ep[1000] res=240.64
[08/11/2018 22:44:56] >> run[0]ep[1100] res=220.26
[08/11/2018 22:44:59] >> run[0]ep[1200] res=208.94
[08/11/2018 22:45:02] >> run[0]ep[1300] res=107.76
[08/11/2018 22:45:05] >> run[0]ep[1400] res=306.88
[08/11/2018 22:45:08] >> run[0]ep[1500] res=458.16
[08/11/2018 22:45:11] >> run[0]ep[1600] res=577.88
[08/11/2018 22:45:14] >> run[0]ep[1700] res=299.56
[08/11/2018 22:45:18] >> run[0]ep[1800] res=625.72
[08/11/2018 22:45:21] >> run[0]ep[1900] res=285.76
[08/11/2018 22:45:24] >> run[0]ep[2000] res=372.2
[08/11/2018 22:45:27] >> run[0]ep[2100] res=411.22
[08/11/2018 22:45:31] >> run[0]ep[2200] res=405.86
[08/11/2018 22:45:34] >> run[0]ep[2300] res=584.14
[08/11/2018 22:45:37] >> run[0]ep[2400] res=684.96
[08/11/2018 22:45:40] >> run[0]ep[2500] res=789.82
[08/11/2018 22:45:43] >> run[0]ep[2600] res=456.76
[08/11/2018 22:45:46] >> run[0]ep[2700] res=818.06
[08/11/2018 22:45:49] >> run[0]ep[2800] res=695.94
[08/11/2018 22:45:53] >> run[0]ep[2900] res=515.06
[08/11/2018 22:45:56] >> run[0]ep[3000] res=759.22
[08/11/2018 22:45:59] >> run[0]ep[3100] res=839.36
[08/11/2018 22:46:02] >> run[0]ep[3200] res=810.58
[08/11/2018 22:46:05] >> run[0]ep[3300] res=546.04
[08/11/2018 22:46:08] >> run[0]ep[3400] res=628.26
[08/11/2018 22:46:11] >> run[0]ep[3500] res=520.48
[08/11/2018 22:46:14] >> run[0]ep[3600] res=879.08
[08/11/2018 22:46:17] >> run[0]ep[3700] res=663.28
[08/11/2018 22:46:20] >> run[0]ep[3800] res=416.3
[08/11/2018 22:46:23] >> run[0]ep[3900] res=561.3
[08/11/2018 22:46:27] >> run[0]ep[4000] res=468.04
[08/11/2018 22:46:30] >> run[0]ep[4100] res=964.88
[08/11/2018 22:46:32] >> run[0]ep[4200] res=935.44
[08/11/2018 22:46:35] >> run[0]ep[4300] res=985.74
[08/11/2018 22:46:38] >> run[0]ep[4400] res=625.46
[08/11/2018 22:46:41] >> run[0]ep[4500] res=548.1
[08/11/2018 22:46:44] >> run[0]ep[4600] res=693.7
[08/11/2018 22:46:47] >> run[0]ep[4700] res=1011.4
[08/11/2018 22:46:50] >> run[0]ep[4800] res=1016.56
[08/11/2018 22:46:53] >> run[0]ep[4900] res=638.28
[08/11/2018 22:46:56] >> run[0]ep[5000] res=571.16
[08/11/2018 22:46:59] >> run[0]ep[5100] res=754.86
[08/11/2018 22:47:02] >> run[0]ep[5200] res=954.06
[08/11/2018 22:47:05] >> run[0]ep[5300] res=1221.7
[08/11/2018 22:47:08] >> run[0]ep[5400] res=836.44
[08/11/2018 22:47:11] >> run[0]ep[5500] res=780.3
[08/11/2018 22:47:14] >> run[0]ep[5600] res=851.98
[08/11/2018 22:47:17] >> run[0]ep[5700] res=733.96
[08/11/2018 22:47:20] >> run[0]ep[5800] res=655.62
[08/11/2018 22:47:23] >> run[0]ep[5900] res=917.26
[08/11/2018 22:47:26] >> run[0]ep[6000] res=1038.36
[08/11/2018 22:47:29] >> run[0]ep[6100] res=1106.4
[08/11/2018 22:47:32] >> run[0]ep[6200] res=1100.56
[08/11/2018 22:47:36] >> run[0]ep[6300] res=1047.34
[08/11/2018 22:47:39] >> run[0]ep[6400] res=1201.72
[08/11/2018 22:47:42] >> run[0]ep[6500] res=1021.12
[08/11/2018 22:47:45] >> run[0]ep[6600] res=699.96
[08/11/2018 22:47:48] >> run[0]ep[6700] res=865.58
[08/11/2018 22:47:50] >> run[0]ep[6800] res=1320.88
[08/11/2018 22:47:53] >> run[0]ep[6900] res=1011.32
[08/11/2018 22:47:56] >> run[0]ep[7000] res=1348.8
[08/11/2018 22:47:59] >> run[0]ep[7100] res=1029.64
[08/11/2018 22:48:01] >> run[0]ep[7200] res=1018.28
[08/11/2018 22:48:04] >> run[0]ep[7300] res=1160.22
[08/11/2018 22:48:06] >> run[0]ep[7400] res=1264.78
[08/11/2018 22:48:09] >> run[0]ep[7500] res=1323.48
[08/11/2018 22:48:09] >> Total time: 228 secs
[08/11/2018 22:48:09] >> Basic Q Learning
[08/11/2018 22:48:12] >> run[0]ep[100] res=-148.19
[08/11/2018 22:48:16] >> run[0]ep[200] res=4.6
[08/11/2018 22:48:18] >> run[0]ep[300] res=109.24
[08/11/2018 22:48:21] >> run[0]ep[400] res=-86.3
[08/11/2018 22:48:25] >> run[0]ep[500] res=-69.88
[08/11/2018 22:48:28] >> run[0]ep[600] res=38.44
[08/11/2018 22:48:31] >> run[0]ep[700] res=-167.8
[08/11/2018 22:48:34] >> run[0]ep[800] res=-101.5
[08/11/2018 22:48:37] >> run[0]ep[900] res=21.12
[08/11/2018 22:48:40] >> run[0]ep[1000] res=286.98
[08/11/2018 22:48:43] >> run[0]ep[1100] res=21.46
[08/11/2018 22:48:46] >> run[0]ep[1200] res=116.82
[08/11/2018 22:48:49] >> run[0]ep[1300] res=243.58
[08/11/2018 22:48:52] >> run[0]ep[1400] res=-32.38
[08/11/2018 22:48:56] >> run[0]ep[1500] res=104.76
[08/11/2018 22:48:59] >> run[0]ep[1600] res=-0.24
[08/11/2018 22:49:02] >> run[0]ep[1700] res=-104.1
[08/11/2018 22:49:05] >> run[0]ep[1800] res=390.24
[08/11/2018 22:49:08] >> run[0]ep[1900] res=310.02
[08/11/2018 22:49:11] >> run[0]ep[2000] res=470.84
[08/11/2018 22:49:14] >> run[0]ep[2100] res=537.04
[08/11/2018 22:49:17] >> run[0]ep[2200] res=462.36
[08/11/2018 22:49:20] >> run[0]ep[2300] res=466.08
[08/11/2018 22:49:23] >> run[0]ep[2400] res=473.86
[08/11/2018 22:49:26] >> run[0]ep[2500] res=507.5
[08/11/2018 22:49:29] >> run[0]ep[2600] res=632.4
[08/11/2018 22:49:32] >> run[0]ep[2700] res=525.0
[08/11/2018 22:49:36] >> run[0]ep[2800] res=475.26
[08/11/2018 22:49:39] >> run[0]ep[2900] res=437.46
[08/11/2018 22:49:42] >> run[0]ep[3000] res=488.1
[08/11/2018 22:49:45] >> run[0]ep[3100] res=673.24
[08/11/2018 22:49:48] >> run[0]ep[3200] res=558.32
[08/11/2018 22:49:51] >> run[0]ep[3300] res=642.38
[08/11/2018 22:49:54] >> run[0]ep[3400] res=532.3
[08/11/2018 22:49:58] >> run[0]ep[3500] res=724.28
[08/11/2018 22:50:01] >> run[0]ep[3600] res=669.9
[08/11/2018 22:50:04] >> run[0]ep[3700] res=720.88
[08/11/2018 22:50:07] >> run[0]ep[3800] res=726.58
[08/11/2018 22:50:11] >> run[0]ep[3900] res=831.58
[08/11/2018 22:50:14] >> run[0]ep[4000] res=522.8
[08/11/2018 22:50:17] >> run[0]ep[4100] res=335.5
[08/11/2018 22:50:20] >> run[0]ep[4200] res=553.0
[08/11/2018 22:50:23] >> run[0]ep[4300] res=515.92
[08/11/2018 22:50:26] >> run[0]ep[4400] res=528.18
[08/11/2018 22:50:29] >> run[0]ep[4500] res=680.98
[08/11/2018 22:50:32] >> run[0]ep[4600] res=755.56
[08/11/2018 22:50:35] >> run[0]ep[4700] res=765.86
[08/11/2018 22:50:38] >> run[0]ep[4800] res=660.4
[08/11/2018 22:50:41] >> run[0]ep[4900] res=784.42
[08/11/2018 22:50:44] >> run[0]ep[5000] res=593.24
[08/11/2018 22:50:47] >> run[0]ep[5100] res=836.2
[08/11/2018 22:50:51] >> run[0]ep[5200] res=725.86
[08/11/2018 22:50:54] >> run[0]ep[5300] res=687.46
[08/11/2018 22:50:57] >> run[0]ep[5400] res=779.6
[08/11/2018 22:51:00] >> run[0]ep[5500] res=906.32
[08/11/2018 22:51:03] >> run[0]ep[5600] res=1004.48
[08/11/2018 22:51:06] >> run[0]ep[5700] res=768.4
[08/11/2018 22:51:09] >> run[0]ep[5800] res=779.34
[08/11/2018 22:51:12] >> run[0]ep[5900] res=837.44
[08/11/2018 22:51:15] >> run[0]ep[6000] res=750.28
[08/11/2018 22:51:18] >> run[0]ep[6100] res=659.0
[08/11/2018 22:51:21] >> run[0]ep[6200] res=989.28
[08/11/2018 22:51:24] >> run[0]ep[6300] res=800.86
[08/11/2018 22:51:27] >> run[0]ep[6400] res=1013.08
[08/11/2018 22:51:30] >> run[0]ep[6500] res=760.08
[08/11/2018 22:51:34] >> run[0]ep[6600] res=904.66
[08/11/2018 22:51:37] >> run[0]ep[6700] res=591.14
[08/11/2018 22:51:40] >> run[0]ep[6800] res=909.88
[08/11/2018 22:51:43] >> run[0]ep[6900] res=861.78
[08/11/2018 22:51:46] >> run[0]ep[7000] res=1065.76
[08/11/2018 22:51:49] >> run[0]ep[7100] res=1036.5
[08/11/2018 22:51:52] >> run[0]ep[7200] res=965.36
[08/11/2018 22:51:55] >> run[0]ep[7300] res=743.74
[08/11/2018 22:51:58] >> run[0]ep[7400] res=729.52
[08/11/2018 22:52:01] >> run[0]ep[7500] res=947.34
[08/11/2018 22:52:01] >> Total time: 232 secs
