<?xml version="1.0" encoding="UTF-8" standalone="no"?>
<!DOCTYPE log SYSTEM "logger.dtd">
<log>
</log>
[16/11/2018 14:01:16] >> Logger created
[16/11/2018 14:01:16] >> Similarities
[16/11/2018 14:02:36] >> run[0]ep[100] res=185.25
[16/11/2018 14:03:29] >> run[0]ep[200] res=392.78
[16/11/2018 14:04:20] >> run[0]ep[300] res=563.62
[16/11/2018 14:05:06] >> run[0]ep[400] res=550.88
[16/11/2018 14:05:47] >> run[0]ep[500] res=419.72
[16/11/2018 14:06:23] >> run[0]ep[600] res=424.96
[16/11/2018 14:06:57] >> run[0]ep[700] res=511.84
[16/11/2018 14:07:29] >> run[0]ep[800] res=389.8
[16/11/2018 14:08:03] >> run[0]ep[900] res=596.86
[16/11/2018 14:08:38] >> run[0]ep[1000] res=640.48
[16/11/2018 14:09:13] >> run[0]ep[1100] res=669.38
[16/11/2018 14:09:45] >> run[0]ep[1200] res=859.54
[16/11/2018 14:10:16] >> run[0]ep[1300] res=561.12
[16/11/2018 14:10:47] >> run[0]ep[1400] res=703.66
[16/11/2018 14:11:18] >> run[0]ep[1500] res=466.74
[16/11/2018 14:11:49] >> run[0]ep[1600] res=670.76
[16/11/2018 14:12:21] >> run[0]ep[1700] res=718.62
[16/11/2018 14:12:51] >> run[0]ep[1800] res=671.76
[16/11/2018 14:13:21] >> run[0]ep[1900] res=620.04
[16/11/2018 14:13:51] >> run[0]ep[2000] res=641.6
[16/11/2018 14:14:22] >> run[0]ep[2100] res=557.34
[16/11/2018 14:14:52] >> run[0]ep[2200] res=678.42
[16/11/2018 14:15:22] >> run[0]ep[2300] res=489.62
[16/11/2018 14:15:50] >> run[0]ep[2400] res=535.1
[16/11/2018 14:16:16] >> run[0]ep[2500] res=517.0
[16/11/2018 14:16:43] >> run[0]ep[2600] res=559.52
[16/11/2018 14:17:09] >> run[0]ep[2700] res=545.1
[16/11/2018 14:17:36] >> run[0]ep[2800] res=338.1
[16/11/2018 14:18:00] >> run[0]ep[2900] res=674.64
[16/11/2018 14:18:31] >> run[0]ep[3000] res=574.82
[16/11/2018 14:19:00] >> run[0]ep[3100] res=729.82
[16/11/2018 14:19:25] >> run[0]ep[3200] res=448.06
[16/11/2018 14:19:51] >> run[0]ep[3300] res=493.54
[16/11/2018 14:20:16] >> run[0]ep[3400] res=639.46
[16/11/2018 14:20:43] >> run[0]ep[3500] res=449.32
[16/11/2018 14:21:11] >> run[0]ep[3600] res=817.72
[16/11/2018 14:21:33] >> run[0]ep[3700] res=409.34
[16/11/2018 14:21:57] >> run[0]ep[3800] res=735.1
[16/11/2018 14:22:26] >> run[0]ep[3900] res=518.52
[16/11/2018 14:22:50] >> run[0]ep[4000] res=682.32
[16/11/2018 14:23:18] >> run[0]ep[4100] res=951.72
[16/11/2018 14:23:44] >> run[0]ep[4200] res=802.78
[16/11/2018 14:24:11] >> run[0]ep[4300] res=605.54
[16/11/2018 14:24:36] >> run[0]ep[4400] res=653.04
[16/11/2018 14:25:01] >> run[0]ep[4500] res=627.48
[16/11/2018 14:25:27] >> run[0]ep[4600] res=677.38
[16/11/2018 14:25:58] >> run[0]ep[4700] res=899.4
[16/11/2018 14:26:26] >> run[0]ep[4800] res=571.48
[16/11/2018 14:26:57] >> run[0]ep[4900] res=857.3
[16/11/2018 14:27:24] >> run[0]ep[5000] res=742.26
[16/11/2018 14:27:49] >> run[0]ep[5100] res=733.58
[16/11/2018 14:28:16] >> run[0]ep[5200] res=712.32
[16/11/2018 14:28:38] >> run[0]ep[5300] res=577.48
[16/11/2018 14:29:07] >> run[0]ep[5400] res=708.96
[16/11/2018 14:29:33] >> run[0]ep[5500] res=626.16
[16/11/2018 14:30:04] >> run[0]ep[5600] res=678.8
[16/11/2018 14:30:28] >> run[0]ep[5700] res=733.7
[16/11/2018 14:30:55] >> run[0]ep[5800] res=845.68
[16/11/2018 14:31:25] >> run[0]ep[5900] res=727.98
[16/11/2018 14:31:50] >> run[0]ep[6000] res=870.9
[16/11/2018 14:32:14] >> run[0]ep[6100] res=851.94
[16/11/2018 14:32:39] >> run[0]ep[6200] res=838.56
[16/11/2018 14:33:04] >> run[0]ep[6300] res=590.02
[16/11/2018 14:33:28] >> run[0]ep[6400] res=757.34
[16/11/2018 14:33:52] >> run[0]ep[6500] res=978.3
[16/11/2018 14:34:24] >> run[0]ep[6600] res=1025.64
[16/11/2018 14:34:51] >> run[0]ep[6700] res=773.98
[16/11/2018 14:35:17] >> run[0]ep[6800] res=630.16
[16/11/2018 14:35:43] >> run[0]ep[6900] res=927.98
[16/11/2018 14:36:10] >> run[0]ep[7000] res=942.9
[16/11/2018 14:36:40] >> run[0]ep[7100] res=876.58
[16/11/2018 14:37:05] >> run[0]ep[7200] res=922.9
[16/11/2018 14:37:31] >> run[0]ep[7300] res=699.28
[16/11/2018 14:37:56] >> run[0]ep[7400] res=797.58
[16/11/2018 14:38:20] >> run[0]ep[7500] res=722.06
[16/11/2018 14:38:46] >> run[0]ep[7600] res=817.7
[16/11/2018 14:39:13] >> run[0]ep[7700] res=655.76
[16/11/2018 14:39:41] >> run[0]ep[7800] res=953.2
[16/11/2018 14:40:07] >> run[0]ep[7900] res=893.94
[16/11/2018 14:40:38] >> run[0]ep[8000] res=867.82
[16/11/2018 14:41:05] >> run[0]ep[8100] res=810.12
[16/11/2018 14:41:34] >> run[0]ep[8200] res=952.86
[16/11/2018 14:41:56] >> run[0]ep[8300] res=794.96
[16/11/2018 14:42:21] >> run[0]ep[8400] res=911.1
[16/11/2018 14:42:48] >> run[0]ep[8500] res=898.62
[16/11/2018 14:43:16] >> run[0]ep[8600] res=602.04
[16/11/2018 14:43:39] >> run[0]ep[8700] res=791.96
[16/11/2018 14:44:04] >> run[0]ep[8800] res=743.92
[16/11/2018 14:44:29] >> run[0]ep[8900] res=823.72
[16/11/2018 14:44:53] >> run[0]ep[9000] res=841.02
[16/11/2018 14:45:19] >> run[0]ep[9100] res=706.98
[16/11/2018 14:45:52] >> run[0]ep[9200] res=1000.98
[16/11/2018 14:46:20] >> run[0]ep[9300] res=1098.92
[16/11/2018 14:46:47] >> run[0]ep[9400] res=1021.18
[16/11/2018 14:47:12] >> run[0]ep[9500] res=845.7
[16/11/2018 14:47:36] >> run[0]ep[9600] res=786.44
[16/11/2018 14:48:02] >> run[0]ep[9700] res=868.22
[16/11/2018 14:48:27] >> run[0]ep[9800] res=506.48
[16/11/2018 14:48:52] >> run[0]ep[9900] res=934.78
[16/11/2018 14:49:18] >> run[0]ep[10000] res=873.36
[16/11/2018 14:49:43] >> run[0]ep[10100] res=749.12
[16/11/2018 14:50:06] >> run[0]ep[10200] res=906.5
[16/11/2018 14:50:35] >> run[0]ep[10300] res=864.68
[16/11/2018 14:50:57] >> run[0]ep[10400] res=646.0
[16/11/2018 14:51:19] >> run[0]ep[10500] res=873.3
[16/11/2018 14:51:43] >> run[0]ep[10600] res=665.28
[16/11/2018 14:52:10] >> run[0]ep[10700] res=954.96
[16/11/2018 14:52:34] >> run[0]ep[10800] res=824.42
[16/11/2018 14:53:01] >> run[0]ep[10900] res=886.92
[16/11/2018 14:53:25] >> run[0]ep[11000] res=925.38
[16/11/2018 14:53:50] >> run[0]ep[11100] res=834.22
[16/11/2018 14:54:19] >> run[0]ep[11200] res=826.52
[16/11/2018 14:54:43] >> run[0]ep[11300] res=887.5
[16/11/2018 14:55:11] >> run[0]ep[11400] res=867.48
[16/11/2018 14:55:36] >> run[0]ep[11500] res=843.3
[16/11/2018 14:56:03] >> run[0]ep[11600] res=795.42
[16/11/2018 14:56:29] >> run[0]ep[11700] res=750.9
[16/11/2018 14:57:00] >> run[0]ep[11800] res=873.38
[16/11/2018 14:57:29] >> run[0]ep[11900] res=762.38
[16/11/2018 14:57:56] >> run[0]ep[12000] res=758.58
[16/11/2018 14:58:24] >> run[0]ep[12100] res=1009.3
[16/11/2018 14:58:53] >> run[0]ep[12200] res=1021.12
[16/11/2018 14:59:20] >> run[0]ep[12300] res=660.18
[16/11/2018 14:59:52] >> run[0]ep[12400] res=877.66
[16/11/2018 15:00:16] >> run[0]ep[12500] res=609.7
[16/11/2018 15:00:41] >> run[0]ep[12600] res=812.48
[16/11/2018 15:01:06] >> run[0]ep[12700] res=799.44
[16/11/2018 15:01:36] >> run[0]ep[12800] res=871.7
[16/11/2018 15:02:02] >> run[0]ep[12900] res=643.82
[16/11/2018 15:02:29] >> run[0]ep[13000] res=669.36
[16/11/2018 15:02:56] >> run[0]ep[13100] res=578.9
[16/11/2018 15:03:25] >> run[0]ep[13200] res=816.62
[16/11/2018 15:03:51] >> run[0]ep[13300] res=915.54
[16/11/2018 15:04:21] >> run[0]ep[13400] res=1021.1
[16/11/2018 15:04:47] >> run[0]ep[13500] res=696.04
[16/11/2018 15:05:17] >> run[0]ep[13600] res=651.68
[16/11/2018 15:05:45] >> run[0]ep[13700] res=974.36
[16/11/2018 15:06:14] >> run[0]ep[13800] res=748.24
[16/11/2018 15:06:48] >> run[0]ep[13900] res=1072.46
[16/11/2018 15:07:16] >> run[0]ep[14000] res=999.68
[16/11/2018 15:07:46] >> run[0]ep[14100] res=1146.68
[16/11/2018 15:08:14] >> run[0]ep[14200] res=1044.04
[16/11/2018 15:08:40] >> run[0]ep[14300] res=899.94
[16/11/2018 15:09:07] >> run[0]ep[14400] res=1093.12
[16/11/2018 15:09:34] >> run[0]ep[14500] res=895.1
[16/11/2018 15:10:05] >> run[0]ep[14600] res=1022.4
[16/11/2018 15:10:35] >> run[0]ep[14700] res=1038.86
[16/11/2018 15:11:05] >> run[0]ep[14800] res=1075.92
[16/11/2018 15:11:35] >> run[0]ep[14900] res=1218.92
[16/11/2018 15:12:02] >> run[0]ep[15000] res=853.66
[16/11/2018 15:12:29] >> run[0]ep[15100] res=1109.64
[16/11/2018 15:13:01] >> run[0]ep[15200] res=1037.26
[16/11/2018 15:13:35] >> run[0]ep[15300] res=1368.18
[16/11/2018 15:14:04] >> run[0]ep[15400] res=1152.78
[16/11/2018 15:14:32] >> run[0]ep[15500] res=1236.88
[16/11/2018 15:15:00] >> run[0]ep[15600] res=1047.3
[16/11/2018 15:15:28] >> run[0]ep[15700] res=768.84
[16/11/2018 15:15:57] >> run[0]ep[15800] res=955.34
[16/11/2018 15:16:28] >> run[0]ep[15900] res=1373.5
[16/11/2018 15:16:56] >> run[0]ep[16000] res=1050.96
[16/11/2018 15:17:24] >> run[0]ep[16100] res=960.1
[16/11/2018 15:17:51] >> run[0]ep[16200] res=935.0
[16/11/2018 15:18:20] >> run[0]ep[16300] res=1026.46
[16/11/2018 15:18:49] >> run[0]ep[16400] res=846.46
[16/11/2018 15:19:19] >> run[0]ep[16500] res=1087.38
[16/11/2018 15:19:44] >> run[0]ep[16600] res=1108.78
[16/11/2018 15:20:13] >> run[0]ep[16700] res=1247.86
[16/11/2018 15:20:37] >> run[0]ep[16800] res=1135.68
[16/11/2018 15:21:08] >> run[0]ep[16900] res=1205.58
[16/11/2018 15:21:36] >> run[0]ep[17000] res=907.48
[16/11/2018 15:22:06] >> run[0]ep[17100] res=1024.8
[16/11/2018 15:22:34] >> run[0]ep[17200] res=1190.24
[16/11/2018 15:23:01] >> run[0]ep[17300] res=1002.78
[16/11/2018 15:23:25] >> run[0]ep[17400] res=940.16
[16/11/2018 15:23:53] >> run[0]ep[17500] res=961.92
[16/11/2018 15:24:19] >> run[0]ep[17600] res=1040.84
[16/11/2018 15:24:53] >> run[0]ep[17700] res=1197.52
[16/11/2018 15:25:26] >> run[0]ep[17800] res=947.68
[16/11/2018 15:25:52] >> run[0]ep[17900] res=1094.38
[16/11/2018 15:26:21] >> run[0]ep[18000] res=1051.46
[16/11/2018 15:26:52] >> run[0]ep[18100] res=928.58
[16/11/2018 15:27:23] >> run[0]ep[18200] res=1163.0
[16/11/2018 15:27:50] >> run[0]ep[18300] res=1080.02
[16/11/2018 15:28:19] >> run[0]ep[18400] res=987.3
[16/11/2018 15:28:49] >> run[0]ep[18500] res=922.06
[16/11/2018 15:29:18] >> run[0]ep[18600] res=1350.72
[16/11/2018 15:29:45] >> run[0]ep[18700] res=1113.02
[16/11/2018 15:30:12] >> run[0]ep[18800] res=1087.66
[16/11/2018 15:30:36] >> run[0]ep[18900] res=715.84
[16/11/2018 15:31:05] >> run[0]ep[19000] res=994.12
[16/11/2018 15:31:36] >> run[0]ep[19100] res=1129.22
[16/11/2018 15:32:06] >> run[0]ep[19200] res=1107.96
[16/11/2018 15:32:36] >> run[0]ep[19300] res=1118.64
[16/11/2018 15:33:04] >> run[0]ep[19400] res=1150.78
[16/11/2018 15:33:34] >> run[0]ep[19500] res=1097.62
[16/11/2018 15:34:04] >> run[0]ep[19600] res=1150.5
[16/11/2018 15:34:33] >> run[0]ep[19700] res=1243.68
[16/11/2018 15:35:04] >> run[0]ep[19800] res=1005.44
[16/11/2018 15:35:35] >> run[0]ep[19900] res=1061.8
[16/11/2018 15:36:07] >> run[0]ep[20000] res=942.72
[16/11/2018 15:36:07] >> Total time: 5690 secs
[16/11/2018 15:36:07] >> Basic Q Learning
[16/11/2018 15:36:12] >> run[0]ep[100] res=-73.07
[16/11/2018 15:36:15] >> run[0]ep[200] res=-30.36
[16/11/2018 15:36:18] >> run[0]ep[300] res=17.7
[16/11/2018 15:36:21] >> run[0]ep[400] res=-38.28
[16/11/2018 15:36:24] >> run[0]ep[500] res=-185.36
[16/11/2018 15:36:28] >> run[0]ep[600] res=47.06
[16/11/2018 15:36:31] >> run[0]ep[700] res=125.34
[16/11/2018 15:36:34] >> run[0]ep[800] res=291.74
[16/11/2018 15:36:37] >> run[0]ep[900] res=68.66
[16/11/2018 15:36:40] >> run[0]ep[1000] res=-82.44
[16/11/2018 15:36:43] >> run[0]ep[1100] res=150.44
[16/11/2018 15:36:46] >> run[0]ep[1200] res=242.66
[16/11/2018 15:36:49] >> run[0]ep[1300] res=288.98
[16/11/2018 15:36:53] >> run[0]ep[1400] res=86.84
[16/11/2018 15:36:56] >> run[0]ep[1500] res=229.22
[16/11/2018 15:36:59] >> run[0]ep[1600] res=100.72
[16/11/2018 15:37:02] >> run[0]ep[1700] res=125.96
[16/11/2018 15:37:05] >> run[0]ep[1800] res=269.24
[16/11/2018 15:37:08] >> run[0]ep[1900] res=556.24
[16/11/2018 15:37:12] >> run[0]ep[2000] res=495.96
[16/11/2018 15:37:15] >> run[0]ep[2100] res=401.02
[16/11/2018 15:37:18] >> run[0]ep[2200] res=650.0
[16/11/2018 15:37:21] >> run[0]ep[2300] res=383.48
[16/11/2018 15:37:24] >> run[0]ep[2400] res=442.28
[16/11/2018 15:37:27] >> run[0]ep[2500] res=506.84
[16/11/2018 15:37:30] >> run[0]ep[2600] res=477.12
[16/11/2018 15:37:33] >> run[0]ep[2700] res=584.1
[16/11/2018 15:37:36] >> run[0]ep[2800] res=327.78
[16/11/2018 15:37:39] >> run[0]ep[2900] res=279.86
[16/11/2018 15:37:42] >> run[0]ep[3000] res=570.36
[16/11/2018 15:37:45] >> run[0]ep[3100] res=684.94
[16/11/2018 15:37:48] >> run[0]ep[3200] res=819.26
[16/11/2018 15:37:51] >> run[0]ep[3300] res=675.46
[16/11/2018 15:37:54] >> run[0]ep[3400] res=840.58
[16/11/2018 15:37:57] >> run[0]ep[3500] res=514.2
[16/11/2018 15:38:00] >> run[0]ep[3600] res=1032.94
[16/11/2018 15:38:03] >> run[0]ep[3700] res=807.36
[16/11/2018 15:38:06] >> run[0]ep[3800] res=946.12
[16/11/2018 15:38:09] >> run[0]ep[3900] res=920.84
[16/11/2018 15:38:12] >> run[0]ep[4000] res=854.4
[16/11/2018 15:38:15] >> run[0]ep[4100] res=988.48
[16/11/2018 15:38:18] >> run[0]ep[4200] res=1018.94
[16/11/2018 15:38:21] >> run[0]ep[4300] res=1063.98
[16/11/2018 15:38:24] >> run[0]ep[4400] res=1033.88
[16/11/2018 15:38:27] >> run[0]ep[4500] res=893.6
[16/11/2018 15:38:30] >> run[0]ep[4600] res=1004.44
[16/11/2018 15:38:33] >> run[0]ep[4700] res=836.1
[16/11/2018 15:38:36] >> run[0]ep[4800] res=967.44
[16/11/2018 15:38:39] >> run[0]ep[4900] res=1053.74
[16/11/2018 15:38:42] >> run[0]ep[5000] res=1033.24
[16/11/2018 15:38:45] >> run[0]ep[5100] res=1263.76
[16/11/2018 15:38:48] >> run[0]ep[5200] res=853.34
[16/11/2018 15:38:50] >> run[0]ep[5300] res=1113.96
[16/11/2018 15:38:53] >> run[0]ep[5400] res=1114.64
[16/11/2018 15:38:56] >> run[0]ep[5500] res=1339.56
[16/11/2018 15:38:59] >> run[0]ep[5600] res=1267.28
[16/11/2018 15:39:02] >> run[0]ep[5700] res=1043.36
[16/11/2018 15:39:04] >> run[0]ep[5800] res=993.54
[16/11/2018 15:39:07] >> run[0]ep[5900] res=1148.04
[16/11/2018 15:39:10] >> run[0]ep[6000] res=957.8
[16/11/2018 15:39:13] >> run[0]ep[6100] res=963.02
[16/11/2018 15:39:16] >> run[0]ep[6200] res=1188.7
[16/11/2018 15:39:19] >> run[0]ep[6300] res=1110.28
[16/11/2018 15:39:22] >> run[0]ep[6400] res=756.68
[16/11/2018 15:39:24] >> run[0]ep[6500] res=984.38
[16/11/2018 15:39:27] >> run[0]ep[6600] res=1014.1
[16/11/2018 15:39:30] >> run[0]ep[6700] res=925.3
[16/11/2018 15:39:33] >> run[0]ep[6800] res=1030.54
[16/11/2018 15:39:36] >> run[0]ep[6900] res=1204.64
[16/11/2018 15:39:39] >> run[0]ep[7000] res=1321.3
[16/11/2018 15:39:42] >> run[0]ep[7100] res=818.96
[16/11/2018 15:39:45] >> run[0]ep[7200] res=1179.52
[16/11/2018 15:39:48] >> run[0]ep[7300] res=1435.6
[16/11/2018 15:39:51] >> run[0]ep[7400] res=1640.14
[16/11/2018 15:39:54] >> run[0]ep[7500] res=1216.88
[16/11/2018 15:39:57] >> run[0]ep[7600] res=1310.7
[16/11/2018 15:40:00] >> run[0]ep[7700] res=1209.06
[16/11/2018 15:40:03] >> run[0]ep[7800] res=1244.74
[16/11/2018 15:40:06] >> run[0]ep[7900] res=1240.44
[16/11/2018 15:40:09] >> run[0]ep[8000] res=1197.36
[16/11/2018 15:40:12] >> run[0]ep[8100] res=1098.24
[16/11/2018 15:40:15] >> run[0]ep[8200] res=1523.0
[16/11/2018 15:40:18] >> run[0]ep[8300] res=1203.88
[16/11/2018 15:40:21] >> run[0]ep[8400] res=1306.16
[16/11/2018 15:40:24] >> run[0]ep[8500] res=1159.1
[16/11/2018 15:40:26] >> run[0]ep[8600] res=1006.1
[16/11/2018 15:40:30] >> run[0]ep[8700] res=1483.36
[16/11/2018 15:40:32] >> run[0]ep[8800] res=957.22
[16/11/2018 15:40:35] >> run[0]ep[8900] res=1246.28
[16/11/2018 15:40:38] >> run[0]ep[9000] res=1340.46
[16/11/2018 15:40:41] >> run[0]ep[9100] res=1026.02
[16/11/2018 15:40:44] >> run[0]ep[9200] res=1179.3
[16/11/2018 15:40:46] >> run[0]ep[9300] res=1219.08
[16/11/2018 15:40:49] >> run[0]ep[9400] res=1328.48
[16/11/2018 15:40:52] >> run[0]ep[9500] res=1323.5
[16/11/2018 15:40:55] >> run[0]ep[9600] res=1383.9
[16/11/2018 15:40:58] >> run[0]ep[9700] res=992.78
[16/11/2018 15:41:00] >> run[0]ep[9800] res=1111.54
[16/11/2018 15:41:03] >> run[0]ep[9900] res=818.02
[16/11/2018 15:41:06] >> run[0]ep[10000] res=1052.6
[16/11/2018 15:41:09] >> run[0]ep[10100] res=1147.58
[16/11/2018 15:41:11] >> run[0]ep[10200] res=876.32
[16/11/2018 15:41:14] >> run[0]ep[10300] res=1299.22
[16/11/2018 15:41:17] >> run[0]ep[10400] res=1086.52
[16/11/2018 15:41:19] >> run[0]ep[10500] res=1176.6
[16/11/2018 15:41:22] >> run[0]ep[10600] res=1190.56
[16/11/2018 15:41:25] >> run[0]ep[10700] res=1565.8
[16/11/2018 15:41:28] >> run[0]ep[10800] res=1151.44
[16/11/2018 15:41:30] >> run[0]ep[10900] res=1341.08
[16/11/2018 15:41:33] >> run[0]ep[11000] res=1167.0
[16/11/2018 15:41:36] >> run[0]ep[11100] res=1284.7
[16/11/2018 15:41:39] >> run[0]ep[11200] res=1265.26
[16/11/2018 15:41:41] >> run[0]ep[11300] res=1447.1
[16/11/2018 15:41:44] >> run[0]ep[11400] res=1304.2
[16/11/2018 15:41:47] >> run[0]ep[11500] res=1120.16
[16/11/2018 15:41:49] >> run[0]ep[11600] res=1088.82
[16/11/2018 15:41:52] >> run[0]ep[11700] res=1127.98
[16/11/2018 15:41:55] >> run[0]ep[11800] res=1318.56
[16/11/2018 15:41:57] >> run[0]ep[11900] res=1004.06
[16/11/2018 15:42:00] >> run[0]ep[12000] res=1041.74
[16/11/2018 15:42:02] >> run[0]ep[12100] res=951.34
[16/11/2018 15:42:05] >> run[0]ep[12200] res=1398.44
[16/11/2018 15:42:07] >> run[0]ep[12300] res=1089.62
[16/11/2018 15:42:10] >> run[0]ep[12400] res=1040.8
[16/11/2018 15:42:12] >> run[0]ep[12500] res=1079.36
[16/11/2018 15:42:14] >> run[0]ep[12600] res=925.76
[16/11/2018 15:42:17] >> run[0]ep[12700] res=1069.48
[16/11/2018 15:42:20] >> run[0]ep[12800] res=1101.66
[16/11/2018 15:42:22] >> run[0]ep[12900] res=1265.08
[16/11/2018 15:42:25] >> run[0]ep[13000] res=1578.46
[16/11/2018 15:42:28] >> run[0]ep[13100] res=1250.36
[16/11/2018 15:42:30] >> run[0]ep[13200] res=1149.58
[16/11/2018 15:42:33] >> run[0]ep[13300] res=1373.42
[16/11/2018 15:42:36] >> run[0]ep[13400] res=1234.62
[16/11/2018 15:42:39] >> run[0]ep[13500] res=1478.98
[16/11/2018 15:42:42] >> run[0]ep[13600] res=1185.12
[16/11/2018 15:42:44] >> run[0]ep[13700] res=1189.5
[16/11/2018 15:42:47] >> run[0]ep[13800] res=1415.44
[16/11/2018 15:42:50] >> run[0]ep[13900] res=1150.86
[16/11/2018 15:42:53] >> run[0]ep[14000] res=1086.32
[16/11/2018 15:42:55] >> run[0]ep[14100] res=1607.84
[16/11/2018 15:42:58] >> run[0]ep[14200] res=1507.64
[16/11/2018 15:43:01] >> run[0]ep[14300] res=1202.2
[16/11/2018 15:43:04] >> run[0]ep[14400] res=1297.54
[16/11/2018 15:43:07] >> run[0]ep[14500] res=1137.28
[16/11/2018 15:43:09] >> run[0]ep[14600] res=1343.34
[16/11/2018 15:43:12] >> run[0]ep[14700] res=1323.42
[16/11/2018 15:43:15] >> run[0]ep[14800] res=1410.7
[16/11/2018 15:43:18] >> run[0]ep[14900] res=1427.1
[16/11/2018 15:43:21] >> run[0]ep[15000] res=1447.5
[16/11/2018 15:43:23] >> run[0]ep[15100] res=1422.26
[16/11/2018 15:43:26] >> run[0]ep[15200] res=1420.3
[16/11/2018 15:43:29] >> run[0]ep[15300] res=1536.4
[16/11/2018 15:43:31] >> run[0]ep[15400] res=1379.42
[16/11/2018 15:43:34] >> run[0]ep[15500] res=1429.4
[16/11/2018 15:43:37] >> run[0]ep[15600] res=1196.44
[16/11/2018 15:43:39] >> run[0]ep[15700] res=1282.6
[16/11/2018 15:43:42] >> run[0]ep[15800] res=1399.18
[16/11/2018 15:43:45] >> run[0]ep[15900] res=1371.82
[16/11/2018 15:43:48] >> run[0]ep[16000] res=1082.72
[16/11/2018 15:43:50] >> run[0]ep[16100] res=1356.5
[16/11/2018 15:43:53] >> run[0]ep[16200] res=880.94
[16/11/2018 15:43:55] >> run[0]ep[16300] res=1468.08
[16/11/2018 15:43:58] >> run[0]ep[16400] res=1325.48
[16/11/2018 15:44:01] >> run[0]ep[16500] res=1239.86
[16/11/2018 15:44:03] >> run[0]ep[16600] res=1208.58
[16/11/2018 15:44:06] >> run[0]ep[16700] res=1432.54
[16/11/2018 15:44:09] >> run[0]ep[16800] res=1094.48
[16/11/2018 15:44:12] >> run[0]ep[16900] res=1462.62
[16/11/2018 15:44:14] >> run[0]ep[17000] res=1608.2
[16/11/2018 15:44:17] >> run[0]ep[17100] res=1300.36
[16/11/2018 15:44:20] >> run[0]ep[17200] res=1082.58
[16/11/2018 15:44:23] >> run[0]ep[17300] res=1362.94
[16/11/2018 15:44:25] >> run[0]ep[17400] res=1384.68
[16/11/2018 15:44:28] >> run[0]ep[17500] res=1292.22
[16/11/2018 15:44:31] >> run[0]ep[17600] res=1229.94
[16/11/2018 15:44:34] >> run[0]ep[17700] res=1478.34
[16/11/2018 15:44:36] >> run[0]ep[17800] res=1308.7
[16/11/2018 15:44:39] >> run[0]ep[17900] res=1620.2
[16/11/2018 15:44:41] >> run[0]ep[18000] res=1356.66
[16/11/2018 15:44:44] >> run[0]ep[18100] res=1423.38
[16/11/2018 15:44:47] >> run[0]ep[18200] res=1360.4
[16/11/2018 15:44:50] >> run[0]ep[18300] res=1264.42
[16/11/2018 15:44:52] >> run[0]ep[18400] res=1215.06
[16/11/2018 15:44:55] >> run[0]ep[18500] res=1631.78
[16/11/2018 15:44:58] >> run[0]ep[18600] res=1378.26
[16/11/2018 15:45:01] >> run[0]ep[18700] res=1396.62
[16/11/2018 15:45:03] >> run[0]ep[18800] res=1418.5
[16/11/2018 15:45:05] >> run[0]ep[18900] res=1427.38
[16/11/2018 15:45:08] >> run[0]ep[19000] res=1468.34
[16/11/2018 15:45:10] >> run[0]ep[19100] res=1538.68
[16/11/2018 15:45:13] >> run[0]ep[19200] res=1495.32
[16/11/2018 15:45:15] >> run[0]ep[19300] res=1584.06
[16/11/2018 15:45:18] >> run[0]ep[19400] res=1357.98
[16/11/2018 15:45:21] >> run[0]ep[19500] res=1310.7
[16/11/2018 15:45:23] >> run[0]ep[19600] res=1576.28
[16/11/2018 15:45:26] >> run[0]ep[19700] res=1444.28
[16/11/2018 15:45:28] >> run[0]ep[19800] res=1558.16
[16/11/2018 15:45:31] >> run[0]ep[19900] res=1260.72
[16/11/2018 15:45:34] >> run[0]ep[20000] res=1343.32
[16/11/2018 15:45:34] >> Total time: 566 secs
