<?xml version="1.0" encoding="UTF-8" standalone="no"?>
<!DOCTYPE log SYSTEM "logger.dtd">
<log>
</log>
[12/11/2018 22:38:58] >> Logger created
[12/11/2018 22:38:58] >> Similarities
[12/11/2018 22:59:34] >> run[0]ep[100] res=-186.13
[12/11/2018 23:10:08] >> run[0]ep[200] res=223.8
[12/11/2018 23:17:18] >> run[0]ep[300] res=357.62
[12/11/2018 23:22:57] >> run[0]ep[400] res=213.9
[12/11/2018 23:28:09] >> run[0]ep[500] res=314.4
[12/11/2018 23:33:42] >> run[0]ep[600] res=143.22
[12/11/2018 23:42:10] >> run[0]ep[700] res=290.54
[12/11/2018 23:50:47] >> run[0]ep[800] res=215.58
[12/11/2018 23:56:30] >> run[0]ep[900] res=403.84
[13/11/2018 00:03:21] >> run[0]ep[1000] res=334.64
[13/11/2018 00:11:07] >> run[0]ep[1100] res=630.62
[13/11/2018 00:18:16] >> run[0]ep[1200] res=267.84
[13/11/2018 00:26:50] >> run[0]ep[1300] res=363.38
[13/11/2018 00:35:48] >> run[0]ep[1400] res=409.98
[13/11/2018 00:42:22] >> run[0]ep[1500] res=495.94
[13/11/2018 00:52:00] >> run[0]ep[1600] res=477.74
[13/11/2018 01:01:38] >> run[0]ep[1700] res=511.28
[13/11/2018 01:08:43] >> run[0]ep[1800] res=541.34
[13/11/2018 01:16:33] >> run[0]ep[1900] res=409.98
[13/11/2018 01:27:10] >> run[0]ep[2000] res=548.72
[13/11/2018 01:37:11] >> run[0]ep[2100] res=651.42
[13/11/2018 01:48:17] >> run[0]ep[2200] res=479.3
[13/11/2018 01:58:39] >> run[0]ep[2300] res=597.4
[13/11/2018 02:07:04] >> run[0]ep[2400] res=714.24
[13/11/2018 02:15:07] >> run[0]ep[2500] res=658.2
[13/11/2018 02:25:28] >> run[0]ep[2600] res=462.04
[13/11/2018 02:35:57] >> run[0]ep[2700] res=709.12
[13/11/2018 02:47:01] >> run[0]ep[2800] res=685.06
[13/11/2018 02:56:44] >> run[0]ep[2900] res=692.7
[13/11/2018 03:06:23] >> run[0]ep[3000] res=593.14
[13/11/2018 03:17:52] >> run[0]ep[3100] res=670.54
[13/11/2018 03:28:49] >> run[0]ep[3200] res=796.22
[13/11/2018 03:38:47] >> run[0]ep[3300] res=565.74
[13/11/2018 03:48:15] >> run[0]ep[3400] res=363.2
[13/11/2018 03:59:58] >> run[0]ep[3500] res=853.52
[13/11/2018 04:09:45] >> run[0]ep[3600] res=687.72
[13/11/2018 04:21:17] >> run[0]ep[3700] res=602.0
[13/11/2018 04:30:54] >> run[0]ep[3800] res=697.42
[13/11/2018 04:42:39] >> run[0]ep[3900] res=678.54
[13/11/2018 04:53:14] >> run[0]ep[4000] res=947.48
[13/11/2018 05:04:23] >> run[0]ep[4100] res=761.98
[13/11/2018 05:14:48] >> run[0]ep[4200] res=520.48
[13/11/2018 05:26:44] >> run[0]ep[4300] res=712.34
[13/11/2018 05:37:11] >> run[0]ep[4400] res=673.24
[13/11/2018 05:49:04] >> run[0]ep[4500] res=751.62
[13/11/2018 06:00:53] >> run[0]ep[4600] res=699.2
[13/11/2018 06:13:07] >> run[0]ep[4700] res=955.78
[13/11/2018 06:24:23] >> run[0]ep[4800] res=780.9
[13/11/2018 06:35:22] >> run[0]ep[4900] res=788.66
[13/11/2018 06:44:41] >> run[0]ep[5000] res=733.5
[13/11/2018 06:54:52] >> run[0]ep[5100] res=739.6
[13/11/2018 07:07:55] >> run[0]ep[5200] res=659.52
[13/11/2018 07:20:07] >> run[0]ep[5300] res=769.28
[13/11/2018 07:30:51] >> run[0]ep[5400] res=976.62
[13/11/2018 07:43:03] >> run[0]ep[5500] res=926.86
[13/11/2018 07:56:00] >> run[0]ep[5600] res=1030.28
[13/11/2018 08:08:58] >> run[0]ep[5700] res=1258.1
[13/11/2018 08:20:03] >> run[0]ep[5800] res=893.62
[13/11/2018 08:32:18] >> run[0]ep[5900] res=940.44
[13/11/2018 08:43:47] >> run[0]ep[6000] res=1018.0
[13/11/2018 08:55:28] >> run[0]ep[6100] res=1009.54
[13/11/2018 09:07:46] >> run[0]ep[6200] res=946.42
[13/11/2018 09:19:54] >> run[0]ep[6300] res=1006.08
[13/11/2018 09:31:27] >> run[0]ep[6400] res=995.68
[13/11/2018 09:43:11] >> run[0]ep[6500] res=1163.48
[13/11/2018 09:57:15] >> run[0]ep[6600] res=1232.94
[13/11/2018 10:11:25] >> run[0]ep[6700] res=1237.54
[13/11/2018 10:24:02] >> run[0]ep[6800] res=791.62
[13/11/2018 10:37:41] >> run[0]ep[6900] res=1117.8
[13/11/2018 10:49:59] >> run[0]ep[7000] res=1078.78
[13/11/2018 11:02:27] >> run[0]ep[7100] res=935.04
[13/11/2018 11:17:30] >> run[0]ep[7200] res=793.86
[13/11/2018 11:30:59] >> run[0]ep[7300] res=825.5
[13/11/2018 11:46:22] >> run[0]ep[7400] res=959.72
[13/11/2018 12:01:21] >> run[0]ep[7500] res=986.5
[13/11/2018 12:01:21] >> Total time: 48143 secs
[13/11/2018 12:01:21] >> Basic Q Learning
[13/11/2018 12:01:24] >> run[0]ep[100] res=-24.33
[13/11/2018 12:01:27] >> run[0]ep[200] res=40.44
[13/11/2018 12:01:30] >> run[0]ep[300] res=-102.12
[13/11/2018 12:01:33] >> run[0]ep[400] res=-22.82
[13/11/2018 12:01:36] >> run[0]ep[500] res=156.88
[13/11/2018 12:01:39] >> run[0]ep[600] res=-96.1
[13/11/2018 12:01:42] >> run[0]ep[700] res=91.68
[13/11/2018 12:01:45] >> run[0]ep[800] res=51.26
[13/11/2018 12:01:48] >> run[0]ep[900] res=300.36
[13/11/2018 12:01:52] >> run[0]ep[1000] res=210.68
[13/11/2018 12:01:55] >> run[0]ep[1100] res=323.04
[13/11/2018 12:01:58] >> run[0]ep[1200] res=362.36
[13/11/2018 12:02:01] >> run[0]ep[1300] res=366.26
[13/11/2018 12:02:04] >> run[0]ep[1400] res=330.58
[13/11/2018 12:02:06] >> run[0]ep[1500] res=415.12
[13/11/2018 12:02:10] >> run[0]ep[1600] res=392.62
[13/11/2018 12:02:12] >> run[0]ep[1700] res=320.34
[13/11/2018 12:02:16] >> run[0]ep[1800] res=374.78
[13/11/2018 12:02:19] >> run[0]ep[1900] res=10.94
[13/11/2018 12:02:22] >> run[0]ep[2000] res=606.22
[13/11/2018 12:02:25] >> run[0]ep[2100] res=596.02
[13/11/2018 12:02:28] >> run[0]ep[2200] res=538.0
[13/11/2018 12:02:32] >> run[0]ep[2300] res=504.2
[13/11/2018 12:02:35] >> run[0]ep[2400] res=602.46
[13/11/2018 12:02:38] >> run[0]ep[2500] res=281.82
[13/11/2018 12:02:41] >> run[0]ep[2600] res=-20.84
[13/11/2018 12:02:44] >> run[0]ep[2700] res=21.74
[13/11/2018 12:02:47] >> run[0]ep[2800] res=54.76
[13/11/2018 12:02:50] >> run[0]ep[2900] res=145.24
[13/11/2018 12:02:53] >> run[0]ep[3000] res=75.28
[13/11/2018 12:02:56] >> run[0]ep[3100] res=-37.1
[13/11/2018 12:02:59] >> run[0]ep[3200] res=483.62
[13/11/2018 12:03:02] >> run[0]ep[3300] res=516.2
[13/11/2018 12:03:05] >> run[0]ep[3400] res=343.58
[13/11/2018 12:03:08] >> run[0]ep[3500] res=603.44
[13/11/2018 12:03:11] >> run[0]ep[3600] res=894.66
[13/11/2018 12:03:14] >> run[0]ep[3700] res=868.92
[13/11/2018 12:03:17] >> run[0]ep[3800] res=789.52
[13/11/2018 12:03:20] >> run[0]ep[3900] res=730.8
[13/11/2018 12:03:23] >> run[0]ep[4000] res=842.84
[13/11/2018 12:03:26] >> run[0]ep[4100] res=521.64
[13/11/2018 12:03:29] >> run[0]ep[4200] res=445.26
[13/11/2018 12:03:32] >> run[0]ep[4300] res=541.58
[13/11/2018 12:03:35] >> run[0]ep[4400] res=1174.9
[13/11/2018 12:03:38] >> run[0]ep[4500] res=1346.04
[13/11/2018 12:03:41] >> run[0]ep[4600] res=1067.76
[13/11/2018 12:03:43] >> run[0]ep[4700] res=935.58
[13/11/2018 12:03:46] >> run[0]ep[4800] res=990.48
[13/11/2018 12:03:49] >> run[0]ep[4900] res=1260.64
[13/11/2018 12:03:52] >> run[0]ep[5000] res=1221.98
[13/11/2018 12:03:55] >> run[0]ep[5100] res=1031.48
[13/11/2018 12:03:58] >> run[0]ep[5200] res=1005.22
[13/11/2018 12:04:00] >> run[0]ep[5300] res=1045.52
[13/11/2018 12:04:03] >> run[0]ep[5400] res=1056.32
[13/11/2018 12:04:06] >> run[0]ep[5500] res=800.4
[13/11/2018 12:04:09] >> run[0]ep[5600] res=784.68
[13/11/2018 12:04:12] >> run[0]ep[5700] res=832.42
[13/11/2018 12:04:15] >> run[0]ep[5800] res=982.82
[13/11/2018 12:04:18] >> run[0]ep[5900] res=1046.0
[13/11/2018 12:04:21] >> run[0]ep[6000] res=877.16
[13/11/2018 12:04:24] >> run[0]ep[6100] res=1083.06
[13/11/2018 12:04:27] >> run[0]ep[6200] res=1074.06
[13/11/2018 12:04:30] >> run[0]ep[6300] res=718.98
[13/11/2018 12:04:33] >> run[0]ep[6400] res=776.38
[13/11/2018 12:04:36] >> run[0]ep[6500] res=838.62
[13/11/2018 12:04:39] >> run[0]ep[6600] res=598.78
[13/11/2018 12:04:42] >> run[0]ep[6700] res=779.68
[13/11/2018 12:04:45] >> run[0]ep[6800] res=752.22
[13/11/2018 12:04:48] >> run[0]ep[6900] res=795.58
[13/11/2018 12:04:51] >> run[0]ep[7000] res=800.58
[13/11/2018 12:04:54] >> run[0]ep[7100] res=967.78
[13/11/2018 12:04:57] >> run[0]ep[7200] res=923.14
[13/11/2018 12:05:00] >> run[0]ep[7300] res=574.14
[13/11/2018 12:05:03] >> run[0]ep[7400] res=1185.7
[13/11/2018 12:05:06] >> run[0]ep[7500] res=1397.46
[13/11/2018 12:05:06] >> Total time: 225 secs
