<?xml version="1.0" encoding="UTF-8" standalone="no"?>
<!DOCTYPE log SYSTEM "logger.dtd">
<log>
</log>
[11/11/2018 13:20:03] >> Logger created
[11/11/2018 13:20:03] >> Similarities
[11/11/2018 13:29:55] >> run[0]ep[100] res=124.01
[11/11/2018 13:37:50] >> run[0]ep[200] res=156.66
[11/11/2018 13:48:21] >> run[0]ep[300] res=482.02
[11/11/2018 13:57:29] >> run[0]ep[400] res=502.08
[11/11/2018 14:07:37] >> run[0]ep[500] res=689.62
[11/11/2018 14:21:27] >> run[0]ep[600] res=577.08
[11/11/2018 14:35:57] >> run[0]ep[700] res=464.9
[11/11/2018 14:48:44] >> run[0]ep[800] res=734.96
[11/11/2018 15:01:48] >> run[0]ep[900] res=698.64
[11/11/2018 15:18:12] >> run[0]ep[1000] res=591.42
[11/11/2018 15:34:55] >> run[0]ep[1100] res=555.3
[11/11/2018 15:51:35] >> run[0]ep[1200] res=193.92
[11/11/2018 16:07:48] >> run[0]ep[1300] res=820.88
[11/11/2018 16:25:04] >> run[0]ep[1400] res=463.62
[11/11/2018 16:42:50] >> run[0]ep[1500] res=740.54
[11/11/2018 17:03:15] >> run[0]ep[1600] res=254.68
[11/11/2018 17:25:28] >> run[0]ep[1700] res=343.56
[11/11/2018 17:46:29] >> run[0]ep[1800] res=309.82
