<?xml version="1.0" encoding="UTF-8" standalone="no"?>
<!DOCTYPE log SYSTEM "logger.dtd">
<log>
</log>
[15/11/2018 02:10:35] >> Logger created
[15/11/2018 02:10:35] >> Similarities
[15/11/2018 02:15:10] >> run[0]ep[100] res=58.39
[15/11/2018 02:18:43] >> run[0]ep[200] res=101.68
[15/11/2018 02:22:33] >> run[0]ep[300] res=259.36
[15/11/2018 02:25:21] >> run[0]ep[400] res=197.1
[15/11/2018 02:27:45] >> run[0]ep[500] res=373.48
[15/11/2018 02:30:46] >> run[0]ep[600] res=394.38
[15/11/2018 02:33:54] >> run[0]ep[700] res=295.9
[15/11/2018 02:37:18] >> run[0]ep[800] res=580.62
[15/11/2018 02:40:47] >> run[0]ep[900] res=495.3
[15/11/2018 02:44:38] >> run[0]ep[1000] res=408.48
[15/11/2018 02:48:30] >> run[0]ep[1100] res=300.98
[15/11/2018 02:52:48] >> run[0]ep[1200] res=499.68
[15/11/2018 02:56:32] >> run[0]ep[1300] res=342.78
[15/11/2018 03:00:24] >> run[0]ep[1400] res=476.02
[15/11/2018 03:03:56] >> run[0]ep[1500] res=817.9
[15/11/2018 03:08:08] >> run[0]ep[1600] res=517.92
[15/11/2018 03:11:54] >> run[0]ep[1700] res=704.6
[15/11/2018 03:15:59] >> run[0]ep[1800] res=502.62
[15/11/2018 03:19:58] >> run[0]ep[1900] res=527.04
[15/11/2018 03:23:54] >> run[0]ep[2000] res=471.62
[15/11/2018 03:27:54] >> run[0]ep[2100] res=454.48
[15/11/2018 03:31:08] >> run[0]ep[2200] res=595.48
[15/11/2018 03:35:10] >> run[0]ep[2300] res=618.22
[15/11/2018 03:38:57] >> run[0]ep[2400] res=720.46
[15/11/2018 03:42:49] >> run[0]ep[2500] res=785.34
[15/11/2018 03:46:39] >> run[0]ep[2600] res=1045.24
[15/11/2018 03:50:34] >> run[0]ep[2700] res=821.76
[15/11/2018 03:54:01] >> run[0]ep[2800] res=449.86
[15/11/2018 03:58:59] >> run[0]ep[2900] res=455.56
[15/11/2018 04:02:36] >> run[0]ep[3000] res=314.22
[15/11/2018 04:07:17] >> run[0]ep[3100] res=637.56
[15/11/2018 04:10:56] >> run[0]ep[3200] res=724.24
[15/11/2018 04:14:23] >> run[0]ep[3300] res=811.9
[15/11/2018 04:17:40] >> run[0]ep[3400] res=589.76
[15/11/2018 04:20:49] >> run[0]ep[3500] res=689.62
[15/11/2018 04:24:06] >> run[0]ep[3600] res=685.92
[15/11/2018 04:28:02] >> run[0]ep[3700] res=717.38
[15/11/2018 04:32:02] >> run[0]ep[3800] res=883.12
[15/11/2018 04:36:00] >> run[0]ep[3900] res=909.92
[15/11/2018 04:39:17] >> run[0]ep[4000] res=881.0
[15/11/2018 04:42:59] >> run[0]ep[4100] res=770.5
[15/11/2018 04:46:33] >> run[0]ep[4200] res=636.84
[15/11/2018 04:50:10] >> run[0]ep[4300] res=548.32
[15/11/2018 04:54:27] >> run[0]ep[4400] res=939.58
[15/11/2018 04:58:31] >> run[0]ep[4500] res=743.36
[15/11/2018 05:02:56] >> run[0]ep[4600] res=899.54
[15/11/2018 05:06:44] >> run[0]ep[4700] res=408.62
[15/11/2018 05:10:27] >> run[0]ep[4800] res=559.12
[15/11/2018 05:15:00] >> run[0]ep[4900] res=892.42
[15/11/2018 05:18:54] >> run[0]ep[5000] res=600.1
[15/11/2018 05:23:41] >> run[0]ep[5100] res=771.02
[15/11/2018 05:27:33] >> run[0]ep[5200] res=860.22
[15/11/2018 05:31:34] >> run[0]ep[5300] res=444.36
[15/11/2018 05:35:47] >> run[0]ep[5400] res=707.1
[15/11/2018 05:40:20] >> run[0]ep[5500] res=727.42
[15/11/2018 05:44:37] >> run[0]ep[5600] res=720.78
[15/11/2018 05:48:08] >> run[0]ep[5700] res=697.5
[15/11/2018 05:51:52] >> run[0]ep[5800] res=934.8
[15/11/2018 05:56:46] >> run[0]ep[5900] res=646.44
[15/11/2018 06:01:09] >> run[0]ep[6000] res=747.96
[15/11/2018 06:05:41] >> run[0]ep[6100] res=724.76
[15/11/2018 06:10:07] >> run[0]ep[6200] res=643.28
[15/11/2018 06:14:58] >> run[0]ep[6300] res=641.8
[15/11/2018 06:20:25] >> run[0]ep[6400] res=578.44
[15/11/2018 06:26:25] >> run[0]ep[6500] res=453.82
[15/11/2018 06:31:49] >> run[0]ep[6600] res=682.18
[15/11/2018 06:36:44] >> run[0]ep[6700] res=515.52
[15/11/2018 06:42:24] >> run[0]ep[6800] res=512.44
[15/11/2018 06:47:34] >> run[0]ep[6900] res=652.16
[15/11/2018 06:53:21] >> run[0]ep[7000] res=484.72
[15/11/2018 06:57:45] >> run[0]ep[7100] res=539.66
[15/11/2018 07:01:32] >> run[0]ep[7200] res=697.2
[15/11/2018 07:06:53] >> run[0]ep[7300] res=410.44
[15/11/2018 07:11:16] >> run[0]ep[7400] res=554.06
[15/11/2018 07:16:39] >> run[0]ep[7500] res=460.12
[15/11/2018 07:21:57] >> run[0]ep[7600] res=808.36
[15/11/2018 07:28:15] >> run[0]ep[7700] res=226.54
[15/11/2018 07:35:39] >> run[0]ep[7800] res=277.08
[15/11/2018 07:40:58] >> run[0]ep[7900] res=588.04
[15/11/2018 07:46:34] >> run[0]ep[8000] res=423.24
[15/11/2018 07:52:11] >> run[0]ep[8100] res=187.48
[15/11/2018 07:59:41] >> run[0]ep[8200] res=-22.92
[15/11/2018 08:06:44] >> run[0]ep[8300] res=77.16
[15/11/2018 08:14:47] >> run[0]ep[8400] res=-159.64
[15/11/2018 08:22:02] >> run[0]ep[8500] res=-82.12
[15/11/2018 08:29:56] >> run[0]ep[8600] res=-185.12
[15/11/2018 08:36:17] >> run[0]ep[8700] res=-183.02
[15/11/2018 08:41:56] >> run[0]ep[8800] res=-263.02
[15/11/2018 08:47:47] >> run[0]ep[8900] res=-290.58
[15/11/2018 08:54:25] >> run[0]ep[9000] res=-317.6
[15/11/2018 08:58:31] >> run[0]ep[9100] res=-335.46
[15/11/2018 09:02:35] >> run[0]ep[9200] res=-392.24
[15/11/2018 09:07:16] >> run[0]ep[9300] res=-299.78
[15/11/2018 09:13:01] >> run[0]ep[9400] res=-307.54
[15/11/2018 09:17:13] >> run[0]ep[9500] res=-263.42
[15/11/2018 09:23:15] >> run[0]ep[9600] res=-353.38
[15/11/2018 09:29:24] >> run[0]ep[9700] res=-404.64
[15/11/2018 09:34:35] >> run[0]ep[9800] res=-378.1
[15/11/2018 09:39:45] >> run[0]ep[9900] res=-424.54
[15/11/2018 09:45:01] >> run[0]ep[10000] res=-379.98
[15/11/2018 09:45:01] >> Total time: 27265 secs
[15/11/2018 09:45:01] >> Basic Q Learning
[15/11/2018 09:45:04] >> run[0]ep[100] res=-113.35
[15/11/2018 09:45:07] >> run[0]ep[200] res=-11.48
[15/11/2018 09:45:10] >> run[0]ep[300] res=-23.1
[15/11/2018 09:45:13] >> run[0]ep[400] res=-151.36
[15/11/2018 09:45:16] >> run[0]ep[500] res=-164.08
[15/11/2018 09:45:19] >> run[0]ep[600] res=175.16
[15/11/2018 09:45:22] >> run[0]ep[700] res=129.36
[15/11/2018 09:45:25] >> run[0]ep[800] res=203.5
[15/11/2018 09:45:29] >> run[0]ep[900] res=451.4
[15/11/2018 09:45:32] >> run[0]ep[1000] res=365.48
[15/11/2018 09:45:35] >> run[0]ep[1100] res=642.96
[15/11/2018 09:45:38] >> run[0]ep[1200] res=457.94
[15/11/2018 09:45:41] >> run[0]ep[1300] res=529.16
[15/11/2018 09:45:45] >> run[0]ep[1400] res=447.76
[15/11/2018 09:45:48] >> run[0]ep[1500] res=511.74
[15/11/2018 09:45:51] >> run[0]ep[1600] res=424.76
[15/11/2018 09:45:54] >> run[0]ep[1700] res=655.1
[15/11/2018 09:45:58] >> run[0]ep[1800] res=625.54
[15/11/2018 09:46:01] >> run[0]ep[1900] res=663.46
[15/11/2018 09:46:04] >> run[0]ep[2000] res=380.88
[15/11/2018 09:46:07] >> run[0]ep[2100] res=494.84
[15/11/2018 09:46:10] >> run[0]ep[2200] res=526.04
[15/11/2018 09:46:13] >> run[0]ep[2300] res=654.2
[15/11/2018 09:46:16] >> run[0]ep[2400] res=802.32
[15/11/2018 09:46:19] >> run[0]ep[2500] res=687.2
[15/11/2018 09:46:21] >> run[0]ep[2600] res=848.92
[15/11/2018 09:46:24] >> run[0]ep[2700] res=644.6
[15/11/2018 09:46:27] >> run[0]ep[2800] res=828.62
[15/11/2018 09:46:30] >> run[0]ep[2900] res=985.22
[15/11/2018 09:46:32] >> run[0]ep[3000] res=853.0
[15/11/2018 09:46:35] >> run[0]ep[3100] res=777.2
[15/11/2018 09:46:38] >> run[0]ep[3200] res=861.8
[15/11/2018 09:46:41] >> run[0]ep[3300] res=897.6
[15/11/2018 09:46:44] >> run[0]ep[3400] res=532.88
[15/11/2018 09:46:48] >> run[0]ep[3500] res=789.06
[15/11/2018 09:46:51] >> run[0]ep[3600] res=875.12
[15/11/2018 09:46:54] >> run[0]ep[3700] res=1100.84
[15/11/2018 09:46:57] >> run[0]ep[3800] res=946.04
[15/11/2018 09:47:00] >> run[0]ep[3900] res=894.54
[15/11/2018 09:47:03] >> run[0]ep[4000] res=893.86
[15/11/2018 09:47:06] >> run[0]ep[4100] res=1032.24
[15/11/2018 09:47:09] >> run[0]ep[4200] res=628.96
[15/11/2018 09:47:12] >> run[0]ep[4300] res=542.1
[15/11/2018 09:47:15] >> run[0]ep[4400] res=954.7
[15/11/2018 09:47:18] >> run[0]ep[4500] res=1182.88
[15/11/2018 09:47:21] >> run[0]ep[4600] res=845.8
[15/11/2018 09:47:25] >> run[0]ep[4700] res=742.28
[15/11/2018 09:47:28] >> run[0]ep[4800] res=849.52
[15/11/2018 09:47:31] >> run[0]ep[4900] res=654.02
[15/11/2018 09:47:34] >> run[0]ep[5000] res=670.94
[15/11/2018 09:47:37] >> run[0]ep[5100] res=623.84
[15/11/2018 09:47:41] >> run[0]ep[5200] res=753.8
[15/11/2018 09:47:44] >> run[0]ep[5300] res=580.08
[15/11/2018 09:47:47] >> run[0]ep[5400] res=877.96
[15/11/2018 09:47:49] >> run[0]ep[5500] res=975.56
[15/11/2018 09:47:52] >> run[0]ep[5600] res=566.6
[15/11/2018 09:47:55] >> run[0]ep[5700] res=393.44
[15/11/2018 09:47:58] >> run[0]ep[5800] res=797.66
[15/11/2018 09:48:01] >> run[0]ep[5900] res=719.52
[15/11/2018 09:48:04] >> run[0]ep[6000] res=1091.9
[15/11/2018 09:48:07] >> run[0]ep[6100] res=1357.32
[15/11/2018 09:48:10] >> run[0]ep[6200] res=1021.94
[15/11/2018 09:48:13] >> run[0]ep[6300] res=1142.46
[15/11/2018 09:48:16] >> run[0]ep[6400] res=1333.8
[15/11/2018 09:48:19] >> run[0]ep[6500] res=1528.66
[15/11/2018 09:48:21] >> run[0]ep[6600] res=927.9
[15/11/2018 09:48:24] >> run[0]ep[6700] res=1276.26
[15/11/2018 09:48:27] >> run[0]ep[6800] res=1221.12
[15/11/2018 09:48:30] >> run[0]ep[6900] res=1488.16
[15/11/2018 09:48:33] >> run[0]ep[7000] res=1380.44
[15/11/2018 09:48:36] >> run[0]ep[7100] res=1179.72
[15/11/2018 09:48:39] >> run[0]ep[7200] res=1155.26
[15/11/2018 09:48:41] >> run[0]ep[7300] res=1120.98
[15/11/2018 09:48:44] >> run[0]ep[7400] res=1276.92
[15/11/2018 09:48:48] >> run[0]ep[7500] res=1266.06
[15/11/2018 09:48:50] >> run[0]ep[7600] res=836.38
[15/11/2018 09:48:53] >> run[0]ep[7700] res=1056.36
[15/11/2018 09:48:56] >> run[0]ep[7800] res=1121.32
[15/11/2018 09:48:58] >> run[0]ep[7900] res=869.74
[15/11/2018 09:49:01] >> run[0]ep[8000] res=829.12
[15/11/2018 09:49:04] >> run[0]ep[8100] res=994.66
[15/11/2018 09:49:06] >> run[0]ep[8200] res=1071.76
[15/11/2018 09:49:09] >> run[0]ep[8300] res=1144.38
[15/11/2018 09:49:12] >> run[0]ep[8400] res=874.66
[15/11/2018 09:49:15] >> run[0]ep[8500] res=1138.08
[15/11/2018 09:49:18] >> run[0]ep[8600] res=983.24
[15/11/2018 09:49:21] >> run[0]ep[8700] res=1425.56
[15/11/2018 09:49:24] >> run[0]ep[8800] res=966.44
[15/11/2018 09:49:26] >> run[0]ep[8900] res=1119.26
[15/11/2018 09:49:29] >> run[0]ep[9000] res=1150.0
[15/11/2018 09:49:32] >> run[0]ep[9100] res=1301.98
[15/11/2018 09:49:34] >> run[0]ep[9200] res=1119.04
[15/11/2018 09:49:37] >> run[0]ep[9300] res=936.06
[15/11/2018 09:49:40] >> run[0]ep[9400] res=1141.74
[15/11/2018 09:49:42] >> run[0]ep[9500] res=988.56
[15/11/2018 09:49:45] >> run[0]ep[9600] res=926.6
[15/11/2018 09:49:48] >> run[0]ep[9700] res=1145.0
[15/11/2018 09:49:51] >> run[0]ep[9800] res=984.22
[15/11/2018 09:49:53] >> run[0]ep[9900] res=1018.04
[15/11/2018 09:49:56] >> run[0]ep[10000] res=1262.9
[15/11/2018 09:49:56] >> Total time: 295 secs
