<?xml version="1.0" encoding="UTF-8" standalone="no"?>
<!DOCTYPE log SYSTEM "logger.dtd">
<log>
</log>
[16/11/2018 02:23:43] >> Logger created
[16/11/2018 02:23:43] >> Similarities
[16/11/2018 02:24:51] >> run[0]ep[100] res=183.03
[16/11/2018 02:25:35] >> run[0]ep[200] res=214.64
[16/11/2018 02:26:12] >> run[0]ep[300] res=195.88
[16/11/2018 02:26:42] >> run[0]ep[400] res=187.36
[16/11/2018 02:27:14] >> run[0]ep[500] res=258.14
[16/11/2018 02:27:45] >> run[0]ep[600] res=157.46
[16/11/2018 02:28:15] >> run[0]ep[700] res=229.24
[16/11/2018 02:28:40] >> run[0]ep[800] res=135.0
[16/11/2018 02:29:09] >> run[0]ep[900] res=401.98
[16/11/2018 02:29:40] >> run[0]ep[1000] res=445.18
[16/11/2018 02:30:06] >> run[0]ep[1100] res=179.54
[16/11/2018 02:30:34] >> run[0]ep[1200] res=306.28
[16/11/2018 02:31:04] >> run[0]ep[1300] res=510.2
[16/11/2018 02:31:30] >> run[0]ep[1400] res=216.08
[16/11/2018 02:31:58] >> run[0]ep[1500] res=409.2
[16/11/2018 02:32:26] >> run[0]ep[1600] res=434.08
[16/11/2018 02:32:49] >> run[0]ep[1700] res=274.26
[16/11/2018 02:33:17] >> run[0]ep[1800] res=370.6
[16/11/2018 02:33:41] >> run[0]ep[1900] res=428.12
[16/11/2018 02:34:06] >> run[0]ep[2000] res=272.96
[16/11/2018 02:34:31] >> run[0]ep[2100] res=321.54
[16/11/2018 02:34:54] >> run[0]ep[2200] res=555.38
[16/11/2018 02:35:18] >> run[0]ep[2300] res=270.64
[16/11/2018 02:35:42] >> run[0]ep[2400] res=315.36
[16/11/2018 02:36:08] >> run[0]ep[2500] res=512.28
[16/11/2018 02:36:34] >> run[0]ep[2600] res=521.76
[16/11/2018 02:36:59] >> run[0]ep[2700] res=435.08
[16/11/2018 02:37:25] >> run[0]ep[2800] res=399.78
[16/11/2018 02:37:51] >> run[0]ep[2900] res=586.48
[16/11/2018 02:38:18] >> run[0]ep[3000] res=573.2
[16/11/2018 02:38:41] >> run[0]ep[3100] res=359.44
[16/11/2018 02:39:09] >> run[0]ep[3200] res=508.12
[16/11/2018 02:39:35] >> run[0]ep[3300] res=423.8
[16/11/2018 02:40:05] >> run[0]ep[3400] res=564.28
[16/11/2018 02:40:34] >> run[0]ep[3500] res=694.74
[16/11/2018 02:41:00] >> run[0]ep[3600] res=444.06
[16/11/2018 02:41:23] >> run[0]ep[3700] res=485.26
[16/11/2018 02:41:47] >> run[0]ep[3800] res=409.36
[16/11/2018 02:42:14] >> run[0]ep[3900] res=685.66
[16/11/2018 02:42:40] >> run[0]ep[4000] res=480.36
[16/11/2018 02:43:05] >> run[0]ep[4100] res=573.98
[16/11/2018 02:43:32] >> run[0]ep[4200] res=612.14
[16/11/2018 02:43:55] >> run[0]ep[4300] res=515.08
[16/11/2018 02:44:23] >> run[0]ep[4400] res=434.92
[16/11/2018 02:44:47] >> run[0]ep[4500] res=529.06
[16/11/2018 02:45:13] >> run[0]ep[4600] res=515.9
[16/11/2018 02:45:39] >> run[0]ep[4700] res=553.42
[16/11/2018 02:46:05] >> run[0]ep[4800] res=424.32
[16/11/2018 02:46:31] >> run[0]ep[4900] res=635.68
[16/11/2018 02:46:56] >> run[0]ep[5000] res=261.14
[16/11/2018 02:47:22] >> run[0]ep[5100] res=389.98
[16/11/2018 02:47:43] >> run[0]ep[5200] res=364.52
[16/11/2018 02:48:07] >> run[0]ep[5300] res=318.8
[16/11/2018 02:48:33] >> run[0]ep[5400] res=506.32
[16/11/2018 02:48:58] >> run[0]ep[5500] res=464.1
[16/11/2018 02:49:17] >> run[0]ep[5600] res=440.54
[16/11/2018 02:49:40] >> run[0]ep[5700] res=551.94
[16/11/2018 02:50:08] >> run[0]ep[5800] res=768.02
[16/11/2018 02:50:36] >> run[0]ep[5900] res=583.14
[16/11/2018 02:51:01] >> run[0]ep[6000] res=642.42
[16/11/2018 02:51:30] >> run[0]ep[6100] res=641.06
[16/11/2018 02:51:59] >> run[0]ep[6200] res=766.36
[16/11/2018 02:52:23] >> run[0]ep[6300] res=768.74
[16/11/2018 02:52:49] >> run[0]ep[6400] res=562.44
[16/11/2018 02:53:14] >> run[0]ep[6500] res=484.78
[16/11/2018 02:53:37] >> run[0]ep[6600] res=553.84
[16/11/2018 02:54:04] >> run[0]ep[6700] res=875.64
[16/11/2018 02:54:31] >> run[0]ep[6800] res=690.84
[16/11/2018 02:54:59] >> run[0]ep[6900] res=866.94
[16/11/2018 02:55:28] >> run[0]ep[7000] res=670.8
[16/11/2018 02:55:53] >> run[0]ep[7100] res=870.9
[16/11/2018 02:56:19] >> run[0]ep[7200] res=546.64
[16/11/2018 02:56:44] >> run[0]ep[7300] res=582.24
[16/11/2018 02:57:12] >> run[0]ep[7400] res=651.6
[16/11/2018 02:57:36] >> run[0]ep[7500] res=814.58
[16/11/2018 02:58:05] >> run[0]ep[7600] res=734.18
[16/11/2018 02:58:31] >> run[0]ep[7700] res=608.64
[16/11/2018 02:59:00] >> run[0]ep[7800] res=714.32
[16/11/2018 02:59:24] >> run[0]ep[7900] res=619.68
[16/11/2018 02:59:54] >> run[0]ep[8000] res=746.16
[16/11/2018 03:00:23] >> run[0]ep[8100] res=629.52
[16/11/2018 03:00:55] >> run[0]ep[8200] res=724.52
[16/11/2018 03:01:25] >> run[0]ep[8300] res=783.0
[16/11/2018 03:01:54] >> run[0]ep[8400] res=614.5
[16/11/2018 03:02:25] >> run[0]ep[8500] res=667.66
[16/11/2018 03:02:51] >> run[0]ep[8600] res=647.84
[16/11/2018 03:03:19] >> run[0]ep[8700] res=755.38
[16/11/2018 03:03:48] >> run[0]ep[8800] res=761.48
[16/11/2018 03:04:17] >> run[0]ep[8900] res=810.94
[16/11/2018 03:04:45] >> run[0]ep[9000] res=801.72
[16/11/2018 03:05:11] >> run[0]ep[9100] res=924.92
[16/11/2018 03:05:42] >> run[0]ep[9200] res=957.56
[16/11/2018 03:06:13] >> run[0]ep[9300] res=807.78
[16/11/2018 03:06:40] >> run[0]ep[9400] res=470.3
[16/11/2018 03:07:13] >> run[0]ep[9500] res=523.78
[16/11/2018 03:07:44] >> run[0]ep[9600] res=810.7
[16/11/2018 03:08:14] >> run[0]ep[9700] res=890.54
[16/11/2018 03:08:42] >> run[0]ep[9800] res=749.44
[16/11/2018 03:09:16] >> run[0]ep[9900] res=706.48
[16/11/2018 03:09:46] >> run[0]ep[10000] res=695.44
[16/11/2018 03:10:13] >> run[0]ep[10100] res=682.22
[16/11/2018 03:10:41] >> run[0]ep[10200] res=814.94
[16/11/2018 03:11:07] >> run[0]ep[10300] res=935.96
[16/11/2018 03:11:36] >> run[0]ep[10400] res=693.6
[16/11/2018 03:12:04] >> run[0]ep[10500] res=745.52
[16/11/2018 03:12:36] >> run[0]ep[10600] res=787.14
[16/11/2018 03:13:04] >> run[0]ep[10700] res=695.46
[16/11/2018 03:13:37] >> run[0]ep[10800] res=856.26
[16/11/2018 03:14:08] >> run[0]ep[10900] res=581.38
[16/11/2018 03:14:42] >> run[0]ep[11000] res=577.54
[16/11/2018 03:15:13] >> run[0]ep[11100] res=855.06
[16/11/2018 03:15:39] >> run[0]ep[11200] res=530.48
[16/11/2018 03:16:11] >> run[0]ep[11300] res=888.0
[16/11/2018 03:16:39] >> run[0]ep[11400] res=583.64
[16/11/2018 03:17:07] >> run[0]ep[11500] res=724.24
[16/11/2018 03:17:39] >> run[0]ep[11600] res=640.5
[16/11/2018 03:18:09] >> run[0]ep[11700] res=902.48
[16/11/2018 03:18:41] >> run[0]ep[11800] res=611.6
[16/11/2018 03:19:15] >> run[0]ep[11900] res=843.54
[16/11/2018 03:19:46] >> run[0]ep[12000] res=698.14
[16/11/2018 03:20:20] >> run[0]ep[12100] res=693.62
[16/11/2018 03:20:51] >> run[0]ep[12200] res=951.08
[16/11/2018 03:21:20] >> run[0]ep[12300] res=728.28
[16/11/2018 03:21:50] >> run[0]ep[12400] res=998.88
[16/11/2018 03:22:17] >> run[0]ep[12500] res=788.86
[16/11/2018 03:22:45] >> run[0]ep[12600] res=831.08
[16/11/2018 03:23:11] >> run[0]ep[12700] res=844.26
[16/11/2018 03:23:45] >> run[0]ep[12800] res=707.74
[16/11/2018 03:24:16] >> run[0]ep[12900] res=811.78
[16/11/2018 03:24:46] >> run[0]ep[13000] res=734.4
[16/11/2018 03:25:15] >> run[0]ep[13100] res=902.02
[16/11/2018 03:25:47] >> run[0]ep[13200] res=963.04
[16/11/2018 03:26:16] >> run[0]ep[13300] res=971.26
[16/11/2018 03:26:48] >> run[0]ep[13400] res=700.34
[16/11/2018 03:27:19] >> run[0]ep[13500] res=927.54
[16/11/2018 03:27:50] >> run[0]ep[13600] res=849.34
[16/11/2018 03:28:24] >> run[0]ep[13700] res=914.66
[16/11/2018 03:28:54] >> run[0]ep[13800] res=818.34
[16/11/2018 03:29:25] >> run[0]ep[13900] res=692.04
[16/11/2018 03:29:56] >> run[0]ep[14000] res=831.46
[16/11/2018 03:30:27] >> run[0]ep[14100] res=749.16
[16/11/2018 03:30:56] >> run[0]ep[14200] res=793.52
[16/11/2018 03:31:29] >> run[0]ep[14300] res=962.6
[16/11/2018 03:31:59] >> run[0]ep[14400] res=677.8
[16/11/2018 03:32:29] >> run[0]ep[14500] res=915.82
[16/11/2018 03:33:02] >> run[0]ep[14600] res=1024.12
[16/11/2018 03:33:32] >> run[0]ep[14700] res=1083.32
[16/11/2018 03:34:05] >> run[0]ep[14800] res=1023.22
[16/11/2018 03:34:39] >> run[0]ep[14900] res=903.26
[16/11/2018 03:35:10] >> run[0]ep[15000] res=945.24
[16/11/2018 03:35:41] >> run[0]ep[15100] res=852.74
[16/11/2018 03:36:15] >> run[0]ep[15200] res=498.2
[16/11/2018 03:36:49] >> run[0]ep[15300] res=829.0
[16/11/2018 03:37:24] >> run[0]ep[15400] res=931.12
[16/11/2018 03:37:56] >> run[0]ep[15500] res=831.44
[16/11/2018 03:38:28] >> run[0]ep[15600] res=880.34
[16/11/2018 03:39:02] >> run[0]ep[15700] res=920.96
[16/11/2018 03:39:31] >> run[0]ep[15800] res=847.68
[16/11/2018 03:40:01] >> run[0]ep[15900] res=709.42
[16/11/2018 03:40:31] >> run[0]ep[16000] res=833.38
[16/11/2018 03:41:05] >> run[0]ep[16100] res=562.52
[16/11/2018 03:41:37] >> run[0]ep[16200] res=375.78
[16/11/2018 03:42:05] >> run[0]ep[16300] res=-45.92
[16/11/2018 03:42:36] >> run[0]ep[16400] res=-184.5
[16/11/2018 03:43:06] >> run[0]ep[16500] res=206.4
[16/11/2018 03:43:36] >> run[0]ep[16600] res=159.98
[16/11/2018 03:44:04] >> run[0]ep[16700] res=248.68
[16/11/2018 03:44:36] >> run[0]ep[16800] res=348.44
[16/11/2018 03:45:03] >> run[0]ep[16900] res=176.62
[16/11/2018 03:45:33] >> run[0]ep[17000] res=186.32
[16/11/2018 03:46:01] >> run[0]ep[17100] res=256.76
[16/11/2018 03:46:33] >> run[0]ep[17200] res=47.42
[16/11/2018 03:47:05] >> run[0]ep[17300] res=98.02
[16/11/2018 03:47:33] >> run[0]ep[17400] res=-9.46
[16/11/2018 03:48:03] >> run[0]ep[17500] res=49.24
[16/11/2018 03:48:31] >> run[0]ep[17600] res=-81.62
[16/11/2018 03:48:58] >> run[0]ep[17700] res=-47.32
[16/11/2018 03:49:25] >> run[0]ep[17800] res=-118.88
[16/11/2018 03:49:51] >> run[0]ep[17900] res=-105.44
[16/11/2018 03:50:19] >> run[0]ep[18000] res=-204.36
[16/11/2018 03:50:45] >> run[0]ep[18100] res=-160.84
[16/11/2018 03:51:12] >> run[0]ep[18200] res=-63.68
[16/11/2018 03:51:38] >> run[0]ep[18300] res=0.68
[16/11/2018 03:52:00] >> run[0]ep[18400] res=-181.62
[16/11/2018 03:52:25] >> run[0]ep[18500] res=-119.5
[16/11/2018 03:52:50] >> run[0]ep[18600] res=-155.64
[16/11/2018 03:53:15] >> run[0]ep[18700] res=-108.74
[16/11/2018 03:53:34] >> run[0]ep[18800] res=-275.68
[16/11/2018 03:53:56] >> run[0]ep[18900] res=-285.8
[16/11/2018 03:54:13] >> run[0]ep[19000] res=-204.08
[16/11/2018 03:54:35] >> run[0]ep[19100] res=-197.82
[16/11/2018 03:54:56] >> run[0]ep[19200] res=-205.56
[16/11/2018 03:55:19] >> run[0]ep[19300] res=-177.4
[16/11/2018 03:55:39] >> run[0]ep[19400] res=-269.08
[16/11/2018 03:55:56] >> run[0]ep[19500] res=-233.88
[16/11/2018 03:56:20] >> run[0]ep[19600] res=-231.76
[16/11/2018 03:56:44] >> run[0]ep[19700] res=-142.1
[16/11/2018 03:57:09] >> run[0]ep[19800] res=-202.74
[16/11/2018 03:57:33] >> run[0]ep[19900] res=-132.48
[16/11/2018 03:57:57] >> run[0]ep[20000] res=-167.56
[16/11/2018 03:57:57] >> Total time: 5653 secs
[16/11/2018 03:57:58] >> Basic Q Learning
[16/11/2018 03:58:03] >> run[0]ep[100] res=-198.25
[16/11/2018 03:58:06] >> run[0]ep[200] res=-39.22
[16/11/2018 03:58:09] >> run[0]ep[300] res=-138.24
[16/11/2018 03:58:12] >> run[0]ep[400] res=2.74
[16/11/2018 03:58:15] >> run[0]ep[500] res=4.7
[16/11/2018 03:58:18] >> run[0]ep[600] res=208.2
[16/11/2018 03:58:21] >> run[0]ep[700] res=157.02
[16/11/2018 03:58:24] >> run[0]ep[800] res=-123.16
[16/11/2018 03:58:27] >> run[0]ep[900] res=-144.56
[16/11/2018 03:58:30] >> run[0]ep[1000] res=-145.88
[16/11/2018 03:58:33] >> run[0]ep[1100] res=-40.02
[16/11/2018 03:58:36] >> run[0]ep[1200] res=71.1
[16/11/2018 03:58:39] >> run[0]ep[1300] res=371.14
[16/11/2018 03:58:42] >> run[0]ep[1400] res=408.34
[16/11/2018 03:58:45] >> run[0]ep[1500] res=-138.98
[16/11/2018 03:58:48] >> run[0]ep[1600] res=48.34
[16/11/2018 03:58:52] >> run[0]ep[1700] res=563.14
[16/11/2018 03:58:55] >> run[0]ep[1800] res=489.74
[16/11/2018 03:58:58] >> run[0]ep[1900] res=254.94
[16/11/2018 03:59:01] >> run[0]ep[2000] res=144.72
[16/11/2018 03:59:05] >> run[0]ep[2100] res=151.18
[16/11/2018 03:59:08] >> run[0]ep[2200] res=88.86
[16/11/2018 03:59:11] >> run[0]ep[2300] res=304.46
[16/11/2018 03:59:14] >> run[0]ep[2400] res=476.46
[16/11/2018 03:59:17] >> run[0]ep[2500] res=130.08
[16/11/2018 03:59:21] >> run[0]ep[2600] res=412.12
[16/11/2018 03:59:24] >> run[0]ep[2700] res=371.64
[16/11/2018 03:59:27] >> run[0]ep[2800] res=431.12
[16/11/2018 03:59:31] >> run[0]ep[2900] res=243.78
[16/11/2018 03:59:34] >> run[0]ep[3000] res=186.26
[16/11/2018 03:59:37] >> run[0]ep[3100] res=-70.74
[16/11/2018 03:59:40] >> run[0]ep[3200] res=46.12
[16/11/2018 03:59:43] >> run[0]ep[3300] res=544.86
[16/11/2018 03:59:46] >> run[0]ep[3400] res=356.26
[16/11/2018 03:59:50] >> run[0]ep[3500] res=73.58
[16/11/2018 03:59:53] >> run[0]ep[3600] res=394.6
[16/11/2018 03:59:56] >> run[0]ep[3700] res=245.14
[16/11/2018 03:59:59] >> run[0]ep[3800] res=358.42
[16/11/2018 04:00:02] >> run[0]ep[3900] res=662.04
[16/11/2018 04:00:05] >> run[0]ep[4000] res=652.86
[16/11/2018 04:00:08] >> run[0]ep[4100] res=680.84
[16/11/2018 04:00:11] >> run[0]ep[4200] res=1054.96
[16/11/2018 04:00:14] >> run[0]ep[4300] res=990.78
[16/11/2018 04:00:17] >> run[0]ep[4400] res=1138.92
[16/11/2018 04:00:20] >> run[0]ep[4500] res=826.18
[16/11/2018 04:00:23] >> run[0]ep[4600] res=847.28
[16/11/2018 04:00:26] >> run[0]ep[4700] res=850.08
[16/11/2018 04:00:29] >> run[0]ep[4800] res=1055.14
[16/11/2018 04:00:32] >> run[0]ep[4900] res=1153.16
[16/11/2018 04:00:35] >> run[0]ep[5000] res=862.14
[16/11/2018 04:00:38] >> run[0]ep[5100] res=1031.48
[16/11/2018 04:00:40] >> run[0]ep[5200] res=672.2
[16/11/2018 04:00:43] >> run[0]ep[5300] res=807.38
[16/11/2018 04:00:46] >> run[0]ep[5400] res=775.06
[16/11/2018 04:00:49] >> run[0]ep[5500] res=656.18
[16/11/2018 04:00:52] >> run[0]ep[5600] res=682.76
[16/11/2018 04:00:55] >> run[0]ep[5700] res=926.7
[16/11/2018 04:00:58] >> run[0]ep[5800] res=1007.98
[16/11/2018 04:01:01] >> run[0]ep[5900] res=1128.54
[16/11/2018 04:01:03] >> run[0]ep[6000] res=980.6
[16/11/2018 04:01:06] >> run[0]ep[6100] res=1035.1
[16/11/2018 04:01:08] >> run[0]ep[6200] res=1012.78
[16/11/2018 04:01:11] >> run[0]ep[6300] res=1011.82
[16/11/2018 04:01:14] >> run[0]ep[6400] res=1063.3
[16/11/2018 04:01:17] >> run[0]ep[6500] res=908.64
[16/11/2018 04:01:20] >> run[0]ep[6600] res=1035.12
[16/11/2018 04:01:22] >> run[0]ep[6700] res=1170.12
[16/11/2018 04:01:25] >> run[0]ep[6800] res=1089.82
[16/11/2018 04:01:28] >> run[0]ep[6900] res=824.62
[16/11/2018 04:01:31] >> run[0]ep[7000] res=807.04
[16/11/2018 04:01:34] >> run[0]ep[7100] res=1136.56
[16/11/2018 04:01:37] >> run[0]ep[7200] res=1022.9
[16/11/2018 04:01:40] >> run[0]ep[7300] res=1209.16
[16/11/2018 04:01:42] >> run[0]ep[7400] res=1022.2
[16/11/2018 04:01:45] >> run[0]ep[7500] res=1164.04
[16/11/2018 04:01:48] >> run[0]ep[7600] res=1195.9
[16/11/2018 04:01:50] >> run[0]ep[7700] res=1125.14
[16/11/2018 04:01:53] >> run[0]ep[7800] res=1328.04
[16/11/2018 04:01:56] >> run[0]ep[7900] res=1289.14
[16/11/2018 04:01:59] >> run[0]ep[8000] res=1313.92
[16/11/2018 04:02:02] >> run[0]ep[8100] res=1433.3
[16/11/2018 04:02:04] >> run[0]ep[8200] res=1015.56
[16/11/2018 04:02:07] >> run[0]ep[8300] res=1183.1
[16/11/2018 04:02:10] >> run[0]ep[8400] res=1185.66
[16/11/2018 04:02:13] >> run[0]ep[8500] res=1250.66
[16/11/2018 04:02:16] >> run[0]ep[8600] res=1214.44
[16/11/2018 04:02:18] >> run[0]ep[8700] res=1231.84
[16/11/2018 04:02:21] >> run[0]ep[8800] res=1068.44
[16/11/2018 04:02:23] >> run[0]ep[8900] res=1124.66
[16/11/2018 04:02:26] >> run[0]ep[9000] res=952.94
[16/11/2018 04:02:29] >> run[0]ep[9100] res=1333.26
[16/11/2018 04:02:31] >> run[0]ep[9200] res=943.3
[16/11/2018 04:02:34] >> run[0]ep[9300] res=1373.4
[16/11/2018 04:02:37] >> run[0]ep[9400] res=1290.22
[16/11/2018 04:02:40] >> run[0]ep[9500] res=1128.08
[16/11/2018 04:02:43] >> run[0]ep[9600] res=1247.88
[16/11/2018 04:02:45] >> run[0]ep[9700] res=1174.04
[16/11/2018 04:02:48] >> run[0]ep[9800] res=1075.28
[16/11/2018 04:02:51] >> run[0]ep[9900] res=1050.44
[16/11/2018 04:02:53] >> run[0]ep[10000] res=1237.64
[16/11/2018 04:02:56] >> run[0]ep[10100] res=1172.44
[16/11/2018 04:02:59] >> run[0]ep[10200] res=1231.16
[16/11/2018 04:03:01] >> run[0]ep[10300] res=1148.26
[16/11/2018 04:03:04] >> run[0]ep[10400] res=1116.2
[16/11/2018 04:03:07] >> run[0]ep[10500] res=1325.22
[16/11/2018 04:03:10] >> run[0]ep[10600] res=1242.5
[16/11/2018 04:03:12] >> run[0]ep[10700] res=1166.74
[16/11/2018 04:03:15] >> run[0]ep[10800] res=1341.54
[16/11/2018 04:03:18] >> run[0]ep[10900] res=1300.88
[16/11/2018 04:03:20] >> run[0]ep[11000] res=1202.24
[16/11/2018 04:03:23] >> run[0]ep[11100] res=1264.92
[16/11/2018 04:03:26] >> run[0]ep[11200] res=1216.62
[16/11/2018 04:03:28] >> run[0]ep[11300] res=1061.84
[16/11/2018 04:03:31] >> run[0]ep[11400] res=1260.52
[16/11/2018 04:03:34] >> run[0]ep[11500] res=1301.16
[16/11/2018 04:03:36] >> run[0]ep[11600] res=1288.02
[16/11/2018 04:03:39] >> run[0]ep[11700] res=1126.24
[16/11/2018 04:03:42] >> run[0]ep[11800] res=1429.64
[16/11/2018 04:03:44] >> run[0]ep[11900] res=1294.82
[16/11/2018 04:03:47] >> run[0]ep[12000] res=1373.8
[16/11/2018 04:03:50] >> run[0]ep[12100] res=1587.0
[16/11/2018 04:03:52] >> run[0]ep[12200] res=1296.34
[16/11/2018 04:03:55] >> run[0]ep[12300] res=1549.36
[16/11/2018 04:03:58] >> run[0]ep[12400] res=1169.64
[16/11/2018 04:04:00] >> run[0]ep[12500] res=1346.48
[16/11/2018 04:04:03] >> run[0]ep[12600] res=1269.86
[16/11/2018 04:04:06] >> run[0]ep[12700] res=1612.16
[16/11/2018 04:04:09] >> run[0]ep[12800] res=1324.34
[16/11/2018 04:04:12] >> run[0]ep[12900] res=1551.18
[16/11/2018 04:04:15] >> run[0]ep[13000] res=1594.54
[16/11/2018 04:04:18] >> run[0]ep[13100] res=1498.56
[16/11/2018 04:04:21] >> run[0]ep[13200] res=1465.06
[16/11/2018 04:04:24] >> run[0]ep[13300] res=1276.42
[16/11/2018 04:04:26] >> run[0]ep[13400] res=1382.7
[16/11/2018 04:04:29] >> run[0]ep[13500] res=1311.86
[16/11/2018 04:04:32] >> run[0]ep[13600] res=1459.36
[16/11/2018 04:04:35] >> run[0]ep[13700] res=1017.16
[16/11/2018 04:04:37] >> run[0]ep[13800] res=1090.74
[16/11/2018 04:04:40] >> run[0]ep[13900] res=1239.48
[16/11/2018 04:04:43] >> run[0]ep[14000] res=887.38
[16/11/2018 04:04:45] >> run[0]ep[14100] res=1461.24
[16/11/2018 04:04:48] >> run[0]ep[14200] res=1419.12
[16/11/2018 04:04:51] >> run[0]ep[14300] res=1247.58
[16/11/2018 04:04:54] >> run[0]ep[14400] res=1421.3
[16/11/2018 04:04:57] >> run[0]ep[14500] res=1328.54
[16/11/2018 04:05:00] >> run[0]ep[14600] res=1472.76
[16/11/2018 04:05:03] >> run[0]ep[14700] res=1337.62
[16/11/2018 04:05:05] >> run[0]ep[14800] res=1448.78
[16/11/2018 04:05:08] >> run[0]ep[14900] res=1515.14
[16/11/2018 04:05:11] >> run[0]ep[15000] res=1698.24
[16/11/2018 04:05:14] >> run[0]ep[15100] res=1398.24
[16/11/2018 04:05:17] >> run[0]ep[15200] res=1516.48
[16/11/2018 04:05:19] >> run[0]ep[15300] res=1377.76
[16/11/2018 04:05:22] >> run[0]ep[15400] res=1437.8
[16/11/2018 04:05:25] >> run[0]ep[15500] res=1223.98
[16/11/2018 04:05:27] >> run[0]ep[15600] res=1304.56
[16/11/2018 04:05:30] >> run[0]ep[15700] res=1333.24
[16/11/2018 04:05:33] >> run[0]ep[15800] res=1478.94
[16/11/2018 04:05:36] >> run[0]ep[15900] res=1697.14
[16/11/2018 04:05:38] >> run[0]ep[16000] res=1451.54
[16/11/2018 04:05:41] >> run[0]ep[16100] res=1484.98
[16/11/2018 04:05:44] >> run[0]ep[16200] res=1470.4
[16/11/2018 04:05:47] >> run[0]ep[16300] res=1396.5
[16/11/2018 04:05:49] >> run[0]ep[16400] res=1668.8
[16/11/2018 04:05:52] >> run[0]ep[16500] res=1314.02
[16/11/2018 04:05:55] >> run[0]ep[16600] res=1556.64
[16/11/2018 04:05:57] >> run[0]ep[16700] res=1555.54
[16/11/2018 04:06:00] >> run[0]ep[16800] res=1518.32
[16/11/2018 04:06:03] >> run[0]ep[16900] res=1736.3
[16/11/2018 04:06:05] >> run[0]ep[17000] res=1480.74
[16/11/2018 04:06:08] >> run[0]ep[17100] res=1550.88
[16/11/2018 04:06:11] >> run[0]ep[17200] res=1304.96
[16/11/2018 04:06:14] >> run[0]ep[17300] res=1410.98
[16/11/2018 04:06:16] >> run[0]ep[17400] res=1587.2
[16/11/2018 04:06:19] >> run[0]ep[17500] res=1642.4
[16/11/2018 04:06:22] >> run[0]ep[17600] res=1428.04
[16/11/2018 04:06:24] >> run[0]ep[17700] res=1385.18
[16/11/2018 04:06:27] >> run[0]ep[17800] res=1404.0
[16/11/2018 04:06:30] >> run[0]ep[17900] res=1426.88
[16/11/2018 04:06:33] >> run[0]ep[18000] res=1464.82
[16/11/2018 04:06:35] >> run[0]ep[18100] res=1543.32
[16/11/2018 04:06:38] >> run[0]ep[18200] res=1409.18
[16/11/2018 04:06:40] >> run[0]ep[18300] res=1575.16
[16/11/2018 04:06:43] >> run[0]ep[18400] res=1403.16
[16/11/2018 04:06:45] >> run[0]ep[18500] res=1391.52
[16/11/2018 04:06:48] >> run[0]ep[18600] res=1471.1
[16/11/2018 04:06:51] >> run[0]ep[18700] res=1449.52
[16/11/2018 04:06:53] >> run[0]ep[18800] res=1673.84
[16/11/2018 04:06:56] >> run[0]ep[18900] res=1325.64
[16/11/2018 04:06:59] >> run[0]ep[19000] res=1203.86
[16/11/2018 04:07:01] >> run[0]ep[19100] res=1354.08
[16/11/2018 04:07:04] >> run[0]ep[19200] res=1733.08
[16/11/2018 04:07:07] >> run[0]ep[19300] res=1476.98
[16/11/2018 04:07:10] >> run[0]ep[19400] res=1555.88
[16/11/2018 04:07:12] >> run[0]ep[19500] res=1472.28
[16/11/2018 04:07:15] >> run[0]ep[19600] res=1481.32
[16/11/2018 04:07:17] >> run[0]ep[19700] res=1530.58
[16/11/2018 04:07:20] >> run[0]ep[19800] res=1588.88
[16/11/2018 04:07:22] >> run[0]ep[19900] res=1521.34
[16/11/2018 04:07:25] >> run[0]ep[20000] res=1682.32
[16/11/2018 04:07:25] >> Total time: 567 secs
