<?xml version="1.0" encoding="UTF-8" standalone="no"?>
<!DOCTYPE log SYSTEM "logger.dtd">
<log>
</log>
[14/11/2018 01:55:57] >> Logger created
[14/11/2018 01:55:57] >> Similarities
[14/11/2018 02:04:21] >> run[0]ep[100] res=122.81
[14/11/2018 02:11:06] >> run[0]ep[200] res=194.2
[14/11/2018 02:15:56] >> run[0]ep[300] res=-27.96
[14/11/2018 02:23:34] >> run[0]ep[400] res=320.0
[14/11/2018 02:29:14] >> run[0]ep[500] res=196.72
[14/11/2018 02:34:47] >> run[0]ep[600] res=136.1
[14/11/2018 02:40:55] >> run[0]ep[700] res=206.64
[14/11/2018 02:47:26] >> run[0]ep[800] res=97.66
[14/11/2018 02:52:57] >> run[0]ep[900] res=324.6
[14/11/2018 02:58:55] >> run[0]ep[1000] res=508.04
[14/11/2018 03:05:12] >> run[0]ep[1100] res=343.64
[14/11/2018 03:10:17] >> run[0]ep[1200] res=120.76
[14/11/2018 03:16:05] >> run[0]ep[1300] res=170.64
[14/11/2018 03:21:00] >> run[0]ep[1400] res=238.9
[14/11/2018 03:25:37] >> run[0]ep[1500] res=295.4
[14/11/2018 03:31:13] >> run[0]ep[1600] res=209.98
[14/11/2018 03:38:23] >> run[0]ep[1700] res=303.14
[14/11/2018 03:46:01] >> run[0]ep[1800] res=304.28
[14/11/2018 03:53:41] >> run[0]ep[1900] res=362.56
[14/11/2018 04:01:44] >> run[0]ep[2000] res=493.54
[14/11/2018 04:07:30] >> run[0]ep[2100] res=329.42
[14/11/2018 04:14:16] >> run[0]ep[2200] res=551.0
[14/11/2018 04:20:53] >> run[0]ep[2300] res=481.42
[14/11/2018 04:29:49] >> run[0]ep[2400] res=383.42
[14/11/2018 04:36:40] >> run[0]ep[2500] res=582.58
[14/11/2018 04:42:34] >> run[0]ep[2600] res=409.54
[14/11/2018 04:49:42] >> run[0]ep[2700] res=609.14
[14/11/2018 04:56:52] >> run[0]ep[2800] res=432.58
[14/11/2018 05:02:47] >> run[0]ep[2900] res=364.5
[14/11/2018 05:09:04] >> run[0]ep[3000] res=541.46
[14/11/2018 05:15:48] >> run[0]ep[3100] res=511.32
[14/11/2018 05:23:42] >> run[0]ep[3200] res=311.44
[14/11/2018 05:30:21] >> run[0]ep[3300] res=463.54
[14/11/2018 05:37:30] >> run[0]ep[3400] res=614.68
[14/11/2018 05:44:48] >> run[0]ep[3500] res=519.48
[14/11/2018 05:53:32] >> run[0]ep[3600] res=465.5
[14/11/2018 06:02:35] >> run[0]ep[3700] res=598.96
[14/11/2018 06:11:44] >> run[0]ep[3800] res=650.56
[14/11/2018 06:19:48] >> run[0]ep[3900] res=546.48
[14/11/2018 06:28:16] >> run[0]ep[4000] res=734.46
[14/11/2018 06:34:57] >> run[0]ep[4100] res=756.54
[14/11/2018 06:42:09] >> run[0]ep[4200] res=599.96
[14/11/2018 06:49:56] >> run[0]ep[4300] res=438.12
[14/11/2018 06:58:28] >> run[0]ep[4400] res=438.08
[14/11/2018 07:06:01] >> run[0]ep[4500] res=313.16
[14/11/2018 07:14:04] >> run[0]ep[4600] res=544.04
[14/11/2018 07:21:18] >> run[0]ep[4700] res=483.8
[14/11/2018 07:29:45] >> run[0]ep[4800] res=436.66
[14/11/2018 07:37:18] >> run[0]ep[4900] res=518.68
[14/11/2018 07:45:39] >> run[0]ep[5000] res=549.16
[14/11/2018 07:54:16] >> run[0]ep[5100] res=551.86
[14/11/2018 08:02:33] >> run[0]ep[5200] res=714.0
[14/11/2018 08:09:31] >> run[0]ep[5300] res=487.3
[14/11/2018 08:16:32] >> run[0]ep[5400] res=293.92
[14/11/2018 08:24:22] >> run[0]ep[5500] res=691.58
[14/11/2018 08:32:26] >> run[0]ep[5600] res=588.9
[14/11/2018 08:41:11] >> run[0]ep[5700] res=772.98
[14/11/2018 08:50:07] >> run[0]ep[5800] res=788.62
[14/11/2018 08:58:40] >> run[0]ep[5900] res=787.7
[14/11/2018 09:08:03] >> run[0]ep[6000] res=746.12
[14/11/2018 09:16:17] >> run[0]ep[6100] res=676.5
[14/11/2018 09:24:32] >> run[0]ep[6200] res=569.44
[14/11/2018 09:32:43] >> run[0]ep[6300] res=655.1
[14/11/2018 09:41:28] >> run[0]ep[6400] res=899.54
[14/11/2018 09:50:15] >> run[0]ep[6500] res=736.76
[14/11/2018 09:59:51] >> run[0]ep[6600] res=757.16
[14/11/2018 10:10:54] >> run[0]ep[6700] res=899.64
[14/11/2018 10:19:39] >> run[0]ep[6800] res=818.3
[14/11/2018 10:30:23] >> run[0]ep[6900] res=826.3
[14/11/2018 10:39:26] >> run[0]ep[7000] res=731.5
[14/11/2018 10:49:21] >> run[0]ep[7100] res=881.28
[14/11/2018 10:59:20] >> run[0]ep[7200] res=811.86
[14/11/2018 11:09:41] >> run[0]ep[7300] res=889.0
[14/11/2018 11:20:59] >> run[0]ep[7400] res=850.52
[14/11/2018 11:30:03] >> run[0]ep[7500] res=873.38
[14/11/2018 11:30:03] >> Total time: 34446 secs
[14/11/2018 11:30:03] >> Basic Q Learning
[14/11/2018 11:30:07] >> run[0]ep[100] res=-232.41
[14/11/2018 11:30:10] >> run[0]ep[200] res=-183.1
[14/11/2018 11:30:13] >> run[0]ep[300] res=-319.2
[14/11/2018 11:30:16] >> run[0]ep[400] res=-145.14
[14/11/2018 11:30:19] >> run[0]ep[500] res=6.76
[14/11/2018 11:30:23] >> run[0]ep[600] res=9.82
[14/11/2018 11:30:26] >> run[0]ep[700] res=-18.18
[14/11/2018 11:30:29] >> run[0]ep[800] res=-212.2
[14/11/2018 11:30:32] >> run[0]ep[900] res=159.64
[14/11/2018 11:30:36] >> run[0]ep[1000] res=204.48
[14/11/2018 11:30:39] >> run[0]ep[1100] res=158.9
[14/11/2018 11:30:42] >> run[0]ep[1200] res=287.2
[14/11/2018 11:30:46] >> run[0]ep[1300] res=286.28
[14/11/2018 11:30:49] >> run[0]ep[1400] res=277.66
[14/11/2018 11:30:52] >> run[0]ep[1500] res=88.18
[14/11/2018 11:30:56] >> run[0]ep[1600] res=-97.1
[14/11/2018 11:30:59] >> run[0]ep[1700] res=109.94
[14/11/2018 11:31:02] >> run[0]ep[1800] res=275.06
[14/11/2018 11:31:05] >> run[0]ep[1900] res=375.72
[14/11/2018 11:31:08] >> run[0]ep[2000] res=189.58
[14/11/2018 11:31:11] >> run[0]ep[2100] res=-39.94
[14/11/2018 11:31:15] >> run[0]ep[2200] res=42.82
[14/11/2018 11:31:18] >> run[0]ep[2300] res=7.02
[14/11/2018 11:31:21] >> run[0]ep[2400] res=286.42
[14/11/2018 11:31:24] >> run[0]ep[2500] res=586.44
[14/11/2018 11:31:27] >> run[0]ep[2600] res=862.58
[14/11/2018 11:31:30] >> run[0]ep[2700] res=501.34
[14/11/2018 11:31:32] >> run[0]ep[2800] res=618.98
[14/11/2018 11:31:36] >> run[0]ep[2900] res=697.72
[14/11/2018 11:31:39] >> run[0]ep[3000] res=843.48
[14/11/2018 11:31:41] >> run[0]ep[3100] res=721.46
[14/11/2018 11:31:45] >> run[0]ep[3200] res=648.0
[14/11/2018 11:31:48] >> run[0]ep[3300] res=804.38
[14/11/2018 11:31:51] >> run[0]ep[3400] res=682.82
[14/11/2018 11:31:54] >> run[0]ep[3500] res=853.86
[14/11/2018 11:31:57] >> run[0]ep[3600] res=876.48
[14/11/2018 11:32:00] >> run[0]ep[3700] res=926.56
[14/11/2018 11:32:04] >> run[0]ep[3800] res=1241.92
[14/11/2018 11:32:07] >> run[0]ep[3900] res=973.46
[14/11/2018 11:32:10] >> run[0]ep[4000] res=1142.24
[14/11/2018 11:32:13] >> run[0]ep[4100] res=964.44
[14/11/2018 11:32:16] >> run[0]ep[4200] res=964.36
[14/11/2018 11:32:19] >> run[0]ep[4300] res=945.52
[14/11/2018 11:32:22] >> run[0]ep[4400] res=1135.98
[14/11/2018 11:32:25] >> run[0]ep[4500] res=863.4
[14/11/2018 11:32:28] >> run[0]ep[4600] res=920.82
[14/11/2018 11:32:31] >> run[0]ep[4700] res=1047.76
[14/11/2018 11:32:34] >> run[0]ep[4800] res=958.76
[14/11/2018 11:32:37] >> run[0]ep[4900] res=815.8
[14/11/2018 11:32:40] >> run[0]ep[5000] res=724.64
[14/11/2018 11:32:43] >> run[0]ep[5100] res=905.66
[14/11/2018 11:32:46] >> run[0]ep[5200] res=882.26
[14/11/2018 11:32:49] >> run[0]ep[5300] res=801.36
[14/11/2018 11:32:52] >> run[0]ep[5400] res=888.56
[14/11/2018 11:32:55] >> run[0]ep[5500] res=880.68
[14/11/2018 11:32:58] >> run[0]ep[5600] res=1134.9
[14/11/2018 11:33:01] >> run[0]ep[5700] res=1152.86
[14/11/2018 11:33:04] >> run[0]ep[5800] res=1082.04
[14/11/2018 11:33:06] >> run[0]ep[5900] res=870.62
[14/11/2018 11:33:09] >> run[0]ep[6000] res=1141.98
[14/11/2018 11:33:12] >> run[0]ep[6100] res=987.7
[14/11/2018 11:33:15] >> run[0]ep[6200] res=844.58
[14/11/2018 11:33:18] >> run[0]ep[6300] res=903.5
[14/11/2018 11:33:21] >> run[0]ep[6400] res=1254.26
[14/11/2018 11:33:24] >> run[0]ep[6500] res=1258.98
[14/11/2018 11:33:27] >> run[0]ep[6600] res=1036.16
[14/11/2018 11:33:30] >> run[0]ep[6700] res=1171.28
[14/11/2018 11:33:32] >> run[0]ep[6800] res=1271.96
[14/11/2018 11:33:35] >> run[0]ep[6900] res=1261.34
[14/11/2018 11:33:39] >> run[0]ep[7000] res=951.04
[14/11/2018 11:33:41] >> run[0]ep[7100] res=1376.02
[14/11/2018 11:33:44] >> run[0]ep[7200] res=1398.2
[14/11/2018 11:33:47] >> run[0]ep[7300] res=1270.7
[14/11/2018 11:33:50] >> run[0]ep[7400] res=998.0
[14/11/2018 11:33:53] >> run[0]ep[7500] res=1105.46
[14/11/2018 11:33:53] >> Total time: 229 secs
