<?xml version="1.0" encoding="UTF-8" standalone="no"?>
<!DOCTYPE log SYSTEM "logger.dtd">
<log>
</log>
[10/11/2018 16:10:10] >> Logger created
[10/11/2018 16:10:11] >> Similarities
[10/11/2018 16:21:03] >> run[0]ep[100] res=133.87
[10/11/2018 16:33:28] >> run[0]ep[200] res=-14.92
[10/11/2018 16:48:53] >> run[0]ep[300] res=-49.06
[10/11/2018 17:03:02] >> run[0]ep[400] res=-40.82
[10/11/2018 17:21:35] >> run[0]ep[500] res=145.22
[10/11/2018 17:39:25] >> run[0]ep[600] res=178.1
[10/11/2018 17:54:49] >> run[0]ep[700] res=86.34
[10/11/2018 18:15:37] >> run[0]ep[800] res=-181.34
[10/11/2018 18:36:26] >> run[0]ep[900] res=87.82
[10/11/2018 18:55:32] >> run[0]ep[1000] res=19.08
[10/11/2018 19:17:18] >> run[0]ep[1100] res=-55.72
[10/11/2018 19:39:49] >> run[0]ep[1200] res=-183.58
[10/11/2018 20:01:16] >> run[0]ep[1300] res=-54.26
[10/11/2018 20:23:50] >> run[0]ep[1400] res=-46.02
[10/11/2018 20:46:44] >> run[0]ep[1500] res=-306.84
[10/11/2018 21:10:51] >> run[0]ep[1600] res=-347.14
[10/11/2018 21:35:32] >> run[0]ep[1700] res=-445.02
[10/11/2018 21:59:01] >> run[0]ep[1800] res=-488.82
[10/11/2018 22:21:13] >> run[0]ep[1900] res=-479.82
[10/11/2018 22:44:12] >> run[0]ep[2000] res=-491.2
[10/11/2018 23:07:33] >> run[0]ep[2100] res=-495.08
[10/11/2018 23:30:26] >> run[0]ep[2200] res=-484.48
[10/11/2018 23:54:33] >> run[0]ep[2300] res=-455.36
[11/11/2018 00:18:06] >> run[0]ep[2400] res=-478.78
[11/11/2018 00:42:25] >> run[0]ep[2500] res=-479.08
[11/11/2018 01:04:22] >> run[0]ep[2600] res=-491.3
[11/11/2018 01:27:23] >> run[0]ep[2700] res=-498.34
[11/11/2018 01:50:23] >> run[0]ep[2800] res=-466.44
[11/11/2018 02:11:46] >> run[0]ep[2900] res=-477.94
