<?xml version="1.0" encoding="UTF-8" standalone="no"?>
<!DOCTYPE log SYSTEM "logger.dtd">
<log>
</log>
[16/11/2018 07:48:40] >> Logger created
[16/11/2018 07:48:40] >> Similarities
[16/11/2018 07:49:44] >> run[0]ep[100] res=-40.43
[16/11/2018 07:50:27] >> run[0]ep[200] res=-32.6
[16/11/2018 07:51:11] >> run[0]ep[300] res=257.16
[16/11/2018 07:51:45] >> run[0]ep[400] res=183.62
[16/11/2018 07:52:21] >> run[0]ep[500] res=330.32
[16/11/2018 07:52:54] >> run[0]ep[600] res=194.36
[16/11/2018 07:53:29] >> run[0]ep[700] res=165.92
[16/11/2018 07:54:00] >> run[0]ep[800] res=241.12
[16/11/2018 07:54:28] >> run[0]ep[900] res=358.46
[16/11/2018 07:54:53] >> run[0]ep[1000] res=171.96
[16/11/2018 07:55:22] >> run[0]ep[1100] res=292.42
[16/11/2018 07:55:50] >> run[0]ep[1200] res=322.06
[16/11/2018 07:56:18] >> run[0]ep[1300] res=247.94
[16/11/2018 07:56:47] >> run[0]ep[1400] res=235.3
[16/11/2018 07:57:13] >> run[0]ep[1500] res=310.56
[16/11/2018 07:57:43] >> run[0]ep[1600] res=390.34
[16/11/2018 07:58:10] >> run[0]ep[1700] res=369.46
[16/11/2018 07:58:39] >> run[0]ep[1800] res=337.98
[16/11/2018 07:59:02] >> run[0]ep[1900] res=365.18
[16/11/2018 07:59:30] >> run[0]ep[2000] res=360.4
[16/11/2018 07:59:57] >> run[0]ep[2100] res=303.68
[16/11/2018 08:00:25] >> run[0]ep[2200] res=335.86
[16/11/2018 08:00:53] >> run[0]ep[2300] res=437.6
[16/11/2018 08:01:21] >> run[0]ep[2400] res=422.36
[16/11/2018 08:01:45] >> run[0]ep[2500] res=287.26
[16/11/2018 08:02:09] >> run[0]ep[2600] res=364.94
[16/11/2018 08:02:37] >> run[0]ep[2700] res=469.04
[16/11/2018 08:03:02] >> run[0]ep[2800] res=369.48
[16/11/2018 08:03:29] >> run[0]ep[2900] res=487.16
[16/11/2018 08:03:53] >> run[0]ep[3000] res=382.24
[16/11/2018 08:04:17] >> run[0]ep[3100] res=300.9
[16/11/2018 08:04:45] >> run[0]ep[3200] res=282.08
[16/11/2018 08:05:10] >> run[0]ep[3300] res=348.06
[16/11/2018 08:05:37] >> run[0]ep[3400] res=237.06
[16/11/2018 08:06:02] >> run[0]ep[3500] res=372.48
[16/11/2018 08:06:25] >> run[0]ep[3600] res=375.32
[16/11/2018 08:06:52] >> run[0]ep[3700] res=549.86
[16/11/2018 08:07:16] >> run[0]ep[3800] res=383.96
[16/11/2018 08:07:43] >> run[0]ep[3900] res=345.32
[16/11/2018 08:08:11] >> run[0]ep[4000] res=436.86
[16/11/2018 08:08:42] >> run[0]ep[4100] res=654.24
[16/11/2018 08:09:10] >> run[0]ep[4200] res=671.82
[16/11/2018 08:09:39] >> run[0]ep[4300] res=831.36
[16/11/2018 08:10:05] >> run[0]ep[4400] res=630.48
[16/11/2018 08:10:31] >> run[0]ep[4500] res=614.9
[16/11/2018 08:11:02] >> run[0]ep[4600] res=701.62
[16/11/2018 08:11:30] >> run[0]ep[4700] res=495.02
[16/11/2018 08:11:57] >> run[0]ep[4800] res=596.6
[16/11/2018 08:12:22] >> run[0]ep[4900] res=555.32
[16/11/2018 08:12:49] >> run[0]ep[5000] res=546.24
[16/11/2018 08:13:12] >> run[0]ep[5100] res=508.16
[16/11/2018 08:13:38] >> run[0]ep[5200] res=456.46
[16/11/2018 08:14:05] >> run[0]ep[5300] res=689.68
[16/11/2018 08:14:28] >> run[0]ep[5400] res=526.88
[16/11/2018 08:14:55] >> run[0]ep[5500] res=482.66
[16/11/2018 08:15:21] >> run[0]ep[5600] res=766.78
[16/11/2018 08:15:46] >> run[0]ep[5700] res=658.36
[16/11/2018 08:16:14] >> run[0]ep[5800] res=651.08
[16/11/2018 08:16:41] >> run[0]ep[5900] res=532.38
[16/11/2018 08:17:07] >> run[0]ep[6000] res=621.92
[16/11/2018 08:17:30] >> run[0]ep[6100] res=596.88
[16/11/2018 08:17:54] >> run[0]ep[6200] res=690.0
[16/11/2018 08:18:19] >> run[0]ep[6300] res=705.18
[16/11/2018 08:18:45] >> run[0]ep[6400] res=655.72
[16/11/2018 08:19:09] >> run[0]ep[6500] res=786.1
[16/11/2018 08:19:34] >> run[0]ep[6600] res=625.8
[16/11/2018 08:20:00] >> run[0]ep[6700] res=810.5
[16/11/2018 08:20:28] >> run[0]ep[6800] res=507.08
[16/11/2018 08:20:51] >> run[0]ep[6900] res=644.38
[16/11/2018 08:21:17] >> run[0]ep[7000] res=899.66
[16/11/2018 08:21:48] >> run[0]ep[7100] res=743.1
[16/11/2018 08:22:12] >> run[0]ep[7200] res=653.12
[16/11/2018 08:22:38] >> run[0]ep[7300] res=624.88
[16/11/2018 08:23:03] >> run[0]ep[7400] res=757.36
[16/11/2018 08:23:26] >> run[0]ep[7500] res=568.34
[16/11/2018 08:23:49] >> run[0]ep[7600] res=533.38
[16/11/2018 08:24:14] >> run[0]ep[7700] res=736.56
[16/11/2018 08:24:38] >> run[0]ep[7800] res=774.0
[16/11/2018 08:25:03] >> run[0]ep[7900] res=608.96
[16/11/2018 08:25:28] >> run[0]ep[8000] res=766.36
[16/11/2018 08:25:55] >> run[0]ep[8100] res=716.52
[16/11/2018 08:26:20] >> run[0]ep[8200] res=804.08
[16/11/2018 08:26:44] >> run[0]ep[8300] res=593.86
[16/11/2018 08:27:08] >> run[0]ep[8400] res=593.94
[16/11/2018 08:27:35] >> run[0]ep[8500] res=717.04
[16/11/2018 08:27:59] >> run[0]ep[8600] res=664.54
[16/11/2018 08:28:25] >> run[0]ep[8700] res=783.56
[16/11/2018 08:28:51] >> run[0]ep[8800] res=706.72
[16/11/2018 08:29:13] >> run[0]ep[8900] res=440.22
[16/11/2018 08:29:39] >> run[0]ep[9000] res=706.0
[16/11/2018 08:30:03] >> run[0]ep[9100] res=829.88
[16/11/2018 08:30:29] >> run[0]ep[9200] res=631.78
[16/11/2018 08:30:52] >> run[0]ep[9300] res=733.36
[16/11/2018 08:31:14] >> run[0]ep[9400] res=808.74
[16/11/2018 08:31:39] >> run[0]ep[9500] res=873.02
[16/11/2018 08:32:02] >> run[0]ep[9600] res=598.44
[16/11/2018 08:32:29] >> run[0]ep[9700] res=739.38
[16/11/2018 08:32:48] >> run[0]ep[9800] res=431.28
[16/11/2018 08:33:09] >> run[0]ep[9900] res=638.82
[16/11/2018 08:33:30] >> run[0]ep[10000] res=555.48
[16/11/2018 08:33:57] >> run[0]ep[10100] res=704.44
[16/11/2018 08:34:20] >> run[0]ep[10200] res=689.72
[16/11/2018 08:34:47] >> run[0]ep[10300] res=837.96
[16/11/2018 08:35:08] >> run[0]ep[10400] res=361.06
[16/11/2018 08:35:35] >> run[0]ep[10500] res=708.48
[16/11/2018 08:35:59] >> run[0]ep[10600] res=528.94
[16/11/2018 08:36:22] >> run[0]ep[10700] res=741.3
[16/11/2018 08:36:48] >> run[0]ep[10800] res=763.12
[16/11/2018 08:37:15] >> run[0]ep[10900] res=678.74
[16/11/2018 08:37:38] >> run[0]ep[11000] res=813.5
[16/11/2018 08:38:04] >> run[0]ep[11100] res=675.92
[16/11/2018 08:38:30] >> run[0]ep[11200] res=571.76
[16/11/2018 08:38:56] >> run[0]ep[11300] res=623.14
[16/11/2018 08:39:21] >> run[0]ep[11400] res=542.46
[16/11/2018 08:39:42] >> run[0]ep[11500] res=535.96
[16/11/2018 08:40:05] >> run[0]ep[11600] res=661.38
[16/11/2018 08:40:28] >> run[0]ep[11700] res=750.62
[16/11/2018 08:40:50] >> run[0]ep[11800] res=726.74
[16/11/2018 08:41:11] >> run[0]ep[11900] res=571.56
[16/11/2018 08:41:35] >> run[0]ep[12000] res=905.38
[16/11/2018 08:41:55] >> run[0]ep[12100] res=651.46
[16/11/2018 08:42:24] >> run[0]ep[12200] res=652.28
[16/11/2018 08:42:52] >> run[0]ep[12300] res=903.36
[16/11/2018 08:43:19] >> run[0]ep[12400] res=896.42
[16/11/2018 08:43:48] >> run[0]ep[12500] res=776.22
[16/11/2018 08:44:16] >> run[0]ep[12600] res=1110.38
[16/11/2018 08:44:46] >> run[0]ep[12700] res=953.22
[16/11/2018 08:45:13] >> run[0]ep[12800] res=907.82
[16/11/2018 08:45:40] >> run[0]ep[12900] res=696.0
[16/11/2018 08:46:04] >> run[0]ep[13000] res=704.86
[16/11/2018 08:46:29] >> run[0]ep[13100] res=964.86
[16/11/2018 08:46:55] >> run[0]ep[13200] res=668.28
[16/11/2018 08:47:22] >> run[0]ep[13300] res=730.04
[16/11/2018 08:47:54] >> run[0]ep[13400] res=911.16
[16/11/2018 08:48:21] >> run[0]ep[13500] res=683.24
[16/11/2018 08:48:47] >> run[0]ep[13600] res=649.36
[16/11/2018 08:49:12] >> run[0]ep[13700] res=781.72
[16/11/2018 08:49:41] >> run[0]ep[13800] res=828.96
[16/11/2018 08:50:09] >> run[0]ep[13900] res=840.04
[16/11/2018 08:50:39] >> run[0]ep[14000] res=761.52
[16/11/2018 08:51:06] >> run[0]ep[14100] res=909.96
[16/11/2018 08:51:34] >> run[0]ep[14200] res=848.66
[16/11/2018 08:52:05] >> run[0]ep[14300] res=882.56
[16/11/2018 08:52:32] >> run[0]ep[14400] res=792.74
[16/11/2018 08:53:03] >> run[0]ep[14500] res=895.74
[16/11/2018 08:53:29] >> run[0]ep[14600] res=812.26
[16/11/2018 08:54:00] >> run[0]ep[14700] res=1134.2
[16/11/2018 08:54:29] >> run[0]ep[14800] res=898.28
[16/11/2018 08:54:56] >> run[0]ep[14900] res=859.74
[16/11/2018 08:55:26] >> run[0]ep[15000] res=923.96
[16/11/2018 08:55:53] >> run[0]ep[15100] res=926.02
[16/11/2018 08:56:19] >> run[0]ep[15200] res=818.96
[16/11/2018 08:56:46] >> run[0]ep[15300] res=797.6
[16/11/2018 08:57:13] >> run[0]ep[15400] res=727.46
[16/11/2018 08:57:42] >> run[0]ep[15500] res=717.72
[16/11/2018 08:58:10] >> run[0]ep[15600] res=857.82
[16/11/2018 08:58:43] >> run[0]ep[15700] res=993.86
[16/11/2018 08:59:14] >> run[0]ep[15800] res=986.9
[16/11/2018 08:59:41] >> run[0]ep[15900] res=576.7
[16/11/2018 09:00:07] >> run[0]ep[16000] res=971.38
[16/11/2018 09:00:37] >> run[0]ep[16100] res=886.06
[16/11/2018 09:01:08] >> run[0]ep[16200] res=744.38
[16/11/2018 09:01:38] >> run[0]ep[16300] res=965.2
[16/11/2018 09:02:07] >> run[0]ep[16400] res=846.9
[16/11/2018 09:02:37] >> run[0]ep[16500] res=886.68
[16/11/2018 09:03:05] >> run[0]ep[16600] res=873.5
[16/11/2018 09:03:35] >> run[0]ep[16700] res=951.1
[16/11/2018 09:04:00] >> run[0]ep[16800] res=597.08
[16/11/2018 09:04:26] >> run[0]ep[16900] res=754.56
[16/11/2018 09:04:56] >> run[0]ep[17000] res=925.5
[16/11/2018 09:05:27] >> run[0]ep[17100] res=885.3
[16/11/2018 09:05:56] >> run[0]ep[17200] res=986.5
[16/11/2018 09:06:27] >> run[0]ep[17300] res=873.38
[16/11/2018 09:06:58] >> run[0]ep[17400] res=875.66
[16/11/2018 09:07:28] >> run[0]ep[17500] res=817.78
[16/11/2018 09:07:59] >> run[0]ep[17600] res=973.62
[16/11/2018 09:08:31] >> run[0]ep[17700] res=1122.24
[16/11/2018 09:09:04] >> run[0]ep[17800] res=1017.04
[16/11/2018 09:09:33] >> run[0]ep[17900] res=1004.66
[16/11/2018 09:10:05] >> run[0]ep[18000] res=1004.84
[16/11/2018 09:10:36] >> run[0]ep[18100] res=1128.12
[16/11/2018 09:11:08] >> run[0]ep[18200] res=1022.42
[16/11/2018 09:11:40] >> run[0]ep[18300] res=813.94
[16/11/2018 09:12:13] >> run[0]ep[18400] res=1051.16
[16/11/2018 09:12:42] >> run[0]ep[18500] res=917.2
[16/11/2018 09:13:18] >> run[0]ep[18600] res=1059.94
[16/11/2018 09:13:47] >> run[0]ep[18700] res=859.18
[16/11/2018 09:14:18] >> run[0]ep[18800] res=1217.6
[16/11/2018 09:14:51] >> run[0]ep[18900] res=1108.68
[16/11/2018 09:15:20] >> run[0]ep[19000] res=858.12
[16/11/2018 09:15:55] >> run[0]ep[19100] res=1029.78
[16/11/2018 09:16:30] >> run[0]ep[19200] res=1036.4
[16/11/2018 09:17:00] >> run[0]ep[19300] res=811.42
[16/11/2018 09:17:33] >> run[0]ep[19400] res=893.36
[16/11/2018 09:18:06] >> run[0]ep[19500] res=1057.9
[16/11/2018 09:18:37] >> run[0]ep[19600] res=1096.58
[16/11/2018 09:19:09] >> run[0]ep[19700] res=1123.92
[16/11/2018 09:19:41] >> run[0]ep[19800] res=1018.96
[16/11/2018 09:20:18] >> run[0]ep[19900] res=1038.02
[16/11/2018 09:20:55] >> run[0]ep[20000] res=1060.34
[16/11/2018 09:20:55] >> Total time: 5535 secs
[16/11/2018 09:20:55] >> Basic Q Learning
[16/11/2018 09:21:01] >> run[0]ep[100] res=-102.67
[16/11/2018 09:21:04] >> run[0]ep[200] res=45.76
[16/11/2018 09:21:07] >> run[0]ep[300] res=130.38
[16/11/2018 09:21:10] >> run[0]ep[400] res=111.94
[16/11/2018 09:21:14] >> run[0]ep[500] res=95.8
[16/11/2018 09:21:17] >> run[0]ep[600] res=-135.5
[16/11/2018 09:21:20] >> run[0]ep[700] res=-142.46
[16/11/2018 09:21:23] >> run[0]ep[800] res=-219.68
[16/11/2018 09:21:26] >> run[0]ep[900] res=159.46
[16/11/2018 09:21:29] >> run[0]ep[1000] res=-111.66
[16/11/2018 09:21:32] >> run[0]ep[1100] res=-264.02
[16/11/2018 09:21:35] >> run[0]ep[1200] res=79.76
[16/11/2018 09:21:39] >> run[0]ep[1300] res=594.28
[16/11/2018 09:21:42] >> run[0]ep[1400] res=493.2
[16/11/2018 09:21:45] >> run[0]ep[1500] res=454.02
[16/11/2018 09:21:48] >> run[0]ep[1600] res=679.08
[16/11/2018 09:21:51] >> run[0]ep[1700] res=499.62
[16/11/2018 09:21:54] >> run[0]ep[1800] res=535.42
[16/11/2018 09:21:57] >> run[0]ep[1900] res=812.24
[16/11/2018 09:22:00] >> run[0]ep[2000] res=792.04
[16/11/2018 09:22:03] >> run[0]ep[2100] res=548.42
[16/11/2018 09:22:06] >> run[0]ep[2200] res=372.16
[16/11/2018 09:22:09] >> run[0]ep[2300] res=315.62
[16/11/2018 09:22:12] >> run[0]ep[2400] res=547.42
[16/11/2018 09:22:15] >> run[0]ep[2500] res=419.38
[16/11/2018 09:22:18] >> run[0]ep[2600] res=406.0
[16/11/2018 09:22:21] >> run[0]ep[2700] res=494.46
[16/11/2018 09:22:24] >> run[0]ep[2800] res=464.64
[16/11/2018 09:22:27] >> run[0]ep[2900] res=128.96
[16/11/2018 09:22:31] >> run[0]ep[3000] res=104.1
[16/11/2018 09:22:34] >> run[0]ep[3100] res=656.96
[16/11/2018 09:22:36] >> run[0]ep[3200] res=950.24
[16/11/2018 09:22:39] >> run[0]ep[3300] res=301.42
[16/11/2018 09:22:43] >> run[0]ep[3400] res=87.78
[16/11/2018 09:22:46] >> run[0]ep[3500] res=154.14
[16/11/2018 09:22:49] >> run[0]ep[3600] res=518.08
[16/11/2018 09:22:51] >> run[0]ep[3700] res=791.44
[16/11/2018 09:22:54] >> run[0]ep[3800] res=918.08
[16/11/2018 09:22:57] >> run[0]ep[3900] res=826.14
[16/11/2018 09:23:00] >> run[0]ep[4000] res=968.0
[16/11/2018 09:23:03] >> run[0]ep[4100] res=1185.96
[16/11/2018 09:23:06] >> run[0]ep[4200] res=1037.86
[16/11/2018 09:23:09] >> run[0]ep[4300] res=925.94
[16/11/2018 09:23:12] >> run[0]ep[4400] res=978.94
[16/11/2018 09:23:15] >> run[0]ep[4500] res=659.38
[16/11/2018 09:23:18] >> run[0]ep[4600] res=791.32
[16/11/2018 09:23:21] >> run[0]ep[4700] res=910.06
[16/11/2018 09:23:24] >> run[0]ep[4800] res=925.9
[16/11/2018 09:23:27] >> run[0]ep[4900] res=1224.32
[16/11/2018 09:23:30] >> run[0]ep[5000] res=1199.06
[16/11/2018 09:23:33] >> run[0]ep[5100] res=1081.44
[16/11/2018 09:23:36] >> run[0]ep[5200] res=1203.7
[16/11/2018 09:23:39] >> run[0]ep[5300] res=1087.54
[16/11/2018 09:23:42] >> run[0]ep[5400] res=1076.4
[16/11/2018 09:23:45] >> run[0]ep[5500] res=950.0
[16/11/2018 09:23:48] >> run[0]ep[5600] res=1033.72
[16/11/2018 09:23:51] >> run[0]ep[5700] res=880.94
[16/11/2018 09:23:53] >> run[0]ep[5800] res=1129.34
[16/11/2018 09:23:57] >> run[0]ep[5900] res=1295.68
[16/11/2018 09:23:59] >> run[0]ep[6000] res=1351.92
[16/11/2018 09:24:02] >> run[0]ep[6100] res=1454.86
[16/11/2018 09:24:05] >> run[0]ep[6200] res=1122.16
[16/11/2018 09:24:08] >> run[0]ep[6300] res=1154.6
[16/11/2018 09:24:11] >> run[0]ep[6400] res=1283.88
[16/11/2018 09:24:14] >> run[0]ep[6500] res=1163.74
[16/11/2018 09:24:17] >> run[0]ep[6600] res=1025.6
[16/11/2018 09:24:20] >> run[0]ep[6700] res=935.48
[16/11/2018 09:24:22] >> run[0]ep[6800] res=1183.68
[16/11/2018 09:24:25] >> run[0]ep[6900] res=1472.44
[16/11/2018 09:24:28] >> run[0]ep[7000] res=1240.22
[16/11/2018 09:24:31] >> run[0]ep[7100] res=1096.26
[16/11/2018 09:24:34] >> run[0]ep[7200] res=1010.48
[16/11/2018 09:24:37] >> run[0]ep[7300] res=899.68
[16/11/2018 09:24:39] >> run[0]ep[7400] res=1141.16
[16/11/2018 09:24:42] >> run[0]ep[7500] res=883.3
[16/11/2018 09:24:45] >> run[0]ep[7600] res=1080.9
[16/11/2018 09:24:48] >> run[0]ep[7700] res=1045.3
[16/11/2018 09:24:50] >> run[0]ep[7800] res=1052.66
[16/11/2018 09:24:53] >> run[0]ep[7900] res=1087.34
[16/11/2018 09:24:56] >> run[0]ep[8000] res=958.36
[16/11/2018 09:24:58] >> run[0]ep[8100] res=1036.74
[16/11/2018 09:25:01] >> run[0]ep[8200] res=1225.38
[16/11/2018 09:25:04] >> run[0]ep[8300] res=1264.04
[16/11/2018 09:25:07] >> run[0]ep[8400] res=1146.74
[16/11/2018 09:25:10] >> run[0]ep[8500] res=1315.32
[16/11/2018 09:25:12] >> run[0]ep[8600] res=1315.18
[16/11/2018 09:25:15] >> run[0]ep[8700] res=933.58
[16/11/2018 09:25:18] >> run[0]ep[8800] res=1289.22
[16/11/2018 09:25:21] >> run[0]ep[8900] res=1306.84
[16/11/2018 09:25:23] >> run[0]ep[9000] res=1169.98
[16/11/2018 09:25:26] >> run[0]ep[9100] res=1164.04
[16/11/2018 09:25:29] >> run[0]ep[9200] res=996.66
[16/11/2018 09:25:31] >> run[0]ep[9300] res=1046.88
[16/11/2018 09:25:34] >> run[0]ep[9400] res=1331.28
[16/11/2018 09:25:37] >> run[0]ep[9500] res=1287.76
[16/11/2018 09:25:40] >> run[0]ep[9600] res=1474.06
[16/11/2018 09:25:42] >> run[0]ep[9700] res=1460.66
[16/11/2018 09:25:45] >> run[0]ep[9800] res=1441.78
[16/11/2018 09:25:48] >> run[0]ep[9900] res=1315.28
[16/11/2018 09:25:51] >> run[0]ep[10000] res=1417.36
[16/11/2018 09:25:53] >> run[0]ep[10100] res=1445.6
[16/11/2018 09:25:56] >> run[0]ep[10200] res=1389.12
[16/11/2018 09:25:59] >> run[0]ep[10300] res=1350.58
[16/11/2018 09:26:02] >> run[0]ep[10400] res=1550.2
[16/11/2018 09:26:05] >> run[0]ep[10500] res=1353.48
[16/11/2018 09:26:08] >> run[0]ep[10600] res=1106.0
[16/11/2018 09:26:11] >> run[0]ep[10700] res=1452.14
[16/11/2018 09:26:14] >> run[0]ep[10800] res=1167.44
[16/11/2018 09:26:16] >> run[0]ep[10900] res=1213.96
[16/11/2018 09:26:19] >> run[0]ep[11000] res=1407.4
[16/11/2018 09:26:22] >> run[0]ep[11100] res=1600.98
[16/11/2018 09:26:25] >> run[0]ep[11200] res=1519.64
[16/11/2018 09:26:28] >> run[0]ep[11300] res=1345.28
[16/11/2018 09:26:31] >> run[0]ep[11400] res=1153.4
[16/11/2018 09:26:34] >> run[0]ep[11500] res=1067.62
[16/11/2018 09:26:36] >> run[0]ep[11600] res=1052.2
[16/11/2018 09:26:39] >> run[0]ep[11700] res=1248.12
[16/11/2018 09:26:42] >> run[0]ep[11800] res=1331.12
[16/11/2018 09:26:45] >> run[0]ep[11900] res=1233.66
[16/11/2018 09:26:48] >> run[0]ep[12000] res=1037.12
[16/11/2018 09:26:51] >> run[0]ep[12100] res=1326.2
[16/11/2018 09:26:54] >> run[0]ep[12200] res=1114.46
[16/11/2018 09:26:56] >> run[0]ep[12300] res=1208.02
[16/11/2018 09:26:59] >> run[0]ep[12400] res=1154.34
[16/11/2018 09:27:02] >> run[0]ep[12500] res=1265.54
[16/11/2018 09:27:05] >> run[0]ep[12600] res=1418.28
[16/11/2018 09:27:07] >> run[0]ep[12700] res=1366.12
[16/11/2018 09:27:10] >> run[0]ep[12800] res=1428.48
[16/11/2018 09:27:13] >> run[0]ep[12900] res=1290.84
[16/11/2018 09:27:15] >> run[0]ep[13000] res=1462.06
[16/11/2018 09:27:18] >> run[0]ep[13100] res=1361.98
[16/11/2018 09:27:20] >> run[0]ep[13200] res=1413.34
[16/11/2018 09:27:23] >> run[0]ep[13300] res=1331.46
[16/11/2018 09:27:26] >> run[0]ep[13400] res=1608.0
[16/11/2018 09:27:28] >> run[0]ep[13500] res=1219.36
[16/11/2018 09:27:31] >> run[0]ep[13600] res=1545.6
[16/11/2018 09:27:34] >> run[0]ep[13700] res=1292.14
[16/11/2018 09:27:36] >> run[0]ep[13800] res=1329.1
[16/11/2018 09:27:39] >> run[0]ep[13900] res=1435.38
[16/11/2018 09:27:42] >> run[0]ep[14000] res=1496.18
[16/11/2018 09:27:45] >> run[0]ep[14100] res=1514.96
[16/11/2018 09:27:47] >> run[0]ep[14200] res=1482.54
[16/11/2018 09:27:50] >> run[0]ep[14300] res=1526.84
[16/11/2018 09:27:53] >> run[0]ep[14400] res=1343.56
[16/11/2018 09:27:55] >> run[0]ep[14500] res=1339.48
[16/11/2018 09:27:59] >> run[0]ep[14600] res=1663.38
[16/11/2018 09:28:01] >> run[0]ep[14700] res=1402.98
[16/11/2018 09:28:04] >> run[0]ep[14800] res=1496.56
[16/11/2018 09:28:07] >> run[0]ep[14900] res=1235.0
[16/11/2018 09:28:10] >> run[0]ep[15000] res=1076.52
[16/11/2018 09:28:12] >> run[0]ep[15100] res=1421.7
[16/11/2018 09:28:15] >> run[0]ep[15200] res=1595.44
[16/11/2018 09:28:18] >> run[0]ep[15300] res=1633.04
[16/11/2018 09:28:21] >> run[0]ep[15400] res=1567.36
[16/11/2018 09:28:24] >> run[0]ep[15500] res=1542.06
[16/11/2018 09:28:27] >> run[0]ep[15600] res=1507.38
[16/11/2018 09:28:29] >> run[0]ep[15700] res=1313.42
[16/11/2018 09:28:32] >> run[0]ep[15800] res=1442.74
[16/11/2018 09:28:35] >> run[0]ep[15900] res=1209.2
[16/11/2018 09:28:37] >> run[0]ep[16000] res=1301.2
[16/11/2018 09:28:40] >> run[0]ep[16100] res=1311.74
[16/11/2018 09:28:43] >> run[0]ep[16200] res=1291.72
[16/11/2018 09:28:45] >> run[0]ep[16300] res=1246.58
[16/11/2018 09:28:48] >> run[0]ep[16400] res=1354.74
[16/11/2018 09:28:51] >> run[0]ep[16500] res=1289.56
[16/11/2018 09:28:53] >> run[0]ep[16600] res=991.1
[16/11/2018 09:28:56] >> run[0]ep[16700] res=1204.42
[16/11/2018 09:28:58] >> run[0]ep[16800] res=1217.44
[16/11/2018 09:29:01] >> run[0]ep[16900] res=1332.36
[16/11/2018 09:29:04] >> run[0]ep[17000] res=1177.26
[16/11/2018 09:29:06] >> run[0]ep[17100] res=1441.76
[16/11/2018 09:29:09] >> run[0]ep[17200] res=1541.06
[16/11/2018 09:29:12] >> run[0]ep[17300] res=1419.28
[16/11/2018 09:29:14] >> run[0]ep[17400] res=1440.86
[16/11/2018 09:29:17] >> run[0]ep[17500] res=1766.06
[16/11/2018 09:29:20] >> run[0]ep[17600] res=1625.56
[16/11/2018 09:29:23] >> run[0]ep[17700] res=1253.96
[16/11/2018 09:29:25] >> run[0]ep[17800] res=1395.1
[16/11/2018 09:29:28] >> run[0]ep[17900] res=1519.26
[16/11/2018 09:29:31] >> run[0]ep[18000] res=1424.6
[16/11/2018 09:29:33] >> run[0]ep[18100] res=1728.74
[16/11/2018 09:29:36] >> run[0]ep[18200] res=1328.84
[16/11/2018 09:29:38] >> run[0]ep[18300] res=1445.1
[16/11/2018 09:29:41] >> run[0]ep[18400] res=1490.1
[16/11/2018 09:29:44] >> run[0]ep[18500] res=1560.26
[16/11/2018 09:29:46] >> run[0]ep[18600] res=1788.64
[16/11/2018 09:29:49] >> run[0]ep[18700] res=1684.74
[16/11/2018 09:29:52] >> run[0]ep[18800] res=1593.66
[16/11/2018 09:29:54] >> run[0]ep[18900] res=1523.7
[16/11/2018 09:29:57] >> run[0]ep[19000] res=1262.76
[16/11/2018 09:30:00] >> run[0]ep[19100] res=1515.26
[16/11/2018 09:30:03] >> run[0]ep[19200] res=1524.72
[16/11/2018 09:30:06] >> run[0]ep[19300] res=1347.42
[16/11/2018 09:30:08] >> run[0]ep[19400] res=1628.7
[16/11/2018 09:30:11] >> run[0]ep[19500] res=1432.22
[16/11/2018 09:30:14] >> run[0]ep[19600] res=1309.66
[16/11/2018 09:30:16] >> run[0]ep[19700] res=1226.02
[16/11/2018 09:30:19] >> run[0]ep[19800] res=1525.94
[16/11/2018 09:30:21] >> run[0]ep[19900] res=1349.4
[16/11/2018 09:30:24] >> run[0]ep[20000] res=1344.12
[16/11/2018 09:30:24] >> Total time: 568 secs
