<?xml version="1.0" encoding="UTF-8" standalone="no"?>
<!DOCTYPE log SYSTEM "logger.dtd">
<log>
</log>
[12/11/2018 07:06:56] >> Logger created
[12/11/2018 07:06:57] >> Similarities
[12/11/2018 07:20:34] >> run[0]ep[100] res=228.21
[12/11/2018 07:28:22] >> run[0]ep[200] res=276.58
[12/11/2018 07:37:48] >> run[0]ep[300] res=460.64
[12/11/2018 07:45:21] >> run[0]ep[400] res=408.58
[12/11/2018 07:54:27] >> run[0]ep[500] res=596.52
[12/11/2018 08:01:15] >> run[0]ep[600] res=282.36
[12/11/2018 08:09:01] >> run[0]ep[700] res=383.38
[12/11/2018 08:17:30] >> run[0]ep[800] res=621.4
[12/11/2018 08:25:53] >> run[0]ep[900] res=524.18
[12/11/2018 08:33:49] >> run[0]ep[1000] res=390.9
[12/11/2018 08:41:03] >> run[0]ep[1100] res=514.72
[12/11/2018 08:49:21] >> run[0]ep[1200] res=633.34
[12/11/2018 08:57:58] >> run[0]ep[1300] res=601.76
[12/11/2018 09:05:43] >> run[0]ep[1400] res=447.18
[12/11/2018 09:13:53] >> run[0]ep[1500] res=572.68
[12/11/2018 09:22:10] >> run[0]ep[1600] res=484.06
[12/11/2018 09:30:21] >> run[0]ep[1700] res=494.32
[12/11/2018 09:41:04] >> run[0]ep[1800] res=751.94
[12/11/2018 09:49:52] >> run[0]ep[1900] res=700.88
[12/11/2018 09:57:46] >> run[0]ep[2000] res=328.48
[12/11/2018 10:06:04] >> run[0]ep[2100] res=834.16
[12/11/2018 10:13:56] >> run[0]ep[2200] res=734.32
[12/11/2018 10:22:26] >> run[0]ep[2300] res=617.18
[12/11/2018 10:32:00] >> run[0]ep[2400] res=712.78
[12/11/2018 10:41:22] >> run[0]ep[2500] res=676.3
[12/11/2018 10:51:17] >> run[0]ep[2600] res=853.48
[12/11/2018 10:59:12] >> run[0]ep[2700] res=539.1
[12/11/2018 11:07:35] >> run[0]ep[2800] res=434.24
[12/11/2018 11:16:45] >> run[0]ep[2900] res=687.58
[12/11/2018 11:25:14] >> run[0]ep[3000] res=537.76
[12/11/2018 11:35:25] >> run[0]ep[3100] res=619.6
[12/11/2018 11:46:24] >> run[0]ep[3200] res=746.16
[12/11/2018 11:57:05] >> run[0]ep[3300] res=773.38
[12/11/2018 12:05:54] >> run[0]ep[3400] res=729.88
[12/11/2018 12:15:29] >> run[0]ep[3500] res=934.5
[12/11/2018 12:25:29] >> run[0]ep[3600] res=771.12
[12/11/2018 12:35:27] >> run[0]ep[3700] res=543.12
[12/11/2018 12:44:38] >> run[0]ep[3800] res=780.22
[12/11/2018 12:53:53] >> run[0]ep[3900] res=786.66
[12/11/2018 13:03:48] >> run[0]ep[4000] res=838.8
[12/11/2018 13:13:37] >> run[0]ep[4100] res=888.56
[12/11/2018 13:24:08] >> run[0]ep[4200] res=942.7
[12/11/2018 13:37:30] >> run[0]ep[4300] res=877.52
[12/11/2018 13:47:46] >> run[0]ep[4400] res=683.7
[12/11/2018 13:58:53] >> run[0]ep[4500] res=766.44
[12/11/2018 14:09:45] >> run[0]ep[4600] res=877.56
[12/11/2018 14:24:51] >> run[0]ep[4700] res=812.7
[12/11/2018 14:36:40] >> run[0]ep[4800] res=814.38
[12/11/2018 14:48:48] >> run[0]ep[4900] res=785.58
[12/11/2018 14:58:58] >> run[0]ep[5000] res=888.2
[12/11/2018 15:09:40] >> run[0]ep[5100] res=792.22
[12/11/2018 15:21:44] >> run[0]ep[5200] res=1051.96
[12/11/2018 15:34:10] >> run[0]ep[5300] res=1082.9
[12/11/2018 15:45:45] >> run[0]ep[5400] res=1084.58
[12/11/2018 15:57:20] >> run[0]ep[5500] res=760.34
[12/11/2018 16:09:31] >> run[0]ep[5600] res=989.52
[12/11/2018 16:21:11] >> run[0]ep[5700] res=883.4
[12/11/2018 16:31:36] >> run[0]ep[5800] res=807.4
[12/11/2018 16:42:09] >> run[0]ep[5900] res=838.54
[12/11/2018 16:52:26] >> run[0]ep[6000] res=769.04
[12/11/2018 17:04:18] >> run[0]ep[6100] res=1052.62
[12/11/2018 17:14:41] >> run[0]ep[6200] res=1351.76
[12/11/2018 17:25:23] >> run[0]ep[6300] res=949.06
[12/11/2018 17:36:07] >> run[0]ep[6400] res=764.84
[12/11/2018 17:49:14] >> run[0]ep[6500] res=1026.94
[12/11/2018 17:59:58] >> run[0]ep[6600] res=1032.6
[12/11/2018 18:10:20] >> run[0]ep[6700] res=1157.34
[12/11/2018 18:23:08] >> run[0]ep[6800] res=1231.94
[12/11/2018 18:35:55] >> run[0]ep[6900] res=1157.28
[12/11/2018 18:48:44] >> run[0]ep[7000] res=918.48
[12/11/2018 19:00:23] >> run[0]ep[7100] res=1026.54
[12/11/2018 19:11:48] >> run[0]ep[7200] res=1071.06
[12/11/2018 19:23:18] >> run[0]ep[7300] res=975.64
[12/11/2018 19:34:18] >> run[0]ep[7400] res=1013.8
[12/11/2018 19:47:23] >> run[0]ep[7500] res=1341.3
[12/11/2018 19:47:23] >> Total time: 45625 secs
[12/11/2018 19:47:23] >> Basic Q Learning
[12/11/2018 19:47:26] >> run[0]ep[100] res=-242.19
[12/11/2018 19:47:29] >> run[0]ep[200] res=-153.14
[12/11/2018 19:47:32] >> run[0]ep[300] res=-59.52
[12/11/2018 19:47:35] >> run[0]ep[400] res=-66.7
[12/11/2018 19:47:38] >> run[0]ep[500] res=16.98
[12/11/2018 19:47:41] >> run[0]ep[600] res=190.6
[12/11/2018 19:47:45] >> run[0]ep[700] res=345.06
[12/11/2018 19:47:48] >> run[0]ep[800] res=46.46
[12/11/2018 19:47:51] >> run[0]ep[900] res=342.34
[12/11/2018 19:47:54] >> run[0]ep[1000] res=384.18
[12/11/2018 19:47:57] >> run[0]ep[1100] res=178.86
[12/11/2018 19:48:00] >> run[0]ep[1200] res=284.3
[12/11/2018 19:48:03] >> run[0]ep[1300] res=244.12
[12/11/2018 19:48:06] >> run[0]ep[1400] res=204.62
[12/11/2018 19:48:09] >> run[0]ep[1500] res=236.6
[12/11/2018 19:48:13] >> run[0]ep[1600] res=170.38
[12/11/2018 19:48:16] >> run[0]ep[1700] res=284.12
[12/11/2018 19:48:19] >> run[0]ep[1800] res=373.78
[12/11/2018 19:48:22] >> run[0]ep[1900] res=274.48
[12/11/2018 19:48:25] >> run[0]ep[2000] res=90.16
[12/11/2018 19:48:29] >> run[0]ep[2100] res=334.62
[12/11/2018 19:48:32] >> run[0]ep[2200] res=243.28
[12/11/2018 19:48:35] >> run[0]ep[2300] res=406.64
[12/11/2018 19:48:38] >> run[0]ep[2400] res=346.26
[12/11/2018 19:48:41] >> run[0]ep[2500] res=620.9
[12/11/2018 19:48:44] >> run[0]ep[2600] res=403.88
[12/11/2018 19:48:47] >> run[0]ep[2700] res=368.62
[12/11/2018 19:48:51] >> run[0]ep[2800] res=87.54
[12/11/2018 19:48:54] >> run[0]ep[2900] res=127.36
[12/11/2018 19:48:57] >> run[0]ep[3000] res=45.52
[12/11/2018 19:49:00] >> run[0]ep[3100] res=247.2
[12/11/2018 19:49:03] >> run[0]ep[3200] res=572.16
[12/11/2018 19:49:07] >> run[0]ep[3300] res=373.98
[12/11/2018 19:49:10] >> run[0]ep[3400] res=170.64
[12/11/2018 19:49:13] >> run[0]ep[3500] res=545.1
[12/11/2018 19:49:16] >> run[0]ep[3600] res=827.0
[12/11/2018 19:49:19] >> run[0]ep[3700] res=954.24
[12/11/2018 19:49:23] >> run[0]ep[3800] res=768.12
[12/11/2018 19:49:26] >> run[0]ep[3900] res=733.28
[12/11/2018 19:49:29] >> run[0]ep[4000] res=810.92
[12/11/2018 19:49:32] >> run[0]ep[4100] res=1330.24
[12/11/2018 19:49:35] >> run[0]ep[4200] res=1049.6
[12/11/2018 19:49:38] >> run[0]ep[4300] res=1006.94
[12/11/2018 19:49:41] >> run[0]ep[4400] res=1086.36
[12/11/2018 19:49:44] >> run[0]ep[4500] res=899.76
[12/11/2018 19:49:47] >> run[0]ep[4600] res=1263.24
[12/11/2018 19:49:50] >> run[0]ep[4700] res=1142.34
[12/11/2018 19:49:53] >> run[0]ep[4800] res=1001.44
[12/11/2018 19:49:56] >> run[0]ep[4900] res=1262.58
[12/11/2018 19:49:59] >> run[0]ep[5000] res=1000.88
[12/11/2018 19:50:02] >> run[0]ep[5100] res=892.64
[12/11/2018 19:50:05] >> run[0]ep[5200] res=741.76
[12/11/2018 19:50:08] >> run[0]ep[5300] res=865.62
[12/11/2018 19:50:11] >> run[0]ep[5400] res=850.22
[12/11/2018 19:50:14] >> run[0]ep[5500] res=1031.56
[12/11/2018 19:50:16] >> run[0]ep[5600] res=861.3
[12/11/2018 19:50:19] >> run[0]ep[5700] res=749.4
[12/11/2018 19:50:22] >> run[0]ep[5800] res=1160.92
[12/11/2018 19:50:25] >> run[0]ep[5900] res=1015.42
[12/11/2018 19:50:28] >> run[0]ep[6000] res=986.92
[12/11/2018 19:50:31] >> run[0]ep[6100] res=1052.78
[12/11/2018 19:50:34] >> run[0]ep[6200] res=1023.16
[12/11/2018 19:50:37] >> run[0]ep[6300] res=1070.24
[12/11/2018 19:50:40] >> run[0]ep[6400] res=1191.06
[12/11/2018 19:50:43] >> run[0]ep[6500] res=1353.36
[12/11/2018 19:50:46] >> run[0]ep[6600] res=864.72
[12/11/2018 19:50:49] >> run[0]ep[6700] res=1016.24
[12/11/2018 19:50:51] >> run[0]ep[6800] res=1488.1
[12/11/2018 19:50:54] >> run[0]ep[6900] res=1252.14
[12/11/2018 19:50:57] >> run[0]ep[7000] res=1124.86
[12/11/2018 19:51:00] >> run[0]ep[7100] res=941.68
[12/11/2018 19:51:03] >> run[0]ep[7200] res=991.44
[12/11/2018 19:51:06] >> run[0]ep[7300] res=1112.28
[12/11/2018 19:51:09] >> run[0]ep[7400] res=1267.34
[12/11/2018 19:51:12] >> run[0]ep[7500] res=1288.86
[12/11/2018 19:51:12] >> Total time: 229 secs
